<?xml version="1.0" encoding="utf-8"?>
<TestRun id="a7e599e2-6073-40da-819b-118f30d9f362" name="mnixon@KMC-L-DYTDH84 2026-05-29 12:11:27" runUser="KMC\mnixon" xmlns="http://microsoft.com/schemas/VisualStudio/TeamTest/2010">
  <Times creation="2026-05-29T12:11:27.8474321-04:00" queuing="2026-05-29T12:11:27.8474328-04:00" start="2026-05-29T12:11:25.8246684-04:00" finish="2026-05-29T12:11:36.9343802-04:00" />
  <TestSettings name="default" id="2cde179f-f505-45f5-9686-c6bd79b57cbb">
    <Deployment runDeploymentRoot="mnixon_KMC-L-DYTDH84_2026-05-29_12_11_27" />
  </TestSettings>
  <Results>
    <UnitTestResult executionId="0ab5d912-72bf-44da-b076-c0da2372eb8c" testId="f5022c6d-23cd-55e3-9f54-eff329c4e526" testName="DEMAConsulting.VHDLTest.Tests.Cli.ContextTests.Context_WriteVerboseLine_VerboseMode_WritesToLog" computerName="KMC-L-DYTDH84" duration="00:00:00.0021653" startTime="2026-05-29T12:11:28.3885311-04:00" endTime="2026-05-29T12:11:28.3907195-04:00" testType="13cdc9d9-ddb5-4fa4-a97d-d965ccfc6d4b" outcome="Passed" testListId="8c84fa94-04c1-424b-9868-57a2d4851a1d" relativeResultsDirectory="0ab5d912-72bf-44da-b076-c0da2372eb8c" />
    <UnitTestResult executionId="294b5dda-e57d-44c1-baa0-073eb7e8e9ed" testId="51b9366a-f29d-a88b-b61c-ee44b32cc7d0" testName="DEMAConsulting.VHDLTest.Tests.Run.RunResultsTests.RunResults_Print_WithVerboseDisabled_SuppressesTextLines" computerName="KMC-L-DYTDH84" duration="00:00:00.0030996" startTime="2026-05-29T12:11:32.9240486-04:00" endTime="2026-05-29T12:11:32.9271801-04:00" testType="13cdc9d9-ddb5-4fa4-a97d-d965ccfc6d4b" outcome="Passed" testListId="8c84fa94-04c1-424b-9868-57a2d4851a1d" relativeResultsDirectory="294b5dda-e57d-44c1-baa0-073eb7e8e9ed" />
    <UnitTestResult executionId="40348f60-b892-4a99-b0a0-5c3c1c038fe1" testId="376780de-227c-b7c5-e315-27d1cc5a5359" testName="DEMAConsulting.VHDLTest.Tests.Simulators.MockSimulatorTests.MockSimulator_Test_WithFailPattern_ReturnsFailResult" computerName="KMC-L-DYTDH84" duration="00:00:00.0001372" startTime="2026-05-29T12:11:36.8162383-04:00" endTime="2026-05-29T12:11:36.8163813-04:00" testType="13cdc9d9-ddb5-4fa4-a97d-d965ccfc6d4b" outcome="Passed" testListId="8c84fa94-04c1-424b-9868-57a2d4851a1d" relativeResultsDirectory="40348f60-b892-4a99-b0a0-5c3c1c038fe1" />
    <UnitTestResult executionId="ee1532b7-dd63-497c-b0d3-02a68c64828f" testId="b08d1051-b543-4b15-289a-b84797f7ff64" testName="DEMAConsulting.VHDLTest.Tests.IntegrationTests.IntegrationTest_LogFlag_WritesLogFile" computerName="KMC-L-DYTDH84" duration="00:00:00.3354856" startTime="2026-05-29T12:11:32.1810350-04:00" endTime="2026-05-29T12:11:32.5165593-04:00" testType="13cdc9d9-ddb5-4fa4-a97d-d965ccfc6d4b" outcome="Passed" testListId="8c84fa94-04c1-424b-9868-57a2d4851a1d" relativeResultsDirectory="ee1532b7-dd63-497c-b0d3-02a68c64828f" />
    <UnitTestResult executionId="ec465e65-1d0b-4446-af01-0741fc90ba91" testId="8dccd7d8-fda8-4079-230f-4d2e8e12fe74" testName="DEMAConsulting.VHDLTest.Tests.Results.TestResultsTests.TestResults_Execute_WithBuildFailure_ThrowsInvalidOperationException" computerName="KMC-L-DYTDH84" duration="00:00:00.0005678" startTime="2026-05-29T12:11:32.9779936-04:00" endTime="2026-05-29T12:11:32.9786000-04:00" testType="13cdc9d9-ddb5-4fa4-a97d-d965ccfc6d4b" outcome="Passed" testListId="8c84fa94-04c1-424b-9868-57a2d4851a1d" relativeResultsDirectory="ec465e65-1d0b-4446-af01-0741fc90ba91" />
    <UnitTestResult executionId="05a9643e-3c60-4bfd-ad92-e77decfe3d13" testId="1c631385-2417-d235-27ec-0440c822638d" testName="DEMAConsulting.VHDLTest.Tests.Simulators.MockSimulatorTests.MockSimulator_TestProcessor_ErrorOutput_ReturnsErrorResult" computerName="KMC-L-DYTDH84" duration="00:00:00.0001414" startTime="2026-05-29T12:11:36.8169253-04:00" endTime="2026-05-29T12:11:36.8170725-04:00" testType="13cdc9d9-ddb5-4fa4-a97d-d965ccfc6d4b" outcome="Passed" testListId="8c84fa94-04c1-424b-9868-57a2d4851a1d" relativeResultsDirectory="05a9643e-3c60-4bfd-ad92-e77decfe3d13" />
    <UnitTestResult executionId="a3dd2de5-1b07-4908-acf1-78b5824d3a7b" testId="74debf7d-86f0-4ba5-01c6-2644c0c2cdf3" testName="DEMAConsulting.VHDLTest.Tests.Simulators.QuestaSimSimulatorTests.QuestaSimSimulator_TestProcessor_InfoOutput_ReturnsInfoResult" computerName="KMC-L-DYTDH84" duration="00:00:00.0001577" startTime="2026-05-29T12:11:28.3824168-04:00" endTime="2026-05-29T12:11:28.3825957-04:00" testType="13cdc9d9-ddb5-4fa4-a97d-d965ccfc6d4b" outcome="Passed" testListId="8c84fa94-04c1-424b-9868-57a2d4851a1d" relativeResultsDirectory="a3dd2de5-1b07-4908-acf1-78b5824d3a7b" />
    <UnitTestResult executionId="9cdc11bc-7277-4c95-bd37-ef6890cc0baa" testId="a4947d88-3607-71f7-8afc-239ef95dbae2" testName="DEMAConsulting.VHDLTest.Tests.Simulators.QuestaSimSimulatorTests.QuestaSimSimulator_TestProcessor_FailureOutput_ReturnsErrorResult" computerName="KMC-L-DYTDH84" duration="00:00:00.0002229" startTime="2026-05-29T12:11:28.3815727-04:00" endTime="2026-05-29T12:11:28.3818149-04:00" testType="13cdc9d9-ddb5-4fa4-a97d-d965ccfc6d4b" outcome="Passed" testListId="8c84fa94-04c1-424b-9868-57a2d4851a1d" relativeResultsDirectory="9cdc11bc-7277-4c95-bd37-ef6890cc0baa" />
    <UnitTestResult executionId="da881475-ae00-4d6c-a486-4f162287b792" testId="9f9be0cd-3b66-221b-80db-f74a6e813e6f" testName="DEMAConsulting.VHDLTest.Tests.Simulators.VivadoSimulatorTests.VivadoSimulator_TestProcessor_ErrorOutput_ReturnsErrorResult" computerName="KMC-L-DYTDH84" duration="00:00:00.0002130" startTime="2026-05-29T12:11:28.3858888-04:00" endTime="2026-05-29T12:11:28.3861271-04:00" testType="13cdc9d9-ddb5-4fa4-a97d-d965ccfc6d4b" outcome="Passed" testListId="8c84fa94-04c1-424b-9868-57a2d4851a1d" relativeResultsDirectory="da881475-ae00-4d6c-a486-4f162287b792" />
    <UnitTestResult executionId="1e755f1e-760c-49aa-9945-0ae886f973ba" testId="58df0855-4ad5-e1db-9c9a-8998097317c1" testName="DEMAConsulting.VHDLTest.Tests.Simulators.GhdlSimulatorTests.GhdlSimulator_CompileProcessor_LineColError_ReturnsErrorResult" computerName="KMC-L-DYTDH84" duration="00:00:00.0001345" startTime="2026-05-29T12:11:32.9516372-04:00" endTime="2026-05-29T12:11:32.9517853-04:00" testType="13cdc9d9-ddb5-4fa4-a97d-d965ccfc6d4b" outcome="Passed" testListId="8c84fa94-04c1-424b-9868-57a2d4851a1d" relativeResultsDirectory="1e755f1e-760c-49aa-9945-0ae886f973ba" />
    <UnitTestResult executionId="824d094d-b7a7-4dfd-8268-39035e6f6cf4" testId="0a89f7a8-428b-8c06-e60e-0fd925a8d702" testName="DEMAConsulting.VHDLTest.Tests.Simulators.ActiveHdlSimulatorTests.ActiveHdlSimulator_TestProcessor_VsimError_ReturnsErrorResult" computerName="KMC-L-DYTDH84" duration="00:00:00.0001808" startTime="2026-05-29T12:11:33.2400020-04:00" endTime="2026-05-29T12:11:33.2401958-04:00" testType="13cdc9d9-ddb5-4fa4-a97d-d965ccfc6d4b" outcome="Passed" testListId="8c84fa94-04c1-424b-9868-57a2d4851a1d" relativeResultsDirectory="824d094d-b7a7-4dfd-8268-39035e6f6cf4" />
    <UnitTestResult executionId="b8db67c1-b856-43e6-a51f-1414e670a288" testId="65056090-8d78-ea16-242b-ec4fec141e0b" testName="DEMAConsulting.VHDLTest.Tests.Simulators.ActiveHdlSimulatorTests.ActiveHdlSimulator_TestProcessor_CleanOutput_ReturnsTextResult" computerName="KMC-L-DYTDH84" duration="00:00:00.0001516" startTime="2026-05-29T12:11:33.2403001-04:00" endTime="2026-05-29T12:11:33.2404631-04:00" testType="13cdc9d9-ddb5-4fa4-a97d-d965ccfc6d4b" outcome="Passed" testListId="8c84fa94-04c1-424b-9868-57a2d4851a1d" relativeResultsDirectory="b8db67c1-b856-43e6-a51f-1414e670a288" />
    <UnitTestResult executionId="c776ea82-c4cc-43be-8aa8-3f6fb62fca18" testId="88a0f265-cfef-4dea-016c-2b00526f5b6d" testName="DEMAConsulting.VHDLTest.Tests.Simulators.ActiveHdlSimulatorTests.ActiveHdlSimulator_CompileProcessor_WarningOutput_ReturnsWarningResult" computerName="KMC-L-DYTDH84" duration="00:00:00.0002124" startTime="2026-05-29T12:11:33.2413691-04:00" endTime="2026-05-29T12:11:33.2415982-04:00" testType="13cdc9d9-ddb5-4fa4-a97d-d965ccfc6d4b" outcome="Passed" testListId="8c84fa94-04c1-424b-9868-57a2d4851a1d" relativeResultsDirectory="c776ea82-c4cc-43be-8aa8-3f6fb62fca18" />
    <UnitTestResult executionId="b22496ee-65c0-4e62-8e98-dcc81fcc6725" testId="34125724-e9e1-b0ab-c6a3-94db99524a5f" testName="DEMAConsulting.VHDLTest.Tests.Simulators.MockSimulatorTests.MockSimulator_SimulatorName_ReturnsMock" computerName="KMC-L-DYTDH84" duration="00:00:00.0001150" startTime="2026-05-29T12:11:36.8127253-04:00" endTime="2026-05-29T12:11:36.8128517-04:00" testType="13cdc9d9-ddb5-4fa4-a97d-d965ccfc6d4b" outcome="Passed" testListId="8c84fa94-04c1-424b-9868-57a2d4851a1d" relativeResultsDirectory="b22496ee-65c0-4e62-8e98-dcc81fcc6725" />
    <UnitTestResult executionId="02819007-7ad6-43d8-8cf2-668facbc3fbc" testId="07a31146-9932-a695-a8e2-1a659d9ca26d" testName="DEMAConsulting.VHDLTest.Tests.Simulators.ActiveHdlSimulatorTests.ActiveHdlSimulator_TestProcessor_KernelWarning_ReturnsWarningResult" computerName="KMC-L-DYTDH84" duration="00:00:00.0001830" startTime="2026-05-29T12:11:32.9910908-04:00" endTime="2026-05-29T12:11:32.9912896-04:00" testType="13cdc9d9-ddb5-4fa4-a97d-d965ccfc6d4b" outcome="Passed" testListId="8c84fa94-04c1-424b-9868-57a2d4851a1d" relativeResultsDirectory="02819007-7ad6-43d8-8cf2-668facbc3fbc" />
    <UnitTestResult executionId="3782e478-93bc-4a7e-9652-9dd91c4ef505" testId="4e1f800f-efef-605e-b451-4de40d893b3c" testName="DEMAConsulting.VHDLTest.Tests.Simulators.ActiveHdlSimulatorTests.ActiveHdlSimulator_CompileProcessor_ErrorOutput_ReturnsErrorResult" computerName="KMC-L-DYTDH84" duration="00:00:00.0002564" startTime="2026-05-29T12:11:33.2377320-04:00" endTime="2026-05-29T12:11:33.2380123-04:00" testType="13cdc9d9-ddb5-4fa4-a97d-d965ccfc6d4b" outcome="Passed" testListId="8c84fa94-04c1-424b-9868-57a2d4851a1d" relativeResultsDirectory="3782e478-93bc-4a7e-9652-9dd91c4ef505" />
    <UnitTestResult executionId="6d7d4222-2b5f-463c-8a95-40fd68d959e8" testId="2cc03e2d-2ed7-0408-e0cd-c656befa4834" testName="DEMAConsulting.VHDLTest.Tests.Cli.OptionsTests.Options_Parse_ValidConfigFile_ParsesSuccessfully" computerName="KMC-L-DYTDH84" duration="00:00:00.0030542" startTime="2026-05-29T12:11:28.2855896-04:00" endTime="2026-05-29T12:11:28.2886795-04:00" testType="13cdc9d9-ddb5-4fa4-a97d-d965ccfc6d4b" outcome="Passed" testListId="8c84fa94-04c1-424b-9868-57a2d4851a1d" relativeResultsDirectory="6d7d4222-2b5f-463c-8a95-40fd68d959e8" />
    <UnitTestResult executionId="a2c76881-9c3e-4622-8295-ebe215e4247a" testId="e1cdeb86-03aa-caa5-c6b0-998c110662c8" testName="DEMAConsulting.VHDLTest.Tests.Simulators.QuestaSimSimulatorTests.QuestaSimSimulator_TestProcessor_CleanOutput_ReturnsTextResult" computerName="KMC-L-DYTDH84" duration="00:00:00.0005876" startTime="2026-05-29T12:11:28.3802423-04:00" endTime="2026-05-29T12:11:28.3808590-04:00" testType="13cdc9d9-ddb5-4fa4-a97d-d965ccfc6d4b" outcome="Passed" testListId="8c84fa94-04c1-424b-9868-57a2d4851a1d" relativeResultsDirectory="a2c76881-9c3e-4622-8295-ebe215e4247a" />
    <UnitTestResult executionId="f48c63b0-2e64-426c-a9a8-6a56de93c294" testId="0e88cd99-1062-c691-9477-a44517a495c8" testName="DEMAConsulting.VHDLTest.Tests.Cli.ContextTests.Context_Create_WithSimulator_SetsSimulator" computerName="KMC-L-DYTDH84" duration="00:00:00.0000621" startTime="2026-05-29T12:11:28.3917625-04:00" endTime="2026-05-29T12:11:28.3918418-04:00" testType="13cdc9d9-ddb5-4fa4-a97d-d965ccfc6d4b" outcome="Passed" testListId="8c84fa94-04c1-424b-9868-57a2d4851a1d" relativeResultsDirectory="f48c63b0-2e64-426c-a9a8-6a56de93c294" />
    <UnitTestResult executionId="461beb67-d9b9-4d91-9b33-c758987e6b57" testId="0b1a8e98-ae89-d297-7d34-de7ce7a5ae14" testName="DEMAConsulting.VHDLTest.Tests.Simulators.ActiveHdlSimulatorTests.ActiveHdlSimulator_TestProcessor_ErrorOutput_ReturnsErrorResult" computerName="KMC-L-DYTDH84" duration="00:00:00.0002458" startTime="2026-05-29T12:11:33.2382347-04:00" endTime="2026-05-29T12:11:33.2385023-04:00" testType="13cdc9d9-ddb5-4fa4-a97d-d965ccfc6d4b" outcome="Passed" testListId="8c84fa94-04c1-424b-9868-57a2d4851a1d" relativeResultsDirectory="461beb67-d9b9-4d91-9b33-c758987e6b57" />
    <UnitTestResult executionId="db7c7fec-c8d3-4805-be32-da4d1d5a3e18" testId="4283e249-8e6b-93ae-68e2-bb8e6b31e288" testName="DEMAConsulting.VHDLTest.Tests.Simulators.QuestaSimSimulatorTests.QuestaSimSimulator_CompileProcessor_CleanOutput_ReturnsTextResult" computerName="KMC-L-DYTDH84" duration="00:00:00.0001903" startTime="2026-05-29T12:11:28.3820243-04:00" endTime="2026-05-29T12:11:28.3822326-04:00" testType="13cdc9d9-ddb5-4fa4-a97d-d965ccfc6d4b" outcome="Passed" testListId="8c84fa94-04c1-424b-9868-57a2d4851a1d" relativeResultsDirectory="db7c7fec-c8d3-4805-be32-da4d1d5a3e18" />
    <UnitTestResult executionId="8ac69459-d60c-4b8f-838c-20d6ed6d53c8" testId="543d12c7-51ff-1c5b-9b37-95d2ecd06ac8" testName="DEMAConsulting.VHDLTest.Tests.Simulators.ModelSimSimulatorTests.ModelSimSimulator_TestProcessor_InfoOutput_ReturnsInfoResult" computerName="KMC-L-DYTDH84" duration="00:00:00.0006739" startTime="2026-05-29T12:11:32.9201753-04:00" endTime="2026-05-29T12:11:32.9208924-04:00" testType="13cdc9d9-ddb5-4fa4-a97d-d965ccfc6d4b" outcome="Passed" testListId="8c84fa94-04c1-424b-9868-57a2d4851a1d" relativeResultsDirectory="8ac69459-d60c-4b8f-838c-20d6ed6d53c8" />
    <UnitTestResult executionId="c7f41ddc-ed11-45c8-9911-114f9e238493" testId="bb8698f5-557b-44b0-1e42-35e46d7ff399" testName="DEMAConsulting.VHDLTest.Tests.Simulators.GhdlSimulatorTests.GhdlSimulator_TestProcessor_CleanOutput_ReturnsTextResult" computerName="KMC-L-DYTDH84" duration="00:00:00.0001797" startTime="2026-05-29T12:11:32.9500823-04:00" endTime="2026-05-29T12:11:32.9502754-04:00" testType="13cdc9d9-ddb5-4fa4-a97d-d965ccfc6d4b" outcome="Passed" testListId="8c84fa94-04c1-424b-9868-57a2d4851a1d" relativeResultsDirectory="c7f41ddc-ed11-45c8-9911-114f9e238493" />
    <UnitTestResult executionId="6b509b42-58f1-4eba-91e6-4f38785ef152" testId="4f967ae0-1b37-541b-b79f-aecca21f227f" testName="DEMAConsulting.VHDLTest.Tests.IntegrationTests.IntegrationTest_VersionLongFlag_DisplaysVersionAndReturnsSuccess" computerName="KMC-L-DYTDH84" duration="00:00:00.2045462" startTime="2026-05-29T12:11:32.7146833-04:00" endTime="2026-05-29T12:11:32.9192788-04:00" testType="13cdc9d9-ddb5-4fa4-a97d-d965ccfc6d4b" outcome="Passed" testListId="8c84fa94-04c1-424b-9868-57a2d4851a1d" relativeResultsDirectory="6b509b42-58f1-4eba-91e6-4f38785ef152" />
    <UnitTestResult executionId="f57ca90a-a8e7-4fe6-b38a-0f46cf102ac3" testId="5d690643-4db5-481a-10f1-6c2c0d8ce782" testName="DEMAConsulting.VHDLTest.Tests.Cli.ContextTests.Context_Create_WithLogOption_WritesToLogFile" computerName="KMC-L-DYTDH84" duration="00:00:00.0023991" startTime="2026-05-29T12:11:28.3925797-04:00" endTime="2026-05-29T12:11:28.3950009-04:00" testType="13cdc9d9-ddb5-4fa4-a97d-d965ccfc6d4b" outcome="Passed" testListId="8c84fa94-04c1-424b-9868-57a2d4851a1d" relativeResultsDirectory="f57ca90a-a8e7-4fe6-b38a-0f46cf102ac3" />
    <UnitTestResult executionId="0e5a5080-38b2-4ea8-867b-9e0017671d79" testId="24addcf8-e71f-a418-ab11-5a6fbc5cf08d" testName="DEMAConsulting.VHDLTest.Tests.IntegrationTests.IntegrationTest_ResultsFlag_WritesTrxFile" computerName="KMC-L-DYTDH84" duration="00:00:00.2732484" startTime="2026-05-29T12:11:29.2152145-04:00" endTime="2026-05-29T12:11:29.4885087-04:00" testType="13cdc9d9-ddb5-4fa4-a97d-d965ccfc6d4b" outcome="Passed" testListId="8c84fa94-04c1-424b-9868-57a2d4851a1d" relativeResultsDirectory="0e5a5080-38b2-4ea8-867b-9e0017671d79" />
    <UnitTestResult executionId="ba3cbad8-81a1-4d29-80b3-5b10cd1b705a" testId="05603175-2f6d-022e-3194-d792785c540f" testName="DEMAConsulting.VHDLTest.Tests.Run.RunResultsTests.RunResults_Print_WithMixedLines_WritesColorCodedOutput" computerName="KMC-L-DYTDH84" duration="00:00:00.0028448" startTime="2026-05-29T12:11:32.9275422-04:00" endTime="2026-05-29T12:11:32.9304288-04:00" testType="13cdc9d9-ddb5-4fa4-a97d-d965ccfc6d4b" outcome="Passed" testListId="8c84fa94-04c1-424b-9868-57a2d4851a1d" relativeResultsDirectory="ba3cbad8-81a1-4d29-80b3-5b10cd1b705a" />
    <UnitTestResult executionId="1045c1e7-0a2e-4961-9b0c-d64fba4d98fc" testId="2f9221b0-2315-dcb3-6ea1-3bb41d625010" testName="DEMAConsulting.VHDLTest.Tests.Simulators.NvcSimulatorTests.NvcSimulator_TestProcessor_CleanOutput_ReturnsTextResult" computerName="KMC-L-DYTDH84" duration="00:00:00.0001972" startTime="2026-05-29T12:11:28.4194706-04:00" endTime="2026-05-29T12:11:28.4196796-04:00" testType="13cdc9d9-ddb5-4fa4-a97d-d965ccfc6d4b" outcome="Passed" testListId="8c84fa94-04c1-424b-9868-57a2d4851a1d" relativeResultsDirectory="1045c1e7-0a2e-4961-9b0c-d64fba4d98fc" />
    <UnitTestResult executionId="cfbf12a0-6a19-46f1-bd98-49b5c8d082d2" testId="7488ebf0-0b35-ceae-ee14-1e9b6c3e39bf" testName="DEMAConsulting.VHDLTest.Tests.Simulators.ActiveHdlSimulatorTests.ActiveHdlSimulator_TestProcessor_WarningOutput_ReturnsWarningResult" computerName="KMC-L-DYTDH84" duration="00:00:00.0002202" startTime="2026-05-29T12:11:33.2392243-04:00" endTime="2026-05-29T12:11:33.2394628-04:00" testType="13cdc9d9-ddb5-4fa4-a97d-d965ccfc6d4b" outcome="Passed" testListId="8c84fa94-04c1-424b-9868-57a2d4851a1d" relativeResultsDirectory="cfbf12a0-6a19-46f1-bd98-49b5c8d082d2" />
    <UnitTestResult executionId="f7bf97de-f10e-4368-882d-7b5631e682ec" testId="2827033c-9640-1b7b-ff14-92ef11db7ab5" testName="DEMAConsulting.VHDLTest.Tests.ProgramTests.Program_Run_WithHelpFlag_ReturnsZeroExitCode" computerName="KMC-L-DYTDH84" duration="00:00:00.0001416" startTime="2026-05-29T12:11:28.3243724-04:00" endTime="2026-05-29T12:11:28.3245351-04:00" testType="13cdc9d9-ddb5-4fa4-a97d-d965ccfc6d4b" outcome="Passed" testListId="8c84fa94-04c1-424b-9868-57a2d4851a1d" relativeResultsDirectory="f7bf97de-f10e-4368-882d-7b5631e682ec" />
    <UnitTestResult executionId="ec025cfa-dd35-4f9f-b583-9cf55386e36d" testId="adbe31ad-6c67-8dac-c2e4-7898008c812a" testName="DEMAConsulting.VHDLTest.Tests.SelfTest.ValidationTests.SelfTest_Validate_MockSimulator_IncludesOSVersionInReport" computerName="KMC-L-DYTDH84" duration="00:00:00.3676300" startTime="2026-05-29T12:11:36.4446942-04:00" endTime="2026-05-29T12:11:36.8123558-04:00" testType="13cdc9d9-ddb5-4fa4-a97d-d965ccfc6d4b" outcome="Passed" testListId="8c84fa94-04c1-424b-9868-57a2d4851a1d" relativeResultsDirectory="ec025cfa-dd35-4f9f-b583-9cf55386e36d" />
    <UnitTestResult executionId="0ebfa7dd-cc55-4979-8aec-e5de9c59b80f" testId="d36adc6d-ca16-0a9c-9364-26ab0f63d5c0" testName="DEMAConsulting.VHDLTest.Tests.Simulators.ActiveHdlSimulatorTests.ActiveHdlSimulator_CompileProcessor_FatalRuntimeError_ReturnsErrorResult" computerName="KMC-L-DYTDH84" duration="00:00:00.0003066" startTime="2026-05-29T12:11:33.2364279-04:00" endTime="2026-05-29T12:11:33.2367530-04:00" testType="13cdc9d9-ddb5-4fa4-a97d-d965ccfc6d4b" outcome="Passed" testListId="8c84fa94-04c1-424b-9868-57a2d4851a1d" relativeResultsDirectory="0ebfa7dd-cc55-4979-8aec-e5de9c59b80f" />
    <UnitTestResult executionId="f04abff7-e1bc-44df-a9e4-f8ccbb6b637c" testId="0c036201-0c93-4c6d-3113-69151708a929" testName="DEMAConsulting.VHDLTest.Tests.Cli.ContextTests.Context_Create_MissingConfigValue_ThrowsInvalidOperationException" computerName="KMC-L-DYTDH84" duration="00:00:00.0001083" startTime="2026-05-29T12:11:28.3984475-04:00" endTime="2026-05-29T12:11:28.3985794-04:00" testType="13cdc9d9-ddb5-4fa4-a97d-d965ccfc6d4b" outcome="Passed" testListId="8c84fa94-04c1-424b-9868-57a2d4851a1d" relativeResultsDirectory="f04abff7-e1bc-44df-a9e4-f8ccbb6b637c" />
    <UnitTestResult executionId="f2393d23-f70c-49a8-a9d2-8106d735dd21" testId="8eff0775-22fe-d888-b45f-0b73869a76d6" testName="DEMAConsulting.VHDLTest.Tests.ProgramTests.Program_Run_WithVersionFlag_ReturnsZeroExitCode" computerName="KMC-L-DYTDH84" duration="00:00:00.0004517" startTime="2026-05-29T12:11:28.3211770-04:00" endTime="2026-05-29T12:11:28.3216552-04:00" testType="13cdc9d9-ddb5-4fa4-a97d-d965ccfc6d4b" outcome="Passed" testListId="8c84fa94-04c1-424b-9868-57a2d4851a1d" relativeResultsDirectory="f2393d23-f70c-49a8-a9d2-8106d735dd21" />
    <UnitTestResult executionId="816aae3a-f387-464a-9b46-32381cbda9ff" testId="63471102-a1ca-131f-1488-b117dad89bde" testName="DEMAConsulting.VHDLTest.Tests.Simulators.NvcSimulatorTests.NvcSimulator_TestProcessor_ErrorOutput_ReturnsErrorResult" computerName="KMC-L-DYTDH84" duration="00:00:00.0001775" startTime="2026-05-29T12:11:28.4198700-04:00" endTime="2026-05-29T12:11:28.4200697-04:00" testType="13cdc9d9-ddb5-4fa4-a97d-d965ccfc6d4b" outcome="Passed" testListId="8c84fa94-04c1-424b-9868-57a2d4851a1d" relativeResultsDirectory="816aae3a-f387-464a-9b46-32381cbda9ff" />
    <UnitTestResult executionId="abead3b8-4fc8-4701-ad0c-52f0b5437fd6" testId="fe37c9de-1ed1-ad59-4305-b67f354f04d9" testName="DEMAConsulting.VHDLTest.Tests.Cli.ContextTests.Context_WriteError_SilentMode_WritesToLogFile" computerName="KMC-L-DYTDH84" duration="00:00:00.0019928" startTime="2026-05-29T12:11:28.4015216-04:00" endTime="2026-05-29T12:11:28.4035429-04:00" testType="13cdc9d9-ddb5-4fa4-a97d-d965ccfc6d4b" outcome="Passed" testListId="8c84fa94-04c1-424b-9868-57a2d4851a1d" relativeResultsDirectory="abead3b8-4fc8-4701-ad0c-52f0b5437fd6" />
    <UnitTestResult executionId="7ca74812-d1c4-4bca-ad12-e127cf170941" testId="aaa5ac3e-6774-755d-41b8-794ce605aee4" testName="DEMAConsulting.VHDLTest.Tests.Simulators.VivadoSimulatorTests.VivadoSimulator_TestProcessor_WarningOutput_ReturnsWarningResult" computerName="KMC-L-DYTDH84" duration="00:00:00.0001565" startTime="2026-05-29T12:11:28.3872543-04:00" endTime="2026-05-29T12:11:28.3874389-04:00" testType="13cdc9d9-ddb5-4fa4-a97d-d965ccfc6d4b" outcome="Passed" testListId="8c84fa94-04c1-424b-9868-57a2d4851a1d" relativeResultsDirectory="7ca74812-d1c4-4bca-ad12-e127cf170941" />
    <UnitTestResult executionId="eac7339a-4471-4be0-a322-1ffc920c8ffe" testId="684cf78c-b302-08f3-d98d-2ae72d778402" testName="DEMAConsulting.VHDLTest.Tests.IntegrationTests.IntegrationTest_SimulatorEnvPath_OverridesPath" computerName="KMC-L-DYTDH84" duration="00:00:00.7075994" startTime="2026-05-29T12:11:29.6427072-04:00" endTime="2026-05-29T12:11:30.3503617-04:00" testType="13cdc9d9-ddb5-4fa4-a97d-d965ccfc6d4b" outcome="Passed" testListId="8c84fa94-04c1-424b-9868-57a2d4851a1d" relativeResultsDirectory="eac7339a-4471-4be0-a322-1ffc920c8ffe" />
    <UnitTestResult executionId="7fd7701b-5a10-408f-81b6-908612e3ed85" testId="7faeb4cb-7296-150f-be3b-450265c8c0c1" testName="DEMAConsulting.VHDLTest.Tests.Cli.ContextTests.Context_Create_WithCustomTest_SetsCustomTest" computerName="KMC-L-DYTDH84" duration="00:00:00.0005869" startTime="2026-05-29T12:11:28.4004020-04:00" endTime="2026-05-29T12:11:28.4010087-04:00" testType="13cdc9d9-ddb5-4fa4-a97d-d965ccfc6d4b" outcome="Passed" testListId="8c84fa94-04c1-424b-9868-57a2d4851a1d" relativeResultsDirectory="7fd7701b-5a10-408f-81b6-908612e3ed85" />
    <UnitTestResult executionId="0d1b86e9-8066-45a5-8c04-60f8de731ced" testId="175a6695-f694-40bf-6cea-2f0c10121fa3" testName="DEMAConsulting.VHDLTest.Tests.ProgramTests.Program_Run_WithValidateFlag_DispatchesToValidation" computerName="KMC-L-DYTDH84" duration="00:00:00.0496631" startTime="2026-05-29T12:11:28.3300682-04:00" endTime="2026-05-29T12:11:28.3797693-04:00" testType="13cdc9d9-ddb5-4fa4-a97d-d965ccfc6d4b" outcome="Passed" testListId="8c84fa94-04c1-424b-9868-57a2d4851a1d" relativeResultsDirectory="0d1b86e9-8066-45a5-8c04-60f8de731ced" />
    <UnitTestResult executionId="81b48827-c57d-4932-b9ea-315c58c5a42e" testId="e602364b-93db-49c5-d460-b5faa266f14a" testName="DEMAConsulting.VHDLTest.Tests.Simulators.GhdlSimulatorTests.GhdlSimulator_CompileProcessor_ErrorOutput_ReturnsErrorResult" computerName="KMC-L-DYTDH84" duration="00:00:00.0002031" startTime="2026-05-29T12:11:32.9356894-04:00" endTime="2026-05-29T12:11:32.9359089-04:00" testType="13cdc9d9-ddb5-4fa4-a97d-d965ccfc6d4b" outcome="Passed" testListId="8c84fa94-04c1-424b-9868-57a2d4851a1d" relativeResultsDirectory="81b48827-c57d-4932-b9ea-315c58c5a42e" />
    <UnitTestResult executionId="fab466d7-6c90-4fc2-81be-7a2137b7937f" testId="fe252547-63aa-664f-ff23-59d99f6b04bd" testName="DEMAConsulting.VHDLTest.Tests.Cli.ContextTests.Context_Create_WithExitZero_SetsExitZeroFlag" computerName="KMC-L-DYTDH84" duration="00:00:00.0001066" startTime="2026-05-29T12:11:28.4038100-04:00" endTime="2026-05-29T12:11:28.4039394-04:00" testType="13cdc9d9-ddb5-4fa4-a97d-d965ccfc6d4b" outcome="Passed" testListId="8c84fa94-04c1-424b-9868-57a2d4851a1d" relativeResultsDirectory="fab466d7-6c90-4fc2-81be-7a2137b7937f" />
    <UnitTestResult executionId="f2f0f97e-a126-41b8-9478-83e185ab56e5" testId="0505dde1-5ef5-a1dd-4d97-330101833623" testName="DEMAConsulting.VHDLTest.Tests.Simulators.NvcSimulatorTests.NvcSimulator_TestProcessor_InfoOutput_ReturnsInfoResult" computerName="KMC-L-DYTDH84" duration="00:00:00.0001674" startTime="2026-05-29T12:11:28.4202542-04:00" endTime="2026-05-29T12:11:28.4204445-04:00" testType="13cdc9d9-ddb5-4fa4-a97d-d965ccfc6d4b" outcome="Passed" testListId="8c84fa94-04c1-424b-9868-57a2d4851a1d" relativeResultsDirectory="f2f0f97e-a126-41b8-9478-83e185ab56e5" />
    <UnitTestResult executionId="11968d47-eb11-42c4-a678-bff7d835af73" testId="3aa52c5e-2410-b4dc-74cf-a8574429cb50" testName="DEMAConsulting.VHDLTest.Tests.Results.ResultsSubsystemTests.ResultsSubsystem_CollectAndSummarize_WithMixedResults_ReportsCorrectPassFailCounts" computerName="KMC-L-DYTDH84" duration="00:00:00.0002099" startTime="2026-05-29T12:11:36.8244732-04:00" endTime="2026-05-29T12:11:36.8246921-04:00" testType="13cdc9d9-ddb5-4fa4-a97d-d965ccfc6d4b" outcome="Passed" testListId="8c84fa94-04c1-424b-9868-57a2d4851a1d" relativeResultsDirectory="11968d47-eb11-42c4-a678-bff7d835af73" />
    <UnitTestResult executionId="2daaf226-d5b6-49c9-8f0b-e839f6f13b53" testId="262443bf-31ea-ba24-6425-bce24b92a7e4" testName="DEMAConsulting.VHDLTest.Tests.Simulators.MockSimulatorTests.MockSimulator_Test_WithInfoPattern_ReturnsInfoResult" computerName="KMC-L-DYTDH84" duration="00:00:00.0001047" startTime="2026-05-29T12:11:36.8171582-04:00" endTime="2026-05-29T12:11:36.8172714-04:00" testType="13cdc9d9-ddb5-4fa4-a97d-d965ccfc6d4b" outcome="Passed" testListId="8c84fa94-04c1-424b-9868-57a2d4851a1d" relativeResultsDirectory="2daaf226-d5b6-49c9-8f0b-e839f6f13b53" />
    <UnitTestResult executionId="ab79c0fa-9218-4ffd-b03c-189d4f808d83" testId="fa877ee7-19e0-1ac8-2b22-cc72117f3719" testName="DEMAConsulting.VHDLTest.Tests.Simulators.NvcSimulatorTests.NvcSimulator_CompileProcessor_ErrorOutput_ReturnsErrorResult" computerName="KMC-L-DYTDH84" duration="00:00:00.0002275" startTime="2026-05-29T12:11:28.4223354-04:00" endTime="2026-05-29T12:11:28.4225995-04:00" testType="13cdc9d9-ddb5-4fa4-a97d-d965ccfc6d4b" outcome="Passed" testListId="8c84fa94-04c1-424b-9868-57a2d4851a1d" relativeResultsDirectory="ab79c0fa-9218-4ffd-b03c-189d4f808d83" />
    <UnitTestResult executionId="6c495667-f15e-4bcb-8705-91f9345e75dc" testId="bdcd6857-89c0-97eb-b20b-15a0d9bfc8a5" testName="DEMAConsulting.VHDLTest.Tests.Run.RunSubsystemTests.RunSubsystem_ExecuteRealProgram_WithClassificationRules_ProducesClassifiedRunResults" computerName="KMC-L-DYTDH84" duration="00:00:00.3978637" startTime="2026-05-29T12:11:34.1221539-04:00" endTime="2026-05-29T12:11:34.5200452-04:00" testType="13cdc9d9-ddb5-4fa4-a97d-d965ccfc6d4b" outcome="Passed" testListId="8c84fa94-04c1-424b-9868-57a2d4851a1d" relativeResultsDirectory="6c495667-f15e-4bcb-8705-91f9345e75dc" />
    <UnitTestResult executionId="286f413a-715f-4066-997d-ded2bfff0e56" testId="aeee7249-e135-cefc-bc76-5389c4c029a2" testName="DEMAConsulting.VHDLTest.Tests.Cli.ConfigDocumentTests.ConfigDocument_ReadFile_MalformedContent_ThrowsInvalidOperationException" computerName="KMC-L-DYTDH84" duration="00:00:00.0023225" startTime="2026-05-29T12:11:28.4058771-04:00" endTime="2026-05-29T12:11:28.4082333-04:00" testType="13cdc9d9-ddb5-4fa4-a97d-d965ccfc6d4b" outcome="Passed" testListId="8c84fa94-04c1-424b-9868-57a2d4851a1d" relativeResultsDirectory="286f413a-715f-4066-997d-ded2bfff0e56" />
    <UnitTestResult executionId="06c94c8d-d9cd-4e61-a9ad-e5dfe910f831" testId="14a6d850-724b-57d1-ae76-2bdbf554eef5" testName="DEMAConsulting.VHDLTest.Tests.Run.RunProcessorTests.RunProcessor_Execute_ProgramWithSuccess_ReturnsInfoResult" computerName="KMC-L-DYTDH84" duration="00:00:00.3356023" startTime="2026-05-29T12:11:27.8761597-04:00" endTime="2026-05-29T12:11:28.2118164-04:00" testType="13cdc9d9-ddb5-4fa4-a97d-d965ccfc6d4b" outcome="Passed" testListId="8c84fa94-04c1-424b-9868-57a2d4851a1d" relativeResultsDirectory="06c94c8d-d9cd-4e61-a9ad-e5dfe910f831" />
    <UnitTestResult executionId="164b39f3-ff01-49f5-b2be-bd0bb975007a" testId="e8eca730-9a38-71ec-aa88-a4812376dff1" testName="DEMAConsulting.VHDLTest.Tests.Simulators.VivadoSimulatorTests.VivadoSimulator_TestProcessor_InfoOutput_ReturnsInfoResult" computerName="KMC-L-DYTDH84" duration="00:00:00.0001343" startTime="2026-05-29T12:11:28.3876139-04:00" endTime="2026-05-29T12:11:28.3877616-04:00" testType="13cdc9d9-ddb5-4fa4-a97d-d965ccfc6d4b" outcome="Passed" testListId="8c84fa94-04c1-424b-9868-57a2d4851a1d" relativeResultsDirectory="164b39f3-ff01-49f5-b2be-bd0bb975007a" />
    <UnitTestResult executionId="f26479fa-0878-4180-82b1-9fa1452e7a6a" testId="f45a1dc9-7189-6fc6-d143-f4fd00f0c6bf" testName="DEMAConsulting.VHDLTest.Tests.Simulators.SimulatorsSubsystemTests.SimulatorsSubsystem_NvcProcessorWithCleanOutput_ClassifiesAsText" computerName="KMC-L-DYTDH84" duration="00:00:00.0302516" startTime="2026-05-29T12:11:28.2890428-04:00" endTime="2026-05-29T12:11:28.3193427-04:00" testType="13cdc9d9-ddb5-4fa4-a97d-d965ccfc6d4b" outcome="Passed" testListId="8c84fa94-04c1-424b-9868-57a2d4851a1d" relativeResultsDirectory="f26479fa-0878-4180-82b1-9fa1452e7a6a" />
    <UnitTestResult executionId="a60329a5-d10e-4a09-9742-6dd745528a18" testId="b9ed4878-d77d-e7de-1c69-3029a52b7571" testName="DEMAConsulting.VHDLTest.Tests.Simulators.MockSimulatorTests.MockSimulator_Compile_WithErrorFile_ReturnsErrorResult" computerName="KMC-L-DYTDH84" duration="00:00:00.0002613" startTime="2026-05-29T12:11:36.8129473-04:00" endTime="2026-05-29T12:11:36.8132157-04:00" testType="13cdc9d9-ddb5-4fa4-a97d-d965ccfc6d4b" outcome="Passed" testListId="8c84fa94-04c1-424b-9868-57a2d4851a1d" relativeResultsDirectory="a60329a5-d10e-4a09-9742-6dd745528a18" />
    <UnitTestResult executionId="d2e0a744-3cc8-4f29-adb2-87a7659e0293" testId="e8fc61c3-d8b3-893a-a86d-2b4fe92d5f99" testName="DEMAConsulting.VHDLTest.Tests.Simulators.MockSimulatorTests.MockSimulator_TestProcessor_InfoOutput_ReturnsInfoResult" computerName="KMC-L-DYTDH84" duration="00:00:00.0002428" startTime="2026-05-29T12:11:36.8144401-04:00" endTime="2026-05-29T12:11:36.8146894-04:00" testType="13cdc9d9-ddb5-4fa4-a97d-d965ccfc6d4b" outcome="Passed" testListId="8c84fa94-04c1-424b-9868-57a2d4851a1d" relativeResultsDirectory="d2e0a744-3cc8-4f29-adb2-87a7659e0293" />
    <UnitTestResult executionId="8620afa5-8317-4f45-9c2e-a2b4a4828f6a" testId="f96f5564-67ce-3eaf-6fbe-68c512e54b29" testName="DEMAConsulting.VHDLTest.Tests.IntegrationTests.IntegrationTest_HelpLongFlag_DisplaysUsageAndReturnsSuccess" computerName="KMC-L-DYTDH84" duration="00:00:00.1972438" startTime="2026-05-29T12:11:32.5169494-04:00" endTime="2026-05-29T12:11:32.7142441-04:00" testType="13cdc9d9-ddb5-4fa4-a97d-d965ccfc6d4b" outcome="Passed" testListId="8c84fa94-04c1-424b-9868-57a2d4851a1d" relativeResultsDirectory="8620afa5-8317-4f45-9c2e-a2b4a4828f6a" />
    <UnitTestResult executionId="f85a10ab-5686-402c-bb6b-559b22f1a061" testId="4c3f44ea-500b-4cec-b316-d483efd70d6e" testName="DEMAConsulting.VHDLTest.Tests.IntegrationTests.IntegrationTest_NoArguments_DisplaysUsageAndReturnsError" computerName="KMC-L-DYTDH84" duration="00:00:00.1638244" startTime="2026-05-29T12:11:29.0510652-04:00" endTime="2026-05-29T12:11:29.2149220-04:00" testType="13cdc9d9-ddb5-4fa4-a97d-d965ccfc6d4b" outcome="Passed" testListId="8c84fa94-04c1-424b-9868-57a2d4851a1d" relativeResultsDirectory="f85a10ab-5686-402c-bb6b-559b22f1a061" />
    <UnitTestResult executionId="5a7d420e-7365-4b42-a6d2-35ccaaea39d6" testId="0fb87fbd-fab9-557e-1648-4b0b569d6c0c" testName="DEMAConsulting.VHDLTest.Tests.Simulators.ActiveHdlSimulatorTests.ActiveHdlSimulator_CompileProcessor_CleanOutput_ReturnsTextResult" computerName="KMC-L-DYTDH84" duration="00:00:00.0003663" startTime="2026-05-29T12:11:32.9905472-04:00" endTime="2026-05-29T12:11:32.9909339-04:00" testType="13cdc9d9-ddb5-4fa4-a97d-d965ccfc6d4b" outcome="Passed" testListId="8c84fa94-04c1-424b-9868-57a2d4851a1d" relativeResultsDirectory="5a7d420e-7365-4b42-a6d2-35ccaaea39d6" />
    <UnitTestResult executionId="07a281ca-9619-4484-bc05-0d08b63c0a76" testId="3234d1b6-3008-54cc-8ded-67ad7621bc0f" testName="DEMAConsulting.VHDLTest.Tests.Run.RunLineTypeTests.RunLineType_Ordinal_Info_IsLessThan_Warning" computerName="KMC-L-DYTDH84" duration="00:00:00.0002003" startTime="2026-05-29T12:11:32.9333805-04:00" endTime="2026-05-29T12:11:32.9336139-04:00" testType="13cdc9d9-ddb5-4fa4-a97d-d965ccfc6d4b" outcome="Passed" testListId="8c84fa94-04c1-424b-9868-57a2d4851a1d" relativeResultsDirectory="07a281ca-9619-4484-bc05-0d08b63c0a76" />
    <UnitTestResult executionId="5709e617-a4dc-4a2c-b709-2fb5d6445018" testId="ac2d8b6c-84a1-d865-9463-ce65b172b292" testName="DEMAConsulting.VHDLTest.Tests.Run.RunLineTypeTests.RunLineType_Ordinal_Text_IsLessThan_Info" computerName="KMC-L-DYTDH84" duration="00:00:00.0000437" startTime="2026-05-29T12:11:32.9337769-04:00" endTime="2026-05-29T12:11:32.9338353-04:00" testType="13cdc9d9-ddb5-4fa4-a97d-d965ccfc6d4b" outcome="Passed" testListId="8c84fa94-04c1-424b-9868-57a2d4851a1d" relativeResultsDirectory="5709e617-a4dc-4a2c-b709-2fb5d6445018" />
    <UnitTestResult executionId="79afd73a-c714-4260-b458-255067050a4e" testId="21238261-19dd-c213-239f-38625afc52d2" testName="DEMAConsulting.VHDLTest.Tests.Simulators.SimulatorFactoryTests.SimulatorFactory_Get_UnknownSimulator_ReturnsNull" computerName="KMC-L-DYTDH84" duration="00:00:00.0001890" startTime="2026-05-29T12:11:34.5207091-04:00" endTime="2026-05-29T12:11:34.5209087-04:00" testType="13cdc9d9-ddb5-4fa4-a97d-d965ccfc6d4b" outcome="Passed" testListId="8c84fa94-04c1-424b-9868-57a2d4851a1d" relativeResultsDirectory="79afd73a-c714-4260-b458-255067050a4e" />
    <UnitTestResult executionId="a9744b96-f711-4fcb-8784-e0c93e08dcd7" testId="ccc0f567-93b4-aabc-a7e0-555ce5538139" testName="DEMAConsulting.VHDLTest.Tests.Simulators.GhdlSimulatorTests.GhdlSimulator_CompileProcessor_CleanOutput_ReturnsTextResult" computerName="KMC-L-DYTDH84" duration="00:00:00.0001785" startTime="2026-05-29T12:11:32.9506634-04:00" endTime="2026-05-29T12:11:32.9508623-04:00" testType="13cdc9d9-ddb5-4fa4-a97d-d965ccfc6d4b" outcome="Passed" testListId="8c84fa94-04c1-424b-9868-57a2d4851a1d" relativeResultsDirectory="a9744b96-f711-4fcb-8784-e0c93e08dcd7" />
    <UnitTestResult executionId="0a84d708-a542-428c-ac8f-bfc6509188ae" testId="680f5588-8967-e953-dfb0-b14d3146558b" testName="DEMAConsulting.VHDLTest.Tests.Simulators.SimulatorFactoryTests.SimulatorFactory_Get_ActiveHDLSimulator_ReturnsActiveHDLSimulator" computerName="KMC-L-DYTDH84" duration="00:00:00.0000496" startTime="2026-05-29T12:11:34.5210106-04:00" endTime="2026-05-29T12:11:34.5210683-04:00" testType="13cdc9d9-ddb5-4fa4-a97d-d965ccfc6d4b" outcome="Passed" testListId="8c84fa94-04c1-424b-9868-57a2d4851a1d" relativeResultsDirectory="0a84d708-a542-428c-ac8f-bfc6509188ae" />
    <UnitTestResult executionId="cc9dfc10-0d26-41f0-a8b6-3214922d3450" testId="0cd6ae23-1de4-b5db-289b-fe318de47023" testName="DEMAConsulting.VHDLTest.Tests.Results.TestResultsTests.TestResults_SaveResults_WithFailedTest_CreatesJUnitFileWithFailure" computerName="KMC-L-DYTDH84" duration="00:00:00.0026882" startTime="2026-05-29T12:11:32.9868680-04:00" endTime="2026-05-29T12:11:32.9895818-04:00" testType="13cdc9d9-ddb5-4fa4-a97d-d965ccfc6d4b" outcome="Passed" testListId="8c84fa94-04c1-424b-9868-57a2d4851a1d" relativeResultsDirectory="cc9dfc10-0d26-41f0-a8b6-3214922d3450" />
    <UnitTestResult executionId="542e7345-0b71-457c-afe7-2c08f5773b6a" testId="efde4ab0-edb3-aff8-61fb-a7a8ecaca653" testName="DEMAConsulting.VHDLTest.Tests.Simulators.VivadoSimulatorTests.VivadoSimulator_CompileProcessor_CleanOutput_ReturnsTextResult" computerName="KMC-L-DYTDH84" duration="00:00:00.0002029" startTime="2026-05-29T12:11:28.3879369-04:00" endTime="2026-05-29T12:11:28.3881570-04:00" testType="13cdc9d9-ddb5-4fa4-a97d-d965ccfc6d4b" outcome="Passed" testListId="8c84fa94-04c1-424b-9868-57a2d4851a1d" relativeResultsDirectory="542e7345-0b71-457c-afe7-2c08f5773b6a" />
    <UnitTestResult executionId="f53140e9-f38e-46ce-b49b-727395510e41" testId="3ac5b67d-a620-7f29-c105-57887d1ab5d2" testName="DEMAConsulting.VHDLTest.Tests.Simulators.ActiveHdlSimulatorTests.ActiveHdlSimulator_TestProcessor_KernelWarningUpper_ReturnsWarningResult" computerName="KMC-L-DYTDH84" duration="00:00:00.0004097" startTime="2026-05-29T12:11:33.2370511-04:00" endTime="2026-05-29T12:11:33.2374933-04:00" testType="13cdc9d9-ddb5-4fa4-a97d-d965ccfc6d4b" outcome="Passed" testListId="8c84fa94-04c1-424b-9868-57a2d4851a1d" relativeResultsDirectory="f53140e9-f38e-46ce-b49b-727395510e41" />
    <UnitTestResult executionId="51ac052d-8398-4e70-9243-f4b054b4cb83" testId="7ea36fd1-e39a-4639-b82a-da14f671051a" testName="DEMAConsulting.VHDLTest.Tests.Simulators.VivadoSimulatorTests.VivadoSimulator_CompileProcessor_ErrorOutput_ReturnsErrorResult" computerName="KMC-L-DYTDH84" duration="00:00:00.0001942" startTime="2026-05-29T12:11:28.3854595-04:00" endTime="2026-05-29T12:11:28.3856745-04:00" testType="13cdc9d9-ddb5-4fa4-a97d-d965ccfc6d4b" outcome="Passed" testListId="8c84fa94-04c1-424b-9868-57a2d4851a1d" relativeResultsDirectory="51ac052d-8398-4e70-9243-f4b054b4cb83" />
    <UnitTestResult executionId="c8f3d846-dbd9-4d69-9ecf-0b9794675e8e" testId="9fa0e4bc-f42a-a408-578b-2c9132d74c3b" testName="DEMAConsulting.VHDLTest.Tests.Cli.OptionsTests.Options_Parse_WithVerboseFlag_ParsesSuccessfully" computerName="KMC-L-DYTDH84" duration="00:00:00.0638779" startTime="2026-05-29T12:11:28.2171706-04:00" endTime="2026-05-29T12:11:28.2810945-04:00" testType="13cdc9d9-ddb5-4fa4-a97d-d965ccfc6d4b" outcome="Passed" testListId="8c84fa94-04c1-424b-9868-57a2d4851a1d" relativeResultsDirectory="c8f3d846-dbd9-4d69-9ecf-0b9794675e8e" />
    <UnitTestResult executionId="a04842fc-c877-428c-8b83-87098f7a1821" testId="a0d67a85-8a6c-58e3-3c01-99456f71a78b" testName="DEMAConsulting.VHDLTest.Tests.Results.ResultsSubsystemTests.ResultsSubsystem_Execute_WithMockSimulator_CollectsBuildAndTestOutcomes" computerName="KMC-L-DYTDH84" duration="00:00:00.0005031" startTime="2026-05-29T12:11:36.8210249-04:00" endTime="2026-05-29T12:11:36.8215379-04:00" testType="13cdc9d9-ddb5-4fa4-a97d-d965ccfc6d4b" outcome="Passed" testListId="8c84fa94-04c1-424b-9868-57a2d4851a1d" relativeResultsDirectory="a04842fc-c877-428c-8b83-87098f7a1821" />
    <UnitTestResult executionId="77224422-d315-4d93-8525-90cb56506a3c" testId="ba04f988-33f1-9d79-777f-f9a769933f41" testName="DEMAConsulting.VHDLTest.Tests.Simulators.ActiveHdlSimulatorTests.ActiveHdlSimulator_Test_WithCleanConfig_AppendsTclExitCode" computerName="KMC-L-DYTDH84" duration="00:00:00.2447552" startTime="2026-05-29T12:11:32.9913980-04:00" endTime="2026-05-29T12:11:33.2361886-04:00" testType="13cdc9d9-ddb5-4fa4-a97d-d965ccfc6d4b" outcome="Passed" testListId="8c84fa94-04c1-424b-9868-57a2d4851a1d" relativeResultsDirectory="77224422-d315-4d93-8525-90cb56506a3c" />
    <UnitTestResult executionId="364dc704-e4b2-4058-9996-ad3798a0a2f1" testId="e2c644e2-b86d-5d55-2760-34b2188573c4" testName="DEMAConsulting.VHDLTest.Tests.Results.TestResultTests.TestResult_Constructor_WithInfoResult_CreatesPassedTest" computerName="KMC-L-DYTDH84" duration="00:00:00.0002660" startTime="2026-05-29T12:11:36.8281287-04:00" endTime="2026-05-29T12:11:36.8284029-04:00" testType="13cdc9d9-ddb5-4fa4-a97d-d965ccfc6d4b" outcome="Passed" testListId="8c84fa94-04c1-424b-9868-57a2d4851a1d" relativeResultsDirectory="364dc704-e4b2-4058-9996-ad3798a0a2f1" />
    <UnitTestResult executionId="79bf6467-938e-4080-b2f7-7ed940ede4bf" testId="d449823b-0cd7-e1b8-4cfd-8277241ffcaa" testName="DEMAConsulting.VHDLTest.Tests.Simulators.VivadoSimulatorTests.VivadoSimulator_TestProcessor_CleanOutput_ReturnsTextResult" computerName="KMC-L-DYTDH84" duration="00:00:00.0001864" startTime="2026-05-29T12:11:28.3868350-04:00" endTime="2026-05-29T12:11:28.3870421-04:00" testType="13cdc9d9-ddb5-4fa4-a97d-d965ccfc6d4b" outcome="Passed" testListId="8c84fa94-04c1-424b-9868-57a2d4851a1d" relativeResultsDirectory="79bf6467-938e-4080-b2f7-7ed940ede4bf" />
    <UnitTestResult executionId="cba66f72-0ff7-466c-8975-d87d2568e621" testId="41a4d36e-f454-2cae-1062-edca338ce2e5" testName="DEMAConsulting.VHDLTest.Tests.Results.TestResultsTests.TestResults_SaveResults_WithTrxExtension_CreatesTrxFile" computerName="KMC-L-DYTDH84" duration="00:00:00.0026132" startTime="2026-05-29T12:11:32.9789362-04:00" endTime="2026-05-29T12:11:32.9815818-04:00" testType="13cdc9d9-ddb5-4fa4-a97d-d965ccfc6d4b" outcome="Passed" testListId="8c84fa94-04c1-424b-9868-57a2d4851a1d" relativeResultsDirectory="cba66f72-0ff7-466c-8975-d87d2568e621" />
    <UnitTestResult executionId="ec4326b0-1f71-48e6-864e-da6957eea048" testId="99f45e98-f085-a4e3-65ca-22a4e75a76e8" testName="DEMAConsulting.VHDLTest.Tests.Simulators.QuestaSimSimulatorTests.QuestaSimSimulator_CompileProcessor_ErrorOutput_ReturnsErrorResult" computerName="KMC-L-DYTDH84" duration="00:00:00.0001508" startTime="2026-05-29T12:11:28.3833197-04:00" endTime="2026-05-29T12:11:28.3834916-04:00" testType="13cdc9d9-ddb5-4fa4-a97d-d965ccfc6d4b" outcome="Passed" testListId="8c84fa94-04c1-424b-9868-57a2d4851a1d" relativeResultsDirectory="ec4326b0-1f71-48e6-864e-da6957eea048" />
    <UnitTestResult executionId="90d44c11-042b-42bf-a6f1-d7af47c8f37c" testId="dab80998-aed5-088e-76e1-322f7feff1b8" testName="DEMAConsulting.VHDLTest.Tests.Simulators.SimulatorFactoryTests.SimulatorFactory_Get_QuestaSimSimulator_ReturnsQuestaSimSimulator" computerName="KMC-L-DYTDH84" duration="00:00:00.0000402" startTime="2026-05-29T12:11:34.5211512-04:00" endTime="2026-05-29T12:11:34.5211992-04:00" testType="13cdc9d9-ddb5-4fa4-a97d-d965ccfc6d4b" outcome="Passed" testListId="8c84fa94-04c1-424b-9868-57a2d4851a1d" relativeResultsDirectory="90d44c11-042b-42bf-a6f1-d7af47c8f37c" />
    <UnitTestResult executionId="0a7504ae-62d2-4358-bd53-b9fcec8f9493" testId="673ea9b7-e38e-e2ab-0370-5fbe74ee9e13" testName="DEMAConsulting.VHDLTest.Tests.Cli.ContextTests.Context_Create_WithShortVersionFlag_SetsVersionFlag" computerName="KMC-L-DYTDH84" duration="00:00:00.0000372" startTime="2026-05-29T12:11:28.4002599-04:00" endTime="2026-05-29T12:11:28.4003067-04:00" testType="13cdc9d9-ddb5-4fa4-a97d-d965ccfc6d4b" outcome="Passed" testListId="8c84fa94-04c1-424b-9868-57a2d4851a1d" relativeResultsDirectory="0a7504ae-62d2-4358-bd53-b9fcec8f9493" />
    <UnitTestResult executionId="ac15e92f-2335-4bf6-95ea-c279109e2152" testId="fd5e1291-df62-a611-9031-1ae2eb2b7e1e" testName="DEMAConsulting.VHDLTest.Tests.SelfTest.ValidationTests.SelfTest_Validate_InvalidSimulator_ReturnsFailure" computerName="KMC-L-DYTDH84" duration="00:00:00.2375635" startTime="2026-05-29T12:11:35.5965226-04:00" endTime="2026-05-29T12:11:35.8341093-04:00" testType="13cdc9d9-ddb5-4fa4-a97d-d965ccfc6d4b" outcome="Passed" testListId="8c84fa94-04c1-424b-9868-57a2d4851a1d" relativeResultsDirectory="ac15e92f-2335-4bf6-95ea-c279109e2152" />
    <UnitTestResult executionId="2bd47706-de91-4907-ba73-54f81e5f2275" testId="6655ecad-9515-b4fb-33e0-53d00e7fb559" testName="DEMAConsulting.VHDLTest.Tests.Simulators.SimulatorsSubsystemTests.SimulatorsSubsystem_GetUnknownSimulatorByName_ReturnsNull" computerName="KMC-L-DYTDH84" duration="00:00:00.0000417" startTime="2026-05-29T12:11:28.3203309-04:00" endTime="2026-05-29T12:11:28.3203928-04:00" testType="13cdc9d9-ddb5-4fa4-a97d-d965ccfc6d4b" outcome="Passed" testListId="8c84fa94-04c1-424b-9868-57a2d4851a1d" relativeResultsDirectory="2bd47706-de91-4907-ba73-54f81e5f2275" />
    <UnitTestResult executionId="bed3d74d-6b48-4b47-aa5a-42ed88295c87" testId="83926861-675c-e2c2-ac4d-d9f36d29a1d6" testName="DEMAConsulting.VHDLTest.Tests.Cli.ContextTests.Context_Create_WithVerbose_SetsVerboseFlag" computerName="KMC-L-DYTDH84" duration="00:00:00.0000749" startTime="2026-05-29T12:11:28.3915213-04:00" endTime="2026-05-29T12:11:28.3916158-04:00" testType="13cdc9d9-ddb5-4fa4-a97d-d965ccfc6d4b" outcome="Passed" testListId="8c84fa94-04c1-424b-9868-57a2d4851a1d" relativeResultsDirectory="bed3d74d-6b48-4b47-aa5a-42ed88295c87" />
    <UnitTestResult executionId="a7b6b512-48de-4056-8ff9-921f31e8fa31" testId="a8fe9703-8932-ce10-67e4-efc22377bda7" testName="DEMAConsulting.VHDLTest.Tests.Results.TestResultsTests.TestResults_SaveResults_WithNullFileName_ThrowsArgumentException" computerName="KMC-L-DYTDH84" duration="00:00:00.0007627" startTime="2026-05-29T12:11:32.9768822-04:00" endTime="2026-05-29T12:11:32.9776763-04:00" testType="13cdc9d9-ddb5-4fa4-a97d-d965ccfc6d4b" outcome="Passed" testListId="8c84fa94-04c1-424b-9868-57a2d4851a1d" relativeResultsDirectory="a7b6b512-48de-4056-8ff9-921f31e8fa31" />
    <UnitTestResult executionId="feb88d9e-0fe3-4ca8-9980-5d5bf201005c" testId="eb754815-50ef-c6ec-4ebe-29f157b7fb3d" testName="DEMAConsulting.VHDLTest.Tests.Run.RunProgramTests.RunProgram_Run_ValidProgram_ReturnsZeroExitCodeAndNonEmptyOutput" computerName="KMC-L-DYTDH84" duration="00:00:00.4003977" startTime="2026-05-29T12:11:34.5226906-04:00" endTime="2026-05-29T12:11:34.9231079-04:00" testType="13cdc9d9-ddb5-4fa4-a97d-d965ccfc6d4b" outcome="Passed" testListId="8c84fa94-04c1-424b-9868-57a2d4851a1d" relativeResultsDirectory="feb88d9e-0fe3-4ca8-9980-5d5bf201005c" />
    <UnitTestResult executionId="52642ea3-89d2-42d2-97a3-dc7b3d1e0d22" testId="ade1d0ba-18b3-8f8b-726b-0d334c7697d3" testName="DEMAConsulting.VHDLTest.Tests.Run.RunResultsTests.RunResults_Summary_WhenExitCodeNonZero_IsAtLeastError" computerName="KMC-L-DYTDH84" duration="00:00:00.0018012" startTime="2026-05-29T12:11:32.9306107-04:00" endTime="2026-05-29T12:11:32.9324389-04:00" testType="13cdc9d9-ddb5-4fa4-a97d-d965ccfc6d4b" outcome="Passed" testListId="8c84fa94-04c1-424b-9868-57a2d4851a1d" relativeResultsDirectory="52642ea3-89d2-42d2-97a3-dc7b3d1e0d22" />
    <UnitTestResult executionId="aff64049-e711-420f-a81b-e0db0e6e17bc" testId="671aa049-5a9c-acec-4592-3b15bbaf44fd" testName="DEMAConsulting.VHDLTest.Tests.Cli.ContextTests.Context_Create_WithDepth_SetsDepth" computerName="KMC-L-DYTDH84" duration="00:00:00.0000665" startTime="2026-05-29T12:11:28.3912760-04:00" endTime="2026-05-29T12:11:28.3913606-04:00" testType="13cdc9d9-ddb5-4fa4-a97d-d965ccfc6d4b" outcome="Passed" testListId="8c84fa94-04c1-424b-9868-57a2d4851a1d" relativeResultsDirectory="aff64049-e711-420f-a81b-e0db0e6e17bc" />
    <UnitTestResult executionId="f7ab8a77-6794-4675-851e-84daabcdcd7d" testId="ce159c6c-0e52-8990-8711-e7a8a4fa835f" testName="DEMAConsulting.VHDLTest.Tests.Run.RunLineRuleTests.RunLineRule_Create_ValidPattern_ReturnsRuleWithMatchingProperties" computerName="KMC-L-DYTDH84" duration="00:00:00.0001641" startTime="2026-05-29T12:11:28.4047196-04:00" endTime="2026-05-29T12:11:28.4048971-04:00" testType="13cdc9d9-ddb5-4fa4-a97d-d965ccfc6d4b" outcome="Passed" testListId="8c84fa94-04c1-424b-9868-57a2d4851a1d" relativeResultsDirectory="f7ab8a77-6794-4675-851e-84daabcdcd7d" />
    <UnitTestResult executionId="df096f53-031b-43cb-b546-396c66deb48c" testId="d8c92e62-b97b-aa81-d227-de84fcbf8dbf" testName="DEMAConsulting.VHDLTest.Tests.Cli.OptionsTests.Options_Parse_MissingConfigFile_ThrowsFileNotFoundException" computerName="KMC-L-DYTDH84" duration="00:00:00.0018738" startTime="2026-05-29T12:11:28.2150101-04:00" endTime="2026-05-29T12:11:28.2169205-04:00" testType="13cdc9d9-ddb5-4fa4-a97d-d965ccfc6d4b" outcome="Passed" testListId="8c84fa94-04c1-424b-9868-57a2d4851a1d" relativeResultsDirectory="df096f53-031b-43cb-b546-396c66deb48c" />
    <UnitTestResult executionId="98f1a0d4-525f-4d44-bcc0-daa80ad7d8f0" testId="28b60bfe-34a4-c958-c2e0-4fd15e2b7d11" testName="DEMAConsulting.VHDLTest.Tests.Run.RunLineTypeTests.RunLineType_Ordinal_Error_IsGreaterThan_Warning" computerName="KMC-L-DYTDH84" duration="00:00:00.0000373" startTime="2026-05-29T12:11:32.9339579-04:00" endTime="2026-05-29T12:11:32.9340089-04:00" testType="13cdc9d9-ddb5-4fa4-a97d-d965ccfc6d4b" outcome="Passed" testListId="8c84fa94-04c1-424b-9868-57a2d4851a1d" relativeResultsDirectory="98f1a0d4-525f-4d44-bcc0-daa80ad7d8f0" />
    <UnitTestResult executionId="dc7af42c-1035-4179-acbb-7615cbe6af8c" testId="93609e93-7c44-1eb4-c7cd-cccd3ba11d25" testName="DEMAConsulting.VHDLTest.Tests.Cli.ContextTests.Context_Create_WithHelpFlag_SetsHelpFlag" computerName="KMC-L-DYTDH84" duration="00:00:00.0000408" startTime="2026-05-29T12:11:28.3924335-04:00" endTime="2026-05-29T12:11:28.3924868-04:00" testType="13cdc9d9-ddb5-4fa4-a97d-d965ccfc6d4b" outcome="Passed" testListId="8c84fa94-04c1-424b-9868-57a2d4851a1d" relativeResultsDirectory="dc7af42c-1035-4179-acbb-7615cbe6af8c" />
    <UnitTestResult executionId="69d890c9-06c7-46eb-b92c-5f11fd6f96b2" testId="cb515718-92a2-c786-3513-9d96f0582992" testName="DEMAConsulting.VHDLTest.Tests.Simulators.MockSimulatorTests.MockSimulator_Compile_WithWarningFile_ReturnsWarningResult" computerName="KMC-L-DYTDH84" duration="00:00:00.0001594" startTime="2026-05-29T12:11:36.8141834-04:00" endTime="2026-05-29T12:11:36.8143505-04:00" testType="13cdc9d9-ddb5-4fa4-a97d-d965ccfc6d4b" outcome="Passed" testListId="8c84fa94-04c1-424b-9868-57a2d4851a1d" relativeResultsDirectory="69d890c9-06c7-46eb-b92c-5f11fd6f96b2" />
    <UnitTestResult executionId="7e6f3607-ea23-4708-9652-b1f74cca5553" testId="4cc97f96-f8f7-1237-8260-5f438f36379d" testName="DEMAConsulting.VHDLTest.Tests.Simulators.SimulatorFactoryTests.SimulatorFactory_Get_GhdlSimulator_ReturnsGhdlSimulator" computerName="KMC-L-DYTDH84" duration="00:00:00.0001106" startTime="2026-05-29T12:11:34.5204872-04:00" endTime="2026-05-29T12:11:34.5206110-04:00" testType="13cdc9d9-ddb5-4fa4-a97d-d965ccfc6d4b" outcome="Passed" testListId="8c84fa94-04c1-424b-9868-57a2d4851a1d" relativeResultsDirectory="7e6f3607-ea23-4708-9652-b1f74cca5553" />
    <UnitTestResult executionId="a5e0005c-b56c-42d8-85f6-a945cb389abb" testId="eeed8b15-9499-b6da-5d29-57042d9708e2" testName="DEMAConsulting.VHDLTest.Tests.Simulators.QuestaSimSimulatorTests.QuestaSimSimulator_TestProcessor_ErrorOutput_ReturnsErrorResult" computerName="KMC-L-DYTDH84" duration="00:00:00.0003208" startTime="2026-05-29T12:11:28.3810783-04:00" endTime="2026-05-29T12:11:28.3814237-04:00" testType="13cdc9d9-ddb5-4fa4-a97d-d965ccfc6d4b" outcome="Passed" testListId="8c84fa94-04c1-424b-9868-57a2d4851a1d" relativeResultsDirectory="a5e0005c-b56c-42d8-85f6-a945cb389abb" />
    <UnitTestResult executionId="67832795-c098-4831-8f27-13e2353de29f" testId="d9d29489-3023-611c-c1e4-81dbbb671625" testName="DEMAConsulting.VHDLTest.Tests.Simulators.GhdlSimulatorTests.GhdlSimulator_TestProcessor_AssertionNoteOutput_ReturnsInfoResult" computerName="KMC-L-DYTDH84" duration="00:00:00.0001421" startTime="2026-05-29T12:11:32.9513517-04:00" endTime="2026-05-29T12:11:32.9515085-04:00" testType="13cdc9d9-ddb5-4fa4-a97d-d965ccfc6d4b" outcome="Passed" testListId="8c84fa94-04c1-424b-9868-57a2d4851a1d" relativeResultsDirectory="67832795-c098-4831-8f27-13e2353de29f" />
    <UnitTestResult executionId="8e942f40-0413-415d-936d-57c5f72f40c8" testId="92100f25-31e0-af81-bd1d-2ac450b5bbc4" testName="DEMAConsulting.VHDLTest.Tests.Simulators.MockSimulatorTests.MockSimulator_Available_WithNullPath_ReturnsFalse" computerName="KMC-L-DYTDH84" duration="00:00:00.0000286" startTime="2026-05-29T12:11:36.8133090-04:00" endTime="2026-05-29T12:11:36.8133434-04:00" testType="13cdc9d9-ddb5-4fa4-a97d-d965ccfc6d4b" outcome="Passed" testListId="8c84fa94-04c1-424b-9868-57a2d4851a1d" relativeResultsDirectory="8e942f40-0413-415d-936d-57c5f72f40c8" />
    <UnitTestResult executionId="3a91e4d1-8239-4b03-a822-6595ebff5724" testId="b7736565-2e4c-7dc3-b1f9-33f9cec004bf" testName="DEMAConsulting.VHDLTest.Tests.Simulators.GhdlSimulatorTests.GhdlSimulator_CompileProcessor_CannotOpenError_ReturnsErrorResult" computerName="KMC-L-DYTDH84" duration="00:00:00.0001700" startTime="2026-05-29T12:11:32.9491273-04:00" endTime="2026-05-29T12:11:32.9493142-04:00" testType="13cdc9d9-ddb5-4fa4-a97d-d965ccfc6d4b" outcome="Passed" testListId="8c84fa94-04c1-424b-9868-57a2d4851a1d" relativeResultsDirectory="3a91e4d1-8239-4b03-a822-6595ebff5724" />
    <UnitTestResult executionId="85aedef8-d312-4bbf-af5c-965acc36cf3c" testId="f0902d0c-9242-532d-e950-4f08e47ef1ae" testName="DEMAConsulting.VHDLTest.Tests.Simulators.GhdlSimulatorTests.GhdlSimulator_TestProcessor_AssertionWarningOutput_ReturnsWarningResult" computerName="KMC-L-DYTDH84" duration="00:00:00.0003033" startTime="2026-05-29T12:11:32.9480395-04:00" endTime="2026-05-29T12:11:32.9484056-04:00" testType="13cdc9d9-ddb5-4fa4-a97d-d965ccfc6d4b" outcome="Passed" testListId="8c84fa94-04c1-424b-9868-57a2d4851a1d" relativeResultsDirectory="85aedef8-d312-4bbf-af5c-965acc36cf3c" />
    <UnitTestResult executionId="9b800798-d896-45c0-961d-bdba8e9b5d59" testId="eb5afd16-3b42-9655-40a5-f8dd892b116e" testName="DEMAConsulting.VHDLTest.Tests.IntegrationTests.IntegrationTest_ResultsFlag_WritesJUnitFile" computerName="KMC-L-DYTDH84" duration="00:00:00.2697960" startTime="2026-05-29T12:11:31.9108646-04:00" endTime="2026-05-29T12:11:32.1806987-04:00" testType="13cdc9d9-ddb5-4fa4-a97d-d965ccfc6d4b" outcome="Passed" testListId="8c84fa94-04c1-424b-9868-57a2d4851a1d" relativeResultsDirectory="9b800798-d896-45c0-961d-bdba8e9b5d59" />
    <UnitTestResult executionId="5169f361-4944-41dd-a595-756a4fc7bf08" testId="c952ab04-50ec-ac56-6816-ce399bd2cc8e" testName="DEMAConsulting.VHDLTest.Tests.Cli.OptionsTests.Options_Parse_WithCustomTest_ParsesSuccessfully" computerName="KMC-L-DYTDH84" duration="00:00:00.0038455" startTime="2026-05-29T12:11:28.2814270-04:00" endTime="2026-05-29T12:11:28.2853120-04:00" testType="13cdc9d9-ddb5-4fa4-a97d-d965ccfc6d4b" outcome="Passed" testListId="8c84fa94-04c1-424b-9868-57a2d4851a1d" relativeResultsDirectory="5169f361-4944-41dd-a595-756a4fc7bf08" />
    <UnitTestResult executionId="a58f132a-963b-45de-a282-749cf501e14e" testId="1326b225-36a6-f20a-0e95-0b459a44d15a" testName="DEMAConsulting.VHDLTest.Tests.Results.ResultsSubsystemTests.ResultsSubsystem_PrintSummary_WithMixedResults_WritesFormattedSummaryToOutput" computerName="KMC-L-DYTDH84" duration="00:00:00.0026524" startTime="2026-05-29T12:11:36.8216509-04:00" endTime="2026-05-29T12:11:36.8243203-04:00" testType="13cdc9d9-ddb5-4fa4-a97d-d965ccfc6d4b" outcome="Passed" testListId="8c84fa94-04c1-424b-9868-57a2d4851a1d" relativeResultsDirectory="a58f132a-963b-45de-a282-749cf501e14e" />
    <UnitTestResult executionId="1a0fd853-c664-4f0a-9ec9-135b66f5b3f7" testId="019cfa5d-9a21-8e28-c082-431db7b25667" testName="DEMAConsulting.VHDLTest.Tests.Simulators.ModelSimSimulatorTests.ModelSimSimulator_SimulatorName_ReturnsModelSim" computerName="KMC-L-DYTDH84" duration="00:00:00.0000753" startTime="2026-05-29T12:11:32.9218276-04:00" endTime="2026-05-29T12:11:32.9219248-04:00" testType="13cdc9d9-ddb5-4fa4-a97d-d965ccfc6d4b" outcome="Passed" testListId="8c84fa94-04c1-424b-9868-57a2d4851a1d" relativeResultsDirectory="1a0fd853-c664-4f0a-9ec9-135b66f5b3f7" />
    <UnitTestResult executionId="e00ba2f1-ed4e-462e-93d8-70a5ab2432cb" testId="ffdcf360-86bd-21ac-6ac5-af426ddb971c" testName="DEMAConsulting.VHDLTest.Tests.Simulators.NvcSimulatorTests.NvcSimulator_TestProcessor_FailureOutput_ReturnsErrorResult" computerName="KMC-L-DYTDH84" duration="00:00:00.0001432" startTime="2026-05-29T12:11:28.4217114-04:00" endTime="2026-05-29T12:11:28.4218670-04:00" testType="13cdc9d9-ddb5-4fa4-a97d-d965ccfc6d4b" outcome="Passed" testListId="8c84fa94-04c1-424b-9868-57a2d4851a1d" relativeResultsDirectory="e00ba2f1-ed4e-462e-93d8-70a5ab2432cb" />
    <UnitTestResult executionId="ea9a6f16-258e-4944-863f-97f6c6274478" testId="9c312557-9032-6f8b-c2a0-5aa51d3b9490" testName="DEMAConsulting.VHDLTest.Tests.Simulators.ModelSimSimulatorTests.ModelSimSimulator_TestProcessor_FailureOutput_ReturnsErrorResult" computerName="KMC-L-DYTDH84" duration="00:00:00.0001468" startTime="2026-05-29T12:11:32.9236078-04:00" endTime="2026-05-29T12:11:32.9237676-04:00" testType="13cdc9d9-ddb5-4fa4-a97d-d965ccfc6d4b" outcome="Passed" testListId="8c84fa94-04c1-424b-9868-57a2d4851a1d" relativeResultsDirectory="ea9a6f16-258e-4944-863f-97f6c6274478" />
    <UnitTestResult executionId="092d049c-3f3a-4849-ae7b-491d86aac1d5" testId="5b2b5b96-878a-4558-987d-b8f673ecd062" testName="DEMAConsulting.VHDLTest.Tests.Simulators.QuestaSimSimulatorTests.QuestaSimSimulator_TestProcessor_WarningOutput_ReturnsWarningResult" computerName="KMC-L-DYTDH84" duration="00:00:00.0001490" startTime="2026-05-29T12:11:28.3827688-04:00" endTime="2026-05-29T12:11:28.3829392-04:00" testType="13cdc9d9-ddb5-4fa4-a97d-d965ccfc6d4b" outcome="Passed" testListId="8c84fa94-04c1-424b-9868-57a2d4851a1d" relativeResultsDirectory="092d049c-3f3a-4849-ae7b-491d86aac1d5" />
    <UnitTestResult executionId="ad8eea3b-1740-41da-9423-8261d56cd78f" testId="dc2e6d23-c93c-8572-4450-efe271eeb771" testName="DEMAConsulting.VHDLTest.Tests.IntegrationTests.IntegrationTest_VerboseFlag_DisplaysDetailedOutput" computerName="KMC-L-DYTDH84" duration="00:00:00.4961208" startTime="2026-05-29T12:11:31.4144470-04:00" endTime="2026-05-29T12:11:31.9106054-04:00" testType="13cdc9d9-ddb5-4fa4-a97d-d965ccfc6d4b" outcome="Passed" testListId="8c84fa94-04c1-424b-9868-57a2d4851a1d" relativeResultsDirectory="ad8eea3b-1740-41da-9423-8261d56cd78f" />
    <UnitTestResult executionId="0080bf19-3ad0-471e-a20c-56aa0cd19b86" testId="ebefff30-9204-a4a0-2a79-ce477c1ae482" testName="DEMAConsulting.VHDLTest.Tests.Cli.OptionsTests.Options_Parse_NoConfigProvided_ThrowsInvalidOperationException" computerName="KMC-L-DYTDH84" duration="00:00:00.0017184" startTime="2026-05-29T12:11:28.2128325-04:00" endTime="2026-05-29T12:11:28.2145912-04:00" testType="13cdc9d9-ddb5-4fa4-a97d-d965ccfc6d4b" outcome="Passed" testListId="8c84fa94-04c1-424b-9868-57a2d4851a1d" relativeResultsDirectory="0080bf19-3ad0-471e-a20c-56aa0cd19b86" />
    <UnitTestResult executionId="6e8ccd79-a3f7-4029-8b42-1ebebda62f9b" testId="e5eb3282-de91-3f56-f4e4-af3a11696349" testName="DEMAConsulting.VHDLTest.Tests.IntegrationTests.IntegrationTest_TestsPassed_ReturnsZeroExitCode" computerName="KMC-L-DYTDH84" duration="00:00:00.2731099" startTime="2026-05-29T12:11:30.6143043-04:00" endTime="2026-05-29T12:11:30.8874681-04:00" testType="13cdc9d9-ddb5-4fa4-a97d-d965ccfc6d4b" outcome="Passed" testListId="8c84fa94-04c1-424b-9868-57a2d4851a1d" relativeResultsDirectory="6e8ccd79-a3f7-4029-8b42-1ebebda62f9b" />
    <UnitTestResult executionId="e5622390-f672-48ba-9a2d-8848daa91fd8" testId="77539d8e-0dbd-a136-2721-656195303630" testName="DEMAConsulting.VHDLTest.Tests.Simulators.SimulatorTests.Simulator_Available_WithNonNullPath_ReturnsTrue" computerName="KMC-L-DYTDH84" duration="00:00:00.0003383" startTime="2026-05-29T12:11:27.2176237-04:00" endTime="2026-05-29T12:11:27.2180051-04:00" testType="13cdc9d9-ddb5-4fa4-a97d-d965ccfc6d4b" outcome="Passed" testListId="8c84fa94-04c1-424b-9868-57a2d4851a1d" relativeResultsDirectory="e5622390-f672-48ba-9a2d-8848daa91fd8" />
    <UnitTestResult executionId="df1509b0-d7eb-4c06-bd9e-fd45a68c6714" testId="a6fea192-3173-d155-b8ca-b669a1113fd8" testName="DEMAConsulting.VHDLTest.Tests.Simulators.SimulatorFactoryTests.SimulatorFactory_Get_ModelSimSimulator_ReturnsModelSimSimulator" computerName="KMC-L-DYTDH84" duration="00:00:00.0000371" startTime="2026-05-29T12:11:34.5216400-04:00" endTime="2026-05-29T12:11:34.5216818-04:00" testType="13cdc9d9-ddb5-4fa4-a97d-d965ccfc6d4b" outcome="Passed" testListId="8c84fa94-04c1-424b-9868-57a2d4851a1d" relativeResultsDirectory="df1509b0-d7eb-4c06-bd9e-fd45a68c6714" />
    <UnitTestResult executionId="0557c683-186c-42db-a830-61b1b96db356" testId="d3e4b9fc-4f1e-9f8f-7c81-1b6df50ee640" testName="DEMAConsulting.VHDLTest.Tests.Results.TestResultsTests.TestResults_Execute_WithMockSimulator_CollectsTestOutcomes" computerName="KMC-L-DYTDH84" duration="00:00:00.0005984" startTime="2026-05-29T12:11:32.9686940-04:00" endTime="2026-05-29T12:11:32.9693193-04:00" testType="13cdc9d9-ddb5-4fa4-a97d-d965ccfc6d4b" outcome="Passed" testListId="8c84fa94-04c1-424b-9868-57a2d4851a1d" relativeResultsDirectory="0557c683-186c-42db-a830-61b1b96db356" />
    <UnitTestResult executionId="0c1b7bd8-d45e-4c68-aaaf-1d703f971290" testId="eaa10b69-0caa-a85a-cbfc-65921f9ac4cd" testName="DEMAConsulting.VHDLTest.Tests.Simulators.GhdlSimulatorTests.GhdlSimulator_FindPath_WithEnvVar_ReturnsEnvVarValue" computerName="KMC-L-DYTDH84" duration="00:00:00.0001298" startTime="2026-05-29T12:11:32.9504107-04:00" endTime="2026-05-29T12:11:32.9505547-04:00" testType="13cdc9d9-ddb5-4fa4-a97d-d965ccfc6d4b" outcome="Passed" testListId="8c84fa94-04c1-424b-9868-57a2d4851a1d" relativeResultsDirectory="0c1b7bd8-d45e-4c68-aaaf-1d703f971290" />
    <UnitTestResult executionId="e40f4a34-c22c-4786-891f-0f15ca91433a" testId="4af123bb-63d6-4822-35f4-e4d0c1e416a6" testName="DEMAConsulting.VHDLTest.Tests.Run.RunProcessorTests.RunProcessor_Parse_OutputWithNoMatchingPattern_ReturnsTextClassification" computerName="KMC-L-DYTDH84" duration="00:00:00.0002906" startTime="2026-05-29T12:11:28.2121336-04:00" endTime="2026-05-29T12:11:28.2124516-04:00" testType="13cdc9d9-ddb5-4fa4-a97d-d965ccfc6d4b" outcome="Passed" testListId="8c84fa94-04c1-424b-9868-57a2d4851a1d" relativeResultsDirectory="e40f4a34-c22c-4786-891f-0f15ca91433a" />
    <UnitTestResult executionId="d6c89644-3089-4490-afa5-3fa7521915fb" testId="07ee2f72-e0fe-2936-fca7-d662717f916b" testName="DEMAConsulting.VHDLTest.Tests.Simulators.NvcSimulatorTests.NvcSimulator_CompileProcessor_CleanOutput_ReturnsTextResult" computerName="KMC-L-DYTDH84" duration="00:00:00.0003035" startTime="2026-05-29T12:11:28.4180500-04:00" endTime="2026-05-29T12:11:28.4183798-04:00" testType="13cdc9d9-ddb5-4fa4-a97d-d965ccfc6d4b" outcome="Passed" testListId="8c84fa94-04c1-424b-9868-57a2d4851a1d" relativeResultsDirectory="d6c89644-3089-4490-afa5-3fa7521915fb" />
    <UnitTestResult executionId="938e3f56-666a-4f5b-b0c7-1822879b5cae" testId="ae3c7af3-bb3f-201d-95b0-810749b10fa1" testName="DEMAConsulting.VHDLTest.Tests.Simulators.GhdlSimulatorTests.GhdlSimulator_FindPath_WithoutEnvVar_ReturnsNullOrPath" computerName="KMC-L-DYTDH84" duration="00:00:00.0114783" startTime="2026-05-29T12:11:32.9360156-04:00" endTime="2026-05-29T12:11:32.9475319-04:00" testType="13cdc9d9-ddb5-4fa4-a97d-d965ccfc6d4b" outcome="Passed" testListId="8c84fa94-04c1-424b-9868-57a2d4851a1d" relativeResultsDirectory="938e3f56-666a-4f5b-b0c7-1822879b5cae" />
    <UnitTestResult executionId="37bb3df7-36ff-4ea5-8349-8c3aeada8db3" testId="3dea1506-9d3a-3a7d-669e-cb3c14b8c8d1" testName="DEMAConsulting.VHDLTest.Tests.Run.RunProcessorTests.RunProcessor_Execute_ProgramWithError_ReturnsErrorResult" computerName="KMC-L-DYTDH84" duration="00:00:00.3266532" startTime="2026-05-29T12:11:27.2217136-04:00" endTime="2026-05-29T12:11:27.5484227-04:00" testType="13cdc9d9-ddb5-4fa4-a97d-d965ccfc6d4b" outcome="Passed" testListId="8c84fa94-04c1-424b-9868-57a2d4851a1d" relativeResultsDirectory="37bb3df7-36ff-4ea5-8349-8c3aeada8db3" />
    <UnitTestResult executionId="6263efb3-b2e4-4659-b021-4694d7b813d5" testId="4359d2a1-ba0b-80c3-34e6-9e1ae782ffba" testName="DEMAConsulting.VHDLTest.Tests.Simulators.VivadoSimulatorTests.VivadoSimulator_SimulatorName_ReturnsVivado" computerName="KMC-L-DYTDH84" duration="00:00:00.0000555" startTime="2026-05-29T12:11:28.3851809-04:00" endTime="2026-05-29T12:11:28.3852566-04:00" testType="13cdc9d9-ddb5-4fa4-a97d-d965ccfc6d4b" outcome="Passed" testListId="8c84fa94-04c1-424b-9868-57a2d4851a1d" relativeResultsDirectory="6263efb3-b2e4-4659-b021-4694d7b813d5" />
    <UnitTestResult executionId="d52efa58-3fd1-46c4-87da-e90c64fee0b4" testId="e3c2072f-b41a-9b51-0d80-109035ff0026" testName="DEMAConsulting.VHDLTest.Tests.IntegrationTests.IntegrationTest_VersionShortFlag_DisplaysVersionAndReturnsSuccess" computerName="KMC-L-DYTDH84" duration="00:00:00.1556414" startTime="2026-05-29T12:11:28.8947746-04:00" endTime="2026-05-29T12:11:29.0504714-04:00" testType="13cdc9d9-ddb5-4fa4-a97d-d965ccfc6d4b" outcome="Passed" testListId="8c84fa94-04c1-424b-9868-57a2d4851a1d" relativeResultsDirectory="d52efa58-3fd1-46c4-87da-e90c64fee0b4" />
    <UnitTestResult executionId="cbb1c539-51e7-492e-a058-a4ee908d9f84" testId="cc90d8e5-98f2-baf5-db8c-a0271f02eb7f" testName="DEMAConsulting.VHDLTest.Tests.Cli.ContextTests.Context_Create_WithQuestionHelpFlag_SetsHelpFlag" computerName="KMC-L-DYTDH84" duration="00:00:00.0000487" startTime="2026-05-29T12:11:28.3919914-04:00" endTime="2026-05-29T12:11:28.3920581-04:00" testType="13cdc9d9-ddb5-4fa4-a97d-d965ccfc6d4b" outcome="Passed" testListId="8c84fa94-04c1-424b-9868-57a2d4851a1d" relativeResultsDirectory="cbb1c539-51e7-492e-a058-a4ee908d9f84" />
    <UnitTestResult executionId="c5c6a1d8-84d4-4b25-89cc-6915b5961854" testId="5f522eb7-dccf-3f6d-9ce2-2e82ac34697a" testName="DEMAConsulting.VHDLTest.Tests.Simulators.ModelSimSimulatorTests.ModelSimSimulator_TestProcessor_CleanOutput_ReturnsTextResult" computerName="KMC-L-DYTDH84" duration="00:00:00.0004259" startTime="2026-05-29T12:11:32.9211881-04:00" endTime="2026-05-29T12:11:32.9216406-04:00" testType="13cdc9d9-ddb5-4fa4-a97d-d965ccfc6d4b" outcome="Passed" testListId="8c84fa94-04c1-424b-9868-57a2d4851a1d" relativeResultsDirectory="c5c6a1d8-84d4-4b25-89cc-6915b5961854" />
    <UnitTestResult executionId="a90e6588-7558-4b64-97ec-fe58858e8007" testId="9704e9c4-80a2-13da-68f0-0d1605c87736" testName="DEMAConsulting.VHDLTest.Tests.Simulators.MockSimulatorTests.MockSimulator_CompileProcessor_ErrorOutput_ReturnsErrorResult" computerName="KMC-L-DYTDH84" duration="00:00:00.0001549" startTime="2026-05-29T12:11:36.8154373-04:00" endTime="2026-05-29T12:11:36.8156030-04:00" testType="13cdc9d9-ddb5-4fa4-a97d-d965ccfc6d4b" outcome="Passed" testListId="8c84fa94-04c1-424b-9868-57a2d4851a1d" relativeResultsDirectory="a90e6588-7558-4b64-97ec-fe58858e8007" />
    <UnitTestResult executionId="5d76a265-7e33-47f6-8d44-97f7a5afd798" testId="77e2d4cd-43c3-8d3a-0670-fb86cab61edf" testName="DEMAConsulting.VHDLTest.Tests.Results.TestResultsTests.TestResults_SaveResults_WithXmlExtension_CreatesJUnitFile" computerName="KMC-L-DYTDH84" duration="00:00:00.0158154" startTime="2026-05-29T12:11:32.9525929-04:00" endTime="2026-05-29T12:11:32.9684410-04:00" testType="13cdc9d9-ddb5-4fa4-a97d-d965ccfc6d4b" outcome="Passed" testListId="8c84fa94-04c1-424b-9868-57a2d4851a1d" relativeResultsDirectory="5d76a265-7e33-47f6-8d44-97f7a5afd798" />
    <UnitTestResult executionId="88f6b7aa-8260-434c-9338-22776b5c973b" testId="3015b461-9f90-1124-e0f2-f800becd2dbb" testName="DEMAConsulting.VHDLTest.Tests.Results.TestResultTests.TestResult_Constructor_WithWarningResult_CreatesPassedTest" computerName="KMC-L-DYTDH84" duration="00:00:00.0001332" startTime="2026-05-29T12:11:36.8358698-04:00" endTime="2026-05-29T12:11:36.8360130-04:00" testType="13cdc9d9-ddb5-4fa4-a97d-d965ccfc6d4b" outcome="Passed" testListId="8c84fa94-04c1-424b-9868-57a2d4851a1d" relativeResultsDirectory="88f6b7aa-8260-434c-9338-22776b5c973b" />
    <UnitTestResult executionId="d251d4c3-c716-4630-983d-80e857b3a52c" testId="959f2572-6d0f-d755-2ef0-ad34bf91810d" testName="DEMAConsulting.VHDLTest.Tests.Simulators.MockSimulatorTests.MockSimulator_Compile_WithCleanFile_ReturnsSuccessResult" computerName="KMC-L-DYTDH84" duration="00:00:00.0001085" startTime="2026-05-29T12:11:36.8152287-04:00" endTime="2026-05-29T12:11:36.8153419-04:00" testType="13cdc9d9-ddb5-4fa4-a97d-d965ccfc6d4b" outcome="Passed" testListId="8c84fa94-04c1-424b-9868-57a2d4851a1d" relativeResultsDirectory="d251d4c3-c716-4630-983d-80e857b3a52c" />
    <UnitTestResult executionId="88c52861-482f-4b12-9fd5-5022860f3c53" testId="f8dbb6f8-cafc-5563-1c08-e3de1a0a8f4e" testName="DEMAConsulting.VHDLTest.Tests.Simulators.SimulatorFactoryTests.SimulatorFactory_Get_MockSimulator_ReturnsMockSimulator" computerName="KMC-L-DYTDH84" duration="00:00:00.0000438" startTime="2026-05-29T12:11:34.5215064-04:00" endTime="2026-05-29T12:11:34.5215534-04:00" testType="13cdc9d9-ddb5-4fa4-a97d-d965ccfc6d4b" outcome="Passed" testListId="8c84fa94-04c1-424b-9868-57a2d4851a1d" relativeResultsDirectory="88c52861-482f-4b12-9fd5-5022860f3c53" />
    <UnitTestResult executionId="13e1efc7-850b-420c-965d-dfe45fe51abf" testId="2237989c-8d4c-8d7a-64a3-d6c23ccb72ea" testName="DEMAConsulting.VHDLTest.Tests.IntegrationTests.IntegrationTest_CompileError_ReturnsNonZeroExitCode" computerName="KMC-L-DYTDH84" duration="00:00:00.2601943" startTime="2026-05-29T12:11:30.8877286-04:00" endTime="2026-05-29T12:11:31.1479594-04:00" testType="13cdc9d9-ddb5-4fa4-a97d-d965ccfc6d4b" outcome="Passed" testListId="8c84fa94-04c1-424b-9868-57a2d4851a1d" relativeResultsDirectory="13e1efc7-850b-420c-965d-dfe45fe51abf" />
    <UnitTestResult executionId="039803f8-42f4-4fd2-8e49-1499882e017e" testId="37e01913-1c2f-9087-650f-0438e9d10b72" testName="DEMAConsulting.VHDLTest.Tests.Simulators.NvcSimulatorTests.NvcSimulator_FindPath_WithoutEnvVar_ReturnsNullOrPath" computerName="KMC-L-DYTDH84" duration="00:00:00.0058309" startTime="2026-05-29T12:11:28.4236501-04:00" endTime="2026-05-29T12:11:28.4295287-04:00" testType="13cdc9d9-ddb5-4fa4-a97d-d965ccfc6d4b" outcome="Passed" testListId="8c84fa94-04c1-424b-9868-57a2d4851a1d" relativeResultsDirectory="039803f8-42f4-4fd2-8e49-1499882e017e" />
    <UnitTestResult executionId="5d7d08c9-80e0-4692-9666-c0a01c388021" testId="9653446a-7c95-0ef7-d7ce-6a305fe5af5a" testName="DEMAConsulting.VHDLTest.Tests.Cli.ContextTests.Context_Create_WithInvalidDepth_ThrowsInvalidOperationException" computerName="KMC-L-DYTDH84" duration="00:00:00.0001303" startTime="2026-05-29T12:11:28.4043137-04:00" endTime="2026-05-29T12:11:28.4044597-04:00" testType="13cdc9d9-ddb5-4fa4-a97d-d965ccfc6d4b" outcome="Passed" testListId="8c84fa94-04c1-424b-9868-57a2d4851a1d" relativeResultsDirectory="5d7d08c9-80e0-4692-9666-c0a01c388021" />
    <UnitTestResult executionId="cd338ff5-90eb-4af1-94d3-850f49e14e5f" testId="43ef885a-1eee-31a4-f2af-f19b38cc7bde" testName="DEMAConsulting.VHDLTest.Tests.Results.TestResultTests.TestResult_Constructor_WithErrorResult_CreatesFailedTest" computerName="KMC-L-DYTDH84" duration="00:00:00.0002670" startTime="2026-05-29T12:11:36.8354604-04:00" endTime="2026-05-29T12:11:36.8357362-04:00" testType="13cdc9d9-ddb5-4fa4-a97d-d965ccfc6d4b" outcome="Passed" testListId="8c84fa94-04c1-424b-9868-57a2d4851a1d" relativeResultsDirectory="cd338ff5-90eb-4af1-94d3-850f49e14e5f" />
    <UnitTestResult executionId="a3b2cdec-d257-42f8-b700-39f394fb1071" testId="898617cb-accc-c634-5a7c-3f210606ba7d" testName="DEMAConsulting.VHDLTest.Tests.Simulators.MockSimulatorTests.MockSimulator_Compile_WithInfoFile_ReturnsInfoResult" computerName="KMC-L-DYTDH84" duration="00:00:00.0001142" startTime="2026-05-29T12:11:36.8167195-04:00" endTime="2026-05-29T12:11:36.8168398-04:00" testType="13cdc9d9-ddb5-4fa4-a97d-d965ccfc6d4b" outcome="Passed" testListId="8c84fa94-04c1-424b-9868-57a2d4851a1d" relativeResultsDirectory="a3b2cdec-d257-42f8-b700-39f394fb1071" />
    <UnitTestResult executionId="d8defe0e-7641-4b0e-b9d4-6a9e593695c3" testId="3e0ad518-cc65-935e-720f-6fc0d4e4012f" testName="DEMAConsulting.VHDLTest.Tests.Run.RunLineRuleTests.RunLineRule_Create_InvalidPattern_ThrowsArgumentException" computerName="KMC-L-DYTDH84" duration="00:00:00.0004370" startTime="2026-05-29T12:11:28.4050675-04:00" endTime="2026-05-29T12:11:28.4055306-04:00" testType="13cdc9d9-ddb5-4fa4-a97d-d965ccfc6d4b" outcome="Passed" testListId="8c84fa94-04c1-424b-9868-57a2d4851a1d" relativeResultsDirectory="d8defe0e-7641-4b0e-b9d4-6a9e593695c3" />
    <UnitTestResult executionId="9f70f544-1dc2-48b4-ad25-ac2c382d0d28" testId="efa058c0-b7d7-ccb9-31fb-08a0fc3bdfec" testName="DEMAConsulting.VHDLTest.Tests.Simulators.QuestaSimSimulatorTests.QuestaSimSimulator_SimulatorName_ReturnsQuestaSim" computerName="KMC-L-DYTDH84" duration="00:00:00.0000529" startTime="2026-05-29T12:11:28.3830973-04:00" endTime="2026-05-29T12:11:28.3831695-04:00" testType="13cdc9d9-ddb5-4fa4-a97d-d965ccfc6d4b" outcome="Passed" testListId="8c84fa94-04c1-424b-9868-57a2d4851a1d" relativeResultsDirectory="9f70f544-1dc2-48b4-ad25-ac2c382d0d28" />
    <UnitTestResult executionId="8b10ebe9-2cf0-4d18-b03e-cd18780146be" testId="33e6db34-f0a1-f7dc-3b28-b96139a959be" testName="DEMAConsulting.VHDLTest.Tests.Results.TestResultTests.TestResult_Constructor_CreatesUniqueTestAndExecutionIds" computerName="KMC-L-DYTDH84" duration="00:00:00.0023203" startTime="2026-05-29T12:11:36.8329866-04:00" endTime="2026-05-29T12:11:36.8353180-04:00" testType="13cdc9d9-ddb5-4fa4-a97d-d965ccfc6d4b" outcome="Passed" testListId="8c84fa94-04c1-424b-9868-57a2d4851a1d" relativeResultsDirectory="8b10ebe9-2cf0-4d18-b03e-cd18780146be" />
    <UnitTestResult executionId="e08bb21e-9cb8-4b17-8013-21821368b115" testId="fa4898b8-df35-7c43-a9dc-fca77560a47d" testName="DEMAConsulting.VHDLTest.Tests.Simulators.GhdlSimulatorTests.GhdlSimulator_TestProcessor_ReportFailureOutput_ReturnsErrorResult" computerName="KMC-L-DYTDH84" duration="00:00:00.0003216" startTime="2026-05-29T12:11:32.9342850-04:00" endTime="2026-05-29T12:11:32.9346217-04:00" testType="13cdc9d9-ddb5-4fa4-a97d-d965ccfc6d4b" outcome="Passed" testListId="8c84fa94-04c1-424b-9868-57a2d4851a1d" relativeResultsDirectory="e08bb21e-9cb8-4b17-8013-21821368b115" />
    <UnitTestResult executionId="7b36ef9d-71c4-4a9b-b2b8-59a878bddba4" testId="a22e0e72-46ef-f68c-4a18-9ed25e5bf1c4" testName="DEMAConsulting.VHDLTest.Tests.Simulators.ModelSimSimulatorTests.ModelSimSimulator_CompileProcessor_CleanOutput_ReturnsTextResult" computerName="KMC-L-DYTDH84" duration="00:00:00.0002231" startTime="2026-05-29T12:11:32.9232716-04:00" endTime="2026-05-29T12:11:32.9235085-04:00" testType="13cdc9d9-ddb5-4fa4-a97d-d965ccfc6d4b" outcome="Passed" testListId="8c84fa94-04c1-424b-9868-57a2d4851a1d" relativeResultsDirectory="7b36ef9d-71c4-4a9b-b2b8-59a878bddba4" />
    <UnitTestResult executionId="590f52ca-2ea4-4084-9a07-3082f62a3103" testId="fd55f210-a72c-f64d-6668-4cc9f88b927b" testName="DEMAConsulting.VHDLTest.Tests.Results.TestResultTests.TestResult_PrintSummary_PassedResult_WritesPassLine" computerName="KMC-L-DYTDH84" duration="00:00:00.0019796" startTime="2026-05-29T12:11:36.8308914-04:00" endTime="2026-05-29T12:11:36.8328829-04:00" testType="13cdc9d9-ddb5-4fa4-a97d-d965ccfc6d4b" outcome="Passed" testListId="8c84fa94-04c1-424b-9868-57a2d4851a1d" relativeResultsDirectory="590f52ca-2ea4-4084-9a07-3082f62a3103" />
    <UnitTestResult executionId="54db8767-7405-4ba5-add7-c086bdc21349" testId="18d0d4d2-48ca-ad06-8f62-c9cae19af774" testName="DEMAConsulting.VHDLTest.Tests.Cli.ContextTests.Context_Create_WithZeroDepth_ThrowsInvalidOperationException" computerName="KMC-L-DYTDH84" duration="00:00:00.0000813" startTime="2026-05-29T12:11:28.4000625-04:00" endTime="2026-05-29T12:11:28.4001532-04:00" testType="13cdc9d9-ddb5-4fa4-a97d-d965ccfc6d4b" outcome="Passed" testListId="8c84fa94-04c1-424b-9868-57a2d4851a1d" relativeResultsDirectory="54db8767-7405-4ba5-add7-c086bdc21349" />
    <UnitTestResult executionId="7975bcf3-ea64-41e0-b21a-8a0b2bab17b2" testId="f10153af-aaa9-6db2-f194-8b2bde190018" testName="DEMAConsulting.VHDLTest.Tests.Cli.ContextTests.Context_Create_MissingSimulatorValue_ThrowsInvalidOperationException" computerName="KMC-L-DYTDH84" duration="00:00:00.0000899" startTime="2026-05-29T12:11:28.3991527-04:00" endTime="2026-05-29T12:11:28.3992555-04:00" testType="13cdc9d9-ddb5-4fa4-a97d-d965ccfc6d4b" outcome="Passed" testListId="8c84fa94-04c1-424b-9868-57a2d4851a1d" relativeResultsDirectory="7975bcf3-ea64-41e0-b21a-8a0b2bab17b2" />
    <UnitTestResult executionId="b8863bf8-e829-44c8-9827-fc8977e17374" testId="32615779-fd6b-7b11-c5fc-502fd96172a4" testName="DEMAConsulting.VHDLTest.Tests.Cli.ContextTests.Context_Create_NoArguments_ReturnsDefaultContext" computerName="KMC-L-DYTDH84" duration="00:00:00.0000505" startTime="2026-05-29T12:11:28.3999024-04:00" endTime="2026-05-29T12:11:28.3999613-04:00" testType="13cdc9d9-ddb5-4fa4-a97d-d965ccfc6d4b" outcome="Passed" testListId="8c84fa94-04c1-424b-9868-57a2d4851a1d" relativeResultsDirectory="b8863bf8-e829-44c8-9827-fc8977e17374" />
    <UnitTestResult executionId="8656a7c1-93e9-4f03-9482-10f950741c2b" testId="cf7f8024-bdc9-e79c-c42e-e109bd3cdce7" testName="DEMAConsulting.VHDLTest.Tests.Cli.ContextTests.Context_WriteError_WithMessage_IncrementsErrors" computerName="KMC-L-DYTDH84" duration="00:00:00.0000598" startTime="2026-05-29T12:11:28.3993645-04:00" endTime="2026-05-29T12:11:28.3994342-04:00" testType="13cdc9d9-ddb5-4fa4-a97d-d965ccfc6d4b" outcome="Passed" testListId="8c84fa94-04c1-424b-9868-57a2d4851a1d" relativeResultsDirectory="8656a7c1-93e9-4f03-9482-10f950741c2b" />
    <UnitTestResult executionId="8cda4248-e42f-489d-a2db-527fd2e9c041" testId="ba864ac8-e2dd-1ae5-7d44-95d637ab9ec4" testName="DEMAConsulting.VHDLTest.Tests.Simulators.VivadoSimulatorTests.VivadoSimulator_TestProcessor_FailureOutput_ReturnsErrorResult" computerName="KMC-L-DYTDH84" duration="00:00:00.0002815" startTime="2026-05-29T12:11:28.3846877-04:00" endTime="2026-05-29T12:11:28.3849884-04:00" testType="13cdc9d9-ddb5-4fa4-a97d-d965ccfc6d4b" outcome="Passed" testListId="8c84fa94-04c1-424b-9868-57a2d4851a1d" relativeResultsDirectory="8cda4248-e42f-489d-a2db-527fd2e9c041" />
    <UnitTestResult executionId="636e0803-889f-4594-aeb1-720b0b70cbaf" testId="1116577f-c8b5-3264-97b5-4acb5f5630a2" testName="DEMAConsulting.VHDLTest.Tests.Simulators.MockSimulatorTests.MockSimulator_Test_WithCleanName_ReturnsSuccessResult" computerName="KMC-L-DYTDH84" duration="00:00:00.0001432" startTime="2026-05-29T12:11:36.8139021-04:00" endTime="2026-05-29T12:11:36.8140528-04:00" testType="13cdc9d9-ddb5-4fa4-a97d-d965ccfc6d4b" outcome="Passed" testListId="8c84fa94-04c1-424b-9868-57a2d4851a1d" relativeResultsDirectory="636e0803-889f-4594-aeb1-720b0b70cbaf" />
    <UnitTestResult executionId="8b82d3ba-5e30-405b-9a98-dfe4406a22ba" testId="c7eeda44-bcb7-a076-f673-ca30ca8bb25d" testName="DEMAConsulting.VHDLTest.Tests.Simulators.SimulatorsSubsystemTests.SimulatorsSubsystem_GetSimulatorAndProcessCompileOutput_WithErrorOutput_ClassifiesAsError" computerName="KMC-L-DYTDH84" duration="00:00:00.0004643" startTime="2026-05-29T12:11:28.3196255-04:00" endTime="2026-05-29T12:11:28.3201199-04:00" testType="13cdc9d9-ddb5-4fa4-a97d-d965ccfc6d4b" outcome="Passed" testListId="8c84fa94-04c1-424b-9868-57a2d4851a1d" relativeResultsDirectory="8b82d3ba-5e30-405b-9a98-dfe4406a22ba" />
    <UnitTestResult executionId="41c07c12-1252-4d3d-8b31-1e4723e350a6" testId="087eea30-0d8f-0c38-9b7a-e55ec780a38f" testName="DEMAConsulting.VHDLTest.Tests.IntegrationTests.IntegrationTest_SilentFlag_SuppressesOutput" computerName="KMC-L-DYTDH84" duration="00:00:00.2654541" startTime="2026-05-29T12:11:28.6270601-04:00" endTime="2026-05-29T12:11:28.8925550-04:00" testType="13cdc9d9-ddb5-4fa4-a97d-d965ccfc6d4b" outcome="Passed" testListId="8c84fa94-04c1-424b-9868-57a2d4851a1d" relativeResultsDirectory="41c07c12-1252-4d3d-8b31-1e4723e350a6" />
[...]
    <TestEntry testId="4af123bb-63d6-4822-35f4-e4d0c1e416a6" executionId="e40f4a34-c22c-4786-891f-0f15ca91433a" testListId="8c84fa94-04c1-424b-9868-57a2d4851a1d" />
    <TestEntry testId="07ee2f72-e0fe-2936-fca7-d662717f916b" executionId="d6c89644-3089-4490-afa5-3fa7521915fb" testListId="8c84fa94-04c1-424b-9868-57a2d4851a1d" />
    <TestEntry testId="ae3c7af3-bb3f-201d-95b0-810749b10fa1" executionId="938e3f56-666a-4f5b-b0c7-1822879b5cae" testListId="8c84fa94-04c1-424b-9868-57a2d4851a1d" />
    <TestEntry testId="3dea1506-9d3a-3a7d-669e-cb3c14b8c8d1" executionId="37bb3df7-36ff-4ea5-8349-8c3aeada8db3" testListId="8c84fa94-04c1-424b-9868-57a2d4851a1d" />
    <TestEntry testId="4359d2a1-ba0b-80c3-34e6-9e1ae782ffba" executionId="6263efb3-b2e4-4659-b021-4694d7b813d5" testListId="8c84fa94-04c1-424b-9868-57a2d4851a1d" />
    <TestEntry testId="e3c2072f-b41a-9b51-0d80-109035ff0026" executionId="d52efa58-3fd1-46c4-87da-e90c64fee0b4" testListId="8c84fa94-04c1-424b-9868-57a2d4851a1d" />
    <TestEntry testId="cc90d8e5-98f2-baf5-db8c-a0271f02eb7f" executionId="cbb1c539-51e7-492e-a058-a4ee908d9f84" testListId="8c84fa94-04c1-424b-9868-57a2d4851a1d" />
    <TestEntry testId="5f522eb7-dccf-3f6d-9ce2-2e82ac34697a" executionId="c5c6a1d8-84d4-4b25-89cc-6915b5961854" testListId="8c84fa94-04c1-424b-9868-57a2d4851a1d" />
    <TestEntry testId="9704e9c4-80a2-13da-68f0-0d1605c87736" executionId="a90e6588-7558-4b64-97ec-fe58858e8007" testListId="8c84fa94-04c1-424b-9868-57a2d4851a1d" />
    <TestEntry testId="77e2d4cd-43c3-8d3a-0670-fb86cab61edf" executionId="5d76a265-7e33-47f6-8d44-97f7a5afd798" testListId="8c84fa94-04c1-424b-9868-57a2d4851a1d" />
    <TestEntry testId="3015b461-9f90-1124-e0f2-f800becd2dbb" executionId="88f6b7aa-8260-434c-9338-22776b5c973b" testListId="8c84fa94-04c1-424b-9868-57a2d4851a1d" />
    <TestEntry testId="959f2572-6d0f-d755-2ef0-ad34bf91810d" executionId="d251d4c3-c716-4630-983d-80e857b3a52c" testListId="8c84fa94-04c1-424b-9868-57a2d4851a1d" />
    <TestEntry testId="f8dbb6f8-cafc-5563-1c08-e3de1a0a8f4e" executionId="88c52861-482f-4b12-9fd5-5022860f3c53" testListId="8c84fa94-04c1-424b-9868-57a2d4851a1d" />
    <TestEntry testId="2237989c-8d4c-8d7a-64a3-d6c23ccb72ea" executionId="13e1efc7-850b-420c-965d-dfe45fe51abf" testListId="8c84fa94-04c1-424b-9868-57a2d4851a1d" />
    <TestEntry testId="37e01913-1c2f-9087-650f-0438e9d10b72" executionId="039803f8-42f4-4fd2-8e49-1499882e017e" testListId="8c84fa94-04c1-424b-9868-57a2d4851a1d" />
    <TestEntry testId="9653446a-7c95-0ef7-d7ce-6a305fe5af5a" executionId="5d7d08c9-80e0-4692-9666-c0a01c388021" testListId="8c84fa94-04c1-424b-9868-57a2d4851a1d" />
    <TestEntry testId="43ef885a-1eee-31a4-f2af-f19b38cc7bde" executionId="cd338ff5-90eb-4af1-94d3-850f49e14e5f" testListId="8c84fa94-04c1-424b-9868-57a2d4851a1d" />
    <TestEntry testId="898617cb-accc-c634-5a7c-3f210606ba7d" executionId="a3b2cdec-d257-42f8-b700-39f394fb1071" testListId="8c84fa94-04c1-424b-9868-57a2d4851a1d" />
    <TestEntry testId="3e0ad518-cc65-935e-720f-6fc0d4e4012f" executionId="d8defe0e-7641-4b0e-b9d4-6a9e593695c3" testListId="8c84fa94-04c1-424b-9868-57a2d4851a1d" />
    <TestEntry testId="efa058c0-b7d7-ccb9-31fb-08a0fc3bdfec" executionId="9f70f544-1dc2-48b4-ad25-ac2c382d0d28" testListId="8c84fa94-04c1-424b-9868-57a2d4851a1d" />
    <TestEntry testId="33e6db34-f0a1-f7dc-3b28-b96139a959be" executionId="8b10ebe9-2cf0-4d18-b03e-cd18780146be" testListId="8c84fa94-04c1-424b-9868-57a2d4851a1d" />
    <TestEntry testId="fa4898b8-df35-7c43-a9dc-fca77560a47d" executionId="e08bb21e-9cb8-4b17-8013-21821368b115" testListId="8c84fa94-04c1-424b-9868-57a2d4851a1d" />
    <TestEntry testId="a22e0e72-46ef-f68c-4a18-9ed25e5bf1c4" executionId="7b36ef9d-71c4-4a9b-b2b8-59a878bddba4" testListId="8c84fa94-04c1-424b-9868-57a2d4851a1d" />
    <TestEntry testId="fd55f210-a72c-f64d-6668-4cc9f88b927b" executionId="590f52ca-2ea4-4084-9a07-3082f62a3103" testListId="8c84fa94-04c1-424b-9868-57a2d4851a1d" />
    <TestEntry testId="18d0d4d2-48ca-ad06-8f62-c9cae19af774" executionId="54db8767-7405-4ba5-add7-c086bdc21349" testListId="8c84fa94-04c1-424b-9868-57a2d4851a1d" />
    <TestEntry testId="f10153af-aaa9-6db2-f194-8b2bde190018" executionId="7975bcf3-ea64-41e0-b21a-8a0b2bab17b2" testListId="8c84fa94-04c1-424b-9868-57a2d4851a1d" />
    <TestEntry testId="32615779-fd6b-7b11-c5fc-502fd96172a4" executionId="b8863bf8-e829-44c8-9827-fc8977e17374" testListId="8c84fa94-04c1-424b-9868-57a2d4851a1d" />
    <TestEntry testId="cf7f8024-bdc9-e79c-c42e-e109bd3cdce7" executionId="8656a7c1-93e9-4f03-9482-10f950741c2b" testListId="8c84fa94-04c1-424b-9868-57a2d4851a1d" />
    <TestEntry testId="ba864ac8-e2dd-1ae5-7d44-95d637ab9ec4" executionId="8cda4248-e42f-489d-a2db-527fd2e9c041" testListId="8c84fa94-04c1-424b-9868-57a2d4851a1d" />
    <TestEntry testId="1116577f-c8b5-3264-97b5-4acb5f5630a2" executionId="636e0803-889f-4594-aeb1-720b0b70cbaf" testListId="8c84fa94-04c1-424b-9868-57a2d4851a1d" />
    <TestEntry testId="c7eeda44-bcb7-a076-f673-ca30ca8bb25d" executionId="8b82d3ba-5e30-405b-9a98-dfe4406a22ba" testListId="8c84fa94-04c1-424b-9868-57a2d4851a1d" />
    <TestEntry testId="087eea30-0d8f-0c38-9b7a-e55ec780a38f" executionId="41c07c12-1252-4d3d-8b31-1e4723e350a6" testListId="8c84fa94-04c1-424b-9868-57a2d4851a1d" />
    <TestEntry testId="72fa2a3d-ff15-2a52-2e81-b60502733618" executionId="97ff2af1-1282-4bbd-9831-5305a4ff71ea" testListId="8c84fa94-04c1-424b-9868-57a2d4851a1d" />
    <TestEntry testId="d55fd384-6be4-0194-40b0-13197cdd3b22" executionId="644e76db-b4c8-4210-b68f-b2df51706b5b" testListId="8c84fa94-04c1-424b-9868-57a2d4851a1d" />
    <TestEntry testId="a3a8ccf7-b8cb-e4ac-fe34-29fe9acf21f5" executionId="417ac39f-77ba-488c-a0cf-2e1fc3447c31" testListId="8c84fa94-04c1-424b-9868-57a2d4851a1d" />
    <TestEntry testId="9cc9d734-76ca-80aa-26fc-90a1ccc33463" executionId="4f4904c9-caf7-4ac0-8006-2e7371d376e5" testListId="8c84fa94-04c1-424b-9868-57a2d4851a1d" />
    <TestEntry testId="c380ef62-ec62-ebd1-e109-ed941ebacd0a" executionId="52a54340-2c18-4877-b408-358c6195073f" testListId="8c84fa94-04c1-424b-9868-57a2d4851a1d" />
    <TestEntry testId="ac0b24d0-f55a-20ba-1e09-24274fb56b83" executionId="50c8aff7-a39d-4a4d-acdb-347b7f69fb64" testListId="8c84fa94-04c1-424b-9868-57a2d4851a1d" />
    <TestEntry testId="572a0018-66a1-b4da-5b8f-7edcfb90fcfa" executionId="db48a6c3-cc65-4a02-9200-500633a239c5" testListId="8c84fa94-04c1-424b-9868-57a2d4851a1d" />
    <TestEntry testId="f8e7ff42-6eb4-e2f7-004d-176abb11e4e5" executionId="ec2d7fa7-662b-4277-bdde-3a01fc599ef4" testListId="8c84fa94-04c1-424b-9868-57a2d4851a1d" />
    <TestEntry testId="49a01d65-eec3-9140-82e1-9bb57a907d18" executionId="1798b1ad-e643-4c69-b853-55fa818c2a50" testListId="8c84fa94-04c1-424b-9868-57a2d4851a1d" />
    <TestEntry testId="60811e80-986b-9387-672c-d78e87852478" executionId="00787d4e-730d-4662-934d-6d3c64205ecf" testListId="8c84fa94-04c1-424b-9868-57a2d4851a1d" />
    <TestEntry testId="bbb58f66-9898-85b2-9e23-b04e11cb2e79" executionId="837bfda1-1240-4b17-a03d-19134e6a380b" testListId="8c84fa94-04c1-424b-9868-57a2d4851a1d" />
    <TestEntry testId="17d50667-b7c7-0069-e8d3-247f616c5f1f" executionId="442741f1-bfc4-4a1b-acf5-44610ea4c996" testListId="8c84fa94-04c1-424b-9868-57a2d4851a1d" />
    <TestEntry testId="7390569f-e0af-b29e-383e-3b4052dc8e94" executionId="5566c004-a78c-4c6d-b62c-a90e947033f3" testListId="8c84fa94-04c1-424b-9868-57a2d4851a1d" />
    <TestEntry testId="7d4b7b5d-8417-1bc2-8b53-6a679408984c" executionId="0c2a1964-d569-4fd7-a941-300e80aceed0" testListId="8c84fa94-04c1-424b-9868-57a2d4851a1d" />
    <TestEntry testId="556ed5ec-08be-eacd-d09e-6ba0596cce38" executionId="171b9987-f706-4b74-89b9-5b89a02fa041" testListId="8c84fa94-04c1-424b-9868-57a2d4851a1d" />
    <TestEntry testId="ac31de18-91bd-5264-a00c-65d4c4d1ba55" executionId="91bf9036-764e-4885-afb4-6ada5ee3f910" testListId="8c84fa94-04c1-424b-9868-57a2d4851a1d" />
    <TestEntry testId="ad553c88-6b76-739a-9a03-8a7074823441" executionId="db97050f-a7c6-43c3-a135-a8144c6f445c" testListId="8c84fa94-04c1-424b-9868-57a2d4851a1d" />
    <TestEntry testId="74bbcc85-07bf-bc29-9af4-dca09bbec2eb" executionId="82bb5ba7-d90f-4e34-8627-b7a91fa156c0" testListId="8c84fa94-04c1-424b-9868-57a2d4851a1d" />
    <TestEntry testId="a8335268-56b2-2665-62c8-95c284f18785" executionId="d20d79b5-cddf-4f49-bd6e-4bcdcbc67de3" testListId="8c84fa94-04c1-424b-9868-57a2d4851a1d" />
    <TestEntry testId="95c48e66-1d8c-ff98-2201-3d4d134ff2fd" executionId="c5915f73-786d-4276-9c98-3a43f3fe1043" testListId="8c84fa94-04c1-424b-9868-57a2d4851a1d" />
    <TestEntry testId="dbdac5ca-03bc-f656-67d0-590aa6882c68" executionId="d20520f0-703c-452b-b777-b9721473108b" testListId="8c84fa94-04c1-424b-9868-57a2d4851a1d" />
    <TestEntry testId="c126882f-3128-05f4-5f07-e75a12b63e9e" executionId="2052ace6-9aa9-4fe1-b0b8-5fac6c326ac6" testListId="8c84fa94-04c1-424b-9868-57a2d4851a1d" />
    <TestEntry testId="41240de7-b4a5-2f93-7459-edc0cefab219" executionId="c497f8c8-4d2d-47e3-9e1a-5d30f2dd06a7" testListId="8c84fa94-04c1-424b-9868-57a2d4851a1d" />
    <TestEntry testId="e0ac40af-e79a-c5d7-e5fc-1cddf6d1985a" executionId="def351dc-a0d8-400f-b03a-53eaffc6506a" testListId="8c84fa94-04c1-424b-9868-57a2d4851a1d" />
    <TestEntry testId="8547140c-cda3-464b-69e1-735c59878a7b" executionId="9886a3ec-1543-4a1a-9e62-4d6d14c84eec" testListId="8c84fa94-04c1-424b-9868-57a2d4851a1d" />
    <TestEntry testId="3db80216-1264-8345-50b2-58fe0250bd7d" executionId="8ab3ab1d-1e8a-413e-9512-7806752d4840" testListId="8c84fa94-04c1-424b-9868-57a2d4851a1d" />
    <TestEntry testId="2515dc77-f256-b762-bbdb-30afa5023d97" executionId="ade8dce3-22a7-4641-a155-81e2a0d124e0" testListId="8c84fa94-04c1-424b-9868-57a2d4851a1d" />
    <TestEntry testId="fef33ee1-fbdd-6560-07b4-f7c9a907de63" executionId="53a0b731-cef4-4230-820a-3c83be20cb8e" testListId="8c84fa94-04c1-424b-9868-57a2d4851a1d" />
    <TestEntry testId="5820637b-6d72-f460-5fd4-adf4ee4fa476" executionId="84e14834-f726-45b3-b494-d940573ae6b6" testListId="8c84fa94-04c1-424b-9868-57a2d4851a1d" />
    <TestEntry testId="6361017e-849b-7188-02eb-34c432b87645" executionId="d48b5346-0825-4c33-bd6f-c938f532a4a1" testListId="8c84fa94-04c1-424b-9868-57a2d4851a1d" />
    <TestEntry testId="0dda80fa-d734-362e-62c0-70d3dca377fa" executionId="37f74225-5006-40ea-ba0e-119b93533d38" testListId="8c84fa94-04c1-424b-9868-57a2d4851a1d" />
    <TestEntry testId="67169fc6-62da-d1c5-91de-885013c44274" executionId="599fa0f1-654b-4ece-93c1-72baee41dcb1" testListId="8c84fa94-04c1-424b-9868-57a2d4851a1d" />
    <TestEntry testId="ae0703a9-aa9f-d510-7b72-3eb5637b5c8e" executionId="b34e3568-e93e-4e58-bc57-d77b49f6515a" testListId="8c84fa94-04c1-424b-9868-57a2d4851a1d" />
    <TestEntry testId="6cd52478-9ce4-8454-0ccf-78b0671bd4e8" executionId="7b4808e8-31de-4775-88cf-220a3a116d15" testListId="8c84fa94-04c1-424b-9868-57a2d4851a1d" />
    <TestEntry testId="a1b37ded-ff99-93e1-057c-32337595065c" executionId="bbf54027-47b0-460e-a573-482d47be4448" testListId="8c84fa94-04c1-424b-9868-57a2d4851a1d" />
    <TestEntry testId="e5889dd2-98db-69ff-0fad-62346ef29017" executionId="6a8ded55-e000-41a9-90dd-f23160b20e49" testListId="8c84fa94-04c1-424b-9868-57a2d4851a1d" />
    <TestEntry testId="1625c1f0-8e88-2b8a-776e-cbeba6e79754" executionId="cf6d28e6-fcea-4fb9-bf28-fad9d9985abf" testListId="8c84fa94-04c1-424b-9868-57a2d4851a1d" />
    <TestEntry testId="119f672d-75a6-67ed-8194-46acf605604e" executionId="dfd73c4c-b58a-49d1-bd7a-7cef8b98ac1c" testListId="8c84fa94-04c1-424b-9868-57a2d4851a1d" />
    <TestEntry testId="9e25e7b1-cc6f-7ef6-cbb9-d28ba9b61f4e" executionId="0725a979-6a54-4390-a7b4-b50ff9562644" testListId="8c84fa94-04c1-424b-9868-57a2d4851a1d" />
    <TestEntry testId="8cc6a842-c33e-fcd6-abe2-d03d64c52e29" executionId="1612a82c-59de-4c27-8c23-cc18006e7cf4" testListId="8c84fa94-04c1-424b-9868-57a2d4851a1d" />
    <TestEntry testId="2d03aba2-3bf8-5ffb-f146-49b9eb8860f2" executionId="b2b2e81f-2ee0-4b5f-bc54-c97aeae95dfb" testListId="8c84fa94-04c1-424b-9868-57a2d4851a1d" />
    <TestEntry testId="95e4521e-7d24-4090-de0e-2a5e44ca6e1a" executionId="bbd92be1-fb56-482c-8c70-8a18b704230c" testListId="8c84fa94-04c1-424b-9868-57a2d4851a1d" />
    <TestEntry testId="c9e5b967-1214-c5d7-3bd9-4c1173878ba0" executionId="eed4e8cb-1406-4fcb-bccb-0e02de07042f" testListId="8c84fa94-04c1-424b-9868-57a2d4851a1d" />
    <TestEntry testId="dc53a378-4f8d-d78e-627a-dc24f7cbceb8" executionId="c165b585-6d53-46b7-9c75-4e720c306adf" testListId="8c84fa94-04c1-424b-9868-57a2d4851a1d" />
    <TestEntry testId="e732c087-7449-e4b7-5412-400621fded9c" executionId="0d755bca-c33e-45f9-b041-2db5afd05376" testListId="8c84fa94-04c1-424b-9868-57a2d4851a1d" />
    <TestEntry testId="cd11b4d8-8168-78ca-82fb-8eb6bb759093" executionId="ec523616-387d-4784-8d53-2254a2e56237" testListId="8c84fa94-04c1-424b-9868-57a2d4851a1d" />
    <TestEntry testId="ed4a7a13-04aa-a235-c4ce-16c50ffbe2cd" executionId="9456a87e-4957-4373-b6cb-4946a4567bf4" testListId="8c84fa94-04c1-424b-9868-57a2d4851a1d" />
    <TestEntry testId="b8d3f3cb-bec5-e003-f9a8-1e2100ddc1ce" executionId="d8fa303d-2d00-4940-be34-d35378783615" testListId="8c84fa94-04c1-424b-9868-57a2d4851a1d" />
    <TestEntry testId="0a86034d-86e7-421a-5b84-5e48abc854df" executionId="1de530d6-bd40-471a-8ff5-e920bb81ad9a" testListId="8c84fa94-04c1-424b-9868-57a2d4851a1d" />
    <TestEntry testId="9fb9696e-f3da-3587-1252-bf5c8993941f" executionId="62b0b2d3-f22f-486b-a9da-d9d254194a0f" testListId="8c84fa94-04c1-424b-9868-57a2d4851a1d" />
    <TestEntry testId="9692a30e-f2f6-563d-359c-1a7ae68b9e06" executionId="d9dffac2-e38a-4dfb-a4ec-0d022ce0d392" testListId="8c84fa94-04c1-424b-9868-57a2d4851a1d" />
    <TestEntry testId="23adb0f1-7717-084d-5732-3551ee8b4fad" executionId="eb8f2b0e-c487-4e1d-a587-837d058c3a3f" testListId="8c84fa94-04c1-424b-9868-57a2d4851a1d" />
    <TestEntry testId="c71158e9-0c70-0993-3972-ab551f2353a0" executionId="149dbe1e-745e-43b4-bf45-785ceaf1ff02" testListId="8c84fa94-04c1-424b-9868-57a2d4851a1d" />
    <TestEntry testId="c943902e-428d-ee89-c130-1e79f09bbcbf" executionId="7ad60f19-20d5-45bf-92a6-cbe14119d5a2" testListId="8c84fa94-04c1-424b-9868-57a2d4851a1d" />
    <TestEntry testId="eea2cf63-26c2-430f-3c43-a74611f3afe5" executionId="d28236c7-7ca7-482d-be20-083004fd8c52" testListId="8c84fa94-04c1-424b-9868-57a2d4851a1d" />
    <TestEntry testId="12366190-2890-6866-d00a-dbe1b2f110f3" executionId="154497c8-cc02-4af2-bb23-99e472737a6d" testListId="8c84fa94-04c1-424b-9868-57a2d4851a1d" />
    <TestEntry testId="a16c4aa3-34d4-9382-578f-885cc3aa2ade" executionId="a7817a11-c940-424c-87c7-5eb0523fc293" testListId="8c84fa94-04c1-424b-9868-57a2d4851a1d" />
    <TestEntry testId="9653e2f9-1c2e-7984-3724-a296806159b4" executionId="083e77e8-1fe1-4756-ae1e-edc7d292ceee" testListId="8c84fa94-04c1-424b-9868-57a2d4851a1d" />
    <TestEntry testId="6b7f93e8-b3b9-5f96-0955-d0a5fd0ed909" executionId="d65b325f-8b18-4e37-89b9-c148e97355f6" testListId="8c84fa94-04c1-424b-9868-57a2d4851a1d" />
    <TestEntry testId="df206796-dafe-73b4-2eeb-0b2f59c98b68" executionId="5aea31ce-ef27-47fd-9796-f515e6de5711" testListId="8c84fa94-04c1-424b-9868-57a2d4851a1d" />
    <TestEntry testId="23d496b5-cff6-7a84-c133-d0b365062c8c" executionId="11c6d3e5-6464-4413-a2d5-4872afd4ce61" testListId="8c84fa94-04c1-424b-9868-57a2d4851a1d" />
    <TestEntry testId="f36f9148-f0d4-a48e-a548-e4056dc475d2" executionId="6974bb10-e8bb-44da-86ac-7b1bd830c5c7" testListId="8c84fa94-04c1-424b-9868-57a2d4851a1d" />
    <TestEntry testId="17d52425-32cd-11a2-defd-84583db0da7e" executionId="7abe9a35-643e-4c2b-917c-037df6228c6f" testListId="8c84fa94-04c1-424b-9868-57a2d4851a1d" />
    <TestEntry testId="2e445599-0130-c295-d96b-b269fe294081" executionId="0c8813f2-59cf-4dc4-8bd1-ca8915c1fc30" testListId="8c84fa94-04c1-424b-9868-57a2d4851a1d" />
    <TestEntry testId="f9b7787f-a880-9f52-a2b1-a58928a7bf50" executionId="5f2b553b-d8cf-43b3-9b0e-081b46bcc67f" testListId="8c84fa94-04c1-424b-9868-57a2d4851a1d" />
    <TestEntry testId="a4f305ca-1a8d-47f0-4fb7-a94cce43c2ec" executionId="ab7aca12-0940-4963-90b7-cbc7e8bfe415" testListId="8c84fa94-04c1-424b-9868-57a2d4851a1d" />
    <TestEntry testId="b651c670-5ccd-3434-f17c-e40676b9f405" executionId="67b5f270-33a3-4cdd-8376-9d9c42d554ee" testListId="8c84fa94-04c1-424b-9868-57a2d4851a1d" />
    <TestEntry testId="8acc6fba-3b21-7b4e-648a-3d68d8477bde" executionId="af754b0d-652a-434f-99fb-7cd6d991b435" testListId="8c84fa94-04c1-424b-9868-57a2d4851a1d" />
    <TestEntry testId="e8aa379d-40fb-98cc-3681-167a52c682ce" executionId="4055c95a-247c-4e58-a10b-ef5ad43cc081" testListId="8c84fa94-04c1-424b-9868-57a2d4851a1d" />
    <TestEntry testId="c8a67916-1445-c3ea-7d61-724d9356a520" executionId="5c1c4561-385b-4295-9458-161164b16f89" testListId="8c84fa94-04c1-424b-9868-57a2d4851a1d" />
    <TestEntry testId="2112495d-a1f1-2bc8-9aaf-311df3aef1e1" executionId="82c61f3d-6958-4c6d-a945-109ae6a8e29b" testListId="8c84fa94-04c1-424b-9868-57a2d4851a1d" />
    <TestEntry testId="53ed4c5d-8b30-697b-2b15-20d1741f0eb0" executionId="5c2a6bc1-082d-4c6d-99b9-b60aa719159f" testListId="8c84fa94-04c1-424b-9868-57a2d4851a1d" />
    <TestEntry testId="8d186a65-3723-c42a-dc96-8f5debf7e48b" executionId="82724fd6-55d9-4625-b1f2-64400e8fd35f" testListId="8c84fa94-04c1-424b-9868-57a2d4851a1d" />
    <TestEntry testId="33e53975-90cb-034f-337f-84ffae457391" executionId="7eda7de7-f259-4a95-9f3b-f8b27eaa55c6" testListId="8c84fa94-04c1-424b-9868-57a2d4851a1d" />
    <TestEntry testId="8cb60605-f0d0-66df-e349-03133d9de27a" executionId="4baacb63-a8ff-4398-9bfd-dfee88e0524b" testListId="8c84fa94-04c1-424b-9868-57a2d4851a1d" />
    <TestEntry testId="0e633111-b7cf-89ad-1189-9629ac3ca48d" executionId="bd1d6b41-67c0-48dc-92f1-b8b6a39b93c6" testListId="8c84fa94-04c1-424b-9868-57a2d4851a1d" />
    <TestEntry testId="a8af97cc-0562-0db7-09dc-4cabfdbe905b" executionId="42804c91-e9a1-413f-bd15-541ab388806d" testListId="8c84fa94-04c1-424b-9868-57a2d4851a1d" />
    <TestEntry testId="90c1b9a7-bdd6-29b1-924d-a5640029d151" executionId="b1d99121-0412-4bd8-af96-b07a7df2760a" testListId="8c84fa94-04c1-424b-9868-57a2d4851a1d" />
    <TestEntry testId="61932f37-a6c4-da69-abc9-a15a0b4d9d1e" executionId="6a051f36-ca0a-47e8-be82-18b967771f49" testListId="8c84fa94-04c1-424b-9868-57a2d4851a1d" />
    <TestEntry testId="b32edaa0-9585-0d88-1db6-b6bf7364f7b4" executionId="fc07ceea-4551-4557-9f9b-3c840390127f" testListId="8c84fa94-04c1-424b-9868-57a2d4851a1d" />
    <TestEntry testId="12829727-7a02-83f7-0c01-63c9f2831c53" executionId="daf93375-d58c-4ef7-828a-4e809a020faf" testListId="8c84fa94-04c1-424b-9868-57a2d4851a1d" />
    <TestEntry testId="8601c367-d85e-c4ce-afee-a1e6a8d8dd08" executionId="3c782d66-bf89-4340-9f25-7f030cbb691e" testListId="8c84fa94-04c1-424b-9868-57a2d4851a1d" />
  </TestEntries>
  <TestLists>
    <TestList name="Results Not in a List" id="8c84fa94-04c1-424b-9868-57a2d4851a1d" />
    <TestList name="All Loaded Results" id="19431567-8539-422a-85d7-44ee4e166bda" />
  </TestLists>
  <ResultSummary outcome="Completed">
    <Counters total="220" executed="220" passed="220" failed="0" error="0" timeout="0" aborted="0" inconclusive="0" passedButRunAborted="0" notRunnable="0" notExecuted="0" disconnected="0" warning="0" completed="0" inProgress="0" pending="0" />
    <Output>
      <StdOut>[xUnit.net 00:00:00.00] xUnit.net VSTest Adapter v3.1.5+1b188a7b0a (64-bit .NET 9.0.16)&#xD;
[xUnit.net 00:00:00.25]   Discovering: DEMAConsulting.VHDLTest.Tests&#xD;
[xUnit.net 00:00:00.55]   Discovered:  DEMAConsulting.VHDLTest.Tests&#xD;
[xUnit.net 00:00:00.83]   Starting:    DEMAConsulting.VHDLTest.Tests&#xD;
[xUnit.net 00:00:10.51]   Finished:    DEMAConsulting.VHDLTest.Tests (ID = '5803362b79295009b8ff0c048ae6f20eccda301987c57e6b454df0f7008a96b5')&#xD;
</StdOut>
    </Output>
  </ResultSummary>
</TestRun>