<?xml version="1.0" encoding="utf-8"?>
<TestRun id="b48e47ed-d684-4a5b-8dc1-50c0bb47fe8f" name="mnixon@KMC-L-DYTDH84 2026-05-31 17:02:03" runUser="KMC\mnixon" xmlns="http://microsoft.com/schemas/VisualStudio/TeamTest/2010">
  <Times creation="2026-05-31T17:02:03.4097148-04:00" queuing="2026-05-31T17:02:03.4097154-04:00" start="2026-05-31T17:01:59.8870852-04:00" finish="2026-05-31T17:02:20.3579005-04:00" />
  <TestSettings name="default" id="b09cb7b9-d240-47f2-bb0c-3cbf346027aa">
    <Deployment runDeploymentRoot="mnixon_KMC-L-DYTDH84_2026-05-31_17_02_03" />
  </TestSettings>
  <Results>
    <UnitTestResult executionId="f00dfc3e-cf25-4bff-939a-8fee6c45c1b5" testId="e0992563-e6b2-783a-fe5b-981af6da7909" testName="DEMAConsulting.VHDLTest.Tests.Results.TestResultTests.TestResult_Constructor_WithErrorResult_CreatesFailedTest" computerName="KMC-L-DYTDH84" duration="00:00:00.0004150" startTime="2026-05-31T17:02:18.7444064-04:00" endTime="2026-05-31T17:02:18.7448513-04:00" testType="13cdc9d9-ddb5-4fa4-a97d-d965ccfc6d4b" outcome="Passed" testListId="8c84fa94-04c1-424b-9868-57a2d4851a1d" relativeResultsDirectory="f00dfc3e-cf25-4bff-939a-8fee6c45c1b5" />
    <UnitTestResult executionId="abba0622-65ac-4b87-b18d-cc0fce63f85c" testId="912d5b9a-d055-6b6b-396e-5458c03eee1b" testName="DEMAConsulting.VHDLTest.Tests.Simulators.NvcSimulatorTests.NvcSimulator_CompileProcessor_CleanOutput_ReturnsTextResult" computerName="KMC-L-DYTDH84" duration="00:00:00.0005456" startTime="2026-05-31T17:02:17.0710954-04:00" endTime="2026-05-31T17:02:17.0716802-04:00" testType="13cdc9d9-ddb5-4fa4-a97d-d965ccfc6d4b" outcome="Passed" testListId="8c84fa94-04c1-424b-9868-57a2d4851a1d" relativeResultsDirectory="abba0622-65ac-4b87-b18d-cc0fce63f85c" />
    <UnitTestResult executionId="f0ecdaaf-ffdd-424c-9063-a70e3be9d58d" testId="dcea4870-c832-7074-1fe3-e59f3b399ff0" testName="DEMAConsulting.VHDLTest.Tests.ProgramTests.Program_Run_WithInvalidSimulator_WritesErrorAndExits" computerName="KMC-L-DYTDH84" duration="00:00:00.0038798" startTime="2026-05-31T17:02:18.6070679-04:00" endTime="2026-05-31T17:02:18.6109740-04:00" testType="13cdc9d9-ddb5-4fa4-a97d-d965ccfc6d4b" outcome="Passed" testListId="8c84fa94-04c1-424b-9868-57a2d4851a1d" relativeResultsDirectory="f0ecdaaf-ffdd-424c-9063-a70e3be9d58d" />
    <UnitTestResult executionId="407b80e5-56aa-452c-bb78-ef9c3972a5dd" testId="4d706053-9f1e-7875-5bd0-d27d646ad8d5" testName="DEMAConsulting.VHDLTest.Tests.Simulators.ActiveHdlSimulatorTests.ActiveHdlSimulator_CompileProcessor_FatalRuntimeError_ReturnsErrorResult" computerName="KMC-L-DYTDH84" duration="00:00:00.0004968" startTime="2026-05-31T17:02:17.2554409-04:00" endTime="2026-05-31T17:02:17.2560152-04:00" testType="13cdc9d9-ddb5-4fa4-a97d-d965ccfc6d4b" outcome="Passed" testListId="8c84fa94-04c1-424b-9868-57a2d4851a1d" relativeResultsDirectory="407b80e5-56aa-452c-bb78-ef9c3972a5dd" />
    <UnitTestResult executionId="df31a204-e426-4e93-bec4-a3bf9d42e155" testId="20fdbb1e-61dd-4c49-e8bf-2f66d2d833c8" testName="DEMAConsulting.VHDLTest.Tests.Simulators.GhdlSimulatorTests.GhdlSimulator_TestProcessor_AssertionErrorOutput_ReturnsErrorResult" computerName="KMC-L-DYTDH84" duration="00:00:00.0009836" startTime="2026-05-31T17:02:17.1579780-04:00" endTime="2026-05-31T17:02:17.1590237-04:00" testType="13cdc9d9-ddb5-4fa4-a97d-d965ccfc6d4b" outcome="Passed" testListId="8c84fa94-04c1-424b-9868-57a2d4851a1d" relativeResultsDirectory="df31a204-e426-4e93-bec4-a3bf9d42e155" />
    <UnitTestResult executionId="25b082fa-bbcc-4b3c-9207-9b7922e50b33" testId="da8c2c50-1cea-05c8-429f-34d0409ac81b" testName="DEMAConsulting.VHDLTest.Tests.Cli.ContextTests.Context_Create_WithHelpFlag_SetsHelpFlag" computerName="KMC-L-DYTDH84" duration="00:00:00.0002585" startTime="2026-05-31T17:02:11.6019842-04:00" endTime="2026-05-31T17:02:11.6022914-04:00" testType="13cdc9d9-ddb5-4fa4-a97d-d965ccfc6d4b" outcome="Passed" testListId="8c84fa94-04c1-424b-9868-57a2d4851a1d" relativeResultsDirectory="25b082fa-bbcc-4b3c-9207-9b7922e50b33" />
    <UnitTestResult executionId="1b36192c-1f47-455d-82c0-9d018d079018" testId="a4f3c473-6896-9271-edcf-fed24c4225e3" testName="DEMAConsulting.VHDLTest.Tests.Simulators.MockSimulatorTests.MockSimulator_Test_WithInfoPattern_ReturnsInfoResult" computerName="KMC-L-DYTDH84" duration="00:00:00.0004344" startTime="2026-05-31T17:02:17.5340252-04:00" endTime="2026-05-31T17:02:17.5344967-04:00" testType="13cdc9d9-ddb5-4fa4-a97d-d965ccfc6d4b" outcome="Passed" testListId="8c84fa94-04c1-424b-9868-57a2d4851a1d" relativeResultsDirectory="1b36192c-1f47-455d-82c0-9d018d079018" />
    <UnitTestResult executionId="7083bc85-4819-40f5-a99c-fc2ff9d0b72f" testId="669af65c-1392-a97d-3d45-77689ee2d6b3" testName="DEMAConsulting.VHDLTest.Tests.Results.TestResultsTests.TestResults_PrintSummary_WithMixedResults_WritesSummaryToOutput" computerName="KMC-L-DYTDH84" duration="00:00:00.0038776" startTime="2026-05-31T17:02:20.2270465-04:00" endTime="2026-05-31T17:02:20.2309407-04:00" testType="13cdc9d9-ddb5-4fa4-a97d-d965ccfc6d4b" outcome="Passed" testListId="8c84fa94-04c1-424b-9868-57a2d4851a1d" relativeResultsDirectory="7083bc85-4819-40f5-a99c-fc2ff9d0b72f" />
    <UnitTestResult executionId="97eddfa6-117e-4a3b-bd16-7c61e771e1a3" testId="7909e939-4e13-3533-fac8-4103b9122527" testName="DEMAConsulting.VHDLTest.Tests.Run.RunLineRuleTests.RunLineRule_Create_ValidPattern_ReturnsRuleWithMatchingProperties" computerName="KMC-L-DYTDH84" duration="00:00:00.0006686" startTime="2026-05-31T17:02:17.4767470-04:00" endTime="2026-05-31T17:02:17.4774748-04:00" testType="13cdc9d9-ddb5-4fa4-a97d-d965ccfc6d4b" outcome="Passed" testListId="8c84fa94-04c1-424b-9868-57a2d4851a1d" relativeResultsDirectory="97eddfa6-117e-4a3b-bd16-7c61e771e1a3" />
    <UnitTestResult executionId="3692c12c-1374-42fe-b5e2-cf7106a48469" testId="069f117d-fc16-a3cd-7ff3-24a17528bec8" testName="DEMAConsulting.VHDLTest.Tests.Simulators.NvcSimulatorTests.NvcSimulator_TestProcessor_CleanOutput_ReturnsTextResult" computerName="KMC-L-DYTDH84" duration="00:00:00.0004366" startTime="2026-05-31T17:02:17.1324389-04:00" endTime="2026-05-31T17:02:17.1329080-04:00" testType="13cdc9d9-ddb5-4fa4-a97d-d965ccfc6d4b" outcome="Passed" testListId="8c84fa94-04c1-424b-9868-57a2d4851a1d" relativeResultsDirectory="3692c12c-1374-42fe-b5e2-cf7106a48469" />
    <UnitTestResult executionId="8e7a3a0c-fe6a-4d27-9ca1-70aeb274a7fa" testId="c274575a-3292-c45b-82df-6fdb48039314" testName="DEMAConsulting.VHDLTest.Tests.Simulators.QuestaSimSimulatorTests.QuestaSimSimulator_Compile_SimulatorNotAvailable_ThrowsInvalidOperationException" computerName="KMC-L-DYTDH84" duration="00:00:00.0006685" startTime="2026-05-31T17:02:17.3736516-04:00" endTime="2026-05-31T17:02:17.3744096-04:00" testType="13cdc9d9-ddb5-4fa4-a97d-d965ccfc6d4b" outcome="Passed" testListId="8c84fa94-04c1-424b-9868-57a2d4851a1d" relativeResultsDirectory="8e7a3a0c-fe6a-4d27-9ca1-70aeb274a7fa" />
    <UnitTestResult executionId="19bd736e-d52a-41a5-b07d-c080fc858bf0" testId="63075cad-ca05-5d1b-643b-390aaefc9656" testName="DEMAConsulting.VHDLTest.Tests.ProgramTests.Program_Run_WithValidateFlag_DispatchesToValidation" computerName="KMC-L-DYTDH84" duration="00:00:00.0812558" startTime="2026-05-31T17:02:18.6165621-04:00" endTime="2026-05-31T17:02:18.6978504-04:00" testType="13cdc9d9-ddb5-4fa4-a97d-d965ccfc6d4b" outcome="Passed" testListId="8c84fa94-04c1-424b-9868-57a2d4851a1d" relativeResultsDirectory="19bd736e-d52a-41a5-b07d-c080fc858bf0" />
    <UnitTestResult executionId="3ac670c2-37a7-4d31-87d9-a9b3a98bcb1f" testId="9489c814-877d-138f-f838-d73faf3860fd" testName="DEMAConsulting.VHDLTest.Tests.Cli.ContextTests.Context_Create_WithResultsFile_SetsResultsFile" computerName="KMC-L-DYTDH84" duration="00:00:00.0002605" startTime="2026-05-31T17:02:11.6451144-04:00" endTime="2026-05-31T17:02:11.6454112-04:00" testType="13cdc9d9-ddb5-4fa4-a97d-d965ccfc6d4b" outcome="Passed" testListId="8c84fa94-04c1-424b-9868-57a2d4851a1d" relativeResultsDirectory="3ac670c2-37a7-4d31-87d9-a9b3a98bcb1f" />
    <UnitTestResult executionId="1ae69a81-f28a-48cd-8468-3a2ee35eb0b6" testId="2f266d9f-c445-6837-a087-dff1b242d2e7" testName="DEMAConsulting.VHDLTest.Tests.Cli.ConfigDocumentTests.ConfigDocument_ReadFile_ValidFile_ReadsSuccessfully" computerName="KMC-L-DYTDH84" duration="00:00:00.0054379" startTime="2026-05-31T17:02:17.5069646-04:00" endTime="2026-05-31T17:02:17.5124428-04:00" testType="13cdc9d9-ddb5-4fa4-a97d-d965ccfc6d4b" outcome="Passed" testListId="8c84fa94-04c1-424b-9868-57a2d4851a1d" relativeResultsDirectory="1ae69a81-f28a-48cd-8468-3a2ee35eb0b6" />
    <UnitTestResult executionId="1e995e2a-cebf-4b84-993f-52e0f5e4a29c" testId="5df6614f-97e5-daf1-f7f5-678100cf5c1b" testName="DEMAConsulting.VHDLTest.Tests.Simulators.GhdlSimulatorTests.GhdlSimulator_Test_WithValidConfig_InvokesGhdlWithRunArguments" computerName="KMC-L-DYTDH84" duration="00:00:00.0075373" startTime="2026-05-31T17:02:17.1593607-04:00" endTime="2026-05-31T17:02:17.1669460-04:00" testType="13cdc9d9-ddb5-4fa4-a97d-d965ccfc6d4b" outcome="Passed" testListId="8c84fa94-04c1-424b-9868-57a2d4851a1d" relativeResultsDirectory="1e995e2a-cebf-4b84-993f-52e0f5e4a29c" />
    <UnitTestResult executionId="73335568-c8b1-461e-b149-8463354ee114" testId="8568dce3-7b4f-6c3e-bf36-b727f00a76fc" testName="DEMAConsulting.VHDLTest.Tests.Cli.ContextTests.Context_Create_WithConfigFile_SetsConfigFile" computerName="KMC-L-DYTDH84" duration="00:00:00.0002627" startTime="2026-05-31T17:02:11.5867654-04:00" endTime="2026-05-31T17:02:11.5870663-04:00" testType="13cdc9d9-ddb5-4fa4-a97d-d965ccfc6d4b" outcome="Passed" testListId="8c84fa94-04c1-424b-9868-57a2d4851a1d" relativeResultsDirectory="73335568-c8b1-461e-b149-8463354ee114" />
    <UnitTestResult executionId="7f0ba279-1af5-43dc-b58b-8aa436dff829" testId="db7dd8b5-ede7-13c9-c462-e1d06036e45e" testName="DEMAConsulting.VHDLTest.Tests.SelfTest.ValidationTests.SelfTest_Validate_InvalidSimulator_ReturnsFailure" computerName="KMC-L-DYTDH84" duration="00:00:00.3240286" startTime="2026-05-31T17:02:11.9112167-04:00" endTime="2026-05-31T17:02:12.2353024-04:00" testType="13cdc9d9-ddb5-4fa4-a97d-d965ccfc6d4b" outcome="Passed" testListId="8c84fa94-04c1-424b-9868-57a2d4851a1d" relativeResultsDirectory="7f0ba279-1af5-43dc-b58b-8aa436dff829" />
    <UnitTestResult executionId="0675e6f7-4164-438d-a0df-6518974b6264" testId="5e699aa4-3f72-902b-f91c-a626413507a3" testName="DEMAConsulting.VHDLTest.Tests.Simulators.GhdlSimulatorTests.GhdlSimulator_Compile_WhenNotAvailable_ThrowsInvalidOperationException" computerName="KMC-L-DYTDH84" duration="00:00:00.0029118" startTime="2026-05-31T17:02:17.1799390-04:00" endTime="2026-05-31T17:02:17.1828886-04:00" testType="13cdc9d9-ddb5-4fa4-a97d-d965ccfc6d4b" outcome="Passed" testListId="8c84fa94-04c1-424b-9868-57a2d4851a1d" relativeResultsDirectory="0675e6f7-4164-438d-a0df-6518974b6264" />
    <UnitTestResult executionId="03449342-9b55-4768-b8c9-49a5a064be87" testId="84de9a21-ba25-e036-9e62-6c036e95cc3a" testName="DEMAConsulting.VHDLTest.Tests.Simulators.ActiveHdlSimulatorTests.ActiveHdlSimulator_Compile_SimulatorNotAvailable_ThrowsInvalidOperationException" computerName="KMC-L-DYTDH84" duration="00:00:00.0010865" startTime="2026-05-31T17:02:17.2814445-04:00" endTime="2026-05-31T17:02:17.2825642-04:00" testType="13cdc9d9-ddb5-4fa4-a97d-d965ccfc6d4b" outcome="Passed" testListId="8c84fa94-04c1-424b-9868-57a2d4851a1d" relativeResultsDirectory="03449342-9b55-4768-b8c9-49a5a064be87" />
    <UnitTestResult executionId="cf98a8fd-a2a4-4fa9-97d6-6fca1a8e79c0" testId="a5d04cc8-c275-0b12-b4a3-967f1b6e6d68" testName="DEMAConsulting.VHDLTest.Tests.Cli.ContextTests.Context_Create_MissingSimulatorValue_ThrowsInvalidOperationException" computerName="KMC-L-DYTDH84" duration="00:00:00.0003048" startTime="2026-05-31T17:02:11.6033015-04:00" endTime="2026-05-31T17:02:11.6036425-04:00" testType="13cdc9d9-ddb5-4fa4-a97d-d965ccfc6d4b" outcome="Passed" testListId="8c84fa94-04c1-424b-9868-57a2d4851a1d" relativeResultsDirectory="cf98a8fd-a2a4-4fa9-97d6-6fca1a8e79c0" />
    <UnitTestResult executionId="cda2e614-cfa2-4ace-b282-3ffadda24d1c" testId="ca5edb24-d8a9-1b3c-bb7f-26a9cdd5a584" testName="DEMAConsulting.VHDLTest.Tests.Simulators.QuestaSimSimulatorTests.QuestaSimSimulator_TestProcessor_FailureOutput_ReturnsErrorResult" computerName="KMC-L-DYTDH84" duration="00:00:00.0005159" startTime="2026-05-31T17:02:17.3253373-04:00" endTime="2026-05-31T17:02:17.3258966-04:00" testType="13cdc9d9-ddb5-4fa4-a97d-d965ccfc6d4b" outcome="Passed" testListId="8c84fa94-04c1-424b-9868-57a2d4851a1d" relativeResultsDirectory="cda2e614-cfa2-4ace-b282-3ffadda24d1c" />
    <UnitTestResult executionId="6d3abfba-2b49-4d2b-a08e-003be16af54c" testId="ea7777cf-1a27-927d-a3c3-974720e23349" testName="DEMAConsulting.VHDLTest.Tests.Cli.OptionsTests.Options_Parse_NullArgs_ThrowsArgumentNullException" computerName="KMC-L-DYTDH84" duration="00:00:00.0006880" startTime="2026-05-31T17:02:11.8849465-04:00" endTime="2026-05-31T17:02:11.8856828-04:00" testType="13cdc9d9-ddb5-4fa4-a97d-d965ccfc6d4b" outcome="Passed" testListId="8c84fa94-04c1-424b-9868-57a2d4851a1d" relativeResultsDirectory="6d3abfba-2b49-4d2b-a08e-003be16af54c" />
    <UnitTestResult executionId="30ca99b1-d9a1-41bd-98fe-b50175390151" testId="1066c0ca-78f6-335f-1681-80c7b18ecb73" testName="DEMAConsulting.VHDLTest.Tests.Results.TestResultsTests.TestResults_SaveResults_WithXmlExtension_CreatesJUnitFile" computerName="KMC-L-DYTDH84" duration="00:00:00.0054886" startTime="2026-05-31T17:02:20.2190577-04:00" endTime="2026-05-31T17:02:20.2245730-04:00" testType="13cdc9d9-ddb5-4fa4-a97d-d965ccfc6d4b" outcome="Passed" testListId="8c84fa94-04c1-424b-9868-57a2d4851a1d" relativeResultsDirectory="30ca99b1-d9a1-41bd-98fe-b50175390151" />
    <UnitTestResult executionId="3e9bd858-0f83-4e3d-815a-8c22541a947f" testId="67a2f1fb-756a-82cb-d670-e779624342bf" testName="DEMAConsulting.VHDLTest.Tests.Cli.ContextTests.Context_WriteLine_SilentMode_SuppressesConsole" computerName="KMC-L-DYTDH84" duration="00:00:00.0037670" startTime="2026-05-31T17:02:11.5684835-04:00" endTime="2026-05-31T17:02:11.5723086-04:00" testType="13cdc9d9-ddb5-4fa4-a97d-d965ccfc6d4b" outcome="Passed" testListId="8c84fa94-04c1-424b-9868-57a2d4851a1d" relativeResultsDirectory="3e9bd858-0f83-4e3d-815a-8c22541a947f" />
    <UnitTestResult executionId="ca7e0705-a682-4e72-bd85-3e2c15ecc34d" testId="fe16a84b-2a61-06a8-55bf-5b9f15e69d28" testName="DEMAConsulting.VHDLTest.Tests.Simulators.MockSimulatorTests.MockSimulator_TestProcessor_ErrorOutput_ReturnsErrorResult" computerName="KMC-L-DYTDH84" duration="00:00:00.0004175" startTime="2026-05-31T17:02:17.5322612-04:00" endTime="2026-05-31T17:02:17.5327073-04:00" testType="13cdc9d9-ddb5-4fa4-a97d-d965ccfc6d4b" outcome="Passed" testListId="8c84fa94-04c1-424b-9868-57a2d4851a1d" relativeResultsDirectory="ca7e0705-a682-4e72-bd85-3e2c15ecc34d" />
    <UnitTestResult executionId="e461e020-ae78-41d4-abf1-59c76a6b3450" testId="54f51a8b-7dea-2483-6e70-78284e616de8" testName="DEMAConsulting.VHDLTest.Tests.Cli.ContextTests.Context_Create_WithCustomTests_SetsCustomTests" computerName="KMC-L-DYTDH84" duration="00:00:00.0005245" startTime="2026-05-31T17:02:11.5996557-04:00" endTime="2026-05-31T17:02:11.6002197-04:00" testType="13cdc9d9-ddb5-4fa4-a97d-d965ccfc6d4b" outcome="Passed" testListId="8c84fa94-04c1-424b-9868-57a2d4851a1d" relativeResultsDirectory="e461e020-ae78-41d4-abf1-59c76a6b3450" />
    <UnitTestResult executionId="a2e7b505-addf-44e1-84b7-51b94bcd3682" testId="a4f7f005-8270-0265-518c-923648e64266" testName="DEMAConsulting.VHDLTest.Tests.Simulators.MockSimulatorTests.MockSimulator_TestProcessor_InfoOutput_ReturnsInfoResult" computerName="KMC-L-DYTDH84" duration="00:00:00.0004162" startTime="2026-05-31T17:02:17.5402969-04:00" endTime="2026-05-31T17:02:17.5407478-04:00" testType="13cdc9d9-ddb5-4fa4-a97d-d965ccfc6d4b" outcome="Passed" testListId="8c84fa94-04c1-424b-9868-57a2d4851a1d" relativeResultsDirectory="a2e7b505-addf-44e1-84b7-51b94bcd3682" />
    <UnitTestResult executionId="8110b45e-9321-4ad6-b827-e11c5926710a" testId="9236cbbc-d70f-32fc-3e68-160c30ce5f50" testName="DEMAConsulting.VHDLTest.Tests.Simulators.ModelSimSimulatorTests.ModelSimSimulator_Compile_WithValidConfig_ScriptContainsVcom2008" computerName="KMC-L-DYTDH84" duration="00:00:00.0099434" startTime="2026-05-31T17:02:17.4327987-04:00" endTime="2026-05-31T17:02:17.4427861-04:00" testType="13cdc9d9-ddb5-4fa4-a97d-d965ccfc6d4b" outcome="Passed" testListId="8c84fa94-04c1-424b-9868-57a2d4851a1d" relativeResultsDirectory="8110b45e-9321-4ad6-b827-e11c5926710a" />
    <UnitTestResult executionId="27443659-7e21-4acf-9168-da7e4a55b905" testId="e56d2bfc-30b4-b685-6ed3-251457e8c34b" testName="DEMAConsulting.VHDLTest.Tests.Results.ResultsSubsystemTests.ResultsSubsystem_CollectAndSummarize_WithMixedResults_ReportsCorrectPassFailCounts" computerName="KMC-L-DYTDH84" duration="00:00:00.0009576" startTime="2026-05-31T17:02:20.1687970-04:00" endTime="2026-05-31T17:02:20.1697899-04:00" testType="13cdc9d9-ddb5-4fa4-a97d-d965ccfc6d4b" outcome="Passed" testListId="8c84fa94-04c1-424b-9868-57a2d4851a1d" relativeResultsDirectory="27443659-7e21-4acf-9168-da7e4a55b905" />
    <UnitTestResult executionId="c9c17870-381f-4f56-bcd4-c04770e7eb37" testId="475e17a2-0d4c-f67a-9c69-a4a6f1f371e7" testName="DEMAConsulting.VHDLTest.Tests.Simulators.VivadoSimulatorTests.VivadoSimulator_Test_WithValidConfig_ScriptContainsTestName" computerName="KMC-L-DYTDH84" duration="00:00:00.0082155" startTime="2026-05-31T17:02:17.2187389-04:00" endTime="2026-05-31T17:02:17.2269940-04:00" testType="13cdc9d9-ddb5-4fa4-a97d-d965ccfc6d4b" outcome="Passed" testListId="8c84fa94-04c1-424b-9868-57a2d4851a1d" relativeResultsDirectory="c9c17870-381f-4f56-bcd4-c04770e7eb37" />
    <UnitTestResult executionId="447272a8-45ba-467d-b5e5-ce56e887388f" testId="cdceb3e8-6013-3919-2217-5d6e6b1a5b09" testName="DEMAConsulting.VHDLTest.Tests.Simulators.ModelSimSimulatorTests.ModelSimSimulator_TestProcessor_WarningOutput_ReturnsWarningResult" computerName="KMC-L-DYTDH84" duration="00:00:00.0003962" startTime="2026-05-31T17:02:17.4308684-04:00" endTime="2026-05-31T17:02:17.4312880-04:00" testType="13cdc9d9-ddb5-4fa4-a97d-d965ccfc6d4b" outcome="Passed" testListId="8c84fa94-04c1-424b-9868-57a2d4851a1d" relativeResultsDirectory="447272a8-45ba-467d-b5e5-ce56e887388f" />
    <UnitTestResult executionId="09e5819d-9a14-42a3-ab0d-ad2cebf0768d" testId="992ee401-4363-b4b1-74e3-548832f6cbf0" testName="DEMAConsulting.VHDLTest.Tests.SelfTest.ValidationTests.Validation_Run_DepthParameter_RendersDepthHeadings" computerName="KMC-L-DYTDH84" duration="00:00:00.3757449" startTime="2026-05-31T17:02:12.2357840-04:00" endTime="2026-05-31T17:02:12.6115848-04:00" testType="13cdc9d9-ddb5-4fa4-a97d-d965ccfc6d4b" outcome="Passed" testListId="8c84fa94-04c1-424b-9868-57a2d4851a1d" relativeResultsDirectory="09e5819d-9a14-42a3-ab0d-ad2cebf0768d" />
    <UnitTestResult executionId="7d83bd26-119c-4c28-b0e9-356a0fec3bf8" testId="6cf36aab-57a9-a478-8857-30469e55efd3" testName="DEMAConsulting.VHDLTest.Tests.IntegrationTests.VHDLTest_HelpShortFlag_DisplaysUsageAndReturnsSuccess" computerName="KMC-L-DYTDH84" duration="00:00:00.1528176" startTime="2026-05-31T17:02:02.0253301-04:00" endTime="2026-05-31T17:02:02.1781997-04:00" testType="13cdc9d9-ddb5-4fa4-a97d-d965ccfc6d4b" outcome="Passed" testListId="8c84fa94-04c1-424b-9868-57a2d4851a1d" relativeResultsDirectory="7d83bd26-119c-4c28-b0e9-356a0fec3bf8" />
    <UnitTestResult executionId="f7bfa693-4937-458e-8e66-39ec6f28cc64" testId="e707abdc-c09b-2471-6c28-e8bd2453a782" testName="DEMAConsulting.VHDLTest.Tests.ProgramTests.Program_Run_WithHelpFlag_DisplaysHelp" computerName="KMC-L-DYTDH84" duration="00:00:00.0049041" startTime="2026-05-31T17:02:18.6986137-04:00" endTime="2026-05-31T17:02:18.7035686-04:00" testType="13cdc9d9-ddb5-4fa4-a97d-d965ccfc6d4b" outcome="Passed" testListId="8c84fa94-04c1-424b-9868-57a2d4851a1d" relativeResultsDirectory="f7bfa693-4937-458e-8e66-39ec6f28cc64" />
    <UnitTestResult executionId="9def9bee-1175-423d-9f76-daba5bf361b7" testId="1448d008-0209-c85a-d49e-692a7bb298d9" testName="DEMAConsulting.VHDLTest.Tests.Simulators.GhdlSimulatorTests.GhdlSimulator_CompileProcessor_ErrorOutput_ReturnsErrorResult" computerName="KMC-L-DYTDH84" duration="00:00:00.0004221" startTime="2026-05-31T17:02:17.1709853-04:00" endTime="2026-05-31T17:02:17.1714408-04:00" testType="13cdc9d9-ddb5-4fa4-a97d-d965ccfc6d4b" outcome="Passed" testListId="8c84fa94-04c1-424b-9868-57a2d4851a1d" relativeResultsDirectory="9def9bee-1175-423d-9f76-daba5bf361b7" />
    <UnitTestResult executionId="8488a8c8-53e2-4464-a942-cced022008b1" testId="86cd6875-4a29-a2c1-75a6-dddb3864298c" testName="DEMAConsulting.VHDLTest.Tests.Cli.ContextTests.Context_Create_MissingDepthValue_ThrowsInvalidOperationException" computerName="KMC-L-DYTDH84" duration="00:00:00.0003390" startTime="2026-05-31T17:02:11.6005425-04:00" endTime="2026-05-31T17:02:11.6009160-04:00" testType="13cdc9d9-ddb5-4fa4-a97d-d965ccfc6d4b" outcome="Passed" testListId="8c84fa94-04c1-424b-9868-57a2d4851a1d" relativeResultsDirectory="8488a8c8-53e2-4464-a942-cced022008b1" />
    <UnitTestResult executionId="52113610-4b84-41ef-971f-e0c6d63730a3" testId="281c380e-2b17-7721-1d58-02a69b9aaa74" testName="DEMAConsulting.VHDLTest.Tests.ProgramTests.Program_Run_ExitZero_WithFailingTestsAndExitZeroFlag_ReturnsZeroExitCode" computerName="KMC-L-DYTDH84" duration="00:00:00.0040081" startTime="2026-05-31T17:02:18.7262154-04:00" endTime="2026-05-31T17:02:18.7302538-04:00" testType="13cdc9d9-ddb5-4fa4-a97d-d965ccfc6d4b" outcome="Passed" testListId="8c84fa94-04c1-424b-9868-57a2d4851a1d" relativeResultsDirectory="52113610-4b84-41ef-971f-e0c6d63730a3" />
    <UnitTestResult executionId="fc5ff4cf-e4ac-4817-a4d3-96f17f8eaa0d" testId="7abfd3eb-4de2-645a-31b5-c49b3a895e91" testName="DEMAConsulting.VHDLTest.Tests.Simulators.QuestaSimSimulatorTests.QuestaSimSimulator_CompileProcessor_ErrorOutput_ReturnsErrorResult" computerName="KMC-L-DYTDH84" duration="00:00:00.0003400" startTime="2026-05-31T17:02:17.3412690-04:00" endTime="2026-05-31T17:02:17.3416339-04:00" testType="13cdc9d9-ddb5-4fa4-a97d-d965ccfc6d4b" outcome="Passed" testListId="8c84fa94-04c1-424b-9868-57a2d4851a1d" relativeResultsDirectory="fc5ff4cf-e4ac-4817-a4d3-96f17f8eaa0d" />
    <UnitTestResult executionId="09a03235-e5a1-49cb-8438-554b528768b0" testId="7f3461d0-bf2e-05ed-407c-a9f517e278a8" testName="DEMAConsulting.VHDLTest.Tests.Simulators.MockSimulatorTests.MockSimulator_Test_WithFailPattern_ReturnsErrorResult" computerName="KMC-L-DYTDH84" duration="00:00:00.0006970" startTime="2026-05-31T17:02:17.5311990-04:00" endTime="2026-05-31T17:02:17.5319243-04:00" testType="13cdc9d9-ddb5-4fa4-a97d-d965ccfc6d4b" outcome="Passed" testListId="8c84fa94-04c1-424b-9868-57a2d4851a1d" relativeResultsDirectory="09a03235-e5a1-49cb-8438-554b528768b0" />
    <UnitTestResult executionId="39f91ebb-30c0-4da1-9d31-ccc76debc6eb" testId="16400ec4-4ef3-b4b6-fe4b-39aeeee7f5d5" testName="DEMAConsulting.VHDLTest.Tests.Simulators.VivadoSimulatorTests.VivadoSimulator_TestProcessor_FailureOutput_ReturnsErrorResult" computerName="KMC-L-DYTDH84" duration="00:00:00.0003771" startTime="2026-05-31T17:02:17.2277777-04:00" endTime="2026-05-31T17:02:17.2281785-04:00" testType="13cdc9d9-ddb5-4fa4-a97d-d965ccfc6d4b" outcome="Passed" testListId="8c84fa94-04c1-424b-9868-57a2d4851a1d" relativeResultsDirectory="39f91ebb-30c0-4da1-9d31-ccc76debc6eb" />
    <UnitTestResult executionId="32909dbf-5dd4-425f-9ce2-3b2c79ea41c2" testId="9adc628c-3fe8-586e-9244-ceb115a2f107" testName="DEMAConsulting.VHDLTest.Tests.Results.TestResultsTests.TestResults_PrintSummary_NullContext_ThrowsArgumentNullException" computerName="KMC-L-DYTDH84" duration="00:00:00.0004845" startTime="2026-05-31T17:02:20.1975097-04:00" endTime="2026-05-31T17:02:20.1980175-04:00" testType="13cdc9d9-ddb5-4fa4-a97d-d965ccfc6d4b" outcome="Passed" testListId="8c84fa94-04c1-424b-9868-57a2d4851a1d" relativeResultsDirectory="32909dbf-5dd4-425f-9ce2-3b2c79ea41c2" />
    <UnitTestResult executionId="f1373825-c3b4-445f-9e47-11825f810fb5" testId="f8086182-d2cd-63cd-d7cb-dfcdef0eda45" testName="DEMAConsulting.VHDLTest.Tests.Cli.ContextTests.Context_WriteVerboseLine_NonSilentVerboseMode_WritesToConsole" computerName="KMC-L-DYTDH84" duration="00:00:00.0003110" startTime="2026-05-31T17:02:11.6322632-04:00" endTime="2026-05-31T17:02:11.6326098-04:00" testType="13cdc9d9-ddb5-4fa4-a97d-d965ccfc6d4b" outcome="Passed" testListId="8c84fa94-04c1-424b-9868-57a2d4851a1d" relativeResultsDirectory="f1373825-c3b4-445f-9e47-11825f810fb5" />
    <UnitTestResult executionId="96e79a5c-0989-49ee-941a-a4a258bc2586" testId="101f07d9-4442-3be2-fb9e-a0f6c62b7509" testName="DEMAConsulting.VHDLTest.Tests.Simulators.MockSimulatorTests.MockSimulator_SimulatorName_ReturnsMock" computerName="KMC-L-DYTDH84" duration="00:00:00.0001516" startTime="2026-05-31T17:02:17.5335500-04:00" endTime="2026-05-31T17:02:17.5337349-04:00" testType="13cdc9d9-ddb5-4fa4-a97d-d965ccfc6d4b" outcome="Passed" testListId="8c84fa94-04c1-424b-9868-57a2d4851a1d" relativeResultsDirectory="96e79a5c-0989-49ee-941a-a4a258bc2586" />
    <UnitTestResult executionId="84605f48-454e-4fd1-8b44-6fa73df59c3e" testId="c173ffb2-34e9-d932-1f24-301283503cee" testName="DEMAConsulting.VHDLTest.Tests.Run.RunLineRuleTests.RunLineRule_Create_InvalidPattern_ThrowsArgumentException" computerName="KMC-L-DYTDH84" duration="00:00:00.0007267" startTime="2026-05-31T17:02:17.4787923-04:00" endTime="2026-05-31T17:02:17.4795473-04:00" testType="13cdc9d9-ddb5-4fa4-a97d-d965ccfc6d4b" outcome="Passed" testListId="8c84fa94-04c1-424b-9868-57a2d4851a1d" relativeResultsDirectory="84605f48-454e-4fd1-8b44-6fa73df59c3e" />
    <UnitTestResult executionId="0ca9420a-9b83-4d78-af87-4988d6154937" testId="03d9078c-7c12-9cfc-20e5-40c84b77bc12" testName="DEMAConsulting.VHDLTest.Tests.Simulators.GhdlSimulatorTests.GhdlSimulator_TestProcessor_ReportFailureOutput_ReturnsErrorResult" computerName="KMC-L-DYTDH84" duration="00:00:00.0003857" startTime="2026-05-31T17:02:17.1833370-04:00" endTime="2026-05-31T17:02:17.1837565-04:00" testType="13cdc9d9-ddb5-4fa4-a97d-d965ccfc6d4b" outcome="Passed" testListId="8c84fa94-04c1-424b-9868-57a2d4851a1d" relativeResultsDirectory="0ca9420a-9b83-4d78-af87-4988d6154937" />
    <UnitTestResult executionId="897cff2a-1c77-4bb7-acde-044942ef1ed7" testId="ebba7de6-01e3-79fd-2b40-525aa9fc4b98" testName="DEMAConsulting.VHDLTest.Tests.Simulators.QuestaSimSimulatorTests.QuestaSimSimulator_SimulatorName_ReturnsQuestaSim" computerName="KMC-L-DYTDH84" duration="00:00:00.0001305" startTime="2026-05-31T17:02:17.3602998-04:00" endTime="2026-05-31T17:02:17.3604627-04:00" testType="13cdc9d9-ddb5-4fa4-a97d-d965ccfc6d4b" outcome="Passed" testListId="8c84fa94-04c1-424b-9868-57a2d4851a1d" relativeResultsDirectory="897cff2a-1c77-4bb7-acde-044942ef1ed7" />
    <UnitTestResult executionId="8aefaecb-9c29-42d5-a3e9-88c60172e9ba" testId="5796dd88-cd1e-cab8-b994-700af90cebfc" testName="DEMAConsulting.VHDLTest.Tests.Results.TestResultsTests.TestResults_PrintSummary_EmptyTests_WritesOnlySeparators" computerName="KMC-L-DYTDH84" duration="00:00:00.0041544" startTime="2026-05-31T17:02:20.1874168-04:00" endTime="2026-05-31T17:02:20.1915946-04:00" testType="13cdc9d9-ddb5-4fa4-a97d-d965ccfc6d4b" outcome="Passed" testListId="8c84fa94-04c1-424b-9868-57a2d4851a1d" relativeResultsDirectory="8aefaecb-9c29-42d5-a3e9-88c60172e9ba" />
    <UnitTestResult executionId="d950058e-1172-498d-a033-cd053c1b5729" testId="dfd6cefb-c191-169c-708b-22e6ea6dd5c8" testName="DEMAConsulting.VHDLTest.Tests.IntegrationTests.VHDLTest_LogFlag_WritesLogFile" computerName="KMC-L-DYTDH84" duration="00:00:00.3487100" startTime="2026-05-31T17:02:10.2558237-04:00" endTime="2026-05-31T17:02:10.6045972-04:00" testType="13cdc9d9-ddb5-4fa4-a97d-d965ccfc6d4b" outcome="Passed" testListId="8c84fa94-04c1-424b-9868-57a2d4851a1d" relativeResultsDirectory="d950058e-1172-498d-a033-cd053c1b5729" />
    <UnitTestResult executionId="f2e13540-0b4e-4374-815f-948cf9797560" testId="ffb2722a-f89f-46de-e015-e4b4adfa00ae" testName="DEMAConsulting.VHDLTest.Tests.IntegrationTests.VHDLTest_VerboseFlag_DisplaysDetailedOutput" computerName="KMC-L-DYTDH84" duration="00:00:00.6750568" startTime="2026-05-31T17:02:05.2391025-04:00" endTime="2026-05-31T17:02:05.9142865-04:00" testType="13cdc9d9-ddb5-4fa4-a97d-d965ccfc6d4b" outcome="Passed" testListId="8c84fa94-04c1-424b-9868-57a2d4851a1d" relativeResultsDirectory="f2e13540-0b4e-4374-815f-948cf9797560" />
    <UnitTestResult executionId="9a11bab4-536f-4588-9a6b-8fb73658a911" testId="d3c0376c-041d-e7f5-7e3c-35bd47597d96" testName="DEMAConsulting.VHDLTest.Tests.Simulators.NvcSimulatorTests.NvcSimulator_FindPath_WithoutEnvVar_ReturnsNullOrPath" computerName="KMC-L-DYTDH84" duration="00:00:00.0159962" startTime="2026-05-31T17:02:17.1037292-04:00" endTime="2026-05-31T17:02:17.1197916-04:00" testType="13cdc9d9-ddb5-4fa4-a97d-d965ccfc6d4b" outcome="Passed" testListId="8c84fa94-04c1-424b-9868-57a2d4851a1d" relativeResultsDirectory="9a11bab4-536f-4588-9a6b-8fb73658a911" />
    <UnitTestResult executionId="172055a0-27bf-4ae4-b655-617b5f527aaa" testId="c8e6f413-6f0c-a82e-44fb-4a291fe7685d" testName="DEMAConsulting.VHDLTest.Tests.Simulators.ActiveHdlSimulatorTests.ActiveHdlSimulator_CompileProcessor_CleanOutput_ReturnsTextResult" computerName="KMC-L-DYTDH84" duration="00:00:00.0005612" startTime="2026-05-31T17:02:17.2604084-04:00" endTime="2026-05-31T17:02:17.2611372-04:00" testType="13cdc9d9-ddb5-4fa4-a97d-d965ccfc6d4b" outcome="Passed" testListId="8c84fa94-04c1-424b-9868-57a2d4851a1d" relativeResultsDirectory="172055a0-27bf-4ae4-b655-617b5f527aaa" />
    <UnitTestResult executionId="a483e721-d02a-411c-b4dc-ab9caabd1043" testId="b2bf61e0-c34d-1baa-7583-b07c34eb05a1" testName="DEMAConsulting.VHDLTest.Tests.Results.TestResultTests.TestResult_Constructor_CreatesUniqueTestAndExecutionIds" computerName="KMC-L-DYTDH84" duration="00:00:00.0035344" startTime="2026-05-31T17:02:18.7399031-04:00" endTime="2026-05-31T17:02:18.7434603-04:00" testType="13cdc9d9-ddb5-4fa4-a97d-d965ccfc6d4b" outcome="Passed" testListId="8c84fa94-04c1-424b-9868-57a2d4851a1d" relativeResultsDirectory="a483e721-d02a-411c-b4dc-ab9caabd1043" />
    <UnitTestResult executionId="9316e6af-6f3a-4a7c-b69a-81e11de62c40" testId="85a668d5-ea7b-7fc4-8930-fa38e481ca3f" testName="DEMAConsulting.VHDLTest.Tests.Cli.ContextTests.Context_Create_WithShortHelpFlag_SetsHelpFlag" computerName="KMC-L-DYTDH84" duration="00:00:00.0001838" startTime="2026-05-31T17:02:11.6329000-04:00" endTime="2026-05-31T17:02:11.6331139-04:00" testType="13cdc9d9-ddb5-4fa4-a97d-d965ccfc6d4b" outcome="Passed" testListId="8c84fa94-04c1-424b-9868-57a2d4851a1d" relativeResultsDirectory="9316e6af-6f3a-4a7c-b69a-81e11de62c40" />
    <UnitTestResult executionId="9468c1bd-e9f0-4257-9514-6d87f7fb9612" testId="69e97be6-46bd-a7be-4420-fb2730af8665" testName="DEMAConsulting.VHDLTest.Tests.Cli.ContextTests.Context_WriteError_SilentMode_SuppressesConsole" computerName="KMC-L-DYTDH84" duration="00:00:00.0002170" startTime="2026-05-31T17:02:11.6464133-04:00" endTime="2026-05-31T17:02:11.6466597-04:00" testType="13cdc9d9-ddb5-4fa4-a97d-d965ccfc6d4b" outcome="Passed" testListId="8c84fa94-04c1-424b-9868-57a2d4851a1d" relativeResultsDirectory="9468c1bd-e9f0-4257-9514-6d87f7fb9612" />
    <UnitTestResult executionId="87ca6a4a-ac2e-464d-8d86-ca612e0932c0" testId="473710d8-888b-ee72-e1eb-c3920843a383" testName="DEMAConsulting.VHDLTest.Tests.Run.RunResultsTests.RunResults_Print_WithMixedLines_WritesColorCodedOutput" computerName="KMC-L-DYTDH84" duration="00:00:00.0037708" startTime="2026-05-31T17:02:18.7468522-04:00" endTime="2026-05-31T17:02:18.7506533-04:00" testType="13cdc9d9-ddb5-4fa4-a97d-d965ccfc6d4b" outcome="Passed" testListId="8c84fa94-04c1-424b-9868-57a2d4851a1d" relativeResultsDirectory="87ca6a4a-ac2e-464d-8d86-ca612e0932c0" />
    <UnitTestResult executionId="8f8cd8f8-276c-489f-8b9c-16c3e93e0d8b" testId="99f210e8-ca1a-4c5b-0220-c3f9c491459f" testName="DEMAConsulting.VHDLTest.Tests.Run.RunProcessorTests.RunProcessor_Parse_OutputWithNoMatchingPattern_ReturnsTextClassification" computerName="KMC-L-DYTDH84" duration="00:00:00.0016142" startTime="2026-05-31T17:02:16.5510249-04:00" endTime="2026-05-31T17:02:16.5527298-04:00" testType="13cdc9d9-ddb5-4fa4-a97d-d965ccfc6d4b" outcome="Passed" testListId="8c84fa94-04c1-424b-9868-57a2d4851a1d" relativeResultsDirectory="8f8cd8f8-276c-489f-8b9c-16c3e93e0d8b" />
    <UnitTestResult executionId="cad54a1f-4b2a-43ac-ae02-ebd6f80500b6" testId="3e57fc27-344e-ef7f-43b1-aff23abcb241" testName="DEMAConsulting.VHDLTest.Tests.Simulators.SimulatorTests.Simulator_Where_ExistingExecutable_ReturnsNonNull" computerName="KMC-L-DYTDH84" duration="00:00:00.0061978" startTime="2026-05-31T17:02:17.4444632-04:00" endTime="2026-05-31T17:02:17.4506934-04:00" testType="13cdc9d9-ddb5-4fa4-a97d-d965ccfc6d4b" outcome="Passed" testListId="8c84fa94-04c1-424b-9868-57a2d4851a1d" relativeResultsDirectory="cad54a1f-4b2a-43ac-ae02-ebd6f80500b6" />
    <UnitTestResult executionId="04914cbf-f89a-4363-a2e6-83c1d3156a1d" testId="647701b7-9cf8-38c3-99e0-f4e25e8cce44" testName="DEMAConsulting.VHDLTest.Tests.Simulators.SimulatorFactoryTests.SimulatorFactory_Get_UnknownSimulator_ReturnsNull" computerName="KMC-L-DYTDH84" duration="00:00:00.0000924" startTime="2026-05-31T17:02:11.7467663-04:00" endTime="2026-05-31T17:02:11.7468832-04:00" testType="13cdc9d9-ddb5-4fa4-a97d-d965ccfc6d4b" outcome="Passed" testListId="8c84fa94-04c1-424b-9868-57a2d4851a1d" relativeResultsDirectory="04914cbf-f89a-4363-a2e6-83c1d3156a1d" />
    <UnitTestResult executionId="40fdc964-f929-474d-adb8-64458790324a" testId="decc5f59-636a-84a1-714a-618ded355863" testName="DEMAConsulting.VHDLTest.Tests.Run.RunResultsTests.RunResults_SummaryElevation_NonZeroExitCode_HasErrorSummary" computerName="KMC-L-DYTDH84" duration="00:00:00.0004769" startTime="2026-05-31T17:02:18.7584238-04:00" endTime="2026-05-31T17:02:18.7589451-04:00" testType="13cdc9d9-ddb5-4fa4-a97d-d965ccfc6d4b" outcome="Passed" testListId="8c84fa94-04c1-424b-9868-57a2d4851a1d" relativeResultsDirectory="40fdc964-f929-474d-adb8-64458790324a" />
    <UnitTestResult executionId="87093149-4bc1-40ef-84ad-3bb1902bf958" testId="751fd4e0-aa04-4773-aa0f-a5c8e9b4e21b" testName="DEMAConsulting.VHDLTest.Tests.IntegrationTests.VHDLTest_TestExecutionErrorWithExit0_ReturnsZeroExitCode" computerName="KMC-L-DYTDH84" duration="00:00:00.3357367" startTime="2026-05-31T17:02:09.7006819-04:00" endTime="2026-05-31T17:02:10.0364745-04:00" testType="13cdc9d9-ddb5-4fa4-a97d-d965ccfc6d4b" outcome="Passed" testListId="8c84fa94-04c1-424b-9868-57a2d4851a1d" relativeResultsDirectory="87093149-4bc1-40ef-84ad-3bb1902bf958" />
    <UnitTestResult executionId="748184b9-2f1f-43cc-813f-91be0b204764" testId="d71764b1-f2d8-3891-cccd-0cd0a3864b61" testName="DEMAConsulting.VHDLTest.Tests.Simulators.ModelSimSimulatorTests.ModelSimSimulator_SimulatorName_ReturnsModelSim" computerName="KMC-L-DYTDH84" duration="00:00:00.0002125" startTime="2026-05-31T17:02:17.4302832-04:00" endTime="2026-05-31T17:02:17.4305231-04:00" testType="13cdc9d9-ddb5-4fa4-a97d-d965ccfc6d4b" outcome="Passed" testListId="8c84fa94-04c1-424b-9868-57a2d4851a1d" relativeResultsDirectory="748184b9-2f1f-43cc-813f-91be0b204764" />
    <UnitTestResult executionId="fa46603e-7423-4280-b014-5b17c9cb00a6" testId="8a334cc0-4359-0279-bcc5-3581798bf217" testName="DEMAConsulting.VHDLTest.Tests.IntegrationTests.VHDLTest_HelpQuestionFlag_DisplaysUsageAndReturnsSuccess" computerName="KMC-L-DYTDH84" duration="00:00:00.2015345" startTime="2026-05-31T17:02:10.9734972-04:00" endTime="2026-05-31T17:02:11.1750832-04:00" testType="13cdc9d9-ddb5-4fa4-a97d-d965ccfc6d4b" outcome="Passed" testListId="8c84fa94-04c1-424b-9868-57a2d4851a1d" relativeResultsDirectory="fa46603e-7423-4280-b014-5b17c9cb00a6" />
    <UnitTestResult executionId="498415af-a98d-4189-bdf1-7741b06581e9" testId="19e882de-2c03-3e3d-77c0-c6944b3f690f" testName="DEMAConsulting.VHDLTest.Tests.Simulators.QuestaSimSimulatorTests.QuestaSimSimulator_Compile_WithValidConfig_InvokesVsimWithDoScript" computerName="KMC-L-DYTDH84" duration="00:00:00.0113843" startTime="2026-05-31T17:02:17.3612345-04:00" endTime="2026-05-31T17:02:17.3727719-04:00" testType="13cdc9d9-ddb5-4fa4-a97d-d965ccfc6d4b" outcome="Passed" testListId="8c84fa94-04c1-424b-9868-57a2d4851a1d" relativeResultsDirectory="498415af-a98d-4189-bdf1-7741b06581e9" />
    <UnitTestResult executionId="025b6254-c509-4460-acaa-da6449ab40eb" testId="cf4e662b-7fbe-a857-b76c-5b657aba9eda" testName="DEMAConsulting.VHDLTest.Tests.Simulators.QuestaSimSimulatorTests.QuestaSimSimulator_Test_WithValidConfig_ScriptContainsExitCode" computerName="KMC-L-DYTDH84" duration="00:00:00.0113103" startTime="2026-05-31T17:02:17.3279757-04:00" endTime="2026-05-31T17:02:17.3393318-04:00" testType="13cdc9d9-ddb5-4fa4-a97d-d965ccfc6d4b" outcome="Passed" testListId="8c84fa94-04c1-424b-9868-57a2d4851a1d" relativeResultsDirectory="025b6254-c509-4460-acaa-da6449ab40eb" />
    <UnitTestResult executionId="1c96a008-3058-41ae-ba57-33a3b5da8ea8" testId="d60c2d79-8e4f-3695-6cf9-046322c37308" testName="DEMAConsulting.VHDLTest.Tests.Simulators.ActiveHdlSimulatorTests.ActiveHdlSimulator_TestProcessor_LatticeSuppression2_ReturnsTextResult" computerName="KMC-L-DYTDH84" duration="00:00:00.0004170" startTime="2026-05-31T17:02:17.2798072-04:00" endTime="2026-05-31T17:02:17.2802595-04:00" testType="13cdc9d9-ddb5-4fa4-a97d-d965ccfc6d4b" outcome="Passed" testListId="8c84fa94-04c1-424b-9868-57a2d4851a1d" relativeResultsDirectory="1c96a008-3058-41ae-ba57-33a3b5da8ea8" />
    <UnitTestResult executionId="dbda4b36-4acf-4090-8eac-a5b92f14291c" testId="9f60e98f-82f9-7177-9a90-e2344067a13b" testName="DEMAConsulting.VHDLTest.Tests.Simulators.QuestaSimSimulatorTests.QuestaSimSimulator_CompileProcessor_CleanOutput_ReturnsTextResult" computerName="KMC-L-DYTDH84" duration="00:00:00.0005403" startTime="2026-05-31T17:02:17.3271346-04:00" endTime="2026-05-31T17:02:17.3277064-04:00" testType="13cdc9d9-ddb5-4fa4-a97d-d965ccfc6d4b" outcome="Passed" testListId="8c84fa94-04c1-424b-9868-57a2d4851a1d" relativeResultsDirectory="dbda4b36-4acf-4090-8eac-a5b92f14291c" />
    <UnitTestResult executionId="d40151f1-e6b1-4580-abbf-e3c7ce9b10db" testId="2a5fd8f9-0617-b1dd-cc28-2a2c2a681700" testName="DEMAConsulting.VHDLTest.Tests.Cli.ContextTests.Context_Create_MissingConfigValue_ThrowsInvalidOperationException" computerName="KMC-L-DYTDH84" duration="00:00:00.0002977" startTime="2026-05-31T17:02:11.6095011-04:00" endTime="2026-05-31T17:02:11.6098324-04:00" testType="13cdc9d9-ddb5-4fa4-a97d-d965ccfc6d4b" outcome="Passed" testListId="8c84fa94-04c1-424b-9868-57a2d4851a1d" relativeResultsDirectory="d40151f1-e6b1-4580-abbf-e3c7ce9b10db" />
    <UnitTestResult executionId="145e6b29-9614-4be6-b313-6e5195622ebf" testId="de9b0637-01f9-f6e4-1e57-b8ad8fce182c" testName="DEMAConsulting.VHDLTest.Tests.Simulators.ModelSimSimulatorTests.ModelSimSimulator_Test_WithValidConfig_ScriptContainsExitCode" computerName="KMC-L-DYTDH84" duration="00:00:00.0131651" startTime="2026-05-31T17:02:17.4027351-04:00" endTime="2026-05-31T17:02:17.4159505-04:00" testType="13cdc9d9-ddb5-4fa4-a97d-d965ccfc6d4b" outcome="Passed" testListId="8c84fa94-04c1-424b-9868-57a2d4851a1d" relativeResultsDirectory="145e6b29-9614-4be6-b313-6e5195622ebf" />
    <UnitTestResult executionId="0bd55b76-b664-4038-954f-c391da9bc94d" testId="5da0ab61-a19f-912f-2e66-b55bfb1ab9e2" testName="DEMAConsulting.VHDLTest.Tests.Simulators.NvcSimulatorTests.NvcSimulator_CompileProcessor_FatalOutput_ReturnsErrorResult" computerName="KMC-L-DYTDH84" duration="00:00:00.0019604" startTime="2026-05-31T17:02:17.0671463-04:00" endTime="2026-05-31T17:02:17.0691505-04:00" testType="13cdc9d9-ddb5-4fa4-a97d-d965ccfc6d4b" outcome="Passed" testListId="8c84fa94-04c1-424b-9868-57a2d4851a1d" relativeResultsDirectory="0bd55b76-b664-4038-954f-c391da9bc94d" />
    <UnitTestResult executionId="772ebb70-311d-4a07-a630-f158abf8a45c" testId="47a885a0-5a97-0022-7d87-5b701c70ea12" testName="DEMAConsulting.VHDLTest.Tests.Cli.ContextTests.Context_Create_WithQuestionHelpFlag_SetsHelpFlag" computerName="KMC-L-DYTDH84" duration="00:00:00.0002590" startTime="2026-05-31T17:02:11.6012386-04:00" endTime="2026-05-31T17:02:11.6015354-04:00" testType="13cdc9d9-ddb5-4fa4-a97d-d965ccfc6d4b" outcome="Passed" testListId="8c84fa94-04c1-424b-9868-57a2d4851a1d" relativeResultsDirectory="772ebb70-311d-4a07-a630-f158abf8a45c" />
    <UnitTestResult executionId="e27ff4ce-2483-4dd7-9004-06d5430bb842" testId="7ccfdd4a-b480-eb9e-3c9b-10d537c29790" testName="DEMAConsulting.VHDLTest.Tests.IntegrationTests.VHDLTest_ResultsFlag_WritesJUnitFile" computerName="KMC-L-DYTDH84" duration="00:00:00.3678597" startTime="2026-05-31T17:02:10.6051197-04:00" endTime="2026-05-31T17:02:10.9730530-04:00" testType="13cdc9d9-ddb5-4fa4-a97d-d965ccfc6d4b" outcome="Passed" testListId="8c84fa94-04c1-424b-9868-57a2d4851a1d" relativeResultsDirectory="e27ff4ce-2483-4dd7-9004-06d5430bb842" />
    <UnitTestResult executionId="99164519-eaf9-41ec-b3c1-db4fd5179f12" testId="d3646d54-5a6d-11f8-dd9c-b1e21094a3c4" testName="DEMAConsulting.VHDLTest.Tests.Run.RunLineRuleTests.RunLineRule_Create_NullPattern_ThrowsArgumentNullException" computerName="KMC-L-DYTDH84" duration="00:00:00.0006503" startTime="2026-05-31T17:02:17.4778295-04:00" endTime="2026-05-31T17:02:17.4785189-04:00" testType="13cdc9d9-ddb5-4fa4-a97d-d965ccfc6d4b" outcome="Passed" testListId="8c84fa94-04c1-424b-9868-57a2d4851a1d" relativeResultsDirectory="99164519-eaf9-41ec-b3c1-db4fd5179f12" />
    <UnitTestResult executionId="66fb7899-3054-40a4-8fd3-b6d846441f33" testId="b6b93654-4ab2-d396-c1a9-ac3d7bc0519c" testName="DEMAConsulting.VHDLTest.Tests.Simulators.VivadoSimulatorTests.VivadoSimulator_FindPath_WithoutEnvVar_ReturnsNullOrPath" computerName="KMC-L-DYTDH84" duration="00:00:00.0173275" startTime="2026-05-31T17:02:17.2308322-04:00" endTime="2026-05-31T17:02:17.2482148-04:00" testType="13cdc9d9-ddb5-4fa4-a97d-d965ccfc6d4b" outcome="Passed" testListId="8c84fa94-04c1-424b-9868-57a2d4851a1d" relativeResultsDirectory="66fb7899-3054-40a4-8fd3-b6d846441f33" />
    <UnitTestResult executionId="af251058-4213-4f74-934f-42efb9347018" testId="b3c5a611-6c69-d4ed-5e77-6e16f8964cbe" testName="DEMAConsulting.VHDLTest.Tests.Simulators.ActiveHdlSimulatorTests.ActiveHdlSimulator_SimulatorName_ReturnsActiveHdl" computerName="KMC-L-DYTDH84" duration="00:00:00.0001547" startTime="2026-05-31T17:02:17.2615895-04:00" endTime="2026-05-31T17:02:17.2617786-04:00" testType="13cdc9d9-ddb5-4fa4-a97d-d965ccfc6d4b" outcome="Passed" testListId="8c84fa94-04c1-424b-9868-57a2d4851a1d" relativeResultsDirectory="af251058-4213-4f74-934f-42efb9347018" />
    <UnitTestResult executionId="8ca3561e-363c-4f0e-b18b-26c86624ea32" testId="ee65fa2b-9039-e44f-dc98-a9c7a353ffcd" testName="DEMAConsulting.VHDLTest.Tests.Results.TestResultTests.TestResult_PrintSummary_PassedResult_WritesPassLine" computerName="KMC-L-DYTDH84" duration="00:00:00.0029419" startTime="2026-05-31T17:02:18.7321063-04:00" endTime="2026-05-31T17:02:18.7350761-04:00" testType="13cdc9d9-ddb5-4fa4-a97d-d965ccfc6d4b" outcome="Passed" testListId="8c84fa94-04c1-424b-9868-57a2d4851a1d" relativeResultsDirectory="8ca3561e-363c-4f0e-b18b-26c86624ea32" />
    <UnitTestResult executionId="c2f60f0b-2d28-48a5-98ff-45b53713af3e" testId="fe4a7a3a-a11f-be52-c555-33be2945c126" testName="DEMAConsulting.VHDLTest.Tests.Simulators.GhdlSimulatorTests.GhdlSimulator_TestProcessor_ErrorOutput_ReturnsErrorResult" computerName="KMC-L-DYTDH84" duration="00:00:00.0005444" startTime="2026-05-31T17:02:17.1700212-04:00" endTime="2026-05-31T17:02:17.1705924-04:00" testType="13cdc9d9-ddb5-4fa4-a97d-d965ccfc6d4b" outcome="Passed" testListId="8c84fa94-04c1-424b-9868-57a2d4851a1d" relativeResultsDirectory="c2f60f0b-2d28-48a5-98ff-45b53713af3e" />
    <UnitTestResult executionId="de819d87-003f-48bb-a2ac-09ae5d68cd1d" testId="0c4a02d6-6e32-e399-2665-8c8b9da54499" testName="DEMAConsulting.VHDLTest.Tests.Cli.CliSubsystemTests.CliSubsystem_InvalidFlag_ThrowsInvalidOperationException" computerName="KMC-L-DYTDH84" duration="00:00:00.0012499" startTime="2026-05-31T17:02:17.4802945-04:00" endTime="2026-05-31T17:02:17.4815833-04:00" testType="13cdc9d9-ddb5-4fa4-a97d-d965ccfc6d4b" outcome="Passed" testListId="8c84fa94-04c1-424b-9868-57a2d4851a1d" relativeResultsDirectory="de819d87-003f-48bb-a2ac-09ae5d68cd1d" />
    <UnitTestResult executionId="128eb087-2291-4d7a-9d6d-348f83497cd3" testId="53545a60-0f7a-cd00-abaa-45b89722d097" testName="DEMAConsulting.VHDLTest.Tests.Results.TestResultTests.TestResult_PrintSummary_FailedResult_WritesFailLine" computerName="KMC-L-DYTDH84" duration="00:00:00.0031085" startTime="2026-05-31T17:02:18.7352668-04:00" endTime="2026-05-31T17:02:18.7384045-04:00" testType="13cdc9d9-ddb5-4fa4-a97d-d965ccfc6d4b" outcome="Passed" testListId="8c84fa94-04c1-424b-9868-57a2d4851a1d" relativeResultsDirectory="128eb087-2291-4d7a-9d6d-348f83497cd3" />
    <UnitTestResult executionId="acfbe3d2-c42d-4cbf-9ec9-65ae9d96e009" testId="55af19bd-8e09-0873-2e02-74e56ff479e0" testName="DEMAConsulting.VHDLTest.Tests.Results.TestResultTests.TestResult_Constructor_WithWarningResult_CreatesPassedTest" computerName="KMC-L-DYTDH84" duration="00:00:00.0004376" startTime="2026-05-31T17:02:18.7437062-04:00" endTime="2026-05-31T17:02:18.7441748-04:00" testType="13cdc9d9-ddb5-4fa4-a97d-d965ccfc6d4b" outcome="Passed" testListId="8c84fa94-04c1-424b-9868-57a2d4851a1d" relativeResultsDirectory="acfbe3d2-c42d-4cbf-9ec9-65ae9d96e009" />
    <UnitTestResult executionId="6d295b0f-1294-4f6a-a4fd-03af4b017ced" testId="dfff718d-b98a-2a23-65cd-f822a46b050c" testName="DEMAConsulting.VHDLTest.Tests.Cli.ContextTests.Context_Create_WithZeroDepth_ThrowsInvalidOperationException" computerName="KMC-L-DYTDH84" duration="00:00:00.0003292" startTime="2026-05-31T17:02:11.6185666-04:00" endTime="2026-05-31T17:02:11.6189362-04:00" testType="13cdc9d9-ddb5-4fa4-a97d-d965ccfc6d4b" outcome="Passed" testListId="8c84fa94-04c1-424b-9868-57a2d4851a1d" relativeResultsDirectory="6d295b0f-1294-4f6a-a4fd-03af4b017ced" />
    <UnitTestResult executionId="c099084b-a038-435d-91e7-77beeafd6cd8" testId="10d0f653-aabf-77c8-84c3-35c2e8eba2d0" testName="DEMAConsulting.VHDLTest.Tests.Results.TestResultsTests.TestResults_Execute_WithMockSimulator_CollectsTestOutcomes" computerName="KMC-L-DYTDH84" duration="00:00:00.0005590" startTime="2026-05-31T17:02:20.2251887-04:00" endTime="2026-05-31T17:02:20.2257698-04:00" testType="13cdc9d9-ddb5-4fa4-a97d-d965ccfc6d4b" outcome="Passed" testListId="8c84fa94-04c1-424b-9868-57a2d4851a1d" relativeResultsDirectory="c099084b-a038-435d-91e7-77beeafd6cd8" />
    <UnitTestResult executionId="32bceb4a-3b30-4b62-9295-f4bbd467ef57" testId="9c16c811-7d17-5bc2-c66b-52b7bc38f8ab" testName="DEMAConsulting.VHDLTest.Tests.IntegrationTests.VHDLTest_Validate_ReturnsZeroExitCode" computerName="KMC-L-DYTDH84" duration="00:00:00.3852873" startTime="2026-05-31T17:02:04.8528612-04:00" endTime="2026-05-31T17:02:05.2382683-04:00" testType="13cdc9d9-ddb5-4fa4-a97d-d965ccfc6d4b" outcome="Passed" testListId="8c84fa94-04c1-424b-9868-57a2d4851a1d" relativeResultsDirectory="32bceb4a-3b30-4b62-9295-f4bbd467ef57" />
    <UnitTestResult executionId="3ee2ed9a-7856-40bb-8abd-e4a07167470e" testId="fbeac543-8d18-7763-b9ec-6f5d487e180f" testName="DEMAConsulting.VHDLTest.Tests.Run.RunProcessorTests.RunProcessor_Parse_OutputWithErrorPattern_ReturnsErrorClassification" computerName="KMC-L-DYTDH84" duration="00:00:00.0007936" startTime="2026-05-31T17:02:17.0637638-04:00" endTime="2026-05-31T17:02:17.0645936-04:00" testType="13cdc9d9-ddb5-4fa4-a97d-d965ccfc6d4b" outcome="Passed" testListId="8c84fa94-04c1-424b-9868-57a2d4851a1d" relativeResultsDirectory="3ee2ed9a-7856-40bb-8abd-e4a07167470e" />
    <UnitTestResult executionId="42463f1c-5aa1-4b87-b47a-9de2c4a86f1d" testId="6478a062-6d9e-0eb3-ec0d-fd00555c4407" testName="DEMAConsulting.VHDLTest.Tests.Simulators.QuestaSimSimulatorTests.QuestaSimSimulator_TestProcessor_WarningOutput_ReturnsWarningResult" computerName="KMC-L-DYTDH84" duration="00:00:00.0002985" startTime="2026-05-31T17:02:17.3422400-04:00" endTime="2026-05-31T17:02:17.3425576-04:00" testType="13cdc9d9-ddb5-4fa4-a97d-d965ccfc6d4b" outcome="Passed" testListId="8c84fa94-04c1-424b-9868-57a2d4851a1d" relativeResultsDirectory="42463f1c-5aa1-4b87-b47a-9de2c4a86f1d" />
    <UnitTestResult executionId="a244ce0d-fc15-4e4f-b8c8-4f82ec561cde" testId="2df79359-08b0-6812-2d2d-9d877d31e085" testName="DEMAConsulting.VHDLTest.Tests.Simulators.GhdlSimulatorTests.GhdlSimulator_FindPath_WithEnvVar_ReturnsEnvVarValue" computerName="KMC-L-DYTDH84" duration="00:00:00.0002836" startTime="2026-05-31T17:02:17.1850498-04:00" endTime="2026-05-31T17:02:17.1853721-04:00" testType="13cdc9d9-ddb5-4fa4-a97d-d965ccfc6d4b" outcome="Passed" testListId="8c84fa94-04c1-424b-9868-57a2d4851a1d" relativeResultsDirectory="a244ce0d-fc15-4e4f-b8c8-4f82ec561cde" />
    <UnitTestResult executionId="a9bb4713-e4ca-42ac-aab5-0cf44fe67a27" testId="58cd5291-3130-e424-fa67-5e503341c280" testName="DEMAConsulting.VHDLTest.Tests.Simulators.MockSimulatorTests.MockSimulator_Compile_WithWarningFile_ReturnsWarningResult" computerName="KMC-L-DYTDH84" duration="00:00:00.0003263" startTime="2026-05-31T17:02:17.5414806-04:00" endTime="2026-05-31T17:02:17.5418400-04:00" testType="13cdc9d9-ddb5-4fa4-a97d-d965ccfc6d4b" outcome="Passed" testListId="8c84fa94-04c1-424b-9868-57a2d4851a1d" relativeResultsDirectory="a9bb4713-e4ca-42ac-aab5-0cf44fe67a27" />
    <UnitTestResult executionId="fe67f8c2-c87d-4d71-8be1-38d9eb11becb" testId="60bfd502-441c-6591-e144-dd53d561068c" testName="DEMAConsulting.VHDLTest.Tests.SelfTest.ValidationTests.SelfTest_ValidateWithResultsFile_MockSimulator_SavesResults" computerName="KMC-L-DYTDH84" duration="00:00:00.2876039" startTime="2026-05-31T17:02:13.1094125-04:00" endTime="2026-05-31T17:02:13.3970670-04:00" testType="13cdc9d9-ddb5-4fa4-a97d-d965ccfc6d4b" outcome="Passed" testListId="8c84fa94-04c1-424b-9868-57a2d4851a1d" relativeResultsDirectory="fe67f8c2-c87d-4d71-8be1-38d9eb11becb" />
    <UnitTestResult executionId="3c4d0c8e-f5c1-44ba-bc1b-76218723a127" testId="9db014ed-2402-936c-485a-528d6a22ab18" testName="DEMAConsulting.VHDLTest.Tests.Results.TestResultsTests.TestResults_SaveResults_WithTrxExtension_CreatesTrxFile" computerName="KMC-L-DYTDH84" duration="00:00:00.0079179" startTime="2026-05-31T17:02:20.1780508-04:00" endTime="2026-05-31T17:02:20.1859985-04:00" testType="13cdc9d9-ddb5-4fa4-a97d-d965ccfc6d4b" outcome="Passed" testListId="8c84fa94-04c1-424b-9868-57a2d4851a1d" relativeResultsDirectory="3c4d0c8e-f5c1-44ba-bc1b-76218723a127" />
    <UnitTestResult executionId="08912f09-1b13-47dd-ba31-c65485d092bf" testId="b26869c1-2085-69ae-1743-e07f1f255cfd" testName="DEMAConsulting.VHDLTest.Tests.Simulators.ModelSimSimulatorTests.ModelSimSimulator_TestProcessor_InfoOutput_ReturnsInfoResult" computerName="KMC-L-DYTDH84" duration="00:00:00.0005576" startTime="2026-05-31T17:02:17.4282086-04:00" endTime="2026-05-31T17:02:17.4288180-04:00" testType="13cdc9d9-ddb5-4fa4-a97d-d965ccfc6d4b" outcome="Passed" testListId="8c84fa94-04c1-424b-9868-57a2d4851a1d" relativeResultsDirectory="08912f09-1b13-47dd-ba31-c65485d092bf" />
    <UnitTestResult executionId="6d1d37c9-5d8e-4013-940f-a7f81ea57bf3" testId="88594adb-7d6a-3b2f-7b72-9ba26c95e907" testName="DEMAConsulting.VHDLTest.Tests.SelfTest.ValidationTests.SelfTest_ValidateWithDepth_MockSimulator_RendersDepthHeadings" computerName="KMC-L-DYTDH84" duration="00:00:00.2710174" startTime="2026-05-31T17:02:13.9553990-04:00" endTime="2026-05-31T17:02:14.2264553-04:00" testType="13cdc9d9-ddb5-4fa4-a97d-d965ccfc6d4b" outcome="Passed" testListId="8c84fa94-04c1-424b-9868-57a2d4851a1d" relativeResultsDirectory="6d1d37c9-5d8e-4013-940f-a7f81ea57bf3" />
    <UnitTestResult executionId="955d2b70-7b94-4606-af33-ebb12a2e5a04" testId="f18153f4-42ee-63b4-b3e0-46b8714b8a84" testName="DEMAConsulting.VHDLTest.Tests.Simulators.SimulatorsSubsystemTests.SimulatorsSubsystem_GetSimulatorByName_WithUnknownName_ReturnsNull" computerName="KMC-L-DYTDH84" duration="00:00:00.0004326" startTime="2026-05-31T17:02:11.9075229-04:00" endTime="2026-05-31T17:02:11.9080062-04:00" testType="13cdc9d9-ddb5-4fa4-a97d-d965ccfc6d4b" outcome="Passed" testListId="8c84fa94-04c1-424b-9868-57a2d4851a1d" relativeResultsDirectory="955d2b70-7b94-4606-af33-ebb12a2e5a04" />
    <UnitTestResult executionId="28a9484f-2535-4235-883c-79c0962504cd" testId="f775b352-6910-8599-5c8b-373f2fe6b9ac" testName="DEMAConsulting.VHDLTest.Tests.Simulators.QuestaSimSimulatorTests.QuestaSimSimulator_Test_SimulatorNotAvailable_ThrowsInvalidOperationException" computerName="KMC-L-DYTDH84" duration="00:00:00.0011125" startTime="2026-05-31T17:02:17.3397359-04:00" endTime="2026-05-31T17:02:17.3408749-04:00" testType="13cdc9d9-ddb5-4fa4-a97d-d965ccfc6d4b" outcome="Passed" testListId="8c84fa94-04c1-424b-9868-57a2d4851a1d" relativeResultsDirectory="28a9484f-2535-4235-883c-79c0962504cd" />
    <UnitTestResult executionId="f7d9ec28-bb91-4477-9af8-298612f777bf" testId="aa15a69d-64eb-be4c-615f-8b50815f65a4" testName="DEMAConsulting.VHDLTest.Tests.Run.RunProcessorTests.RunProcessor_Execute_WithContext_LogsRunInfo" computerName="KMC-L-DYTDH84" duration="00:00:00.3972228" startTime="2026-05-31T17:02:14.7789787-04:00" endTime="2026-05-31T17:02:15.1762544-04:00" testType="13cdc9d9-ddb5-4fa4-a97d-d965ccfc6d4b" outcome="Passed" testListId="8c84fa94-04c1-424b-9868-57a2d4851a1d" relativeResultsDirectory="f7d9ec28-bb91-4477-9af8-298612f777bf" />
    <UnitTestResult executionId="9a23117d-a55b-4e2a-b8f0-bbe3d4904a52" testId="5d18378a-c438-4cb7-8c1b-07e1e5a8058d" testName="DEMAConsulting.VHDLTest.Tests.IntegrationTests.VHDLTest_TestExecutionError_ReturnsNonZeroExitCode" computerName="KMC-L-DYTDH84" duration="00:00:00.2534715" startTime="2026-05-31T17:02:07.9201694-04:00" endTime="2026-05-31T17:02:08.1736984-04:00" testType="13cdc9d9-ddb5-4fa4-a97d-d965ccfc6d4b" outcome="Passed" testListId="8c84fa94-04c1-424b-9868-57a2d4851a1d" relativeResultsDirectory="9a23117d-a55b-4e2a-b8f0-bbe3d4904a52" />
    <UnitTestResult executionId="1d9a8a11-c575-4956-adb0-e7b6a1a64238" testId="bfa3ddfb-3655-ffa4-48d9-08e039f02f66" testName="DEMAConsulting.VHDLTest.Tests.Cli.ContextTests.Context_WriteVerboseLine_VerboseMode_WritesToLog" computerName="KMC-L-DYTDH84" duration="00:00:00.0042050" startTime="2026-05-31T17:02:11.6205292-04:00" endTime="2026-05-31T17:02:11.6247823-04:00" testType="13cdc9d9-ddb5-4fa4-a97d-d965ccfc6d4b" outcome="Passed" testListId="8c84fa94-04c1-424b-9868-57a2d4851a1d" relativeResultsDirectory="1d9a8a11-c575-4956-adb0-e7b6a1a64238" />
    <UnitTestResult executionId="2236f5b3-76f4-4e6f-9401-1139d382453b" testId="19645ec0-8aa2-5a2c-b1b9-d1ce8fe5068b" testName="DEMAConsulting.VHDLTest.Tests.ProgramTests.Program_Run_WithHelpFlag_ReturnsZeroExitCode" computerName="KMC-L-DYTDH84" duration="00:00:00.0002195" startTime="2026-05-31T17:02:18.7314661-04:00" endTime="2026-05-31T17:02:18.7317150-04:00" testType="13cdc9d9-ddb5-4fa4-a97d-d965ccfc6d4b" outcome="Passed" testListId="8c84fa94-04c1-424b-9868-57a2d4851a1d" relativeResultsDirectory="2236f5b3-76f4-4e6f-9401-1139d382453b" />
    <UnitTestResult executionId="1a65dbfa-eb6f-4148-b54e-f8b717f535e4" testId="55784312-8b7a-8557-cde5-890cafd3b20c" testName="DEMAConsulting.VHDLTest.Tests.Cli.ContextTests.Context_Write_SilentMode_SuppressesConsole" computerName="KMC-L-DYTDH84" duration="00:00:00.0002422" startTime="2026-05-31T17:02:11.6027179-04:00" endTime="2026-05-31T17:02:11.6029927-04:00" testType="13cdc9d9-ddb5-4fa4-a97d-d965ccfc6d4b" outcome="Passed" testListId="8c84fa94-04c1-424b-9868-57a2d4851a1d" relativeResultsDirectory="1a65dbfa-eb6f-4148-b54e-f8b717f535e4" />
    <UnitTestResult executionId="65d98504-3cdd-4835-a0a4-2a4c434c15fc" testId="00cc4038-693a-b3a3-2a1a-09776f134d62" testName="DEMAConsulting.VHDLTest.Tests.Cli.OptionsTests.Options_Parse_MissingConfigFile_ThrowsFileNotFoundException" computerName="KMC-L-DYTDH84" duration="00:00:00.0034163" startTime="2026-05-31T17:02:11.7496316-04:00" endTime="2026-05-31T17:02:11.7530920-04:00" testType="13cdc9d9-ddb5-4fa4-a97d-d965ccfc6d4b" outcome="Passed" testListId="8c84fa94-04c1-424b-9868-57a2d4851a1d" relativeResultsDirectory="65d98504-3cdd-4835-a0a4-2a4c434c15fc" />
    <UnitTestResult executionId="fd9ca840-6776-44d0-af8a-ed7940c1f285" testId="ec68ab5d-0f62-5b8c-8c53-929a1626b015" testName="DEMAConsulting.VHDLTest.Tests.Simulators.ActiveHdlSimulatorTests.ActiveHdlSimulator_TestProcessor_LatticeSuppression1_ReturnsTextResult" computerName="KMC-L-DYTDH84" duration="00:00:00.0004718" startTime="2026-05-31T17:02:17.2584873-04:00" endTime="2026-05-31T17:02:17.2590062-04:00" testType="13cdc9d9-ddb5-4fa4-a97d-d965ccfc6d4b" outcome="Passed" testListId="8c84fa94-04c1-424b-9868-57a2d4851a1d" relativeResultsDirectory="fd9ca840-6776-44d0-af8a-ed7940c1f285" />
    <UnitTestResult executionId="e576b88d-48d3-429b-bfe0-746ed1ad0fcd" testId="07685a2d-5a7d-94da-fc53-50681e23100a" testName="DEMAConsulting.VHDLTest.Tests.Cli.ContextTests.Context_Create_WithDepth_SetsDepth" computerName="KMC-L-DYTDH84" duration="00:00:00.0009134" startTime="2026-05-31T17:02:11.5777319-04:00" endTime="2026-05-31T17:02:11.5787305-04:00" testType="13cdc9d9-ddb5-4fa4-a97d-d965ccfc6d4b" outcome="Passed" testListId="8c84fa94-04c1-424b-9868-57a2d4851a1d" relativeResultsDirectory="e576b88d-48d3-429b-bfe0-746ed1ad0fcd" />
    <UnitTestResult executionId="96314e87-677f-40b3-997e-173df6a31319" testId="1b3bcd54-c915-9951-c9e4-b7497efc01c6" testName="DEMAConsulting.VHDLTest.Tests.Cli.CliSubsystemTests.CliSubsystem_ParseArgsAndLoadConfig_WithValidConfig_ProducesCorrectOptions" computerName="KMC-L-DYTDH84" duration="00:00:00.0068700" startTime="2026-05-31T17:02:17.4834885-04:00" endTime="2026-05-31T17:02:17.4903922-04:00" testType="13cdc9d9-ddb5-4fa4-a97d-d965ccfc6d4b" outcome="Passed" testListId="8c84fa94-04c1-424b-9868-57a2d4851a1d" relativeResultsDirectory="96314e87-677f-40b3-997e-173df6a31319" />
    <UnitTestResult executionId="62980a0a-b01b-445e-9add-e8719a8b75c1" testId="2bb720f0-9d10-e103-4105-340ba558210d" testName="DEMAConsulting.VHDLTest.Tests.Run.RunResultsTests.RunResults_Print_WithNullContext_ThrowsArgumentNullException" computerName="KMC-L-DYTDH84" duration="00:00:00.0005559" startTime="2026-05-31T17:02:18.7591783-04:00" endTime="2026-05-31T17:02:18.7597717-04:00" testType="13cdc9d9-ddb5-4fa4-a97d-d965ccfc6d4b" outcome="Passed" testListId="8c84fa94-04c1-424b-9868-57a2d4851a1d" relativeResultsDirectory="62980a0a-b01b-445e-9add-e8719a8b75c1" />
    <UnitTestResult executionId="8ae4e8dd-cea4-48c6-b702-33531dcee780" testId="b7ecedc2-fc3d-fbb6-b167-d02d09f85a1d" testName="DEMAConsulting.VHDLTest.Tests.Simulators.NvcSimulatorTests.NvcSimulator_TestProcessor_FatalOutput_ReturnsErrorResult" computerName="KMC-L-DYTDH84" duration="00:00:00.0009026" startTime="2026-05-31T17:02:17.0734278-04:00" endTime="2026-05-31T17:02:17.0744185-04:00" testType="13cdc9d9-ddb5-4fa4-a97d-d965ccfc6d4b" outcome="Passed" testListId="8c84fa94-04c1-424b-9868-57a2d4851a1d" relativeResultsDirectory="8ae4e8dd-cea4-48c6-b702-33531dcee780" />
    <UnitTestResult executionId="e5dbae69-3692-4ca4-8dce-6cd5f0a500f2" testId="aa0749db-da54-aa59-2fe7-0010df288031" testName="DEMAConsulting.VHDLTest.Tests.ProgramTests.Program_Run_FailureExitCode_WithFailingTests_ReturnsNonZeroExitCode" computerName="KMC-L-DYTDH84" duration="00:00:00.0025714" startTime="2026-05-31T17:02:18.6134249-04:00" endTime="2026-05-31T17:02:18.6160172-04:00" testType="13cdc9d9-ddb5-4fa4-a97d-d965ccfc6d4b" outcome="Passed" testListId="8c84fa94-04c1-424b-9868-57a2d4851a1d" relativeResultsDirectory="e5dbae69-3692-4ca4-8dce-6cd5f0a500f2" />
    <UnitTestResult executionId="1394c806-adcf-40fe-be10-873ec0ecfcc5" testId="7ce8783c-9341-ced2-8a43-3b4508a71e9f" testName="DEMAConsulting.VHDLTest.Tests.Run.RunProgramTests.RunProgram_Run_ValidProgram_ReturnsZeroExitCodeAndNonEmptyOutput" computerName="KMC-L-DYTDH84" duration="00:00:00.2999105" startTime="2026-05-31T17:02:17.6089416-04:00" endTime="2026-05-31T17:02:17.9088941-04:00" testType="13cdc9d9-ddb5-4fa4-a97d-d965ccfc6d4b" outcome="Passed" testListId="8c84fa94-04c1-424b-9868-57a2d4851a1d" relativeResultsDirectory="1394c806-adcf-40fe-be10-873ec0ecfcc5" />
    <UnitTestResult executionId="a06e2f1a-0a80-4944-a74c-93cb448c1f83" testId="45484e23-8373-421d-8570-43cdf8d51b3e" testName="DEMAConsulting.VHDLTest.Tests.Simulators.ActiveHdlSimulatorTests.ActiveHdlSimulator_TestProcessor_KernelWarningUpper_ReturnsWarningResult" computerName="KMC-L-DYTDH84" duration="00:00:00.0003827" startTime="2026-05-31T17:02:17.2806579-04:00" endTime="2026-05-31T17:02:17.2810708-04:00" testType="13cdc9d9-ddb5-4fa4-a97d-d965ccfc6d4b" outcome="Passed" testListId="8c84fa94-04c1-424b-9868-57a2d4851a1d" relativeResultsDirectory="a06e2f1a-0a80-4944-a74c-93cb448c1f83" />
    <UnitTestResult executionId="26a1ab05-c3bf-405e-a381-3c45370e3cb0" testId="fc77c0ee-707a-a9a8-ab27-073b34d5e7e5" testName="DEMAConsulting.VHDLTest.Tests.Simulators.VivadoSimulatorTests.VivadoSimulator_SimulatorName_ReturnsVivado" computerName="KMC-L-DYTDH84" duration="00:00:00.0004002" startTime="2026-05-31T17:02:17.1969529-04:00" endTime="2026-05-31T17:02:17.1973909-04:00" testType="13cdc9d9-ddb5-4fa4-a97d-d965ccfc6d4b" outcome="Passed" testListId="8c84fa94-04c1-424b-9868-57a2d4851a1d" relativeResultsDirectory="26a1ab05-c3bf-405e-a381-3c45370e3cb0" />
    <UnitTestResult executionId="82616890-9f77-41e2-9466-32c83c5bb73c" testId="a378c06a-0a2f-cba9-1e47-1ca8520eb388" testName="DEMAConsulting.VHDLTest.Tests.Simulators.QuestaSimSimulatorTests.QuestaSimSimulator_FindPath_WithEnvVar_ReturnsEnvVarValue" computerName="KMC-L-DYTDH84" duration="00:00:00.0001510" startTime="2026-05-31T17:02:17.3418568-04:00" endTime="2026-05-31T17:02:17.3420250-04:00" testType="13cdc9d9-ddb5-4fa4-a97d-d965ccfc6d4b" outcome="Passed" testListId="8c84fa94-04c1-424b-9868-57a2d4851a1d" relativeResultsDirectory="82616890-9f77-41e2-9466-32c83c5bb73c" />
    <UnitTestResult executionId="bd236165-c044-4072-bfc5-16e0a698c936" testId="99dc5577-bab5-32bf-ff45-68bd21235b35" testName="DEMAConsulting.VHDLTest.Tests.Cli.ContextTests.Context_Create_WithLongConfigAlias_SetsConfigFile" computerName="KMC-L-DYTDH84" duration="00:00:00.0003414" startTime="2026-05-31T17:02:11.5982669-04:00" endTime="2026-05-31T17:02:11.5986389-04:00" testType="13cdc9d9-ddb5-4fa4-a97d-d965ccfc6d4b" outcome="Passed" testListId="8c84fa94-04c1-424b-9868-57a2d4851a1d" relativeResultsDirectory="bd236165-c044-4072-bfc5-16e0a698c936" />
    <UnitTestResult executionId="4a8a1b2b-720e-4558-a2e8-e39a9b415fa5" testId="7be37fbc-669e-ace8-5b33-0d228698548a" testName="DEMAConsulting.VHDLTest.Tests.Simulators.ActiveHdlSimulatorTests.ActiveHdlSimulator_Test_SimulatorNotAvailable_ThrowsInvalidOperationException" computerName="KMC-L-DYTDH84" duration="00:00:00.0010656" startTime="2026-05-31T17:02:17.2566903-04:00" endTime="2026-05-31T17:02:17.2579079-04:00" testType="13cdc9d9-ddb5-4fa4-a97d-d965ccfc6d4b" outcome="Passed" testListId="8c84fa94-04c1-424b-9868-57a2d4851a1d" relativeResultsDirectory="4a8a1b2b-720e-4558-a2e8-e39a9b415fa5" />
    <UnitTestResult executionId="0ff70391-ec1b-4ec2-927b-aae1e1bfd18b" testId="5a42c38e-233e-b913-5e2e-51fd67f7e3df" testName="DEMAConsulting.VHDLTest.Tests.Simulators.MockSimulatorTests.MockSimulator_TestProcessor_CleanOutput_ReturnsTextResult" computerName="KMC-L-DYTDH84" duration="00:00:00.0006174" startTime="2026-05-31T17:02:17.5273714-04:00" endTime="2026-05-31T17:02:17.5280428-04:00" testType="13cdc9d9-ddb5-4fa4-a97d-d965ccfc6d4b" outcome="Passed" testListId="8c84fa94-04c1-424b-9868-57a2d4851a1d" relativeResultsDirectory="0ff70391-ec1b-4ec2-927b-aae1e1bfd18b" />
    <UnitTestResult executionId="eb6b7cb7-a653-4d35-92c0-b4b14e7e79a2" testId="276f8bb0-9d18-14ad-12f8-ea50dda5d229" testName="DEMAConsulting.VHDLTest.Tests.Simulators.ModelSimSimulatorTests.ModelSimSimulator_TestProcessor_FailureOutput_ReturnsErrorResult" computerName="KMC-L-DYTDH84" duration="00:00:00.0007576" startTime="2026-05-31T17:02:17.4316281-04:00" endTime="2026-05-31T17:02:17.4324136-04:00" testType="13cdc9d9-ddb5-4fa4-a97d-d965ccfc6d4b" outcome="Passed" testListId="8c84fa94-04c1-424b-9868-57a2d4851a1d" relativeResultsDirectory="eb6b7cb7-a653-4d35-92c0-b4b14e7e79a2" />
    <UnitTestResult executionId="0f2f16e9-427f-4b59-ad01-83e71955b7c6" testId="76780765-7ce6-be82-da13-6ff3818dc1ed" testName="DEMAConsulting.VHDLTest.Tests.Run.RunSubsystemTests.RunSubsystem_ExecuteNoRules_FallsBackToTextClassification" computerName="KMC-L-DYTDH84" duration="00:00:00.3444244" startTime="2026-05-31T17:02:18.7610488-04:00" endTime="2026-05-31T17:02:19.1055277-04:00" testType="13cdc9d9-ddb5-4fa4-a97d-d965ccfc6d4b" outcome="Passed" testListId="8c84fa94-04c1-424b-9868-57a2d4851a1d" relativeResultsDirectory="0f2f16e9-427f-4b59-ad01-83e71955b7c6" />
    <UnitTestResult executionId="9138fb8e-dd4d-4ba6-ab4e-2879ec0db8c6" testId="2c62b311-4d03-b511-d76a-24522d74a7bc" testName="DEMAConsulting.VHDLTest.Tests.Cli.OptionsTests.Options_Parse_NoConfigProvided_ThrowsInvalidOperationException" computerName="KMC-L-DYTDH84" duration="00:00:00.0008510" startTime="2026-05-31T17:02:11.7546124-04:00" endTime="2026-05-31T17:02:11.7554970-04:00" testType="13cdc9d9-ddb5-4fa4-a97d-d965ccfc6d4b" outcome="Passed" testListId="8c84fa94-04c1-424b-9868-57a2d4851a1d" relativeResultsDirectory="9138fb8e-dd4d-4ba6-ab4e-2879ec0db8c6" />
    <UnitTestResult executionId="bfd47d5e-de85-432d-b618-f53e32ca9e37" testId="4f796b6c-29e7-de5a-4727-bab5a18b70fd" testName="DEMAConsulting.VHDLTest.Tests.Cli.ContextTests.Context_Write_SilentMode_WritesToLogFile" computerName="KMC-L-DYTDH84" duration="00:00:00.0037190" startTime="2026-05-31T17:02:11.6333834-04:00" endTime="2026-05-31T17:02:11.6371347-04:00" testType="13cdc9d9-ddb5-4fa4-a97d-d965ccfc6d4b" outcome="Passed" testListId="8c84fa94-04c1-424b-9868-57a2d4851a1d" relativeResultsDirectory="bfd47d5e-de85-432d-b618-f53e32ca9e37" />
    <UnitTestResult executionId="f5c81c92-981a-485b-91b0-5e57ec2d2b79" testId="17b31327-b46c-df15-e1b9-42c8620873e0" testName="DEMAConsulting.VHDLTest.Tests.Simulators.NvcSimulatorTests.NvcSimulator_CompileProcessor_WarningOutput_ReturnsWarningResult" computerName="KMC-L-DYTDH84" duration="00:00:00.0004294" startTime="2026-05-31T17:02:17.0759013-04:00" endTime="2026-05-31T17:02:17.0763626-04:00" testType="13cdc9d9-ddb5-4fa4-a97d-d965ccfc6d4b" outcome="Passed" testListId="8c84fa94-04c1-424b-9868-57a2d4851a1d" relativeResultsDirectory="f5c81c92-981a-485b-91b0-5e57ec2d2b79" />
    <UnitTestResult executionId="0965c073-09fe-4430-8d1f-001676dbcd4b" testId="0dbc5dcd-3d1d-3d41-8252-23cc23b8190e" testName="DEMAConsulting.VHDLTest.Tests.SelfTest.ValidationTests.Validation_Run_MockSimulator_IncludesOSVersionInReport" computerName="KMC-L-DYTDH84" duration="00:00:00.2702176" startTime="2026-05-31T17:02:14.5078614-04:00" endTime="2026-05-31T17:02:14.7781228-04:00" testType="13cdc9d9-ddb5-4fa4-a97d-d965ccfc6d4b" outcome="Passed" testListId="8c84fa94-04c1-424b-9868-57a2d4851a1d" relativeResultsDirectory="0965c073-09fe-4430-8d1f-001676dbcd4b" />
    <UnitTestResult executionId="dae979b4-db1d-4cc1-8795-b51e9285e4b5" testId="df3e892b-eca6-712e-360c-2116ee441d74" testName="DEMAConsulting.VHDLTest.Tests.Simulators.QuestaSimSimulatorTests.QuestaSimSimulator_TestProcessor_CleanOutput_ReturnsTextResult" computerName="KMC-L-DYTDH84" duration="00:00:00.0005109" startTime="2026-05-31T17:02:17.3593799-04:00" endTime="2026-05-31T17:02:17.3599284-04:00" testType="13cdc9d9-ddb5-4fa4-a97d-d965ccfc6d4b" outcome="Passed" testListId="8c84fa94-04c1-424b-9868-57a2d4851a1d" relativeResultsDirectory="dae979b4-db1d-4cc1-8795-b51e9285e4b5" />
    <UnitTestResult executionId="35712108-356d-4f5b-99d1-cb10f878e6a2" testId="9b06676f-c397-94b0-57ce-33533f027aa6" testName="DEMAConsulting.VHDLTest.Tests.Simulators.NvcSimulatorTests.NvcSimulator_CompileProcessor_InfoOutput_ReturnsInfoResult" computerName="KMC-L-DYTDH84" duration="00:00:00.0005787" startTime="2026-05-31T17:02:17.0721361-04:00" endTime="2026-05-31T17:02:17.0727546-04:00" testType="13cdc9d9-ddb5-4fa4-a97d-d965ccfc6d4b" outcome="Passed" testListId="8c84fa94-04c1-424b-9868-57a2d4851a1d" relativeResultsDirectory="35712108-356d-4f5b-99d1-cb10f878e6a2" />
    <UnitTestResult executionId="b92eb443-c3f9-48b1-b841-a3387b99e079" testId="86682b8c-1320-fdc4-c4b6-6ca47f0ac72a" testName="DEMAConsulting.VHDLTest.Tests.Run.RunProcessorTests.RunProcessor_Execute_WithVerboseContext_LogsCommand" computerName="KMC-L-DYTDH84" duration="00:00:00.5076821" startTime="2026-05-31T17:02:16.5531302-04:00" endTime="2026-05-31T17:02:17.0608635-04:00" testType="13cdc9d9-ddb5-4fa4-a97d-d965ccfc6d4b" outcome="Passed" testListId="8c84fa94-04c1-424b-9868-57a2d4851a1d" relativeResultsDirectory="b92eb443-c3f9-48b1-b841-a3387b99e079" />
    <UnitTestResult executionId="f1e8bd08-a911-4ead-9150-397a09d96ae8" testId="558a52da-7e9a-5817-238a-7f734ee12a78" testName="DEMAConsulting.VHDLTest.Tests.Simulators.ActiveHdlSimulatorTests.ActiveHdlSimulator_Test_WithCleanConfig_AppendsTclExitCode" computerName="KMC-L-DYTDH84" duration="00:00:00.0103697" startTime="2026-05-31T17:02:17.2630786-04:00" endTime="2026-05-31T17:02:17.2734892-04:00" testType="13cdc9d9-ddb5-4fa4-a97d-d965ccfc6d4b" outcome="Passed" testListId="8c84fa94-04c1-424b-9868-57a2d4851a1d" relativeResultsDirectory="f1e8bd08-a911-4ead-9150-397a09d96ae8" />
    <UnitTestResult executionId="2d0ed39e-66b3-4bdb-a543-e1ab7b50b71e" testId="b2a3f6b8-6388-272d-abc5-113883cf03d3" testName="DEMAConsulting.VHDLTest.Tests.Simulators.SimulatorTests.Simulator_Available_WithNonNullPath_ReturnsTrue" computerName="KMC-L-DYTDH84" duration="00:00:00.0004828" startTime="2026-05-31T17:02:17.4509718-04:00" endTime="2026-05-31T17:02:17.4514850-04:00" testType="13cdc9d9-ddb5-4fa4-a97d-d965ccfc6d4b" outcome="Passed" testListId="8c84fa94-04c1-424b-9868-57a2d4851a1d" relativeResultsDirectory="2d0ed39e-66b3-4bdb-a543-e1ab7b50b71e" />
    <UnitTestResult executionId="7291ac25-0851-4e31-9590-059c35f289ae" testId="8a4a40dd-84fa-4269-f880-33bfbeea04d6" testName="DEMAConsulting.VHDLTest.Tests.Simulators.ActiveHdlSimulatorTests.ActiveHdlSimulator_TestProcessor_KernelError_ReturnsErrorResult" computerName="KMC-L-DYTDH84" duration="00:00:00.0004149" startTime="2026-05-31T17:02:17.2594038-04:00" endTime="2026-05-31T17:02:17.2598527-04:00" testType="13cdc9d9-ddb5-4fa4-a97d-d965ccfc6d4b" outcome="Passed" testListId="8c84fa94-04c1-424b-9868-57a2d4851a1d" relativeResultsDirectory="7291ac25-0851-4e31-9590-059c35f289ae" />
    <UnitTestResult executionId="0fcf2158-6feb-4ab1-a677-ba957d36ec0a" testId="de670177-e5c4-b4c9-e74b-80a767d02a87" testName="DEMAConsulting.VHDLTest.Tests.Run.RunSubsystemTests.RunSubsystem_ExecuteRealProgram_WithErrorExitCode_ProducesErrorRunResults" computerName="KMC-L-DYTDH84" duration="00:00:00.3147088" startTime="2026-05-31T17:02:19.4851496-04:00" endTime="2026-05-31T17:02:19.7999763-04:00" testType="13cdc9d9-ddb5-4fa4-a97d-d965ccfc6d4b" outcome="Passed" testListId="8c84fa94-04c1-424b-9868-57a2d4851a1d" relativeResultsDirectory="0fcf2158-6feb-4ab1-a677-ba957d36ec0a" />
    <UnitTestResult executionId="ef5ee27d-acd4-47b3-8427-6b59127f9a9b" testId="5b414882-13e1-850a-3d0c-7e2c6ca29f09" testName="DEMAConsulting.VHDLTest.Tests.Results.TestResultsTests.TestResults_PrintSummary_AllFailTests_WritesFailedCountOnly" computerName="KMC-L-DYTDH84" duration="00:00:00.0051881" startTime="2026-05-31T17:02:20.1920664-04:00" endTime="2026-05-31T17:02:20.1972835-04:00" testType="13cdc9d9-ddb5-4fa4-a97d-d965ccfc6d4b" outcome="Passed" testListId="8c84fa94-04c1-424b-9868-57a2d4851a1d" relativeResultsDirectory="ef5ee27d-acd4-47b3-8427-6b59127f9a9b" />
    <UnitTestResult executionId="195c27ac-8260-47a1-8abf-7375a4cf1108" testId="a80b4624-751c-ddac-113b-f980dc216b56" testName="DEMAConsulting.VHDLTest.Tests.Cli.ContextTests.Context_Create_WithResultAlias_SetsResultsFile" computerName="KMC-L-DYTDH84" duration="00:00:00.0002498" startTime="2026-05-31T17:02:11.6165341-04:00" endTime="2026-05-31T17:02:11.6168213-04:00" testType="13cdc9d9-ddb5-4fa4-a97d-d965ccfc6d4b" outcome="Passed" testListId="8c84fa94-04c1-424b-9868-57a2d4851a1d" relativeResultsDirectory="195c27ac-8260-47a1-8abf-7375a4cf1108" />
    <UnitTestResult executionId="41f1ccfd-c493-433e-8b09-29621cb387e1" testId="134723d5-e0c3-21ad-70a4-b0716f923044" testName="DEMAConsulting.VHDLTest.Tests.ProgramTests.Program_Run_WithVersionFlag_DisplaysVersion" computerName="KMC-L-DYTDH84" duration="00:00:00.0021915" startTime="2026-05-31T17:02:18.6111063-04:00" endTime="2026-05-31T17:02:18.6133117-04:00" testType="13cdc9d9-ddb5-4fa4-a97d-d965ccfc6d4b" outcome="Passed" testListId="8c84fa94-04c1-424b-9868-57a2d4851a1d" relativeResultsDirectory="41f1ccfd-c493-433e-8b09-29621cb387e1" />
    <UnitTestResult executionId="6d534937-4863-4be5-b2e6-d1f0ab6690b8" testId="f824bcec-2b34-9a1b-ab95-42c2a351b3a8" testName="DEMAConsulting.VHDLTest.Tests.ProgramTests.Program_Run_WithTestFilter_RunsOnlyMatchingTests" computerName="KMC-L-DYTDH84" duration="00:00:00.0446734" startTime="2026-05-31T17:02:18.5501612-04:00" endTime="2026-05-31T17:02:18.5949417-04:00" testType="13cdc9d9-ddb5-4fa4-a97d-d965ccfc6d4b" outcome="Passed" testListId="8c84fa94-04c1-424b-9868-57a2d4851a1d" relativeResultsDirectory="6d534937-4863-4be5-b2e6-d1f0ab6690b8" />
    <UnitTestResult executionId="22a5398c-8796-437d-a8fd-028ef2684e0c" testId="991207e6-75fa-3192-bc9a-2379ad41ec2b" testName="DEMAConsulting.VHDLTest.Tests.Simulators.VivadoSimulatorTests.VivadoSimulator_TestProcessor_ErrorOutput_ReturnsErrorResult" computerName="KMC-L-DYTDH84" duration="00:00:00.0004292" startTime="2026-05-31T17:02:17.2497545-04:00" endTime="2026-05-31T17:02:17.2502194-04:00" testType="13cdc9d9-ddb5-4fa4-a97d-d965ccfc6d4b" outcome="Passed" testListId="8c84fa94-04c1-424b-9868-57a2d4851a1d" relativeResultsDirectory="22a5398c-8796-437d-a8fd-028ef2684e0c" />
    <UnitTestResult executionId="3753c898-a894-4752-818e-62e33179b513" testId="7e450a5c-b96b-f8e2-768d-e214a2849a44" testName="DEMAConsulting.VHDLTest.Tests.Simulators.ActiveHdlSimulatorTests.ActiveHdlSimulator_TestProcessor_RuntimeFatalError_ReturnsErrorResult" computerName="KMC-L-DYTDH84" duration="00:00:00.0003805" startTime="2026-05-31T17:02:17.2837653-04:00" endTime="2026-05-31T17:02:17.2841802-04:00" testType="13cdc9d9-ddb5-4fa4-a97d-d965ccfc6d4b" outcome="Passed" testListId="8c84fa94-04c1-424b-9868-57a2d4851a1d" relativeResultsDirectory="3753c898-a894-4752-818e-62e33179b513" />
    <UnitTestResult executionId="5857f39b-439a-40fc-b62d-4b788e4856dc" testId="06f307dc-487f-5580-3a08-9a5d81ed49cb" testName="DEMAConsulting.VHDLTest.Tests.Cli.ConfigDocumentTests.ConfigDocument_ReadFile_MalformedContent_ThrowsInvalidOperationException" computerName="KMC-L-DYTDH84" duration="00:00:00.0059328" startTime="2026-05-31T17:02:17.5128064-04:00" endTime="2026-05-31T17:02:17.5187785-04:00" testType="13cdc9d9-ddb5-4fa4-a97d-d965ccfc6d4b" outcome="Passed" testListId="8c84fa94-04c1-424b-9868-57a2d4851a1d" relativeResultsDirectory="5857f39b-439a-40fc-b62d-4b788e4856dc" />
    <UnitTestResult executionId="f4cdc647-ee55-45f9-aa3f-6eaa1d2c4927" testId="d0355913-28e5-7395-f507-230b4875c74d" testName="DEMAConsulting.VHDLTest.Tests.Cli.OptionsTests.Options_ResolveWorkingDirectory_RootPath_ThrowsInvalidOperationException" computerName="KMC-L-DYTDH84" duration="00:00:00.0006831" startTime="2026-05-31T17:02:11.7534543-04:00" endTime="2026-05-31T17:02:11.7541743-04:00" testType="13cdc9d9-ddb5-4fa4-a97d-d965ccfc6d4b" outcome="Passed" testListId="8c84fa94-04c1-424b-9868-57a2d4851a1d" relativeResultsDirectory="f4cdc647-ee55-45f9-aa3f-6eaa1d2c4927" />
    <UnitTestResult executionId="74f63f54-4f98-4b68-b0c0-695b120f6a76" testId="bf810d39-02fa-1059-6f19-f88e67a791b0" testName="DEMAConsulting.VHDLTest.Tests.Simulators.GhdlSimulatorTests.GhdlSimulator_Test_WhenNotAvailable_ThrowsInvalidOperationException" computerName="KMC-L-DYTDH84" duration="00:00:00.0021417" startTime="2026-05-31T17:02:17.1674221-04:00" endTime="2026-05-31T17:02:17.1696046-04:00" testType="13cdc9d9-ddb5-4fa4-a97d-d965ccfc6d4b" outcome="Passed" testListId="8c84fa94-04c1-424b-9868-57a2d4851a1d" relativeResultsDirectory="74f63f54-4f98-4b68-b0c0-695b120f6a76" />
    <UnitTestResult executionId="a7c0498a-7efc-4ae0-8260-e05b3305518e" testId="145245fb-163e-d8e8-242f-9ed19a7a5f81" testName="DEMAConsulting.VHDLTest.Tests.Run.RunProgramTests.RunProgram_Run_ProgramWithStderr_CapturesBothStreamsInOutput" computerName="KMC-L-DYTDH84" duration="00:00:00.3114700" startTime="2026-05-31T17:02:17.9098275-04:00" endTime="2026-05-31T17:02:18.2213419-04:00" testType="13cdc9d9-ddb5-4fa4-a97d-d965ccfc6d4b" outcome="Passed" testListId="8c84fa94-04c1-424b-9868-57a2d4851a1d" relativeResultsDirectory="a7c0498a-7efc-4ae0-8260-e05b3305518e" />
    <UnitTestResult executionId="4619b258-63ca-4a00-ac59-e59d928f67e4" testId="b7c9d779-0942-9f81-eecf-8a08504fe2b2" testName="DEMAConsulting.VHDLTest.Tests.Results.TestResultsTests.TestResults_SaveResults_WithUnknownExtension_CreatesTrxFile" computerName="KMC-L-DYTDH84" duration="00:00:00.0033416" startTime="2026-05-31T17:02:20.2311142-04:00" endTime="2026-05-31T17:02:20.2344693-04:00" testType="13cdc9d9-ddb5-4fa4-a97d-d965ccfc6d4b" outcome="Passed" testListId="8c84fa94-04c1-424b-9868-57a2d4851a1d" relativeResultsDirectory="4619b258-63ca-4a00-ac59-e59d928f67e4" />
    <UnitTestResult executionId="fb0d14ed-8f3e-43ed-b4c8-6b4007dd5532" testId="b4f8787c-8f3a-38a3-253b-8610e8de310d" testName="DEMAConsulting.VHDLTest.Tests.Simulators.ModelSimSimulatorTests.ModelSimSimulator_FindPath_WithoutEnvVar_ReturnsNullOrPath" computerName="KMC-L-DYTDH84" duration="00:00:00.0166683" startTime="2026-05-31T17:02:17.3816302-04:00" endTime="2026-05-31T17:02:17.3983564-04:00" testType="13cdc9d9-ddb5-4fa4-a97d-d965ccfc6d4b" outcome="Passed" testListId="8c84fa94-04c1-424b-9868-57a2d4851a1d" relativeResultsDirectory="fb0d14ed-8f3e-43ed-b4c8-6b4007dd5532" />
    <UnitTestResult executionId="e73a3c50-7d20-4c13-959e-fc851e56a6ca" testId="89448d53-7374-8799-0d38-701de6980410" testName="DEMAConsulting.VHDLTest.Tests.ProgramTests.Program_Run_WithVersionFlag_ReturnsZeroExitCode" computerName="KMC-L-DYTDH84" duration="00:00:00.0003047" startTime="2026-05-31T17:02:18.7308833-04:00" endTime="2026-05-31T17:02:18.7312196-04:00" testType="13cdc9d9-ddb5-4fa4-a97d-d965ccfc6d4b" outcome="Passed" testListId="8c84fa94-04c1-424b-9868-57a2d4851a1d" relativeResultsDirectory="e73a3c50-7d20-4c13-959e-fc851e56a6ca" />
    <UnitTestResult executionId="3f5f53b8-64dd-4a44-9cca-faabc5f53c94" testId="2de4478b-4951-1257-84e9-528731024246" testName="DEMAConsulting.VHDLTest.Tests.SelfTest.ValidationTests.Validation_Run_InvalidSimulator_ReturnsFailure" computerName="KMC-L-DYTDH84" duration="00:00:00.2259314" startTime="2026-05-31T17:02:12.6119876-04:00" endTime="2026-05-31T17:02:12.8379810-04:00" testType="13cdc9d9-ddb5-4fa4-a97d-d965ccfc6d4b" outcome="Passed" testListId="8c84fa94-04c1-424b-9868-57a2d4851a1d" relativeResultsDirectory="3f5f53b8-64dd-4a44-9cca-faabc5f53c94" />
    <UnitTestResult executionId="2dbaf312-e6c4-4faa-944e-d43d8470a856" testId="4e69cc71-97ef-b24a-f144-f48e7987f31e" testName="DEMAConsulting.VHDLTest.Tests.IntegrationTests.VHDLTest_SimulatorPath_LocatesSimulator" computerName="KMC-L-DYTDH84" duration="00:00:00.5437509" startTime="2026-05-31T17:02:08.1741097-04:00" endTime="2026-05-31T17:02:08.7180952-04:00" testType="13cdc9d9-ddb5-4fa4-a97d-d965ccfc6d4b" outcome="Passed" testListId="8c84fa94-04c1-424b-9868-57a2d4851a1d" relativeResultsDirectory="2dbaf312-e6c4-4faa-944e-d43d8470a856" />
[...]
    <TestEntry testId="fc77e683-aa1d-e747-2121-59c70dc98b3b" executionId="38c40559-f83e-436e-b3a3-1baaf30e65a1" testListId="8c84fa94-04c1-424b-9868-57a2d4851a1d" />
    <TestEntry testId="d30c95fb-721a-105f-5bb2-09ed9261fcaa" executionId="55ac35b5-dc95-4ce1-889c-48cbde352e32" testListId="8c84fa94-04c1-424b-9868-57a2d4851a1d" />
    <TestEntry testId="92befe3f-9d76-1d2e-4c58-b5abf83d0cfd" executionId="a9c81df6-a7a5-41d9-ac52-92f2940e5a1f" testListId="8c84fa94-04c1-424b-9868-57a2d4851a1d" />
    <TestEntry testId="4ee14299-c8c2-f6d1-d58c-5850833d18ac" executionId="f4b985e9-88ef-4ac7-8f79-2390880386d8" testListId="8c84fa94-04c1-424b-9868-57a2d4851a1d" />
    <TestEntry testId="57921e0d-1bab-60c9-ccaf-01c4adcca664" executionId="a9405d6f-3f5f-40de-884f-89139c532898" testListId="8c84fa94-04c1-424b-9868-57a2d4851a1d" />
    <TestEntry testId="eda8afb1-d525-bd95-74e6-f454522fe4c0" executionId="f930d439-3c52-4dc8-a400-48598c377913" testListId="8c84fa94-04c1-424b-9868-57a2d4851a1d" />
    <TestEntry testId="22a9c418-e3b9-f41b-ff14-b96518984c98" executionId="69bb2662-a1c0-4074-b7a5-da6f7ac4ee71" testListId="8c84fa94-04c1-424b-9868-57a2d4851a1d" />
    <TestEntry testId="207aa862-6a0a-a4a4-6f18-8abf482f0fc5" executionId="f0826b3b-3b9e-471f-8b5b-56c35c00cd6e" testListId="8c84fa94-04c1-424b-9868-57a2d4851a1d" />
    <TestEntry testId="4ffcdf74-ff2a-1cbd-1a5d-e79faba3f9a1" executionId="75201b49-504b-4410-80b7-265409764d7c" testListId="8c84fa94-04c1-424b-9868-57a2d4851a1d" />
    <TestEntry testId="d9e8ddce-d8a9-946b-69cd-439845e7221d" executionId="13ba5fbf-d51a-418d-a40a-4aa7a48214c3" testListId="8c84fa94-04c1-424b-9868-57a2d4851a1d" />
    <TestEntry testId="06e90af1-52ac-6374-e144-c18b9f8cad99" executionId="7945abd8-e148-41a3-9cbc-6833d921610a" testListId="8c84fa94-04c1-424b-9868-57a2d4851a1d" />
    <TestEntry testId="c91adc98-e355-edea-be26-fca6539d2498" executionId="316ae7be-5ac0-44be-946b-5fba5ba7b022" testListId="8c84fa94-04c1-424b-9868-57a2d4851a1d" />
    <TestEntry testId="a9153bf4-acb7-eb4b-eef4-4dcdddf3cb79" executionId="f3e455e1-ae22-4393-b2da-edf9a1b63c52" testListId="8c84fa94-04c1-424b-9868-57a2d4851a1d" />
    <TestEntry testId="36c1beb8-fc8c-849b-f1bf-7ba1e3211151" executionId="202ec5f7-b710-4760-8456-568fdb1a63eb" testListId="8c84fa94-04c1-424b-9868-57a2d4851a1d" />
    <TestEntry testId="eae4f033-e81f-cb02-955c-072644aa54f5" executionId="fab29664-d210-4848-b495-034805fd5b23" testListId="8c84fa94-04c1-424b-9868-57a2d4851a1d" />
    <TestEntry testId="8bdf0d1f-fcab-3c82-9db1-288ff123d69a" executionId="479b6295-3b9c-4e98-b6fa-669e0f5529a3" testListId="8c84fa94-04c1-424b-9868-57a2d4851a1d" />
    <TestEntry testId="e797527a-188c-31c0-cb3f-cf4c0cb2f1e7" executionId="2aeb24f4-f2f8-4660-ad71-df3df6902e73" testListId="8c84fa94-04c1-424b-9868-57a2d4851a1d" />
    <TestEntry testId="0f2fe237-f784-b1a4-9982-fe5e2469925a" executionId="d8d2b0dc-6727-4a21-9551-cd9e6a094c56" testListId="8c84fa94-04c1-424b-9868-57a2d4851a1d" />
    <TestEntry testId="9b756688-f7b8-c6bd-8d65-5d240d6a23e2" executionId="162e4b2a-3aaa-4fbc-ac32-12ee8b4432fb" testListId="8c84fa94-04c1-424b-9868-57a2d4851a1d" />
    <TestEntry testId="fabd6b5e-d4df-f468-5cc5-bbba9a2b39aa" executionId="de334d73-dcee-4df2-b5db-85de38fd85ee" testListId="8c84fa94-04c1-424b-9868-57a2d4851a1d" />
    <TestEntry testId="14003a2c-5eaa-6dbb-b40b-1cdb98878ea3" executionId="73b044f4-de94-411a-84e3-954a2ed58fbe" testListId="8c84fa94-04c1-424b-9868-57a2d4851a1d" />
    <TestEntry testId="62bc1598-1a44-7869-2591-257c5bee5e5d" executionId="d1159940-2fb6-4d07-9eef-ed5c26ebbdca" testListId="8c84fa94-04c1-424b-9868-57a2d4851a1d" />
    <TestEntry testId="9786d05a-3895-d882-c2ad-cb92a0eace32" executionId="e01e83a9-37d5-4272-9835-c3c13143f3d2" testListId="8c84fa94-04c1-424b-9868-57a2d4851a1d" />
    <TestEntry testId="d9a6e2ff-26b4-3040-c286-ea6a09fce3e6" executionId="ca3aaead-4dd1-4f59-aa69-b50de368c9ad" testListId="8c84fa94-04c1-424b-9868-57a2d4851a1d" />
    <TestEntry testId="dac8bef2-2f7a-f6e0-8cbe-d6fced874c41" executionId="0ed1dc28-efeb-43e9-8a90-90e5784a2ca0" testListId="8c84fa94-04c1-424b-9868-57a2d4851a1d" />
    <TestEntry testId="f88e7448-4b6e-51ba-e60d-3e6dfeaae774" executionId="5f1fa629-0c2d-431c-845f-dc17e418b13f" testListId="8c84fa94-04c1-424b-9868-57a2d4851a1d" />
    <TestEntry testId="a9130cf6-313b-1d79-0a6e-e43914af962a" executionId="fcbbc58d-e6d1-40f3-877f-fd7b652d814e" testListId="8c84fa94-04c1-424b-9868-57a2d4851a1d" />
    <TestEntry testId="ad271ad0-2e48-20f4-2627-c7315fa86425" executionId="3819d170-3fc0-4d2d-96ad-4d079f7cdae5" testListId="8c84fa94-04c1-424b-9868-57a2d4851a1d" />
    <TestEntry testId="8700af8b-5947-006d-9b4c-c9737aaa47eb" executionId="99beafc3-d511-48c7-aa06-e112f52c2f7f" testListId="8c84fa94-04c1-424b-9868-57a2d4851a1d" />
    <TestEntry testId="7df4e45e-f0b6-cd22-2d5a-efba55b21835" executionId="89cd0965-ba4f-429d-ac8f-8d61818c0178" testListId="8c84fa94-04c1-424b-9868-57a2d4851a1d" />
    <TestEntry testId="fecc9902-b00d-69bb-3fed-8da114189be7" executionId="d941b6f3-384f-4fdb-bd7a-7d84b624cce7" testListId="8c84fa94-04c1-424b-9868-57a2d4851a1d" />
    <TestEntry testId="72ce4caa-b39b-373f-32a7-5b7228f87d2a" executionId="4604bb5a-b603-45be-aca2-f906d0b1056c" testListId="8c84fa94-04c1-424b-9868-57a2d4851a1d" />
    <TestEntry testId="2b709a48-16b7-9c8a-4bad-d64ee918986c" executionId="ef4b8dea-38fd-4718-ba59-09859054f5b0" testListId="8c84fa94-04c1-424b-9868-57a2d4851a1d" />
    <TestEntry testId="fcab421b-c20a-8ec0-7d80-c3844e7c859d" executionId="962699c0-624f-48eb-9ac8-a9284bd441a7" testListId="8c84fa94-04c1-424b-9868-57a2d4851a1d" />
    <TestEntry testId="2f1839d6-0700-8857-1acc-685303226ac4" executionId="2bf192e0-a3fd-4958-b643-14b823fbeb00" testListId="8c84fa94-04c1-424b-9868-57a2d4851a1d" />
    <TestEntry testId="82ec57e0-12de-2813-365b-21aadddea025" executionId="28648510-1fc8-4b62-8ad3-3d3095fc9bef" testListId="8c84fa94-04c1-424b-9868-57a2d4851a1d" />
    <TestEntry testId="aaa9f6e6-bce5-05b4-e7d2-16fbf8bbe061" executionId="278e6781-12b8-473b-b807-90671ed2ffaa" testListId="8c84fa94-04c1-424b-9868-57a2d4851a1d" />
    <TestEntry testId="9dec08d0-c32a-c2be-6f33-9e770ecac8b6" executionId="105c7de8-56d1-4026-89f9-8f6ca76c82d0" testListId="8c84fa94-04c1-424b-9868-57a2d4851a1d" />
    <TestEntry testId="d4e7e7c8-e93d-b670-e649-a7b4c3edcdee" executionId="1cb78605-cfd4-4271-825a-25b84697df67" testListId="8c84fa94-04c1-424b-9868-57a2d4851a1d" />
    <TestEntry testId="6371f280-7505-5525-ebd6-67ac0c4f6226" executionId="f8a2f544-7b07-4bb3-8c57-fdc926f32be5" testListId="8c84fa94-04c1-424b-9868-57a2d4851a1d" />
    <TestEntry testId="4ea9ccce-6b37-d217-37d2-e585f49abcc6" executionId="3e286bba-b47d-4db7-b841-60f1734b6cad" testListId="8c84fa94-04c1-424b-9868-57a2d4851a1d" />
    <TestEntry testId="b9c553aa-f9a1-abf0-d5c1-48bc70de3682" executionId="09239ac5-b18e-4c67-ba9d-2ac8ec4a2848" testListId="8c84fa94-04c1-424b-9868-57a2d4851a1d" />
    <TestEntry testId="d65b252e-ba0a-604c-8a11-bf5a51f8c557" executionId="47f4d465-5c33-4605-ba69-8e4094a7009d" testListId="8c84fa94-04c1-424b-9868-57a2d4851a1d" />
    <TestEntry testId="19cd59f5-3929-12a2-e39b-900867c07432" executionId="c5a25323-ee99-4732-8547-35163fe02968" testListId="8c84fa94-04c1-424b-9868-57a2d4851a1d" />
    <TestEntry testId="6b209376-e86f-eb17-2333-c3bb144e1487" executionId="69ba46a6-9dfe-4ebc-95c4-da15c3f3292e" testListId="8c84fa94-04c1-424b-9868-57a2d4851a1d" />
    <TestEntry testId="ad2f1ba7-0fb7-2dd2-5921-06936a432c2d" executionId="524d92ad-b0fe-4fa2-9f71-6fb6b35cf2de" testListId="8c84fa94-04c1-424b-9868-57a2d4851a1d" />
    <TestEntry testId="f9e67698-df53-cdce-3360-36275b49d96c" executionId="e1441b39-bbcc-48aa-aaaf-028ad2c63004" testListId="8c84fa94-04c1-424b-9868-57a2d4851a1d" />
    <TestEntry testId="a66959b2-cf6c-175f-d9b8-54b562d3819a" executionId="fe5b0c3d-81d6-4a6a-a8f5-cbe1b6d857d2" testListId="8c84fa94-04c1-424b-9868-57a2d4851a1d" />
    <TestEntry testId="baf03025-a817-a258-5117-eb5119a8db5e" executionId="bf1029ec-ed36-4c22-a6f2-6f89f71d0fc4" testListId="8c84fa94-04c1-424b-9868-57a2d4851a1d" />
    <TestEntry testId="aabe632c-6bde-60dd-c5cf-816355b6ca49" executionId="60e83abc-9cad-463f-817c-9354a6d68fde" testListId="8c84fa94-04c1-424b-9868-57a2d4851a1d" />
    <TestEntry testId="9cb19a13-e0ec-4da7-780e-bda1d3ec0395" executionId="b79133fe-e1a3-454a-b5d4-4a95d5a654a1" testListId="8c84fa94-04c1-424b-9868-57a2d4851a1d" />
    <TestEntry testId="c89ba58f-e712-a87e-be6a-183af3401697" executionId="35af9442-1a69-464d-a708-08f9720c8c6b" testListId="8c84fa94-04c1-424b-9868-57a2d4851a1d" />
    <TestEntry testId="8bccb55b-f796-eb9c-e343-9a80fe633308" executionId="2fc034dd-4044-4271-82f2-d5894f66aa62" testListId="8c84fa94-04c1-424b-9868-57a2d4851a1d" />
    <TestEntry testId="04f7e399-3dd7-65be-8908-6ca3d6efa49b" executionId="d40283bc-9b03-4b30-aa49-8f111075de5b" testListId="8c84fa94-04c1-424b-9868-57a2d4851a1d" />
    <TestEntry testId="4c0e5888-b404-c462-8d16-bbe93fdf0bd2" executionId="b4bde26d-882a-433b-90de-b0c8200b935c" testListId="8c84fa94-04c1-424b-9868-57a2d4851a1d" />
    <TestEntry testId="5dc0a71c-34b8-b05a-6514-f07f68371212" executionId="4b383bc5-423c-4c8a-af1e-46ca3be9f28a" testListId="8c84fa94-04c1-424b-9868-57a2d4851a1d" />
    <TestEntry testId="b2ecc28c-00ed-85f7-b494-3e439f1ebb9d" executionId="57b42b84-33c6-4f79-a7b8-ce12f06a26f3" testListId="8c84fa94-04c1-424b-9868-57a2d4851a1d" />
    <TestEntry testId="4890ed5d-cff1-1134-c43e-c5002961d71a" executionId="496082de-3fae-44df-8c47-6e76d87d4af1" testListId="8c84fa94-04c1-424b-9868-57a2d4851a1d" />
    <TestEntry testId="e194d630-a900-06b5-a5d1-9ee74830bc75" executionId="8e61bfdb-85ab-4bdb-ac60-5e52928090bd" testListId="8c84fa94-04c1-424b-9868-57a2d4851a1d" />
    <TestEntry testId="771a4968-d2f7-a9f9-9164-9382f336fda2" executionId="409f5de9-a394-4850-8a32-fe9d0a6f19f3" testListId="8c84fa94-04c1-424b-9868-57a2d4851a1d" />
    <TestEntry testId="1b342fcf-4368-6317-e424-c99ffd781586" executionId="b3526f65-c49e-4c05-af1d-7217b2d63d84" testListId="8c84fa94-04c1-424b-9868-57a2d4851a1d" />
    <TestEntry testId="b97c02c1-8bcf-348c-5e40-7caa7c3d7a4c" executionId="98acf3bb-8e75-4fda-9842-ca8b8888413b" testListId="8c84fa94-04c1-424b-9868-57a2d4851a1d" />
    <TestEntry testId="fe84c88e-fbd8-7994-5cbd-66e209f4f2bf" executionId="cfa6dfd6-9598-410a-a679-ccace12f2c4f" testListId="8c84fa94-04c1-424b-9868-57a2d4851a1d" />
    <TestEntry testId="9d7918c8-6c4c-c99e-c7a3-1566d8bc965f" executionId="53592993-7837-4655-bb49-91dad4ce4514" testListId="8c84fa94-04c1-424b-9868-57a2d4851a1d" />
    <TestEntry testId="a78ccfab-d5e2-5915-b610-584326d88f87" executionId="9ee3aa12-9e75-40d7-9389-2185e6e3934c" testListId="8c84fa94-04c1-424b-9868-57a2d4851a1d" />
    <TestEntry testId="36c7865e-57a7-5b12-403c-7f8de16a850a" executionId="28db3157-5eee-4456-8e97-2703d35afe8e" testListId="8c84fa94-04c1-424b-9868-57a2d4851a1d" />
    <TestEntry testId="21c468b5-b072-87b9-7469-0111a5e54a3d" executionId="a4b4d858-a8a0-4c4d-818a-ce0b89c2c474" testListId="8c84fa94-04c1-424b-9868-57a2d4851a1d" />
    <TestEntry testId="b7a56333-f10e-f46e-dca8-4e6fa74ac9f0" executionId="4611d815-3af4-4b02-96c8-78ee304768fe" testListId="8c84fa94-04c1-424b-9868-57a2d4851a1d" />
    <TestEntry testId="a503688d-5a94-5ba6-7112-6710966f4d12" executionId="e33a6e03-5915-4087-9816-80080ce8f24f" testListId="8c84fa94-04c1-424b-9868-57a2d4851a1d" />
    <TestEntry testId="da2dd539-082c-f077-c01c-12bcb23aa688" executionId="88ccc4b2-5f16-49ad-9301-87a71e6bdb7c" testListId="8c84fa94-04c1-424b-9868-57a2d4851a1d" />
    <TestEntry testId="f2d8cb10-65d7-30cf-3f1c-e53f9d9c976f" executionId="2353e8e8-987c-442a-a623-ba7119cfb5f9" testListId="8c84fa94-04c1-424b-9868-57a2d4851a1d" />
    <TestEntry testId="75df2bd2-c5dd-d7d1-06b3-49c21e4c2b55" executionId="dc8527b4-aaba-468b-909d-53b92e0e08c9" testListId="8c84fa94-04c1-424b-9868-57a2d4851a1d" />
    <TestEntry testId="439ecea7-a8d3-cbc0-4e73-40cd0df7e9bf" executionId="ce0b0f9a-439e-408f-8f72-d90ca9ae2465" testListId="8c84fa94-04c1-424b-9868-57a2d4851a1d" />
    <TestEntry testId="f979b5dc-1a48-e6d5-5d31-ccc06f80a871" executionId="ad22d7fb-ee83-4b70-b67d-e5e518abdd24" testListId="8c84fa94-04c1-424b-9868-57a2d4851a1d" />
    <TestEntry testId="2494f5fe-8abc-8f28-3666-d96b905718e5" executionId="79fe69aa-5f59-4f58-ba7c-47118eb3da68" testListId="8c84fa94-04c1-424b-9868-57a2d4851a1d" />
    <TestEntry testId="9814bed7-82ab-d529-bc9e-bbb67b2f520a" executionId="dc646b44-6088-4cd8-b523-d5740fc19a7e" testListId="8c84fa94-04c1-424b-9868-57a2d4851a1d" />
    <TestEntry testId="9950a246-5b91-3db6-0c2b-f57383a1af88" executionId="efb05227-675f-45d0-a094-83e1bd13caee" testListId="8c84fa94-04c1-424b-9868-57a2d4851a1d" />
    <TestEntry testId="1e880b9c-6d3d-87c9-35d8-1f8fbc71cac7" executionId="ec44c1ba-c9f8-4878-a355-a315270f6694" testListId="8c84fa94-04c1-424b-9868-57a2d4851a1d" />
    <TestEntry testId="ed3fb7cb-bf36-53bb-0066-12d21b590089" executionId="1fe4cc80-f8b1-41d2-a9fe-9eaaa2ee57e4" testListId="8c84fa94-04c1-424b-9868-57a2d4851a1d" />
    <TestEntry testId="b21e17b3-a07a-717d-ff36-7c2f57fe493d" executionId="f530e343-bfc8-4457-b6b2-5bef00bfe085" testListId="8c84fa94-04c1-424b-9868-57a2d4851a1d" />
    <TestEntry testId="ad1cf3b5-10cb-77ba-7c04-80b63714b2e2" executionId="04af177d-d8d7-4c44-af7f-d6a9bfd091ba" testListId="8c84fa94-04c1-424b-9868-57a2d4851a1d" />
    <TestEntry testId="0b7bacbe-125a-e452-27f8-a952a65da22d" executionId="0165163c-f463-4c89-b1fe-3f17ac1662b0" testListId="8c84fa94-04c1-424b-9868-57a2d4851a1d" />
    <TestEntry testId="c103a18b-fc85-f586-6422-e08e79d425ac" executionId="32f2a33e-1310-406f-ae1f-c8bbce1fc353" testListId="8c84fa94-04c1-424b-9868-57a2d4851a1d" />
    <TestEntry testId="15cada75-9cc0-9f46-1df9-59d03a20a92f" executionId="06a2d3dc-1303-48c5-a0ad-91a08fb04080" testListId="8c84fa94-04c1-424b-9868-57a2d4851a1d" />
    <TestEntry testId="b2e11a44-b9cd-593d-beb5-c28afed5fcb1" executionId="185a0f49-1b6b-481a-b6de-de5fe40ece9a" testListId="8c84fa94-04c1-424b-9868-57a2d4851a1d" />
    <TestEntry testId="41495674-dd18-a1ec-66e2-68fb7f9094a6" executionId="8674f460-021f-4efc-b814-67d366c3db88" testListId="8c84fa94-04c1-424b-9868-57a2d4851a1d" />
    <TestEntry testId="40426a90-005c-b1ad-461a-cbd9512e8980" executionId="46e3dacd-f6f6-428a-95ad-678f7b1d56b5" testListId="8c84fa94-04c1-424b-9868-57a2d4851a1d" />
    <TestEntry testId="a9f65b0f-19db-a0b2-b634-ec210f8fd12f" executionId="431b89a2-cbb7-4afe-a5f6-27606c91cfcf" testListId="8c84fa94-04c1-424b-9868-57a2d4851a1d" />
    <TestEntry testId="3fa4f5ff-0936-71aa-bd85-e74750c4e85f" executionId="617d9673-f337-401a-93c4-10a90cee82be" testListId="8c84fa94-04c1-424b-9868-57a2d4851a1d" />
    <TestEntry testId="da79db04-a59b-8aaf-d4c7-33ed45dd018a" executionId="9dc3f419-1703-4798-b61d-de16854a0b12" testListId="8c84fa94-04c1-424b-9868-57a2d4851a1d" />
    <TestEntry testId="98838210-a9ed-daff-0ae3-0d20c37995cb" executionId="48ed9187-316b-4aad-b302-250d24a12c2c" testListId="8c84fa94-04c1-424b-9868-57a2d4851a1d" />
    <TestEntry testId="6c2373bc-4da7-885c-92c0-3b555ca7363a" executionId="c5b3e4ea-ff0d-4231-95e1-ef35670cda7c" testListId="8c84fa94-04c1-424b-9868-57a2d4851a1d" />
    <TestEntry testId="bd18a5f5-ce2a-c404-dcde-04a51f1a20f5" executionId="18b76354-37ba-4b7b-a1a3-11c518a3c63a" testListId="8c84fa94-04c1-424b-9868-57a2d4851a1d" />
    <TestEntry testId="142e6985-8a72-5757-2fbc-9a51ab464ed9" executionId="15764bc7-b242-41e6-9876-f05bb30a835f" testListId="8c84fa94-04c1-424b-9868-57a2d4851a1d" />
    <TestEntry testId="8776ed72-50c2-d9cb-d8af-b462de84ca1d" executionId="5b76d411-cd3b-4a7a-aaf4-83e165297ef3" testListId="8c84fa94-04c1-424b-9868-57a2d4851a1d" />
    <TestEntry testId="1dd0159f-c4e8-4310-c922-55b759f69f7e" executionId="41a4b08c-30b1-4cb7-a058-418650216ae9" testListId="8c84fa94-04c1-424b-9868-57a2d4851a1d" />
    <TestEntry testId="27aa94e5-12ee-c352-30e6-4af78e0da16c" executionId="05506dcf-7262-47f1-9d67-4b1b4ee78dab" testListId="8c84fa94-04c1-424b-9868-57a2d4851a1d" />
    <TestEntry testId="390b1289-925b-59a1-c5a1-3bf3f6b67e61" executionId="6284efa1-bb6d-41b9-b0b4-022d49717d86" testListId="8c84fa94-04c1-424b-9868-57a2d4851a1d" />
    <TestEntry testId="2e16613e-ccd0-7045-cafd-77caf2e7d6bd" executionId="6bcb414a-f678-4f36-9853-c20900c94056" testListId="8c84fa94-04c1-424b-9868-57a2d4851a1d" />
    <TestEntry testId="df280bb1-ae9a-2a05-71d2-791f67945a84" executionId="f00cd429-203f-4c6f-ac96-1cef67f6cdc8" testListId="8c84fa94-04c1-424b-9868-57a2d4851a1d" />
    <TestEntry testId="1b9cca94-aac8-4bf9-59d3-940583ed2527" executionId="494a1e2c-b27f-4b14-88eb-e8c364add38d" testListId="8c84fa94-04c1-424b-9868-57a2d4851a1d" />
    <TestEntry testId="9ca245bc-1f8c-979f-aa71-e2063a5e81c9" executionId="fef8caf9-21b2-4e13-b01d-ba6ee17a6378" testListId="8c84fa94-04c1-424b-9868-57a2d4851a1d" />
    <TestEntry testId="1829eab6-e45d-6912-c9a9-60c00bb3865c" executionId="d89c3549-29d9-4c85-a5b5-8f4972fb51f5" testListId="8c84fa94-04c1-424b-9868-57a2d4851a1d" />
    <TestEntry testId="8dbd4460-1280-b7ca-3b50-a3c61dd915e1" executionId="84867592-6ef9-4152-8d36-a5971f733ba3" testListId="8c84fa94-04c1-424b-9868-57a2d4851a1d" />
    <TestEntry testId="358872f7-a8d9-42e0-037a-97c76fe6fff9" executionId="6429e3c6-d402-4332-9366-f9be16c2a6fc" testListId="8c84fa94-04c1-424b-9868-57a2d4851a1d" />
    <TestEntry testId="14ee0e84-a5e9-c39d-49a4-4c14b6eb7383" executionId="64012095-07c9-4389-8354-3d714745fe0f" testListId="8c84fa94-04c1-424b-9868-57a2d4851a1d" />
    <TestEntry testId="16913850-8bdb-d0e6-91f7-e7729b98ec5b" executionId="ae9bd7af-bf92-4df8-a92d-ed6782ce3a3b" testListId="8c84fa94-04c1-424b-9868-57a2d4851a1d" />
    <TestEntry testId="e89257a4-b251-4db3-1037-aced5c1e1b65" executionId="405e6279-b0ea-4784-afbc-4289e401210b" testListId="8c84fa94-04c1-424b-9868-57a2d4851a1d" />
    <TestEntry testId="40e7338c-abc3-5760-dbb3-80994c0c0451" executionId="bc5bf59d-4c86-4b62-ad95-7fba647ec923" testListId="8c84fa94-04c1-424b-9868-57a2d4851a1d" />
    <TestEntry testId="e30834e8-8f8e-a53e-1f0d-f09cd4c70993" executionId="63d1d052-1145-49c4-a773-3c1e240c3895" testListId="8c84fa94-04c1-424b-9868-57a2d4851a1d" />
    <TestEntry testId="c80a9b7e-c489-79ff-8a6e-845894ba2501" executionId="b3bd0d91-7d55-48c6-8f4c-8080cc0ec6b9" testListId="8c84fa94-04c1-424b-9868-57a2d4851a1d" />
    <TestEntry testId="b75e06cd-c905-2be3-a757-8164b79732be" executionId="c64eb5a3-d917-4683-a08b-48e083242f1e" testListId="8c84fa94-04c1-424b-9868-57a2d4851a1d" />
    <TestEntry testId="809362f9-92ef-6efa-d23a-d4abb2467859" executionId="016b4626-27a0-418e-af7c-2cd1d0d866cd" testListId="8c84fa94-04c1-424b-9868-57a2d4851a1d" />
    <TestEntry testId="e769ac52-816f-f827-7b44-faa925dc805c" executionId="51d08fcf-770b-47a0-a2f7-aeb7803b7b5f" testListId="8c84fa94-04c1-424b-9868-57a2d4851a1d" />
  </TestEntries>
  <TestLists>
    <TestList name="Results Not in a List" id="8c84fa94-04c1-424b-9868-57a2d4851a1d" />
    <TestList name="All Loaded Results" id="19431567-8539-422a-85d7-44ee4e166bda" />
  </TestLists>
  <ResultSummary outcome="Completed">
    <Counters total="319" executed="319" passed="319" failed="0" error="0" timeout="0" aborted="0" inconclusive="0" passedButRunAborted="0" notRunnable="0" notExecuted="0" disconnected="0" warning="0" completed="0" inProgress="0" pending="0" />
    <Output>
      <StdOut>[xUnit.net 00:00:00.00] xUnit.net VSTest Adapter v3.1.5+1b188a7b0a (64-bit .NET 10.0.8)&#xD;
[xUnit.net 00:00:00.23]   Discovering: DEMAConsulting.VHDLTest.Tests&#xD;
[xUnit.net 00:00:00.55]   Discovered:  DEMAConsulting.VHDLTest.Tests&#xD;
[xUnit.net 00:00:00.82]   Starting:    DEMAConsulting.VHDLTest.Tests&#xD;
[xUnit.net 00:00:19.86]   Finished:    DEMAConsulting.VHDLTest.Tests (ID = '5c8522d6a6507dcc491bd56ecf10dffa0fc718b86828fdf9c4494f277e8620f7')&#xD;
</StdOut>
    </Output>
  </ResultSummary>
</TestRun>