<?xml version="1.0" encoding="utf-8"?>
<TestRun id="b01e19c1-4bf6-42b9-a5c6-3249ae0bf769" name="mnixon@KMC-L-DYTDH84 2026-05-28 23:38:25" runUser="KMC\mnixon" xmlns="http://microsoft.com/schemas/VisualStudio/TeamTest/2010">
  <Times creation="2026-05-28T23:38:25.2924544-04:00" queuing="2026-05-28T23:38:25.2924548-04:00" start="2026-05-28T23:38:23.2795911-04:00" finish="2026-05-28T23:38:30.7233420-04:00" />
  <TestSettings name="default" id="ae4f7543-14e2-403a-8388-f407098b6f71">
    <Deployment runDeploymentRoot="mnixon_KMC-L-DYTDH84_2026-05-28_23_38_25" />
  </TestSettings>
  <Results>
    <UnitTestResult executionId="d2ed3813-19d6-4c34-9a2a-50b38e098b8c" testId="72715ede-7760-43d8-55ed-6cfc77799327" testName="DEMAConsulting.VHDLTest.Tests.ProgramTests.Program_Version_IsNotEmpty" computerName="KMC-L-DYTDH84" duration="00:00:00.0000790" startTime="2026-05-28T23:38:27.0509145-04:00" endTime="2026-05-28T23:38:27.0510102-04:00" testType="13cdc9d9-ddb5-4fa4-a97d-d965ccfc6d4b" outcome="Passed" testListId="8c84fa94-04c1-424b-9868-57a2d4851a1d" relativeResultsDirectory="d2ed3813-19d6-4c34-9a2a-50b38e098b8c" />
    <UnitTestResult executionId="c26820f6-0eb3-41e9-a6a9-e6276e39ef79" testId="54f51a8b-7dea-2483-6e70-78284e616de8" testName="DEMAConsulting.VHDLTest.Tests.Cli.ContextTests.Context_Create_WithCustomTests_SetsCustomTests" computerName="KMC-L-DYTDH84" duration="00:00:00.0001678" startTime="2026-05-28T23:38:25.6352573-04:00" endTime="2026-05-28T23:38:25.6354496-04:00" testType="13cdc9d9-ddb5-4fa4-a97d-d965ccfc6d4b" outcome="Passed" testListId="8c84fa94-04c1-424b-9868-57a2d4851a1d" relativeResultsDirectory="c26820f6-0eb3-41e9-a6a9-e6276e39ef79" />
    <UnitTestResult executionId="c8411d69-2a9a-4cc8-87f0-a5e9c532c30c" testId="5b7b3688-fa69-a6e3-857a-85b6da745887" testName="DEMAConsulting.VHDLTest.Tests.Cli.ConfigDocumentTests.ConfigDocument_ReadFile_InvalidContent_ThrowsInvalidOperationException" computerName="KMC-L-DYTDH84" duration="00:00:00.0037965" startTime="2026-05-28T23:38:27.6851421-04:00" endTime="2026-05-28T23:38:27.6889723-04:00" testType="13cdc9d9-ddb5-4fa4-a97d-d965ccfc6d4b" outcome="Passed" testListId="8c84fa94-04c1-424b-9868-57a2d4851a1d" relativeResultsDirectory="c8411d69-2a9a-4cc8-87f0-a5e9c532c30c" />
    <UnitTestResult executionId="c3fe13de-cfe2-41da-981b-43433f7c1999" testId="606cfafb-6f5a-d470-9f21-eba133903f86" testName="DEMAConsulting.VHDLTest.Tests.Simulators.NvcSimulatorTests.NvcSimulator_TestProcessor_FatalOutput_ReturnsErrorResult" computerName="KMC-L-DYTDH84" duration="00:00:00.0001678" startTime="2026-05-28T23:38:25.6130550-04:00" endTime="2026-05-28T23:38:25.6132431-04:00" testType="13cdc9d9-ddb5-4fa4-a97d-d965ccfc6d4b" outcome="Passed" testListId="8c84fa94-04c1-424b-9868-57a2d4851a1d" relativeResultsDirectory="c3fe13de-cfe2-41da-981b-43433f7c1999" />
    <UnitTestResult executionId="38314201-89e5-4536-aef1-f683da74cbd8" testId="a78ccfab-d5e2-5915-b610-584326d88f87" testName="DEMAConsulting.VHDLTest.Tests.Run.RunProcessorTests.RunProcessor_Parse_OutputWithWarningPattern_ReturnsWarningSummary" computerName="KMC-L-DYTDH84" duration="00:00:00.0049233" startTime="2026-05-28T23:38:24.6510277-04:00" endTime="2026-05-28T23:38:24.6559848-04:00" testType="13cdc9d9-ddb5-4fa4-a97d-d965ccfc6d4b" outcome="Passed" testListId="8c84fa94-04c1-424b-9868-57a2d4851a1d" relativeResultsDirectory="38314201-89e5-4536-aef1-f683da74cbd8" />
    <UnitTestResult executionId="08435cfd-4ae1-413f-8146-1c0090ffc189" testId="140935e2-5975-e5f2-68c2-421d787a321c" testName="DEMAConsulting.VHDLTest.Tests.Simulators.QuestaSimSimulatorTests.QuestaSimSimulator_TestProcessor_ErrorOutput_ReturnsErrorResult" computerName="KMC-L-DYTDH84" duration="00:00:00.0001618" startTime="2026-05-28T23:38:27.7009396-04:00" endTime="2026-05-28T23:38:27.7011127-04:00" testType="13cdc9d9-ddb5-4fa4-a97d-d965ccfc6d4b" outcome="Passed" testListId="8c84fa94-04c1-424b-9868-57a2d4851a1d" relativeResultsDirectory="08435cfd-4ae1-413f-8146-1c0090ffc189" />
    <UnitTestResult executionId="43b61442-7177-4bbc-9a68-47161b2729e5" testId="8945b432-45b2-2ea2-f700-6296a2de55f4" testName="DEMAConsulting.VHDLTest.Tests.Simulators.NvcSimulatorTests.NvcSimulator_TestProcessor_InfoOutput_ReturnsInfoResult" computerName="KMC-L-DYTDH84" duration="00:00:00.0002099" startTime="2026-05-28T23:38:25.6126594-04:00" endTime="2026-05-28T23:38:25.6128912-04:00" testType="13cdc9d9-ddb5-4fa4-a97d-d965ccfc6d4b" outcome="Passed" testListId="8c84fa94-04c1-424b-9868-57a2d4851a1d" relativeResultsDirectory="43b61442-7177-4bbc-9a68-47161b2729e5" />
    <UnitTestResult executionId="5f577b77-a9c5-411d-a24f-138177a0cf34" testId="32323990-907c-1f84-c239-60ce2da6b148" testName="DEMAConsulting.VHDLTest.Tests.Simulators.QuestaSimSimulatorTests.QuestaSimSimulator_SimulatorName_ReturnsQuestaSim" computerName="KMC-L-DYTDH84" duration="00:00:00.0001100" startTime="2026-05-28T23:38:27.6995703-04:00" endTime="2026-05-28T23:38:27.6997045-04:00" testType="13cdc9d9-ddb5-4fa4-a97d-d965ccfc6d4b" outcome="Passed" testListId="8c84fa94-04c1-424b-9868-57a2d4851a1d" relativeResultsDirectory="5f577b77-a9c5-411d-a24f-138177a0cf34" />
    <UnitTestResult executionId="3598a8e8-3f9f-4492-aa49-63db6cb11dac" testId="d66cf222-cdc3-f9db-8576-a1a806404dd9" testName="DEMAConsulting.VHDLTest.Tests.IntegrationTests.IntegrationTest_TestExecutionErrorWithExit0_ReturnsZeroExitCode" computerName="KMC-L-DYTDH84" duration="00:00:00.3271035" startTime="2026-05-28T23:38:30.3038690-04:00" endTime="2026-05-28T23:38:30.6309913-04:00" testType="13cdc9d9-ddb5-4fa4-a97d-d965ccfc6d4b" outcome="Passed" testListId="8c84fa94-04c1-424b-9868-57a2d4851a1d" relativeResultsDirectory="3598a8e8-3f9f-4492-aa49-63db6cb11dac" />
    <UnitTestResult executionId="d4ab582d-6fca-4512-995c-3f3642aee50e" testId="5c93f387-d2e6-74b6-e89e-4bd8fe45a077" testName="DEMAConsulting.VHDLTest.Tests.Cli.ContextTests.Context_WriteError_WithMessage_IncrementsErrors" computerName="KMC-L-DYTDH84" duration="00:00:00.0007726" startTime="2026-05-28T23:38:25.6367274-04:00" endTime="2026-05-28T23:38:25.6375209-04:00" testType="13cdc9d9-ddb5-4fa4-a97d-d965ccfc6d4b" outcome="Passed" testListId="8c84fa94-04c1-424b-9868-57a2d4851a1d" relativeResultsDirectory="d4ab582d-6fca-4512-995c-3f3642aee50e" />
    <UnitTestResult executionId="d6f8daf3-d1a3-4047-8927-6f386a155dcf" testId="91ff57a6-e1ad-748b-a3df-52693a1891f5" testName="DEMAConsulting.VHDLTest.Tests.Simulators.VivadoSimulatorTests.VivadoSimulator_TestProcessor_ErrorOutput_ReturnsErrorResult" computerName="KMC-L-DYTDH84" duration="00:00:00.0001988" startTime="2026-05-28T23:38:30.6385384-04:00" endTime="2026-05-28T23:38:30.6387451-04:00" testType="13cdc9d9-ddb5-4fa4-a97d-d965ccfc6d4b" outcome="Passed" testListId="8c84fa94-04c1-424b-9868-57a2d4851a1d" relativeResultsDirectory="d6f8daf3-d1a3-4047-8927-6f386a155dcf" />
    <UnitTestResult executionId="3ea01d44-7937-44c0-87e8-ccbff9c3437d" testId="6875c2fc-6d1e-7b1c-8365-d41e0fb8b0b0" testName="DEMAConsulting.VHDLTest.Tests.Simulators.MockSimulatorTests.MockSimulator_Compile_WithInfoFile_ReturnsInfoResult" computerName="KMC-L-DYTDH84" duration="00:00:00.0001754" startTime="2026-05-28T23:38:27.6779734-04:00" endTime="2026-05-28T23:38:27.6781694-04:00" testType="13cdc9d9-ddb5-4fa4-a97d-d965ccfc6d4b" outcome="Passed" testListId="8c84fa94-04c1-424b-9868-57a2d4851a1d" relativeResultsDirectory="3ea01d44-7937-44c0-87e8-ccbff9c3437d" />
    <UnitTestResult executionId="2628c7e7-4460-490d-b827-093f8029cc04" testId="58cd5291-3130-e424-fa67-5e503341c280" testName="DEMAConsulting.VHDLTest.Tests.Simulators.MockSimulatorTests.MockSimulator_Compile_WithWarningFile_ReturnsWarningResult" computerName="KMC-L-DYTDH84" duration="00:00:00.0002513" startTime="2026-05-28T23:38:27.6839925-04:00" endTime="2026-05-28T23:38:27.6842803-04:00" testType="13cdc9d9-ddb5-4fa4-a97d-d965ccfc6d4b" outcome="Passed" testListId="8c84fa94-04c1-424b-9868-57a2d4851a1d" relativeResultsDirectory="2628c7e7-4460-490d-b827-093f8029cc04" />
    <UnitTestResult executionId="da259abb-4da8-4f21-9216-dbe4504e1028" testId="b7a56333-f10e-f46e-dca8-4e6fa74ac9f0" testName="DEMAConsulting.VHDLTest.Tests.Simulators.MockSimulatorTests.MockSimulator_CompileProcessor_WarningOutput_ReturnsWarningResult" computerName="KMC-L-DYTDH84" duration="00:00:00.0002293" startTime="2026-05-28T23:38:27.6800266-04:00" endTime="2026-05-28T23:38:27.6802725-04:00" testType="13cdc9d9-ddb5-4fa4-a97d-d965ccfc6d4b" outcome="Passed" testListId="8c84fa94-04c1-424b-9868-57a2d4851a1d" relativeResultsDirectory="da259abb-4da8-4f21-9216-dbe4504e1028" />
    <UnitTestResult executionId="e3bafccd-b5ec-4343-8258-aeb695a74c59" testId="714d7e9f-edfe-af7d-fa4a-837288ca3812" testName="DEMAConsulting.VHDLTest.Tests.Simulators.VivadoSimulatorTests.VivadoSimulator_CompileProcessor_ErrorOutput_ReturnsErrorResult" computerName="KMC-L-DYTDH84" duration="00:00:00.0002872" startTime="2026-05-28T23:38:30.6396373-04:00" endTime="2026-05-28T23:38:30.6399364-04:00" testType="13cdc9d9-ddb5-4fa4-a97d-d965ccfc6d4b" outcome="Passed" testListId="8c84fa94-04c1-424b-9868-57a2d4851a1d" relativeResultsDirectory="e3bafccd-b5ec-4343-8258-aeb695a74c59" />
    <UnitTestResult executionId="62b51068-ecfd-4adc-acf2-96e34604f851" testId="3da1024e-b1b7-e72a-f22b-51c6fcd9304a" testName="DEMAConsulting.VHDLTest.Tests.Simulators.NvcSimulatorTests.NvcSimulator_TestProcessor_CleanOutput_ReturnsTextResult" computerName="KMC-L-DYTDH84" duration="00:00:00.0002184" startTime="2026-05-28T23:38:25.6188231-04:00" endTime="2026-05-28T23:38:25.6190668-04:00" testType="13cdc9d9-ddb5-4fa4-a97d-d965ccfc6d4b" outcome="Passed" testListId="8c84fa94-04c1-424b-9868-57a2d4851a1d" relativeResultsDirectory="62b51068-ecfd-4adc-acf2-96e34604f851" />
    <UnitTestResult executionId="c52299e6-ee4d-42fa-89bd-ecf3692b3574" testId="9ca245bc-1f8c-979f-aa71-e2063a5e81c9" testName="DEMAConsulting.VHDLTest.Tests.Run.RunProcessorTests.RunProcessor_Execute_MissingProgram_ThrowsException" computerName="KMC-L-DYTDH84" duration="00:00:00.0069919" startTime="2026-05-28T23:38:24.6437036-04:00" endTime="2026-05-28T23:38:24.6507922-04:00" testType="13cdc9d9-ddb5-4fa4-a97d-d965ccfc6d4b" outcome="Passed" testListId="8c84fa94-04c1-424b-9868-57a2d4851a1d" relativeResultsDirectory="c52299e6-ee4d-42fa-89bd-ecf3692b3574" />
    <UnitTestResult executionId="cc97a120-3266-4683-9638-fb974fa33608" testId="68217434-683d-df29-de24-e0025a745e7b" testName="DEMAConsulting.VHDLTest.Tests.Simulators.NvcSimulatorTests.NvcSimulator_TestProcessor_WarningOutput_ReturnsWarningResult" computerName="KMC-L-DYTDH84" duration="00:00:00.0001855" startTime="2026-05-28T23:38:25.6184464-04:00" endTime="2026-05-28T23:38:25.6186522-04:00" testType="13cdc9d9-ddb5-4fa4-a97d-d965ccfc6d4b" outcome="Passed" testListId="8c84fa94-04c1-424b-9868-57a2d4851a1d" relativeResultsDirectory="cc97a120-3266-4683-9638-fb974fa33608" />
    <UnitTestResult executionId="3f2f6194-56ab-4502-bd32-499ff7c0d5f2" testId="a66959b2-cf6c-175f-d9b8-54b562d3819a" testName="DEMAConsulting.VHDLTest.Tests.Cli.OptionsTests.Options_Parse_WithVerboseFlag_ParsesSuccessfully" computerName="KMC-L-DYTDH84" duration="00:00:00.0565694" startTime="2026-05-28T23:38:25.6684880-04:00" endTime="2026-05-28T23:38:25.7251034-04:00" testType="13cdc9d9-ddb5-4fa4-a97d-d965ccfc6d4b" outcome="Passed" testListId="8c84fa94-04c1-424b-9868-57a2d4851a1d" relativeResultsDirectory="3f2f6194-56ab-4502-bd32-499ff7c0d5f2" />
    <UnitTestResult executionId="2c6c2247-b82d-4f25-8fe4-86737d1cb7f3" testId="03d92548-aea1-cc84-39fa-ccd51538f1cd" testName="DEMAConsulting.VHDLTest.Tests.Simulators.ModelSimSimulatorTests.ModelSimSimulator_SimulatorName_ReturnsModelSim" computerName="KMC-L-DYTDH84" duration="00:00:00.0001084" startTime="2026-05-28T23:38:25.6047634-04:00" endTime="2026-05-28T23:38:25.6048977-04:00" testType="13cdc9d9-ddb5-4fa4-a97d-d965ccfc6d4b" outcome="Passed" testListId="8c84fa94-04c1-424b-9868-57a2d4851a1d" relativeResultsDirectory="2c6c2247-b82d-4f25-8fe4-86737d1cb7f3" />
    <UnitTestResult executionId="89ef575a-ed52-420a-aae1-ab9079a3e7bd" testId="413d4c70-85ba-6a4e-6cdd-20de035ef511" testName="DEMAConsulting.VHDLTest.Tests.Simulators.NvcSimulatorTests.NvcSimulator_CompileProcessor_WarningOutput_ReturnsWarningResult" computerName="KMC-L-DYTDH84" duration="00:00:00.0002249" startTime="2026-05-28T23:38:25.6134226-04:00" endTime="2026-05-28T23:38:25.6136737-04:00" testType="13cdc9d9-ddb5-4fa4-a97d-d965ccfc6d4b" outcome="Passed" testListId="8c84fa94-04c1-424b-9868-57a2d4851a1d" relativeResultsDirectory="89ef575a-ed52-420a-aae1-ab9079a3e7bd" />
    <UnitTestResult executionId="984eb12a-4d6e-4216-8618-a16fdd40db04" testId="11ff775c-eee3-6943-2317-905c32a9b20d" testName="DEMAConsulting.VHDLTest.Tests.Simulators.GhdlSimulatorTests.GhdlSimulator_TestProcessor_ReportFailureOutput_ReturnsErrorResult" computerName="KMC-L-DYTDH84" duration="00:00:00.0002036" startTime="2026-05-28T23:38:30.6344857-04:00" endTime="2026-05-28T23:38:30.6346993-04:00" testType="13cdc9d9-ddb5-4fa4-a97d-d965ccfc6d4b" outcome="Passed" testListId="8c84fa94-04c1-424b-9868-57a2d4851a1d" relativeResultsDirectory="984eb12a-4d6e-4216-8618-a16fdd40db04" />
    <UnitTestResult executionId="acca0748-39c1-460a-bf28-7e005b2c894a" testId="91e5cf9d-d7b8-ad51-cf88-1e74c4f26c68" testName="DEMAConsulting.VHDLTest.Tests.Simulators.VivadoSimulatorTests.VivadoSimulator_CompileProcessor_CleanOutput_ReturnsTextResult" computerName="KMC-L-DYTDH84" duration="00:00:00.0003053" startTime="2026-05-28T23:38:30.6388427-04:00" endTime="2026-05-28T23:38:30.6391597-04:00" testType="13cdc9d9-ddb5-4fa4-a97d-d965ccfc6d4b" outcome="Passed" testListId="8c84fa94-04c1-424b-9868-57a2d4851a1d" relativeResultsDirectory="acca0748-39c1-460a-bf28-7e005b2c894a" />
    <UnitTestResult executionId="0a6ed208-a710-411b-b67d-29353a62a7c1" testId="1a07ce24-ff6b-fbe1-a364-7f6e45d0c1fa" testName="DEMAConsulting.VHDLTest.Tests.Simulators.ModelSimSimulatorTests.ModelSimSimulator_TestProcessor_FailureOutput_ReturnsErrorResult" computerName="KMC-L-DYTDH84" duration="00:00:00.0003429" startTime="2026-05-28T23:38:25.6033784-04:00" endTime="2026-05-28T23:38:25.6037616-04:00" testType="13cdc9d9-ddb5-4fa4-a97d-d965ccfc6d4b" outcome="Passed" testListId="8c84fa94-04c1-424b-9868-57a2d4851a1d" relativeResultsDirectory="0a6ed208-a710-411b-b67d-29353a62a7c1" />
    <UnitTestResult executionId="a2e7bafe-ac67-4476-a099-c6a53eef3f96" testId="53545a60-0f7a-cd00-abaa-45b89722d097" testName="DEMAConsulting.VHDLTest.Tests.Results.TestResultTests.TestResult_PrintSummary_FailedResult_WritesFailLine" computerName="KMC-L-DYTDH84" duration="00:00:00.0017036" startTime="2026-05-28T23:38:27.0818419-04:00" endTime="2026-05-28T23:38:27.0835725-04:00" testType="13cdc9d9-ddb5-4fa4-a97d-d965ccfc6d4b" outcome="Passed" testListId="8c84fa94-04c1-424b-9868-57a2d4851a1d" relativeResultsDirectory="a2e7bafe-ac67-4476-a099-c6a53eef3f96" />
    <UnitTestResult executionId="82f79dfc-ab44-461b-9a41-a5655ec35e78" testId="b97c02c1-8bcf-348c-5e40-7caa7c3d7a4c" testName="DEMAConsulting.VHDLTest.Tests.Cli.ContextTests.Context_Write_WithLogFile_WritesToLog" computerName="KMC-L-DYTDH84" duration="00:00:00.0019097" startTime="2026-05-28T23:38:25.6326982-04:00" endTime="2026-05-28T23:38:25.6346390-04:00" testType="13cdc9d9-ddb5-4fa4-a97d-d965ccfc6d4b" outcome="Passed" testListId="8c84fa94-04c1-424b-9868-57a2d4851a1d" relativeResultsDirectory="82f79dfc-ab44-461b-9a41-a5655ec35e78" />
    <UnitTestResult executionId="4627f062-6b32-4b07-bff1-1ec7a77c9a78" testId="020e1011-576d-d80a-3839-5bd832d4d127" testName="DEMAConsulting.VHDLTest.Tests.Simulators.GhdlSimulatorTests.GhdlSimulator_CompileProcessor_CleanOutput_ReturnsTextResult" computerName="KMC-L-DYTDH84" duration="00:00:00.0002102" startTime="2026-05-28T23:38:30.6336023-04:00" endTime="2026-05-28T23:38:30.6338238-04:00" testType="13cdc9d9-ddb5-4fa4-a97d-d965ccfc6d4b" outcome="Passed" testListId="8c84fa94-04c1-424b-9868-57a2d4851a1d" relativeResultsDirectory="4627f062-6b32-4b07-bff1-1ec7a77c9a78" />
    <UnitTestResult executionId="45e0fbd9-94f1-4bf6-a8d3-8fbc5533c1ba" testId="5a42c38e-233e-b913-5e2e-51fd67f7e3df" testName="DEMAConsulting.VHDLTest.Tests.Simulators.MockSimulatorTests.MockSimulator_TestProcessor_CleanOutput_ReturnsTextResult" computerName="KMC-L-DYTDH84" duration="00:00:00.0002588" startTime="2026-05-28T23:38:27.6744731-04:00" endTime="2026-05-28T23:38:27.6747530-04:00" testType="13cdc9d9-ddb5-4fa4-a97d-d965ccfc6d4b" outcome="Passed" testListId="8c84fa94-04c1-424b-9868-57a2d4851a1d" relativeResultsDirectory="45e0fbd9-94f1-4bf6-a8d3-8fbc5533c1ba" />
    <UnitTestResult executionId="472f0bbb-8b2b-4e7b-b265-4d67d6fda219" testId="c620cb9b-a1bd-c1bb-418e-ccc7f612a180" testName="DEMAConsulting.VHDLTest.Tests.Simulators.MockSimulatorTests.MockSimulator_Available_WithNullPath_ReturnsFalse" computerName="KMC-L-DYTDH84" duration="00:00:00.0000918" startTime="2026-05-28T23:38:27.6813198-04:00" endTime="2026-05-28T23:38:27.6814346-04:00" testType="13cdc9d9-ddb5-4fa4-a97d-d965ccfc6d4b" outcome="Passed" testListId="8c84fa94-04c1-424b-9868-57a2d4851a1d" relativeResultsDirectory="472f0bbb-8b2b-4e7b-b265-4d67d6fda219" />
    <UnitTestResult executionId="ba7c03c0-66c5-4c48-9c55-3a80a37633f9" testId="f990bbc0-1f4b-1787-7d93-3b2ecfdc0366" testName="DEMAConsulting.VHDLTest.Tests.Simulators.QuestaSimSimulatorTests.QuestaSimSimulator_CompileProcessor_ErrorOutput_ReturnsErrorResult" computerName="KMC-L-DYTDH84" duration="00:00:00.0001510" startTime="2026-05-28T23:38:27.7012103-04:00" endTime="2026-05-28T23:38:27.7013733-04:00" testType="13cdc9d9-ddb5-4fa4-a97d-d965ccfc6d4b" outcome="Passed" testListId="8c84fa94-04c1-424b-9868-57a2d4851a1d" relativeResultsDirectory="ba7c03c0-66c5-4c48-9c55-3a80a37633f9" />
    <UnitTestResult executionId="fffe78b4-8bca-43c2-b171-f936393fa113" testId="36c1beb8-fc8c-849b-f1bf-7ba1e3211151" testName="DEMAConsulting.VHDLTest.Tests.Simulators.MockSimulatorTests.MockSimulator_CompileProcessor_ErrorOutput_ReturnsErrorResult" computerName="KMC-L-DYTDH84" duration="00:00:00.0003377" startTime="2026-05-28T23:38:27.6748669-04:00" endTime="2026-05-28T23:38:27.6752211-04:00" testType="13cdc9d9-ddb5-4fa4-a97d-d965ccfc6d4b" outcome="Passed" testListId="8c84fa94-04c1-424b-9868-57a2d4851a1d" relativeResultsDirectory="fffe78b4-8bca-43c2-b171-f936393fa113" />
    <UnitTestResult executionId="f7576aa0-9d3e-4b19-adbc-b61dc860e9e0" testId="1b3bcd54-c915-9951-c9e4-b7497efc01c6" testName="DEMAConsulting.VHDLTest.Tests.Cli.CliSubsystemTests.CliSubsystem_ParseArgsAndLoadConfig_WithValidConfig_ProducesCorrectOptions" computerName="KMC-L-DYTDH84" duration="00:00:00.0031527" startTime="2026-05-28T23:38:27.6943738-04:00" endTime="2026-05-28T23:38:27.6975675-04:00" testType="13cdc9d9-ddb5-4fa4-a97d-d965ccfc6d4b" outcome="Passed" testListId="8c84fa94-04c1-424b-9868-57a2d4851a1d" relativeResultsDirectory="f7576aa0-9d3e-4b19-adbc-b61dc860e9e0" />
    <UnitTestResult executionId="eac7a167-2772-4a09-8647-4fd431966cff" testId="40e7338c-abc3-5760-dbb3-80994c0c0451" testName="DEMAConsulting.VHDLTest.Tests.Simulators.SimulatorFactoryTests.SimulatorFactory_Get_QuestaSimSimulator_ReturnsQuestaSimSimulator" computerName="KMC-L-DYTDH84" duration="00:00:00.0000493" startTime="2026-05-28T23:38:25.6656038-04:00" endTime="2026-05-28T23:38:25.6656687-04:00" testType="13cdc9d9-ddb5-4fa4-a97d-d965ccfc6d4b" outcome="Passed" testListId="8c84fa94-04c1-424b-9868-57a2d4851a1d" relativeResultsDirectory="eac7a167-2772-4a09-8647-4fd431966cff" />
    <UnitTestResult executionId="7ae584be-8720-45ab-b3e7-808e8c912166" testId="724de83c-f627-c621-5e56-7ae6e958453b" testName="DEMAConsulting.VHDLTest.Tests.Simulators.ActiveHdlSimulatorTests.ActiveHdlSimulator_TestProcessor_KernelWarning_ReturnsWarningResult" computerName="KMC-L-DYTDH84" duration="00:00:00.0001599" startTime="2026-05-28T23:38:27.0568315-04:00" endTime="2026-05-28T23:38:27.0570086-04:00" testType="13cdc9d9-ddb5-4fa4-a97d-d965ccfc6d4b" outcome="Passed" testListId="8c84fa94-04c1-424b-9868-57a2d4851a1d" relativeResultsDirectory="7ae584be-8720-45ab-b3e7-808e8c912166" />
    <UnitTestResult executionId="07127e51-14f4-4d0b-84fb-30ee6e2fdc62" testId="b75e06cd-c905-2be3-a757-8164b79732be" testName="DEMAConsulting.VHDLTest.Tests.Run.RunProcessorTests.RunProcessor_Execute_ProgramWithError_ReturnsErrorResult" computerName="KMC-L-DYTDH84" duration="00:00:00.3118017" startTime="2026-05-28T23:38:24.6562107-04:00" endTime="2026-05-28T23:38:24.9680698-04:00" testType="13cdc9d9-ddb5-4fa4-a97d-d965ccfc6d4b" outcome="Passed" testListId="8c84fa94-04c1-424b-9868-57a2d4851a1d" relativeResultsDirectory="07127e51-14f4-4d0b-84fb-30ee6e2fdc62" />
    <UnitTestResult executionId="da1a81d7-6ee3-4b7d-b4cd-bf40158f82b4" testId="47a885a0-5a97-0022-7d87-5b701c70ea12" testName="DEMAConsulting.VHDLTest.Tests.Cli.ContextTests.Context_Create_WithQuestionHelpFlag_SetsHelpFlag" computerName="KMC-L-DYTDH84" duration="00:00:00.0001097" startTime="2026-05-28T23:38:25.6356271-04:00" endTime="2026-05-28T23:38:25.6357564-04:00" testType="13cdc9d9-ddb5-4fa4-a97d-d965ccfc6d4b" outcome="Passed" testListId="8c84fa94-04c1-424b-9868-57a2d4851a1d" relativeResultsDirectory="da1a81d7-6ee3-4b7d-b4cd-bf40158f82b4" />
    <UnitTestResult executionId="1a2d7617-b682-4c69-8652-39925c49c75d" testId="950c6be0-1e56-b7aa-7d03-cfeb6a279a64" testName="DEMAConsulting.VHDLTest.Tests.Cli.OptionsTests.Options_Parse_WithCustomTest_ParsesSuccessfully" computerName="KMC-L-DYTDH84" duration="00:00:00.0022204" startTime="2026-05-28T23:38:25.7282104-04:00" endTime="2026-05-28T23:38:25.7304723-04:00" testType="13cdc9d9-ddb5-4fa4-a97d-d965ccfc6d4b" outcome="Passed" testListId="8c84fa94-04c1-424b-9868-57a2d4851a1d" relativeResultsDirectory="1a2d7617-b682-4c69-8652-39925c49c75d" />
    <UnitTestResult executionId="36e596eb-b1a4-4cc6-95c5-bb72ba08981d" testId="3581f7e2-ef37-6e18-2ee9-23a4a2d5da24" testName="DEMAConsulting.VHDLTest.Tests.Simulators.MockSimulatorTests.MockSimulator_CompileProcessor_InfoOutput_ReturnsInfoResult" computerName="KMC-L-DYTDH84" duration="00:00:00.0002391" startTime="2026-05-28T23:38:27.6787555-04:00" endTime="2026-05-28T23:38:27.6790160-04:00" testType="13cdc9d9-ddb5-4fa4-a97d-d965ccfc6d4b" outcome="Passed" testListId="8c84fa94-04c1-424b-9868-57a2d4851a1d" relativeResultsDirectory="36e596eb-b1a4-4cc6-95c5-bb72ba08981d" />
    <UnitTestResult executionId="45c96f30-a919-41a2-8a41-ae143583e0e2" testId="8568dce3-7b4f-6c3e-bf36-b727f00a76fc" testName="DEMAConsulting.VHDLTest.Tests.Cli.ContextTests.Context_Create_WithConfigFile_SetsConfigFile" computerName="KMC-L-DYTDH84" duration="00:00:00.0000995" startTime="2026-05-28T23:38:25.6324343-04:00" endTime="2026-05-28T23:38:25.6325585-04:00" testType="13cdc9d9-ddb5-4fa4-a97d-d965ccfc6d4b" outcome="Passed" testListId="8c84fa94-04c1-424b-9868-57a2d4851a1d" relativeResultsDirectory="45c96f30-a919-41a2-8a41-ae143583e0e2" />
    <UnitTestResult executionId="a9c96321-4480-46b9-a41b-9f5d432b49fd" testId="e0992563-e6b2-783a-fe5b-981af6da7909" testName="DEMAConsulting.VHDLTest.Tests.Results.TestResultTests.TestResult_Constructor_WithErrorResult_CreatesFailedTest" computerName="KMC-L-DYTDH84" duration="00:00:00.0001804" startTime="2026-05-28T23:38:27.0841737-04:00" endTime="2026-05-28T23:38:27.0843720-04:00" testType="13cdc9d9-ddb5-4fa4-a97d-d965ccfc6d4b" outcome="Passed" testListId="8c84fa94-04c1-424b-9868-57a2d4851a1d" relativeResultsDirectory="a9c96321-4480-46b9-a41b-9f5d432b49fd" />
    <UnitTestResult executionId="e114e8c9-e1f9-4b59-8282-029e35c29be8" testId="9b756688-f7b8-c6bd-8d65-5d240d6a23e2" testName="DEMAConsulting.VHDLTest.Tests.Simulators.SimulatorFactoryTests.SimulatorFactory_Get_NVCSimulator_ReturnsNVCSimulator" computerName="KMC-L-DYTDH84" duration="00:00:00.0191968" startTime="2026-05-28T23:38:25.6441059-04:00" endTime="2026-05-28T23:38:25.6633502-04:00" testType="13cdc9d9-ddb5-4fa4-a97d-d965ccfc6d4b" outcome="Passed" testListId="8c84fa94-04c1-424b-9868-57a2d4851a1d" relativeResultsDirectory="e114e8c9-e1f9-4b59-8282-029e35c29be8" />
    <UnitTestResult executionId="f0cec942-929d-4273-bd06-2b6d53d4e8d8" testId="7cda23cc-9b7b-71b7-da17-5fbfcdd9de37" testName="DEMAConsulting.VHDLTest.Tests.Simulators.NvcSimulatorTests.NvcSimulator_SimulatorName_ReturnsNVC" computerName="KMC-L-DYTDH84" duration="00:00:00.0002393" startTime="2026-05-28T23:38:25.6122084-04:00" endTime="2026-05-28T23:38:25.6124782-04:00" testType="13cdc9d9-ddb5-4fa4-a97d-d965ccfc6d4b" outcome="Passed" testListId="8c84fa94-04c1-424b-9868-57a2d4851a1d" relativeResultsDirectory="f0cec942-929d-4273-bd06-2b6d53d4e8d8" />
    <UnitTestResult executionId="eebc8ace-ba0a-4f59-8fc4-950e76eabef8" testId="1e880b9c-6d3d-87c9-35d8-1f8fbc71cac7" testName="DEMAConsulting.VHDLTest.Tests.Cli.ConfigDocumentTests.ConfigDocument_ReadFile_MissingFile_ThrowsFileNotFoundException" computerName="KMC-L-DYTDH84" duration="00:00:00.0005553" startTime="2026-05-28T23:38:27.6892517-04:00" endTime="2026-05-28T23:38:27.6898380-04:00" testType="13cdc9d9-ddb5-4fa4-a97d-d965ccfc6d4b" outcome="Passed" testListId="8c84fa94-04c1-424b-9868-57a2d4851a1d" relativeResultsDirectory="eebc8ace-ba0a-4f59-8fc4-950e76eabef8" />
    <UnitTestResult executionId="1e1df8ab-8fcd-458c-9e23-4fd3c990d047" testId="cc86e9c5-45fc-d965-4450-e427d71dd5b5" testName="DEMAConsulting.VHDLTest.Tests.Simulators.ModelSimSimulatorTests.ModelSimSimulator_CompileProcessor_ErrorOutput_ReturnsErrorResult" computerName="KMC-L-DYTDH84" duration="00:00:00.0002183" startTime="2026-05-28T23:38:25.6043493-04:00" endTime="2026-05-28T23:38:25.6045872-04:00" testType="13cdc9d9-ddb5-4fa4-a97d-d965ccfc6d4b" outcome="Passed" testListId="8c84fa94-04c1-424b-9868-57a2d4851a1d" relativeResultsDirectory="1e1df8ab-8fcd-458c-9e23-4fd3c990d047" />
    <UnitTestResult executionId="4224de53-786b-49ac-b1a5-54caebd59d9d" testId="9489c814-877d-138f-f838-d73faf3860fd" testName="DEMAConsulting.VHDLTest.Tests.Cli.ContextTests.Context_Create_WithResultsFile_SetsResultsFile" computerName="KMC-L-DYTDH84" duration="00:00:00.0001097" startTime="2026-05-28T23:38:25.6433435-04:00" endTime="2026-05-28T23:38:25.6434760-04:00" testType="13cdc9d9-ddb5-4fa4-a97d-d965ccfc6d4b" outcome="Passed" testListId="8c84fa94-04c1-424b-9868-57a2d4851a1d" relativeResultsDirectory="4224de53-786b-49ac-b1a5-54caebd59d9d" />
    <UnitTestResult executionId="9ccf9a80-db6f-4b64-8135-ad87a2a1fa77" testId="85a668d5-ea7b-7fc4-8930-fa38e481ca3f" testName="DEMAConsulting.VHDLTest.Tests.Cli.ContextTests.Context_Create_WithShortHelpFlag_SetsHelpFlag" computerName="KMC-L-DYTDH84" duration="00:00:00.0001306" startTime="2026-05-28T23:38:25.6418573-04:00" endTime="2026-05-28T23:38:25.6420077-04:00" testType="13cdc9d9-ddb5-4fa4-a97d-d965ccfc6d4b" outcome="Passed" testListId="8c84fa94-04c1-424b-9868-57a2d4851a1d" relativeResultsDirectory="9ccf9a80-db6f-4b64-8135-ad87a2a1fa77" />
    <UnitTestResult executionId="4ed77c5d-efa9-4768-87c9-9d07bfe511cc" testId="597d8b2f-a5a6-8e03-8540-6ee40d621f07" testName="DEMAConsulting.VHDLTest.Tests.Simulators.GhdlSimulatorTests.GhdlSimulator_TestProcessor_ErrorOutput_ReturnsErrorResult" computerName="KMC-L-DYTDH84" duration="00:00:00.0001945" startTime="2026-05-28T23:38:30.6355792-04:00" endTime="2026-05-28T23:38:30.6357798-04:00" testType="13cdc9d9-ddb5-4fa4-a97d-d965ccfc6d4b" outcome="Passed" testListId="8c84fa94-04c1-424b-9868-57a2d4851a1d" relativeResultsDirectory="4ed77c5d-efa9-4768-87c9-9d07bfe511cc" />
    <UnitTestResult executionId="aedadf94-4cb2-4d77-adde-f9c5dee8d22b" testId="9db014ed-2402-936c-485a-528d6a22ab18" testName="DEMAConsulting.VHDLTest.Tests.Results.TestResultsTests.TestResults_SaveResults_WithTrxExtension_CreatesTrxFile" computerName="KMC-L-DYTDH84" duration="00:00:00.0026419" startTime="2026-05-28T23:38:27.0633772-04:00" endTime="2026-05-28T23:38:27.0660530-04:00" testType="13cdc9d9-ddb5-4fa4-a97d-d965ccfc6d4b" outcome="Passed" testListId="8c84fa94-04c1-424b-9868-57a2d4851a1d" relativeResultsDirectory="aedadf94-4cb2-4d77-adde-f9c5dee8d22b" />
    <UnitTestResult executionId="4ce888f0-3405-4821-a0bf-99f719726cbd" testId="bc97672f-0ea8-d14b-eabd-0c7af041e490" testName="DEMAConsulting.VHDLTest.Tests.Simulators.ActiveHdlSimulatorTests.ActiveHdlSimulator_TestProcessor_KernelError_ReturnsErrorResult" computerName="KMC-L-DYTDH84" duration="00:00:00.0002178" startTime="2026-05-28T23:38:27.0598941-04:00" endTime="2026-05-28T23:38:27.0601300-04:00" testType="13cdc9d9-ddb5-4fa4-a97d-d965ccfc6d4b" outcome="Passed" testListId="8c84fa94-04c1-424b-9868-57a2d4851a1d" relativeResultsDirectory="4ce888f0-3405-4821-a0bf-99f719726cbd" />
    <UnitTestResult executionId="c2051488-bdbb-4a9b-9116-1d1c927c2115" testId="ec8026f7-2bec-7f44-78de-f6b1551795ad" testName="DEMAConsulting.VHDLTest.Tests.Simulators.NvcSimulatorTests.NvcSimulator_CompileProcessor_InfoOutput_ReturnsInfoResult" computerName="KMC-L-DYTDH84" duration="00:00:00.0003097" startTime="2026-05-28T23:38:25.6175223-04:00" endTime="2026-05-28T23:38:25.6178674-04:00" testType="13cdc9d9-ddb5-4fa4-a97d-d965ccfc6d4b" outcome="Passed" testListId="8c84fa94-04c1-424b-9868-57a2d4851a1d" relativeResultsDirectory="c2051488-bdbb-4a9b-9116-1d1c927c2115" />
    <UnitTestResult executionId="348049b9-bced-4848-aa45-92588e36e599" testId="99f210e8-ca1a-4c5b-0220-c3f9c491459f" testName="DEMAConsulting.VHDLTest.Tests.Run.RunProcessorTests.RunProcessor_Parse_OutputWithNoMatchingPattern_ReturnsTextClassification" computerName="KMC-L-DYTDH84" duration="00:00:00.0003673" startTime="2026-05-28T23:38:25.5888773-04:00" endTime="2026-05-28T23:38:25.5892861-04:00" testType="13cdc9d9-ddb5-4fa4-a97d-d965ccfc6d4b" outcome="Passed" testListId="8c84fa94-04c1-424b-9868-57a2d4851a1d" relativeResultsDirectory="348049b9-bced-4848-aa45-92588e36e599" />
    <UnitTestResult executionId="7966201a-f2d3-4060-baa7-a6d4cd4f41c3" testId="e867a6eb-9077-ccef-35fb-7bca5047c4c4" testName="DEMAConsulting.VHDLTest.Tests.Simulators.NvcSimulatorTests.NvcSimulator_CompileProcessor_ErrorOutput_ReturnsErrorResult" computerName="KMC-L-DYTDH84" duration="00:00:00.0001999" startTime="2026-05-28T23:38:25.6138404-04:00" endTime="2026-05-28T23:38:25.6140640-04:00" testType="13cdc9d9-ddb5-4fa4-a97d-d965ccfc6d4b" outcome="Passed" testListId="8c84fa94-04c1-424b-9868-57a2d4851a1d" relativeResultsDirectory="7966201a-f2d3-4060-baa7-a6d4cd4f41c3" />
    <UnitTestResult executionId="5170ba82-4ece-4621-bdce-cf8c74a76bed" testId="d2dc5f00-bbaa-e70e-b4b8-23c926db5b7e" testName="DEMAConsulting.VHDLTest.Tests.Simulators.MockSimulatorTests.MockSimulator_CompileProcessor_CleanOutput_ReturnsTextResult" computerName="KMC-L-DYTDH84" duration="00:00:00.0002725" startTime="2026-05-28T23:38:27.6791849-04:00" endTime="2026-05-28T23:38:27.6794797-04:00" testType="13cdc9d9-ddb5-4fa4-a97d-d965ccfc6d4b" outcome="Passed" testListId="8c84fa94-04c1-424b-9868-57a2d4851a1d" relativeResultsDirectory="5170ba82-4ece-4621-bdce-cf8c74a76bed" />
    <UnitTestResult executionId="1993da9b-a5f6-4706-bc0a-4f3f3ff4c772" testId="ca8ac944-19a3-2df1-9b75-86bb3db93632" testName="DEMAConsulting.VHDLTest.Tests.SelfTest.ValidationTests.SelfTest_Validate_MockSimulator_IncludesOSVersionInReport" computerName="KMC-L-DYTDH84" duration="00:00:00.2661640" startTime="2026-05-28T23:38:26.2388628-04:00" endTime="2026-05-28T23:38:26.5050642-04:00" testType="13cdc9d9-ddb5-4fa4-a97d-d965ccfc6d4b" outcome="Passed" testListId="8c84fa94-04c1-424b-9868-57a2d4851a1d" relativeResultsDirectory="1993da9b-a5f6-4706-bc0a-4f3f3ff4c772" />
    <UnitTestResult executionId="623a25e3-bede-46e0-8b4f-ca3681c42e57" testId="da8c2c50-1cea-05c8-429f-34d0409ac81b" testName="DEMAConsulting.VHDLTest.Tests.Cli.ContextTests.Context_Create_WithHelpFlag_SetsHelpFlag" computerName="KMC-L-DYTDH84" duration="00:00:00.0000694" startTime="2026-05-28T23:38:25.6359127-04:00" endTime="2026-05-28T23:38:25.6360015-04:00" testType="13cdc9d9-ddb5-4fa4-a97d-d965ccfc6d4b" outcome="Passed" testListId="8c84fa94-04c1-424b-9868-57a2d4851a1d" relativeResultsDirectory="623a25e3-bede-46e0-8b4f-ca3681c42e57" />
    <UnitTestResult executionId="7cd85b9e-4a34-4468-a0c7-4b24529cb494" testId="25f9613e-37a0-37b1-092e-af61e7a96ccb" testName="DEMAConsulting.VHDLTest.Tests.IntegrationTests.IntegrationTest_HelpShortFlag_DisplaysUsageAndReturnsSuccess" computerName="KMC-L-DYTDH84" duration="00:00:00.1967650" startTime="2026-05-28T23:38:29.0455046-04:00" endTime="2026-05-28T23:38:29.2422987-04:00" testType="13cdc9d9-ddb5-4fa4-a97d-d965ccfc6d4b" outcome="Passed" testListId="8c84fa94-04c1-424b-9868-57a2d4851a1d" relativeResultsDirectory="7cd85b9e-4a34-4468-a0c7-4b24529cb494" />
    <UnitTestResult executionId="2041b8c4-26b7-4953-9380-044a1303e4d1" testId="662641f1-852d-94bb-f9dd-6e5336017711" testName="DEMAConsulting.VHDLTest.Tests.Simulators.SimulatorFactoryTests.SimulatorFactory_Get_MockSimulator_ReturnsMockSimulator" computerName="KMC-L-DYTDH84" duration="00:00:00.0003868" startTime="2026-05-28T23:38:25.6636387-04:00" endTime="2026-05-28T23:38:25.6640616-04:00" testType="13cdc9d9-ddb5-4fa4-a97d-d965ccfc6d4b" outcome="Passed" testListId="8c84fa94-04c1-424b-9868-57a2d4851a1d" relativeResultsDirectory="2041b8c4-26b7-4953-9380-044a1303e4d1" />
    <UnitTestResult executionId="830661a7-9326-4b9c-9922-6336750164b0" testId="e13deca8-0752-2ce7-2110-d7421a65f5d6" testName="DEMAConsulting.VHDLTest.Tests.Simulators.GhdlSimulatorTests.GhdlSimulator_TestProcessor_AssertionNoteOutput_ReturnsInfoResult" computerName="KMC-L-DYTDH84" duration="00:00:00.0001595" startTime="2026-05-28T23:38:30.6358897-04:00" endTime="2026-05-28T23:38:30.6360591-04:00" testType="13cdc9d9-ddb5-4fa4-a97d-d965ccfc6d4b" outcome="Passed" testListId="8c84fa94-04c1-424b-9868-57a2d4851a1d" relativeResultsDirectory="830661a7-9326-4b9c-9922-6336750164b0" />
    <UnitTestResult executionId="638bc58b-bb85-4e05-95a0-2809218242a5" testId="d6613b14-f72c-bc16-b523-6f32c1204c78" testName="DEMAConsulting.VHDLTest.Tests.Simulators.NvcSimulatorTests.NvcSimulator_CompileProcessor_FatalOutput_ReturnsErrorResult" computerName="KMC-L-DYTDH84" duration="00:00:00.0001952" startTime="2026-05-28T23:38:25.6196103-04:00" endTime="2026-05-28T23:38:25.6198289-04:00" testType="13cdc9d9-ddb5-4fa4-a97d-d965ccfc6d4b" outcome="Passed" testListId="8c84fa94-04c1-424b-9868-57a2d4851a1d" relativeResultsDirectory="638bc58b-bb85-4e05-95a0-2809218242a5" />
    <UnitTestResult executionId="2b8d86b8-6076-4308-99a2-405cd0d869d2" testId="89abcc42-f5ea-417b-d9b3-4845d9774b0e" testName="DEMAConsulting.VHDLTest.Tests.IntegrationTests.IntegrationTest_VersionShortFlag_DisplaysVersionAndReturnsSuccess" computerName="KMC-L-DYTDH84" duration="00:00:00.1485488" startTime="2026-05-28T23:38:28.4435629-04:00" endTime="2026-05-28T23:38:28.5921396-04:00" testType="13cdc9d9-ddb5-4fa4-a97d-d965ccfc6d4b" outcome="Passed" testListId="8c84fa94-04c1-424b-9868-57a2d4851a1d" relativeResultsDirectory="2b8d86b8-6076-4308-99a2-405cd0d869d2" />
    <UnitTestResult executionId="eded7fbf-1bef-411a-a1ec-6a2cb78e3d9b" testId="7ee98e87-6be9-3349-1dff-78625750b98c" testName="DEMAConsulting.VHDLTest.Tests.Simulators.ModelSimSimulatorTests.ModelSimSimulator_TestProcessor_CleanOutput_ReturnsTextResult" computerName="KMC-L-DYTDH84" duration="00:00:00.0001655" startTime="2026-05-28T23:38:25.6057998-04:00" endTime="2026-05-28T23:38:25.6059820-04:00" testType="13cdc9d9-ddb5-4fa4-a97d-d965ccfc6d4b" outcome="Passed" testListId="8c84fa94-04c1-424b-9868-57a2d4851a1d" relativeResultsDirectory="eded7fbf-1bef-411a-a1ec-6a2cb78e3d9b" />
    <UnitTestResult executionId="08f10800-5fb1-4d07-93e5-6e75e976fad8" testId="a5d04cc8-c275-0b12-b4a3-967f1b6e6d68" testName="DEMAConsulting.VHDLTest.Tests.Cli.ContextTests.Context_Create_MissingSimulatorValue_ThrowsInvalidOperationException" computerName="KMC-L-DYTDH84" duration="00:00:00.0001423" startTime="2026-05-28T23:38:25.6361526-04:00" endTime="2026-05-28T23:38:25.6363188-04:00" testType="13cdc9d9-ddb5-4fa4-a97d-d965ccfc6d4b" outcome="Passed" testListId="8c84fa94-04c1-424b-9868-57a2d4851a1d" relativeResultsDirectory="08f10800-5fb1-4d07-93e5-6e75e976fad8" />
    <UnitTestResult executionId="2f509ee9-8fbe-433f-8962-dd0a4b8ffb16" testId="8e1736cf-efb2-bae8-3654-407617c8af2b" testName="DEMAConsulting.VHDLTest.Tests.Results.TestResultsTests.TestResults_SaveResults_WithFailedTest_CreatesJUnitFileWithFailure" computerName="KMC-L-DYTDH84" duration="00:00:00.0048247" startTime="2026-05-28T23:38:27.0662509-04:00" endTime="2026-05-28T23:38:27.0711215-04:00" testType="13cdc9d9-ddb5-4fa4-a97d-d965ccfc6d4b" outcome="Passed" testListId="8c84fa94-04c1-424b-9868-57a2d4851a1d" relativeResultsDirectory="2f509ee9-8fbe-433f-8962-dd0a4b8ffb16" />
    <UnitTestResult executionId="1054b300-7109-4f9b-b277-4c39fb5a88dd" testId="a1cd9996-d7e3-e6ca-23cc-07c23eff7127" testName="DEMAConsulting.VHDLTest.Tests.Simulators.ModelSimSimulatorTests.ModelSimSimulator_TestProcessor_ErrorOutput_ReturnsErrorResult" computerName="KMC-L-DYTDH84" duration="00:00:00.0001944" startTime="2026-05-28T23:38:25.6039751-04:00" endTime="2026-05-28T23:38:25.6041944-04:00" testType="13cdc9d9-ddb5-4fa4-a97d-d965ccfc6d4b" outcome="Passed" testListId="8c84fa94-04c1-424b-9868-57a2d4851a1d" relativeResultsDirectory="1054b300-7109-4f9b-b277-4c39fb5a88dd" />
    <UnitTestResult executionId="6228d9db-3eef-415b-b550-60fa0f36b993" testId="9814bed7-82ab-d529-bc9e-bbb67b2f520a" testName="DEMAConsulting.VHDLTest.Tests.Simulators.SimulatorFactoryTests.SimulatorFactory_Get_ModelSimSimulator_ReturnsModelSimSimulator" computerName="KMC-L-DYTDH84" duration="00:00:00.0000474" startTime="2026-05-28T23:38:25.6650485-04:00" endTime="2026-05-28T23:38:25.6651095-04:00" testType="13cdc9d9-ddb5-4fa4-a97d-d965ccfc6d4b" outcome="Passed" testListId="8c84fa94-04c1-424b-9868-57a2d4851a1d" relativeResultsDirectory="6228d9db-3eef-415b-b550-60fa0f36b993" />
    <UnitTestResult executionId="2d79a9ba-1d67-4e3a-8e90-a47389110c5e" testId="7df4e45e-f0b6-cd22-2d5a-efba55b21835" testName="DEMAConsulting.VHDLTest.Tests.Cli.ContextTests.Context_Create_WithVersionFlag_SetsVersionFlag" computerName="KMC-L-DYTDH84" duration="00:00:00.0001228" startTime="2026-05-28T23:38:25.6364644-04:00" endTime="2026-05-28T23:38:25.6366052-04:00" testType="13cdc9d9-ddb5-4fa4-a97d-d965ccfc6d4b" outcome="Passed" testListId="8c84fa94-04c1-424b-9868-57a2d4851a1d" relativeResultsDirectory="2d79a9ba-1d67-4e3a-8e90-a47389110c5e" />
    <UnitTestResult executionId="308530b2-501c-4184-bc32-82b96347d0c3" testId="c7aefc78-99d5-26cd-3621-5ffa90bc2e00" testName="DEMAConsulting.VHDLTest.Tests.Simulators.QuestaSimSimulatorTests.QuestaSimSimulator_TestProcessor_FailureOutput_ReturnsErrorResult" computerName="KMC-L-DYTDH84" duration="00:00:00.0004255" startTime="2026-05-28T23:38:27.6988725-04:00" endTime="2026-05-28T23:38:27.6993256-04:00" testType="13cdc9d9-ddb5-4fa4-a97d-d965ccfc6d4b" outcome="Passed" testListId="8c84fa94-04c1-424b-9868-57a2d4851a1d" relativeResultsDirectory="308530b2-501c-4184-bc32-82b96347d0c3" />
    <UnitTestResult executionId="3cae5b2c-3844-4280-b78f-98a39b58b44d" testId="d65b252e-ba0a-604c-8a11-bf5a51f8c557" testName="DEMAConsulting.VHDLTest.Tests.Cli.ContextTests.Context_Create_WithCustomTest_SetsCustomTest" computerName="KMC-L-DYTDH84" duration="00:00:00.0006316" startTime="2026-05-28T23:38:25.6424678-04:00" endTime="2026-05-28T23:38:25.6431282-04:00" testType="13cdc9d9-ddb5-4fa4-a97d-d965ccfc6d4b" outcome="Passed" testListId="8c84fa94-04c1-424b-9868-57a2d4851a1d" relativeResultsDirectory="3cae5b2c-3844-4280-b78f-98a39b58b44d" />
    <UnitTestResult executionId="cd072479-293d-43af-8571-fc80b1243f2f" testId="952a6b6b-a927-8fbb-a6dc-9e4b8d36f470" testName="DEMAConsulting.VHDLTest.Tests.Simulators.VivadoSimulatorTests.VivadoSimulator_TestProcessor_CleanOutput_ReturnsTextResult" computerName="KMC-L-DYTDH84" duration="00:00:00.0002376" startTime="2026-05-28T23:38:30.6392813-04:00" endTime="2026-05-28T23:38:30.6395298-04:00" testType="13cdc9d9-ddb5-4fa4-a97d-d965ccfc6d4b" outcome="Passed" testListId="8c84fa94-04c1-424b-9868-57a2d4851a1d" relativeResultsDirectory="cd072479-293d-43af-8571-fc80b1243f2f" />
    <UnitTestResult executionId="18464a45-dcb2-4d88-a5f8-f55c3b8ee002" testId="e56d2bfc-30b4-b685-6ed3-251457e8c34b" testName="DEMAConsulting.VHDLTest.Tests.Results.ResultsSubsystemTests.ResultsSubsystem_CollectAndSummarize_WithMixedResults_ReportsCorrectPassFailCounts" computerName="KMC-L-DYTDH84" duration="00:00:00.0007788" startTime="2026-05-28T23:38:27.0444203-04:00" endTime="2026-05-28T23:38:27.0452329-04:00" testType="13cdc9d9-ddb5-4fa4-a97d-d965ccfc6d4b" outcome="Passed" testListId="8c84fa94-04c1-424b-9868-57a2d4851a1d" relativeResultsDirectory="18464a45-dcb2-4d88-a5f8-f55c3b8ee002" />
    <UnitTestResult executionId="e82623cc-085c-4182-9510-7544d586732f" testId="4a1cc9ba-a7ee-93e6-c957-f8aaf067bab6" testName="DEMAConsulting.VHDLTest.Tests.Simulators.VivadoSimulatorTests.VivadoSimulator_TestProcessor_WarningOutput_ReturnsWarningResult" computerName="KMC-L-DYTDH84" duration="00:00:00.0002903" startTime="2026-05-28T23:38:30.6369257-04:00" endTime="2026-05-28T23:38:30.6372281-04:00" testType="13cdc9d9-ddb5-4fa4-a97d-d965ccfc6d4b" outcome="Passed" testListId="8c84fa94-04c1-424b-9868-57a2d4851a1d" relativeResultsDirectory="e82623cc-085c-4182-9510-7544d586732f" />
    <UnitTestResult executionId="104b145a-c0bc-4888-add1-005baaaaa614" testId="94119179-fc3f-2226-7826-9ed64d6ec3b8" testName="DEMAConsulting.VHDLTest.Tests.Cli.ContextTests.Context_Create_NoArguments_ReturnsDefaultContext" computerName="KMC-L-DYTDH84" duration="00:00:00.0000965" startTime="2026-05-28T23:38:25.6421875-04:00" endTime="2026-05-28T23:38:25.6423035-04:00" testType="13cdc9d9-ddb5-4fa4-a97d-d965ccfc6d4b" outcome="Passed" testListId="8c84fa94-04c1-424b-9868-57a2d4851a1d" relativeResultsDirectory="104b145a-c0bc-4888-add1-005baaaaa614" />
    <UnitTestResult executionId="a0260a4c-9ad6-4bb8-912a-0c227fba870f" testId="88594adb-7d6a-3b2f-7b72-9ba26c95e907" testName="DEMAConsulting.VHDLTest.Tests.SelfTest.ValidationTests.SelfTest_ValidateWithDepth_MockSimulator_RendersDepthHeadings" computerName="KMC-L-DYTDH84" duration="00:00:00.2650554" startTime="2026-05-28T23:38:26.5054415-04:00" endTime="2026-05-28T23:38:26.7705402-04:00" testType="13cdc9d9-ddb5-4fa4-a97d-d965ccfc6d4b" outcome="Passed" testListId="8c84fa94-04c1-424b-9868-57a2d4851a1d" relativeResultsDirectory="a0260a4c-9ad6-4bb8-912a-0c227fba870f" />
    <UnitTestResult executionId="d06dba51-13b4-4d3d-8b58-3c9e87b4ed18" testId="f2d65105-947a-97f0-210a-0bffd3d8cc34" testName="DEMAConsulting.VHDLTest.Tests.Simulators.GhdlSimulatorTests.GhdlSimulator_TestProcessor_InfoOutput_ReturnsInfoResult" computerName="KMC-L-DYTDH84" duration="00:00:00.0002433" startTime="2026-05-28T23:38:30.6364068-04:00" endTime="2026-05-28T23:38:30.6366573-04:00" testType="13cdc9d9-ddb5-4fa4-a97d-d965ccfc6d4b" outcome="Passed" testListId="8c84fa94-04c1-424b-9868-57a2d4851a1d" relativeResultsDirectory="d06dba51-13b4-4d3d-8b58-3c9e87b4ed18" />
    <UnitTestResult executionId="8ceb7f8c-c67d-4570-9842-f899dbb878c8" testId="274d5b22-1e23-0b6e-2ff9-933f98ae9c49" testName="DEMAConsulting.VHDLTest.Tests.IntegrationTests.IntegrationTest_HelpLongFlag_DisplaysUsageAndReturnsSuccess" computerName="KMC-L-DYTDH84" duration="00:00:00.1986883" startTime="2026-05-28T23:38:29.5679167-04:00" endTime="2026-05-28T23:38:29.7666315-04:00" testType="13cdc9d9-ddb5-4fa4-a97d-d965ccfc6d4b" outcome="Passed" testListId="8c84fa94-04c1-424b-9868-57a2d4851a1d" relativeResultsDirectory="8ceb7f8c-c67d-4570-9842-f899dbb878c8" />
    <UnitTestResult executionId="a5357e13-8881-4dbb-9b05-e86ccfa362c5" testId="10d0f653-aabf-77c8-84c3-35c2e8eba2d0" testName="DEMAConsulting.VHDLTest.Tests.Results.TestResultsTests.TestResults_Execute_WithMockSimulator_CollectsTestOutcomes" computerName="KMC-L-DYTDH84" duration="00:00:00.0011052" startTime="2026-05-28T23:38:27.0738336-04:00" endTime="2026-05-28T23:38:27.0749665-04:00" testType="13cdc9d9-ddb5-4fa4-a97d-d965ccfc6d4b" outcome="Passed" testListId="8c84fa94-04c1-424b-9868-57a2d4851a1d" relativeResultsDirectory="a5357e13-8881-4dbb-9b05-e86ccfa362c5" />
    <UnitTestResult executionId="c326d73e-e5b8-4dc7-a13e-61b4f14c7a18" testId="2b709a48-16b7-9c8a-4bad-d64ee918986c" testName="DEMAConsulting.VHDLTest.Tests.Cli.ContextTests.Context_Create_WithLogOption_WritesToLogFile" computerName="KMC-L-DYTDH84" duration="00:00:00.0033475" startTime="2026-05-28T23:38:25.6280452-04:00" endTime="2026-05-28T23:38:25.6314424-04:00" testType="13cdc9d9-ddb5-4fa4-a97d-d965ccfc6d4b" outcome="Passed" testListId="8c84fa94-04c1-424b-9868-57a2d4851a1d" relativeResultsDirectory="c326d73e-e5b8-4dc7-a13e-61b4f14c7a18" />
    <UnitTestResult executionId="bbb0a5e8-169f-44b3-98e4-e83216569013" testId="a4f7f005-8270-0265-518c-923648e64266" testName="DEMAConsulting.VHDLTest.Tests.Simulators.MockSimulatorTests.MockSimulator_TestProcessor_InfoOutput_ReturnsInfoResult" computerName="KMC-L-DYTDH84" duration="00:00:00.0002735" startTime="2026-05-28T23:38:27.6808543-04:00" endTime="2026-05-28T23:38:27.6811490-04:00" testType="13cdc9d9-ddb5-4fa4-a97d-d965ccfc6d4b" outcome="Passed" testListId="8c84fa94-04c1-424b-9868-57a2d4851a1d" relativeResultsDirectory="bbb0a5e8-169f-44b3-98e4-e83216569013" />
    <UnitTestResult executionId="36c49bc9-ed3d-491c-9565-39cb25aa61b0" testId="22b8fed7-5ca1-ef0b-54b8-e7661e4cade2" testName="DEMAConsulting.VHDLTest.Tests.Simulators.QuestaSimSimulatorTests.QuestaSimSimulator_TestProcessor_InfoOutput_ReturnsInfoResult" computerName="KMC-L-DYTDH84" duration="00:00:00.0002033" startTime="2026-05-28T23:38:27.7006222-04:00" endTime="2026-05-28T23:38:27.7008373-04:00" testType="13cdc9d9-ddb5-4fa4-a97d-d965ccfc6d4b" outcome="Passed" testListId="8c84fa94-04c1-424b-9868-57a2d4851a1d" relativeResultsDirectory="36c49bc9-ed3d-491c-9565-39cb25aa61b0" />
    <UnitTestResult executionId="ecb89e2f-59fd-4533-83a6-42809d192596" testId="89448d53-7374-8799-0d38-701de6980410" testName="DEMAConsulting.VHDLTest.Tests.ProgramTests.Program_Run_WithVersionFlag_ReturnsZeroExitCode" computerName="KMC-L-DYTDH84" duration="00:00:00.0002071" startTime="2026-05-28T23:38:27.0538457-04:00" endTime="2026-05-28T23:38:27.0541316-04:00" testType="13cdc9d9-ddb5-4fa4-a97d-d965ccfc6d4b" outcome="Passed" testListId="8c84fa94-04c1-424b-9868-57a2d4851a1d" relativeResultsDirectory="ecb89e2f-59fd-4533-83a6-42809d192596" />
    <UnitTestResult executionId="06e7b71b-9f84-4c22-a552-07471eac1a03" testId="2c62b311-4d03-b511-d76a-24522d74a7bc" testName="DEMAConsulting.VHDLTest.Tests.Cli.OptionsTests.Options_Parse_NoConfigProvided_ThrowsInvalidOperationException" computerName="KMC-L-DYTDH84" duration="00:00:00.0003755" startTime="2026-05-28T23:38:25.6678680-04:00" endTime="2026-05-28T23:38:25.6682768-04:00" testType="13cdc9d9-ddb5-4fa4-a97d-d965ccfc6d4b" outcome="Passed" testListId="8c84fa94-04c1-424b-9868-57a2d4851a1d" relativeResultsDirectory="06e7b71b-9f84-4c22-a552-07471eac1a03" />
    <UnitTestResult executionId="837f61e2-d2de-4b1f-a113-f3828c9697e1" testId="d4d043db-fb52-5989-b982-633fa5ebec86" testName="DEMAConsulting.VHDLTest.Tests.Cli.CliSubsystemTests.CliSubsystem_ParseArgsAndLoadConfig_WithMissingConfig_ThrowsFileNotFoundException" computerName="KMC-L-DYTDH84" duration="00:00:00.0004893" startTime="2026-05-28T23:38:27.6936405-04:00" endTime="2026-05-28T23:38:27.6941608-04:00" testType="13cdc9d9-ddb5-4fa4-a97d-d965ccfc6d4b" outcome="Passed" testListId="8c84fa94-04c1-424b-9868-57a2d4851a1d" relativeResultsDirectory="837f61e2-d2de-4b1f-a113-f3828c9697e1" />
    <UnitTestResult executionId="f2eb9128-90ec-4b96-8179-bef9d8272b8d" testId="e769ac52-816f-f827-7b44-faa925dc805c" testName="DEMAConsulting.VHDLTest.Tests.ProgramTests.Program_Run_WithNoConfig_ReturnsNonZeroExitCode" computerName="KMC-L-DYTDH84" duration="00:00:00.0001519" startTime="2026-05-28T23:38:27.0505817-04:00" endTime="2026-05-28T23:38:27.0507586-04:00" testType="13cdc9d9-ddb5-4fa4-a97d-d965ccfc6d4b" outcome="Passed" testListId="8c84fa94-04c1-424b-9868-57a2d4851a1d" relativeResultsDirectory="f2eb9128-90ec-4b96-8179-bef9d8272b8d" />
    <UnitTestResult executionId="ec545c14-bad8-44ce-8c04-e9e556194c1c" testId="e7dca7e4-f3c4-e796-dbcc-afb08ecf3982" testName="DEMAConsulting.VHDLTest.Tests.Simulators.ActiveHdlSimulatorTests.ActiveHdlSimulator_TestProcessor_LatticeSuppression1_ReturnsInfoResult" computerName="KMC-L-DYTDH84" duration="00:00:00.0001669" startTime="2026-05-28T23:38:27.0583777-04:00" endTime="2026-05-28T23:38:27.0585612-04:00" testType="13cdc9d9-ddb5-4fa4-a97d-d965ccfc6d4b" outcome="Passed" testListId="8c84fa94-04c1-424b-9868-57a2d4851a1d" relativeResultsDirectory="ec545c14-bad8-44ce-8c04-e9e556194c1c" />
    <UnitTestResult executionId="e035812f-55ec-4ffa-9c1d-519bab1eafd3" testId="2b325a47-a5b0-233c-0936-59af2b416edb" testName="DEMAConsulting.VHDLTest.Tests.Simulators.ActiveHdlSimulatorTests.ActiveHdlSimulator_TestProcessor_InfoOutput_ReturnsInfoResult" computerName="KMC-L-DYTDH84" duration="00:00:00.0001684" startTime="2026-05-28T23:38:27.0575012-04:00" endTime="2026-05-28T23:38:27.0576834-04:00" testType="13cdc9d9-ddb5-4fa4-a97d-d965ccfc6d4b" outcome="Passed" testListId="8c84fa94-04c1-424b-9868-57a2d4851a1d" relativeResultsDirectory="e035812f-55ec-4ffa-9c1d-519bab1eafd3" />
    <UnitTestResult executionId="f74770c5-9997-4e39-8a3d-33d2fb534c5a" testId="477fef68-7bfb-25b6-cbb3-616a2ab5091b" testName="DEMAConsulting.VHDLTest.Tests.Run.RunSubsystemTests.RunSubsystem_ExecuteRealProgram_WithClassificationRules_ProducesClassifiedRunResults" computerName="KMC-L-DYTDH84" duration="00:00:00.2944458" startTime="2026-05-28T23:38:27.3796381-04:00" endTime="2026-05-28T23:38:27.6741221-04:00" testType="13cdc9d9-ddb5-4fa4-a97d-d965ccfc6d4b" outcome="Passed" testListId="8c84fa94-04c1-424b-9868-57a2d4851a1d" relativeResultsDirectory="f74770c5-9997-4e39-8a3d-33d2fb534c5a" />
    <UnitTestResult executionId="ececc040-38d9-4444-ae50-13301b0c5e6e" testId="1d1eb9db-31b3-d184-87c7-c5e3afc945bb" testName="DEMAConsulting.VHDLTest.Tests.Simulators.VivadoSimulatorTests.VivadoSimulator_TestProcessor_FailureOutput_ReturnsErrorResult" computerName="KMC-L-DYTDH84" duration="00:00:00.0003979" startTime="2026-05-28T23:38:30.6373643-04:00" endTime="2026-05-28T23:38:30.6377781-04:00" testType="13cdc9d9-ddb5-4fa4-a97d-d965ccfc6d4b" outcome="Passed" testListId="8c84fa94-04c1-424b-9868-57a2d4851a1d" relativeResultsDirectory="ececc040-38d9-4444-ae50-13301b0c5e6e" />
    <UnitTestResult executionId="d69b5d15-1fab-416b-9bc3-7e0e358c8ff3" testId="11c81110-1a93-a837-1dd8-5c6474d0b1b1" testName="DEMAConsulting.VHDLTest.Tests.Run.RunProgramTests.RunProgram_Run_ProgramWithNonZeroExit_ReturnsNonZeroExitCode" computerName="KMC-L-DYTDH84" duration="00:00:00.2862814" startTime="2026-05-28T23:38:27.9965575-04:00" endTime="2026-05-28T23:38:28.2828664-04:00" testType="13cdc9d9-ddb5-4fa4-a97d-d965ccfc6d4b" outcome="Passed" testListId="8c84fa94-04c1-424b-9868-57a2d4851a1d" relativeResultsDirectory="d69b5d15-1fab-416b-9bc3-7e0e358c8ff3" />
    <UnitTestResult executionId="d8ae15f9-fb94-4703-91dd-d9ac3565309f" testId="bfa3ddfb-3655-ffa4-48d9-08e039f02f66" testName="DEMAConsulting.VHDLTest.Tests.Cli.ContextTests.Context_WriteVerboseLine_VerboseMode_WritesToLog" computerName="KMC-L-DYTDH84" duration="00:00:00.0018622" startTime="2026-05-28T23:38:25.6397384-04:00" endTime="2026-05-28T23:38:25.6416306-04:00" testType="13cdc9d9-ddb5-4fa4-a97d-d965ccfc6d4b" outcome="Passed" testListId="8c84fa94-04c1-424b-9868-57a2d4851a1d" relativeResultsDirectory="d8ae15f9-fb94-4703-91dd-d9ac3565309f" />
    <UnitTestResult executionId="596d468b-f17c-4e8a-9c6f-e1e74fbf0534" testId="fd2e3a2c-a6ce-83b1-a67e-08fc63ea97cc" testName="DEMAConsulting.VHDLTest.Tests.Simulators.GhdlSimulatorTests.GhdlSimulator_SimulatorName_ReturnsGHDL" computerName="KMC-L-DYTDH84" duration="00:00:00.0000642" startTime="2026-05-28T23:38:30.6354243-04:00" endTime="2026-05-28T23:38:30.6354962-04:00" testType="13cdc9d9-ddb5-4fa4-a97d-d965ccfc6d4b" outcome="Passed" testListId="8c84fa94-04c1-424b-9868-57a2d4851a1d" relativeResultsDirectory="596d468b-f17c-4e8a-9c6f-e1e74fbf0534" />
    <UnitTestResult executionId="51187980-1f36-4f91-8a0e-ba7a721b41a1" testId="36c7865e-57a7-5b12-403c-7f8de16a850a" testName="DEMAConsulting.VHDLTest.Tests.Cli.ContextTests.Context_Create_UnknownArgument_ThrowsInvalidOperationException" computerName="KMC-L-DYTDH84" duration="00:00:00.0001429" startTime="2026-05-28T23:38:25.6388891-04:00" endTime="2026-05-28T23:38:25.6390506-04:00" testType="13cdc9d9-ddb5-4fa4-a97d-d965ccfc6d4b" outcome="Passed" testListId="8c84fa94-04c1-424b-9868-57a2d4851a1d" relativeResultsDirectory="51187980-1f36-4f91-8a0e-ba7a721b41a1" />
    <UnitTestResult executionId="ef9eafe6-52f1-45fa-ac69-ee49acced6b7" testId="ad271ad0-2e48-20f4-2627-c7315fa86425" testName="DEMAConsulting.VHDLTest.Tests.Cli.ContextTests.Context_Create_WithSimulator_SetsSimulator" computerName="KMC-L-DYTDH84" duration="00:00:00.0000940" startTime="2026-05-28T23:38:25.6394957-04:00" endTime="2026-05-28T23:38:25.6396072-04:00" testType="13cdc9d9-ddb5-4fa4-a97d-d965ccfc6d4b" outcome="Passed" testListId="8c84fa94-04c1-424b-9868-57a2d4851a1d" relativeResultsDirectory="ef9eafe6-52f1-45fa-ac69-ee49acced6b7" />
    <UnitTestResult executionId="01551fd5-6353-44d4-94b6-ef313d578b97" testId="8e0a78e7-9224-68e0-0dec-348452c1694f" testName="DEMAConsulting.VHDLTest.Tests.Simulators.ActiveHdlSimulatorTests.ActiveHdlSimulator_CompileProcessor_WarningOutput_ReturnsWarningResult" computerName="KMC-L-DYTDH84" duration="00:00:00.0001503" startTime="2026-05-28T23:38:27.0580914-04:00" endTime="2026-05-28T23:38:27.0582590-04:00" testType="13cdc9d9-ddb5-4fa4-a97d-d965ccfc6d4b" outcome="Passed" testListId="8c84fa94-04c1-424b-9868-57a2d4851a1d" relativeResultsDirectory="01551fd5-6353-44d4-94b6-ef313d578b97" />
    <UnitTestResult executionId="770bd387-0787-4833-bd24-906cd4a5a6e9" testId="15cada75-9cc0-9f46-1df9-59d03a20a92f" testName="DEMAConsulting.VHDLTest.Tests.Simulators.MockSimulatorTests.MockSimulator_Test_WithErrorPattern_ReturnsErrorResult" computerName="KMC-L-DYTDH84" duration="00:00:00.0001721" startTime="2026-05-28T23:38:27.6776052-04:00" endTime="2026-05-28T23:38:27.6777990-04:00" testType="13cdc9d9-ddb5-4fa4-a97d-d965ccfc6d4b" outcome="Passed" testListId="8c84fa94-04c1-424b-9868-57a2d4851a1d" relativeResultsDirectory="770bd387-0787-4833-bd24-906cd4a5a6e9" />
    <UnitTestResult executionId="a6b7a3dc-1e94-4f76-a02c-39d24d5970df" testId="9e978988-7425-bdd7-47d9-492a1f5168f8" testName="DEMAConsulting.VHDLTest.Tests.IntegrationTests.IntegrationTest_CompileError_ReturnsNonZeroExitCode" computerName="KMC-L-DYTDH84" duration="00:00:00.3094064" startTime="2026-05-28T23:38:28.7358435-04:00" endTime="2026-05-28T23:38:29.0452732-04:00" testType="13cdc9d9-ddb5-4fa4-a97d-d965ccfc6d4b" outcome="Passed" testListId="8c84fa94-04c1-424b-9868-57a2d4851a1d" relativeResultsDirectory="a6b7a3dc-1e94-4f76-a02c-39d24d5970df" />
    <UnitTestResult executionId="4e78c481-3dab-4f5c-ae81-05a9b4fefd9a" testId="29d0f7b5-1fb0-b911-be00-a6b5b4a294ab" testName="DEMAConsulting.VHDLTest.Tests.Simulators.SimulatorTests.Simulator_Where_UnknownExecutable_ReturnsNull" computerName="KMC-L-DYTDH84" duration="00:00:00.0092431" startTime="2026-05-28T23:38:28.2831927-04:00" endTime="2026-05-28T23:38:28.2924671-04:00" testType="13cdc9d9-ddb5-4fa4-a97d-d965ccfc6d4b" outcome="Passed" testListId="8c84fa94-04c1-424b-9868-57a2d4851a1d" relativeResultsDirectory="4e78c481-3dab-4f5c-ae81-05a9b4fefd9a" />
    <UnitTestResult executionId="23ec2605-3e36-4617-a1a6-e3ad7ac64244" testId="b0a35e5e-2769-3989-9487-82c1cc89ee48" testName="DEMAConsulting.VHDLTest.Tests.Simulators.QuestaSimSimulatorTests.QuestaSimSimulator_CompileProcessor_CleanOutput_ReturnsTextResult" computerName="KMC-L-DYTDH84" duration="00:00:00.0002439" startTime="2026-05-28T23:38:27.6999475-04:00" endTime="2026-05-28T23:38:27.7002231-04:00" testType="13cdc9d9-ddb5-4fa4-a97d-d965ccfc6d4b" outcome="Passed" testListId="8c84fa94-04c1-424b-9868-57a2d4851a1d" relativeResultsDirectory="23ec2605-3e36-4617-a1a6-e3ad7ac64244" />
    <UnitTestResult executionId="7fca8804-3744-4588-8c1a-fc618a1e8c42" testId="e707abdc-c09b-2471-6c28-e8bd2453a782" testName="DEMAConsulting.VHDLTest.Tests.ProgramTests.Program_Run_WithHelpFlag_DisplaysHelp" computerName="KMC-L-DYTDH84" duration="00:00:00.0023656" startTime="2026-05-28T23:38:27.0511288-04:00" endTime="2026-05-28T23:38:27.0535275-04:00" testType="13cdc9d9-ddb5-4fa4-a97d-d965ccfc6d4b" outcome="Passed" testListId="8c84fa94-04c1-424b-9868-57a2d4851a1d" relativeResultsDirectory="7fca8804-3744-4588-8c1a-fc618a1e8c42" />
    <UnitTestResult executionId="16939b85-bd9b-4c82-a954-18a11f45b094" testId="1ba3cd35-f38e-2350-bf5b-62de7f719379" testName="DEMAConsulting.VHDLTest.Tests.Simulators.GhdlSimulatorTests.GhdlSimulator_CompileProcessor_ErrorOutput_ReturnsErrorResult" computerName="KMC-L-DYTDH84" duration="00:00:00.0001890" startTime="2026-05-28T23:38:30.6339206-04:00" endTime="2026-05-28T23:38:30.6341161-04:00" testType="13cdc9d9-ddb5-4fa4-a97d-d965ccfc6d4b" outcome="Passed" testListId="8c84fa94-04c1-424b-9868-57a2d4851a1d" relativeResultsDirectory="16939b85-bd9b-4c82-a954-18a11f45b094" />
    <UnitTestResult executionId="668f87cc-d97d-4629-a49e-e0218ad5ea19" testId="1196bc21-5e7c-b51e-d730-15c759fe871f" testName="DEMAConsulting.VHDLTest.Tests.Simulators.NvcSimulatorTests.NvcSimulator_TestProcessor_ErrorOutput_ReturnsErrorResult" computerName="KMC-L-DYTDH84" duration="00:00:00.0056548" startTime="2026-05-28T23:38:25.6062672-04:00" endTime="2026-05-28T23:38:25.6119577-04:00" testType="13cdc9d9-ddb5-4fa4-a97d-d965ccfc6d4b" outcome="Passed" testListId="8c84fa94-04c1-424b-9868-57a2d4851a1d" relativeResultsDirectory="668f87cc-d97d-4629-a49e-e0218ad5ea19" />
    <UnitTestResult executionId="5b3db67b-8e6a-4662-a2a9-dee6febf8b0b" testId="7ea18f78-88d7-6275-de68-dc24775fbad2" testName="DEMAConsulting.VHDLTest.Tests.Simulators.NvcSimulatorTests.NvcSimulator_CompileProcessor_FailureOutput_ReturnsErrorResult" computerName="KMC-L-DYTDH84" duration="00:00:00.0001499" startTime="2026-05-28T23:38:25.6142216-04:00" endTime="2026-05-28T23:38:25.6143892-04:00" testType="13cdc9d9-ddb5-4fa4-a97d-d965ccfc6d4b" outcome="Passed" testListId="8c84fa94-04c1-424b-9868-57a2d4851a1d" relativeResultsDirectory="5b3db67b-8e6a-4662-a2a9-dee6febf8b0b" />
    <UnitTestResult executionId="bbfc929f-5b8f-4e87-af67-e747687e349b" testId="60bfd502-441c-6591-e144-dd53d561068c" testName="DEMAConsulting.VHDLTest.Tests.SelfTest.ValidationTests.SelfTest_ValidateWithResultsFile_MockSimulator_SavesResults" computerName="KMC-L-DYTDH84" duration="00:00:00.2845780" startTime="2026-05-28T23:38:25.9538532-04:00" endTime="2026-05-28T23:38:26.2384770-04:00" testType="13cdc9d9-ddb5-4fa4-a97d-d965ccfc6d4b" outcome="Passed" testListId="8c84fa94-04c1-424b-9868-57a2d4851a1d" relativeResultsDirectory="bbfc929f-5b8f-4e87-af67-e747687e349b" />
    <UnitTestResult executionId="b6aa7332-4fc4-4196-8ef0-3d5eba447003" testId="52217495-daf1-eabc-019b-0bd6d1e828f8" testName="DEMAConsulting.VHDLTest.Tests.IntegrationTests.IntegrationTest_TestsPassed_ReturnsZeroExitCode" computerName="KMC-L-DYTDH84" duration="00:00:00.3250633" startTime="2026-05-28T23:38:29.2425861-04:00" endTime="2026-05-28T23:38:29.5677070-04:00" testType="13cdc9d9-ddb5-4fa4-a97d-d965ccfc6d4b" outcome="Passed" testListId="8c84fa94-04c1-424b-9868-57a2d4851a1d" relativeResultsDirectory="b6aa7332-4fc4-4196-8ef0-3d5eba447003" />
    <UnitTestResult executionId="40cae5a9-c7ef-4c73-9d73-67e270e65203" testId="8f6da7a4-c642-5ede-4121-662f76d29bd5" testName="DEMAConsulting.VHDLTest.Tests.Run.RunProcessorTests.RunResults_Print_WithVerboseDisabled_SuppressesTextLines" computerName="KMC-L-DYTDH84" duration="00:00:00.0003228" startTime="2026-05-28T23:38:25.5895221-04:00" endTime="2026-05-28T23:38:25.5898850-04:00" testType="13cdc9d9-ddb5-4fa4-a97d-d965ccfc6d4b" outcome="Passed" testListId="8c84fa94-04c1-424b-9868-57a2d4851a1d" relativeResultsDirectory="40cae5a9-c7ef-4c73-9d73-67e270e65203" />
    <UnitTestResult executionId="e601f088-a617-4e55-bb1a-4bcb08b02513" testId="dfff718d-b98a-2a23-65cd-f822a46b050c" testName="DEMAConsulting.VHDLTest.Tests.Cli.ContextTests.Context_Create_WithZeroDepth_ThrowsInvalidOperationException" computerName="KMC-L-DYTDH84" duration="00:00:00.0001357" startTime="2026-05-28T23:38:25.6391968-04:00" endTime="2026-05-28T23:38:25.6393510-04:00" testType="13cdc9d9-ddb5-4fa4-a97d-d965ccfc6d4b" outcome="Passed" testListId="8c84fa94-04c1-424b-9868-57a2d4851a1d" relativeResultsDirectory="e601f088-a617-4e55-bb1a-4bcb08b02513" />
    <UnitTestResult executionId="91f31840-5c0a-4bc7-8bec-0a0a16180895" testId="b2ecc28c-00ed-85f7-b494-3e439f1ebb9d" testName="DEMAConsulting.VHDLTest.Tests.Simulators.MockSimulatorTests.MockSimulator_Compile_WithCleanFile_ReturnsSuccessResult" computerName="KMC-L-DYTDH84" duration="00:00:00.0001789" startTime="2026-05-28T23:38:27.6796544-04:00" endTime="2026-05-28T23:38:27.6798544-04:00" testType="13cdc9d9-ddb5-4fa4-a97d-d965ccfc6d4b" outcome="Passed" testListId="8c84fa94-04c1-424b-9868-57a2d4851a1d" relativeResultsDirectory="91f31840-5c0a-4bc7-8bec-0a0a16180895" />
    <UnitTestResult executionId="2b800521-8e71-4401-be21-e69fcd71fa3a" testId="db7dd8b5-ede7-13c9-c462-e1d06036e45e" testName="DEMAConsulting.VHDLTest.Tests.SelfTest.ValidationTests.SelfTest_Validate_InvalidSimulator_ReturnsFailure" computerName="KMC-L-DYTDH84" duration="00:00:00.2226612" startTime="2026-05-28T23:38:25.7308709-04:00" endTime="2026-05-28T23:38:25.9535964-04:00" testType="13cdc9d9-ddb5-4fa4-a97d-d965ccfc6d4b" outcome="Passed" testListId="8c84fa94-04c1-424b-9868-57a2d4851a1d" relativeResultsDirectory="2b800521-8e71-4401-be21-e69fcd71fa3a" />
    <UnitTestResult executionId="68aa81a4-f467-4f72-a95b-34a0c5a6dba6" testId="fcc802c1-d371-afdd-3787-5f5a26965952" testName="DEMAConsulting.VHDLTest.Tests.Simulators.ActiveHdlSimulatorTests.ActiveHdlSimulator_TestProcessor_WarningOutput_ReturnsWarningResult" computerName="KMC-L-DYTDH84" duration="00:00:00.0002100" startTime="2026-05-28T23:38:27.0558952-04:00" endTime="2026-05-28T23:38:27.0561191-04:00" testType="13cdc9d9-ddb5-4fa4-a97d-d965ccfc6d4b" outcome="Passed" testListId="8c84fa94-04c1-424b-9868-57a2d4851a1d" relativeResultsDirectory="68aa81a4-f467-4f72-a95b-34a0c5a6dba6" />
    <UnitTestResult executionId="0b3c44dc-bf05-4196-b466-e69f9757f266" testId="5dee95f1-fdb5-ebc1-400c-390de08b4a4c" testName="DEMAConsulting.VHDLTest.Tests.Cli.ContextTests.Context_Create_WithInvalidDepth_ThrowsInvalidOperationException" computerName="KMC-L-DYTDH84" duration="00:00:00.0004300" startTime="2026-05-28T23:38:25.6317691-04:00" endTime="2026-05-28T23:38:25.6322310-04:00" testType="13cdc9d9-ddb5-4fa4-a97d-d965ccfc6d4b" outcome="Passed" testListId="8c84fa94-04c1-424b-9868-57a2d4851a1d" relativeResultsDirectory="0b3c44dc-bf05-4196-b466-e69f9757f266" />
    <UnitTestResult executionId="242b2474-ca72-4e86-a2ac-637824afb12d" testId="144cbee1-193d-66a3-884a-2ec959002a46" testName="DEMAConsulting.VHDLTest.Tests.Simulators.ActiveHdlSimulatorTests.ActiveHdlSimulator_SimulatorName_ReturnsActiveHDL" computerName="KMC-L-DYTDH84" duration="00:00:00.0001399" startTime="2026-05-28T23:38:27.0550655-04:00" endTime="2026-05-28T23:38:27.0552251-04:00" testType="13cdc9d9-ddb5-4fa4-a97d-d965ccfc6d4b" outcome="Passed" testListId="8c84fa94-04c1-424b-9868-57a2d4851a1d" relativeResultsDirectory="242b2474-ca72-4e86-a2ac-637824afb12d" />
    <UnitTestResult executionId="62be2bcc-d905-4b78-b794-860a8f144c47" testId="49991814-8934-a77c-05ad-06ec66dc35da" testName="DEMAConsulting.VHDLTest.Tests.Simulators.ActiveHdlSimulatorTests.ActiveHdlSimulator_TestProcessor_KernelWarningUpper_ReturnsWarningResult" computerName="KMC-L-DYTDH84" duration="00:00:00.0001585" startTime="2026-05-28T23:38:27.0596068-04:00" endTime="2026-05-28T23:38:27.0597794-04:00" testType="13cdc9d9-ddb5-4fa4-a97d-d965ccfc6d4b" outcome="Passed" testListId="8c84fa94-04c1-424b-9868-57a2d4851a1d" relativeResultsDirectory="62be2bcc-d905-4b78-b794-860a8f144c47" />
    <UnitTestResult executionId="2f745d06-01e8-4798-997f-11c2c8e0c85a" testId="e3e36111-3b22-e168-3d63-be41f5fa7146" testName="DEMAConsulting.VHDLTest.Tests.Run.RunProcessorTests.RunLineRule_Create_InvalidPattern_ThrowsArgumentException" computerName="KMC-L-DYTDH84" duration="00:00:00.0004849" startTime="2026-05-28T23:38:24.9684241-04:00" endTime="2026-05-28T23:38:24.9689471-04:00" testType="13cdc9d9-ddb5-4fa4-a97d-d965ccfc6d4b" outcome="Passed" testListId="8c84fa94-04c1-424b-9868-57a2d4851a1d" relativeResultsDirectory="2f745d06-01e8-4798-997f-11c2c8e0c85a" />
    <UnitTestResult executionId="1cb14a4f-25af-4a59-a2a9-f10f889ade1b" testId="1b5d3f95-d52f-a9eb-b7a8-ed96e004529a" testName="DEMAConsulting.VHDLTest.Tests.Simulators.MockSimulatorTests.MockSimulator_Compile_WithErrorFile_ReturnsErrorResult" computerName="KMC-L-DYTDH84" duration="00:00:00.0001695" startTime="2026-05-28T23:38:27.6753381-04:00" endTime="2026-05-28T23:38:27.6755210-04:00" testType="13cdc9d9-ddb5-4fa4-a97d-d965ccfc6d4b" outcome="Passed" testListId="8c84fa94-04c1-424b-9868-57a2d4851a1d" relativeResultsDirectory="1cb14a4f-25af-4a59-a2a9-f10f889ade1b" />
    <UnitTestResult executionId="0194ec6f-d4f1-436c-8f2a-78deb9a266f5" testId="d9a6e2ff-26b4-3040-c286-ea6a09fce3e6" testName="DEMAConsulting.VHDLTest.Tests.Cli.ContextTests.Context_Create_WithVerbose_SetsVerboseFlag" computerName="KMC-L-DYTDH84" duration="00:00:00.0000791" startTime="2026-05-28T23:38:25.6386600-04:00" endTime="2026-05-28T23:38:25.6387569-04:00" testType="13cdc9d9-ddb5-4fa4-a97d-d965ccfc6d4b" outcome="Passed" testListId="8c84fa94-04c1-424b-9868-57a2d4851a1d" relativeResultsDirectory="0194ec6f-d4f1-436c-8f2a-78deb9a266f5" />
    <UnitTestResult executionId="7e5b97c0-b61a-4c72-809e-69ec079445e5" testId="07685a2d-5a7d-94da-fc53-50681e23100a" testName="DEMAConsulting.VHDLTest.Tests.Cli.ContextTests.Context_Create_WithDepth_SetsDepth" computerName="KMC-L-DYTDH84" duration="00:00:00.0064710" startTime="2026-05-28T23:38:25.6211616-04:00" endTime="2026-05-28T23:38:25.6276810-04:00" testType="13cdc9d9-ddb5-4fa4-a97d-d965ccfc6d4b" outcome="Passed" testListId="8c84fa94-04c1-424b-9868-57a2d4851a1d" relativeResultsDirectory="7e5b97c0-b61a-4c72-809e-69ec079445e5" />
    <UnitTestResult executionId="03a7e59b-7d6e-41a5-a5d1-e2bfb23c733e" testId="b7c9d779-0942-9f81-eecf-8a08504fe2b2" testName="DEMAConsulting.VHDLTest.Tests.Results.TestResultsTests.TestResults_SaveResults_WithUnknownExtension_CreatesTrxFile" computerName="KMC-L-DYTDH84" duration="00:00:00.0018259" startTime="2026-05-28T23:38:27.0778520-04:00" endTime="2026-05-28T23:38:27.0797046-04:00" testType="13cdc9d9-ddb5-4fa4-a97d-d965ccfc6d4b" outcome="Passed" testListId="8c84fa94-04c1-424b-9868-57a2d4851a1d" relativeResultsDirectory="03a7e59b-7d6e-41a5-a5d1-e2bfb23c733e" />
    <UnitTestResult executionId="c5b59fe8-ab77-432a-b4bd-6a10e72ebb66" testId="1066c0ca-78f6-335f-1681-80c7b18ecb73" testName="DEMAConsulting.VHDLTest.Tests.Results.TestResultsTests.TestResults_SaveResults_WithXmlExtension_CreatesJUnitFile" computerName="KMC-L-DYTDH84" duration="00:00:00.0020422" startTime="2026-05-28T23:38:27.0715647-04:00" endTime="2026-05-28T23:38:27.0736381-04:00" testType="13cdc9d9-ddb5-4fa4-a97d-d965ccfc6d4b" outcome="Passed" testListId="8c84fa94-04c1-424b-9868-57a2d4851a1d" relativeResultsDirectory="c5b59fe8-ab77-432a-b4bd-6a10e72ebb66" />
    <UnitTestResult executionId="21eb30b5-aeff-487f-9de7-03d0d77e06ff" testId="1b342fcf-4368-6317-e424-c99ffd781586" testName="DEMAConsulting.VHDLTest.Tests.Results.TestResultTests.TestResult_Constructor_WithInfoResult_CreatesPassedTest" computerName="KMC-L-DYTDH84" duration="00:00:00.0002506" startTime="2026-05-28T23:38:27.0837544-04:00" endTime="2026-05-28T23:38:27.0840248-04:00" testType="13cdc9d9-ddb5-4fa4-a97d-d965ccfc6d4b" outcome="Passed" testListId="8c84fa94-04c1-424b-9868-57a2d4851a1d" relativeResultsDirectory="21eb30b5-aeff-487f-9de7-03d0d77e06ff" />
    <UnitTestResult executionId="d915dfef-bab8-4355-9f84-00e8b674b86f" testId="4aa606ae-12c1-d7be-b923-d27daf2357b1" testName="DEMAConsulting.VHDLTest.Tests.Simulators.VivadoSimulatorTests.VivadoSimulator_TestProcessor_InfoOutput_ReturnsInfoResult" computerName="KMC-L-DYTDH84" duration="00:00:00.0002402" startTime="2026-05-28T23:38:30.6381773-04:00" endTime="2026-05-28T23:38:30.6384263-04:00" testType="13cdc9d9-ddb5-4fa4-a97d-d965ccfc6d4b" outcome="Passed" testListId="8c84fa94-04c1-424b-9868-57a2d4851a1d" relativeResultsDirectory="d915dfef-bab8-4355-9f84-00e8b674b86f" />
    <UnitTestResult executionId="a3a02c7b-a72f-4fb8-90f4-4c378bb2f0f8" testId="16e5c464-3656-76d8-2625-c7c5147e52ea" testName="DEMAConsulting.VHDLTest.Tests.Simulators.GhdlSimulatorTests.GhdlSimulator_TestProcessor_WarningOutput_ReturnsWarningResult" computerName="KMC-L-DYTDH84" duration="00:00:00.0002120" startTime="2026-05-28T23:38:30.6351083-04:00" endTime="2026-05-28T23:38:30.6353272-04:00" testType="13cdc9d9-ddb5-4fa4-a97d-d965ccfc6d4b" outcome="Passed" testListId="8c84fa94-04c1-424b-9868-57a2d4851a1d" relativeResultsDirectory="a3a02c7b-a72f-4fb8-90f4-4c378bb2f0f8" />
    <UnitTestResult executionId="93645b38-90c7-4c78-951a-d3c58c5ea5d1" testId="75df2bd2-c5dd-d7d1-06b3-49c21e4c2b55" testName="DEMAConsulting.VHDLTest.Tests.Results.ResultsSubsystemTests.ResultsSubsystem_SaveMixedResults_ToTrxFile_CreatesTrxFileWithCorrectCounts" computerName="KMC-L-DYTDH84" duration="00:00:00.0090595" startTime="2026-05-28T23:38:27.0350605-04:00" endTime="2026-05-28T23:38:27.0441576-04:00" testType="13cdc9d9-ddb5-4fa4-a97d-d965ccfc6d4b" outcome="Passed" testListId="8c84fa94-04c1-424b-9868-57a2d4851a1d" relativeResultsDirectory="93645b38-90c7-4c78-951a-d3c58c5ea5d1" />
    <UnitTestResult executionId="0bcba6aa-5925-4706-b024-9e2b87f6f541" testId="f212db9c-a834-d15f-9497-a07662851260" testName="DEMAConsulting.VHDLTest.Tests.Simulators.GhdlSimulatorTests.GhdlSimulator_TestProcessor_AssertionFailureOutput_ReturnsErrorResult" computerName="KMC-L-DYTDH84" duration="00:00:00.0003836" startTime="2026-05-28T23:38:30.6315315-04:00" endTime="2026-05-28T23:38:30.6319349-04:00" testType="13cdc9d9-ddb5-4fa4-a97d-d965ccfc6d4b" outcome="Passed" testListId="8c84fa94-04c1-424b-9868-57a2d4851a1d" relativeResultsDirectory="0bcba6aa-5925-4706-b024-9e2b87f6f541" />
    <UnitTestResult executionId="50d252e4-6e73-498c-8dd9-2432b01e1399" testId="c89ba58f-e712-a87e-be6a-183af3401697" testName="DEMAConsulting.VHDLTest.Tests.Cli.ContextTests.Context_Create_WithNegativeDepth_ThrowsInvalidOperationException" computerName="KMC-L-DYTDH84" duration="00:00:00.0002014" startTime="2026-05-28T23:38:25.6348474-04:00" endTime="2026-05-28T23:38:25.6350763-04:00" testType="13cdc9d9-ddb5-4fa4-a97d-d965ccfc6d4b" outcome="Passed" testListId="8c84fa94-04c1-424b-9868-57a2d4851a1d" relativeResultsDirectory="50d252e4-6e73-498c-8dd9-2432b01e1399" />
    <UnitTestResult executionId="5c1f2c45-15b9-45ca-aeab-1ce2256a631b" testId="98838210-a9ed-daff-0ae3-0d20c37995cb" testName="DEMAConsulting.VHDLTest.Tests.Results.TestResultsTests.TestResults_SaveResults_WithNullFileName_ThrowsArgumentException" computerName="KMC-L-DYTDH84" duration="00:00:00.0004439" startTime="2026-05-28T23:38:27.0751412-04:00" endTime="2026-05-28T23:38:27.0756093-04:00" testType="13cdc9d9-ddb5-4fa4-a97d-d965ccfc6d4b" outcome="Passed" testListId="8c84fa94-04c1-424b-9868-57a2d4851a1d" relativeResultsDirectory="5c1f2c45-15b9-45ca-aeab-1ce2256a631b" />
    <UnitTestResult executionId="5a73fa54-446c-4009-946c-330827da4b53" testId="ccb9e8f6-30bf-1f41-f6a8-bf8304d9094c" testName="DEMAConsulting.VHDLTest.Tests.Simulators.GhdlSimulatorTests.GhdlSimulator_TestProcessor_AssertionWarningOutput_ReturnsWarningResult" computerName="KMC-L-DYTDH84" duration="00:00:00.0001551" startTime="2026-05-28T23:38:30.6361538-04:00" endTime="2026-05-28T23:38:30.6363154-04:00" testType="13cdc9d9-ddb5-4fa4-a97d-d965ccfc6d4b" outcome="Passed" testListId="8c84fa94-04c1-424b-9868-57a2d4851a1d" relativeResultsDirectory="5a73fa54-446c-4009-946c-330827da4b53" />
    <UnitTestResult executionId="ef450643-ea58-4aaa-a411-7e53c8d2d30b" testId="572f28e4-9c14-bb30-e74d-01a0eac61540" testName="DEMAConsulting.VHDLTest.Tests.Simulators.NvcSimulatorTests.NvcSimulator_CompileProcessor_CleanOutput_ReturnsTextResult" computerName="KMC-L-DYTDH84" duration="00:00:00.0001808" startTime="2026-05-28T23:38:25.6192399-04:00" endTime="2026-05-28T23:38:25.6194435-04:00" testType="13cdc9d9-ddb5-4fa4-a97d-d965ccfc6d4b" outcome="Passed" testListId="8c84fa94-04c1-424b-9868-57a2d4851a1d" relativeResultsDirectory="ef450643-ea58-4aaa-a411-7e53c8d2d30b" />
    <UnitTestResult executionId="e6c0c64c-33fd-4d2e-90c8-096bb922b267" testId="101f07d9-4442-3be2-fb9e-a0f6c62b7509" testName="DEMAConsulting.VHDLTest.Tests.Simulators.MockSimulatorTests.MockSimulator_SimulatorName_ReturnsMock" computerName="KMC-L-DYTDH84" duration="00:00:00.0000858" startTime="2026-05-28T23:38:27.6768990-04:00" endTime="2026-05-28T23:38:27.6770010-04:00" testType="13cdc9d9-ddb5-4fa4-a97d-d965ccfc6d4b" outcome="Passed" testListId="8c84fa94-04c1-424b-9868-57a2d4851a1d" relativeResultsDirectory="e6c0c64c-33fd-4d2e-90c8-096bb922b267" />
    <UnitTestResult executionId="ee016194-6b1d-48ca-94f9-46f485f0b78e" testId="51fffafb-546b-32d6-ec28-4d792cfa07c7" testName="DEMAConsulting.VHDLTest.Tests.Run.RunProcessorTests.RunProcessor_Execute_ProgramWithSuccess_ReturnsInfoResult" computerName="KMC-L-DYTDH84" duration="00:00:00.3118722" startTime="2026-05-28T23:38:24.9692180-04:00" endTime="2026-05-28T23:38:25.2811411-04:00" testType="13cdc9d9-ddb5-4fa4-a97d-d965ccfc6d4b" outcome="Passed" testListId="8c84fa94-04c1-424b-9868-57a2d4851a1d" relativeResultsDirectory="ee016194-6b1d-48ca-94f9-46f485f0b78e" />
    <UnitTestResult executionId="bc0dbd75-da95-4ba9-986b-bffc9681fadd" testId="03bd7019-6ce7-6e69-8c81-fc5dad71a573" testName="DEMAConsulting.VHDLTest.Tests.IntegrationTests.IntegrationTest_NoArguments_DisplaysUsageAndReturnsError" computerName="KMC-L-DYTDH84" duration="00:00:00.1503722" startTime="2026-05-28T23:38:28.2929540-04:00" endTime="2026-05-28T23:38:28.4433588-04:00" testType="13cdc9d9-ddb5-4fa4-a97d-d965ccfc6d4b" outcome="Passed" testListId="8c84fa94-04c1-424b-9868-57a2d4851a1d" relativeResultsDirectory="bc0dbd75-da95-4ba9-986b-bffc9681fadd" />
    <UnitTestResult executionId="1870d9b2-3aab-4a90-b6a0-c90892bba1e5" testId="87fcea77-9ae8-ba75-78e7-975a115751c9" testName="DEMAConsulting.VHDLTest.Tests.Simulators.GhdlSimulatorTests.GhdlSimulator_CompileProcessor_LineColError_ReturnsErrorResult" computerName="KMC-L-DYTDH84" duration="00:00:00.0001813" startTime="2026-05-28T23:38:30.6348146-04:00" endTime="2026-05-28T23:38:30.6350061-04:00" testType="13cdc9d9-ddb5-4fa4-a97d-d965ccfc6d4b" outcome="Passed" testListId="8c84fa94-04c1-424b-9868-57a2d4851a1d" relativeResultsDirectory="1870d9b2-3aab-4a90-b6a0-c90892bba1e5" />
    <UnitTestResult executionId="e8b08764-7b00-4b22-ba3b-995b6585d3b9" testId="5c618fd8-0bc2-8c0b-6ba8-66e5cf9ace86" testName="DEMAConsulting.VHDLTest.Tests.IntegrationTests.IntegrationTest_HelpQuestionFlag_DisplaysUsageAndReturnsSuccess" computerName="KMC-L-DYTDH84" duration="00:00:00.1433136" startTime="2026-05-28T23:38:28.5923307-04:00" endTime="2026-05-28T23:38:28.7356690-04:00" testType="13cdc9d9-ddb5-4fa4-a97d-d965ccfc6d4b" outcome="Passed" testListId="8c84fa94-04c1-424b-9868-57a2d4851a1d" relativeResultsDirectory="e8b08764-7b00-4b22-ba3b-995b6585d3b9" />
    <UnitTestResult executionId="ba894a35-1def-467a-96e5-af46227761fb" testId="e4382746-8939-e70d-9aea-113f3b85a48f" testName="DEMAConsulting.VHDLTest.Tests.Simulators.GhdlSimulatorTests.GhdlSimulator_CompileProcessor_CannotOpenError_ReturnsErrorResult" computerName="KMC-L-DYTDH84" duration="00:00:00.0001741" startTime="2026-05-28T23:38:30.6326312-04:00" endTime="2026-05-28T23:38:30.6328148-04:00" testType="13cdc9d9-ddb5-4fa4-a97d-d965ccfc6d4b" outcome="Passed" testListId="8c84fa94-04c1-424b-9868-57a2d4851a1d" relativeResultsDirectory="ba894a35-1def-467a-96e5-af46227761fb" />
    <UnitTestResult executionId="ba600f48-b08e-4cda-84c1-63d68c8b5078" testId="669af65c-1392-a97d-3d45-77689ee2d6b3" testName="DEMAConsulting.VHDLTest.Tests.Results.TestResultsTests.TestResults_PrintSummary_WithMixedResults_WritesSummaryToOutput" computerName="KMC-L-DYTDH84" duration="00:00:00.0019059" startTime="2026-05-28T23:38:27.0757683-04:00" endTime="2026-05-28T23:38:27.0776974-04:00" testType="13cdc9d9-ddb5-4fa4-a97d-d965ccfc6d4b" outcome="Passed" testListId="8c84fa94-04c1-424b-9868-57a2d4851a1d" relativeResultsDirectory="ba600f48-b08e-4cda-84c1-63d68c8b5078" />
    <UnitTestResult executionId="338f456a-bd27-4874-abb8-7e9988c52477" testId="2c286323-c689-05e6-e263-c78fab96d63e" testName="DEMAConsulting.VHDLTest.Tests.Simulators.ActiveHdlSimulatorTests.ActiveHdlSimulator_TestProcessor_CleanOutput_ReturnsTextResult" computerName="KMC-L-DYTDH84" duration="00:00:00.0001546" startTime="2026-05-28T23:38:27.0590174-04:00" endTime="2026-05-28T23:38:27.0591836-04:00" testType="13cdc9d9-ddb5-4fa4-a97d-d965ccfc6d4b" outcome="Passed" testListId="8c84fa94-04c1-424b-9868-57a2d4851a1d" relativeResultsDirectory="338f456a-bd27-4874-abb8-7e9988c52477" />
    <UnitTestResult executionId="728e79db-9f51-4652-b448-b3e8685cba7c" testId="d5e04df5-59c6-5b0f-5b10-e15635685467" testName="DEMAConsulting.VHDLTest.Tests.IntegrationTests.IntegrationTest_TestExecutionError_ReturnsNonZeroExitCode" computerName="KMC-L-DYTDH84" duration="00:00:00.3411801" startTime="2026-05-28T23:38:29.9624484-04:00" endTime="2026-05-28T23:38:30.3036544-04:00" testType="13cdc9d9-ddb5-4fa4-a97d-d965ccfc6d4b" outcome="Passed" testListId="8c84fa94-04c1-424b-9868-57a2d4851a1d" relativeResultsDirectory="728e79db-9f51-4652-b448-b3e8685cba7c" />
    <UnitTestResult executionId="eac53382-0c45-4925-86ff-4dddfcbc3797" testId="a4f3c473-6896-9271-edcf-fed24c4225e3" testName="DEMAConsulting.VHDLTest.Tests.Simulators.MockSimulatorTests.MockSimulator_Test_WithInfoPattern_ReturnsInfoResult" computerName="KMC-L-DYTDH84" duration="00:00:00.0002205" startTime="2026-05-28T23:38:27.6771878-04:00" endTime="2026-05-28T23:38:27.6774273-04:00" testType="13cdc9d9-ddb5-4fa4-a97d-d965ccfc6d4b" outcome="Passed" testListId="8c84fa94-04c1-424b-9868-57a2d4851a1d" relativeResultsDirectory="eac53382-0c45-4925-86ff-4dddfcbc3797" />
    <UnitTestResult executionId="08713d38-90f8-459c-8809-68af5b5e647c" testId="1831f105-d39f-44a1-33aa-c9ac514342b0" testName="DEMAConsulting.VHDLTest.Tests.Simulators.ModelSimSimulatorTests.ModelSimSimulator_TestProcessor_InfoOutput_ReturnsInfoResult" computerName="KMC-L-DYTDH84" duration="00:00:00.0082319" startTime="2026-05-28T23:38:25.5948445-04:00" endTime="2026-05-28T23:38:25.6031212-04:00" testType="13cdc9d9-ddb5-4fa4-a97d-d965ccfc6d4b" outcome="Passed" testListId="8c84fa94-04c1-424b-9868-57a2d4851a1d" relativeResultsDirectory="08713d38-90f8-459c-8809-68af5b5e647c" />
    <UnitTestResult executionId="7bd16379-4886-4c4f-b08a-f61d1d1164fc" testId="e043881e-c6ae-8386-3a7d-447749cc92ef" testName="DEMAConsulting.VHDLTest.Tests.Simulators.ModelSimSimulatorTests.ModelSimSimulator_CompileProcessor_CleanOutput_ReturnsTextResult" computerName="KMC-L-DYTDH84" duration="00:00:00.0002545" startTime="2026-05-28T23:38:25.6050387-04:00" endTime="2026-05-28T23:38:25.6053132-04:00" testType="13cdc9d9-ddb5-4fa4-a97d-d965ccfc6d4b" outcome="Passed" testListId="8c84fa94-04c1-424b-9868-57a2d4851a1d" relativeResultsDirectory="7bd16379-4886-4c4f-b08a-f61d1d1164fc" />
[...]
    <TestEntry testId="274d5b22-1e23-0b6e-2ff9-933f98ae9c49" executionId="8ceb7f8c-c67d-4570-9842-f899dbb878c8" testListId="8c84fa94-04c1-424b-9868-57a2d4851a1d" />
    <TestEntry testId="10d0f653-aabf-77c8-84c3-35c2e8eba2d0" executionId="a5357e13-8881-4dbb-9b05-e86ccfa362c5" testListId="8c84fa94-04c1-424b-9868-57a2d4851a1d" />
    <TestEntry testId="2b709a48-16b7-9c8a-4bad-d64ee918986c" executionId="c326d73e-e5b8-4dc7-a13e-61b4f14c7a18" testListId="8c84fa94-04c1-424b-9868-57a2d4851a1d" />
    <TestEntry testId="a4f7f005-8270-0265-518c-923648e64266" executionId="bbb0a5e8-169f-44b3-98e4-e83216569013" testListId="8c84fa94-04c1-424b-9868-57a2d4851a1d" />
    <TestEntry testId="22b8fed7-5ca1-ef0b-54b8-e7661e4cade2" executionId="36c49bc9-ed3d-491c-9565-39cb25aa61b0" testListId="8c84fa94-04c1-424b-9868-57a2d4851a1d" />
    <TestEntry testId="89448d53-7374-8799-0d38-701de6980410" executionId="ecb89e2f-59fd-4533-83a6-42809d192596" testListId="8c84fa94-04c1-424b-9868-57a2d4851a1d" />
    <TestEntry testId="2c62b311-4d03-b511-d76a-24522d74a7bc" executionId="06e7b71b-9f84-4c22-a552-07471eac1a03" testListId="8c84fa94-04c1-424b-9868-57a2d4851a1d" />
    <TestEntry testId="d4d043db-fb52-5989-b982-633fa5ebec86" executionId="837f61e2-d2de-4b1f-a113-f3828c9697e1" testListId="8c84fa94-04c1-424b-9868-57a2d4851a1d" />
    <TestEntry testId="e769ac52-816f-f827-7b44-faa925dc805c" executionId="f2eb9128-90ec-4b96-8179-bef9d8272b8d" testListId="8c84fa94-04c1-424b-9868-57a2d4851a1d" />
    <TestEntry testId="e7dca7e4-f3c4-e796-dbcc-afb08ecf3982" executionId="ec545c14-bad8-44ce-8c04-e9e556194c1c" testListId="8c84fa94-04c1-424b-9868-57a2d4851a1d" />
    <TestEntry testId="2b325a47-a5b0-233c-0936-59af2b416edb" executionId="e035812f-55ec-4ffa-9c1d-519bab1eafd3" testListId="8c84fa94-04c1-424b-9868-57a2d4851a1d" />
    <TestEntry testId="477fef68-7bfb-25b6-cbb3-616a2ab5091b" executionId="f74770c5-9997-4e39-8a3d-33d2fb534c5a" testListId="8c84fa94-04c1-424b-9868-57a2d4851a1d" />
    <TestEntry testId="1d1eb9db-31b3-d184-87c7-c5e3afc945bb" executionId="ececc040-38d9-4444-ae50-13301b0c5e6e" testListId="8c84fa94-04c1-424b-9868-57a2d4851a1d" />
    <TestEntry testId="11c81110-1a93-a837-1dd8-5c6474d0b1b1" executionId="d69b5d15-1fab-416b-9bc3-7e0e358c8ff3" testListId="8c84fa94-04c1-424b-9868-57a2d4851a1d" />
    <TestEntry testId="bfa3ddfb-3655-ffa4-48d9-08e039f02f66" executionId="d8ae15f9-fb94-4703-91dd-d9ac3565309f" testListId="8c84fa94-04c1-424b-9868-57a2d4851a1d" />
    <TestEntry testId="fd2e3a2c-a6ce-83b1-a67e-08fc63ea97cc" executionId="596d468b-f17c-4e8a-9c6f-e1e74fbf0534" testListId="8c84fa94-04c1-424b-9868-57a2d4851a1d" />
    <TestEntry testId="36c7865e-57a7-5b12-403c-7f8de16a850a" executionId="51187980-1f36-4f91-8a0e-ba7a721b41a1" testListId="8c84fa94-04c1-424b-9868-57a2d4851a1d" />
    <TestEntry testId="ad271ad0-2e48-20f4-2627-c7315fa86425" executionId="ef9eafe6-52f1-45fa-ac69-ee49acced6b7" testListId="8c84fa94-04c1-424b-9868-57a2d4851a1d" />
    <TestEntry testId="8e0a78e7-9224-68e0-0dec-348452c1694f" executionId="01551fd5-6353-44d4-94b6-ef313d578b97" testListId="8c84fa94-04c1-424b-9868-57a2d4851a1d" />
    <TestEntry testId="15cada75-9cc0-9f46-1df9-59d03a20a92f" executionId="770bd387-0787-4833-bd24-906cd4a5a6e9" testListId="8c84fa94-04c1-424b-9868-57a2d4851a1d" />
    <TestEntry testId="9e978988-7425-bdd7-47d9-492a1f5168f8" executionId="a6b7a3dc-1e94-4f76-a02c-39d24d5970df" testListId="8c84fa94-04c1-424b-9868-57a2d4851a1d" />
    <TestEntry testId="29d0f7b5-1fb0-b911-be00-a6b5b4a294ab" executionId="4e78c481-3dab-4f5c-ae81-05a9b4fefd9a" testListId="8c84fa94-04c1-424b-9868-57a2d4851a1d" />
    <TestEntry testId="b0a35e5e-2769-3989-9487-82c1cc89ee48" executionId="23ec2605-3e36-4617-a1a6-e3ad7ac64244" testListId="8c84fa94-04c1-424b-9868-57a2d4851a1d" />
    <TestEntry testId="e707abdc-c09b-2471-6c28-e8bd2453a782" executionId="7fca8804-3744-4588-8c1a-fc618a1e8c42" testListId="8c84fa94-04c1-424b-9868-57a2d4851a1d" />
    <TestEntry testId="1ba3cd35-f38e-2350-bf5b-62de7f719379" executionId="16939b85-bd9b-4c82-a954-18a11f45b094" testListId="8c84fa94-04c1-424b-9868-57a2d4851a1d" />
    <TestEntry testId="1196bc21-5e7c-b51e-d730-15c759fe871f" executionId="668f87cc-d97d-4629-a49e-e0218ad5ea19" testListId="8c84fa94-04c1-424b-9868-57a2d4851a1d" />
    <TestEntry testId="7ea18f78-88d7-6275-de68-dc24775fbad2" executionId="5b3db67b-8e6a-4662-a2a9-dee6febf8b0b" testListId="8c84fa94-04c1-424b-9868-57a2d4851a1d" />
    <TestEntry testId="60bfd502-441c-6591-e144-dd53d561068c" executionId="bbfc929f-5b8f-4e87-af67-e747687e349b" testListId="8c84fa94-04c1-424b-9868-57a2d4851a1d" />
    <TestEntry testId="52217495-daf1-eabc-019b-0bd6d1e828f8" executionId="b6aa7332-4fc4-4196-8ef0-3d5eba447003" testListId="8c84fa94-04c1-424b-9868-57a2d4851a1d" />
    <TestEntry testId="8f6da7a4-c642-5ede-4121-662f76d29bd5" executionId="40cae5a9-c7ef-4c73-9d73-67e270e65203" testListId="8c84fa94-04c1-424b-9868-57a2d4851a1d" />
    <TestEntry testId="dfff718d-b98a-2a23-65cd-f822a46b050c" executionId="e601f088-a617-4e55-bb1a-4bcb08b02513" testListId="8c84fa94-04c1-424b-9868-57a2d4851a1d" />
    <TestEntry testId="b2ecc28c-00ed-85f7-b494-3e439f1ebb9d" executionId="91f31840-5c0a-4bc7-8bec-0a0a16180895" testListId="8c84fa94-04c1-424b-9868-57a2d4851a1d" />
    <TestEntry testId="db7dd8b5-ede7-13c9-c462-e1d06036e45e" executionId="2b800521-8e71-4401-be21-e69fcd71fa3a" testListId="8c84fa94-04c1-424b-9868-57a2d4851a1d" />
    <TestEntry testId="fcc802c1-d371-afdd-3787-5f5a26965952" executionId="68aa81a4-f467-4f72-a95b-34a0c5a6dba6" testListId="8c84fa94-04c1-424b-9868-57a2d4851a1d" />
    <TestEntry testId="5dee95f1-fdb5-ebc1-400c-390de08b4a4c" executionId="0b3c44dc-bf05-4196-b466-e69f9757f266" testListId="8c84fa94-04c1-424b-9868-57a2d4851a1d" />
    <TestEntry testId="144cbee1-193d-66a3-884a-2ec959002a46" executionId="242b2474-ca72-4e86-a2ac-637824afb12d" testListId="8c84fa94-04c1-424b-9868-57a2d4851a1d" />
    <TestEntry testId="49991814-8934-a77c-05ad-06ec66dc35da" executionId="62be2bcc-d905-4b78-b794-860a8f144c47" testListId="8c84fa94-04c1-424b-9868-57a2d4851a1d" />
    <TestEntry testId="e3e36111-3b22-e168-3d63-be41f5fa7146" executionId="2f745d06-01e8-4798-997f-11c2c8e0c85a" testListId="8c84fa94-04c1-424b-9868-57a2d4851a1d" />
    <TestEntry testId="1b5d3f95-d52f-a9eb-b7a8-ed96e004529a" executionId="1cb14a4f-25af-4a59-a2a9-f10f889ade1b" testListId="8c84fa94-04c1-424b-9868-57a2d4851a1d" />
    <TestEntry testId="d9a6e2ff-26b4-3040-c286-ea6a09fce3e6" executionId="0194ec6f-d4f1-436c-8f2a-78deb9a266f5" testListId="8c84fa94-04c1-424b-9868-57a2d4851a1d" />
    <TestEntry testId="07685a2d-5a7d-94da-fc53-50681e23100a" executionId="7e5b97c0-b61a-4c72-809e-69ec079445e5" testListId="8c84fa94-04c1-424b-9868-57a2d4851a1d" />
    <TestEntry testId="b7c9d779-0942-9f81-eecf-8a08504fe2b2" executionId="03a7e59b-7d6e-41a5-a5d1-e2bfb23c733e" testListId="8c84fa94-04c1-424b-9868-57a2d4851a1d" />
    <TestEntry testId="1066c0ca-78f6-335f-1681-80c7b18ecb73" executionId="c5b59fe8-ab77-432a-b4bd-6a10e72ebb66" testListId="8c84fa94-04c1-424b-9868-57a2d4851a1d" />
    <TestEntry testId="1b342fcf-4368-6317-e424-c99ffd781586" executionId="21eb30b5-aeff-487f-9de7-03d0d77e06ff" testListId="8c84fa94-04c1-424b-9868-57a2d4851a1d" />
    <TestEntry testId="4aa606ae-12c1-d7be-b923-d27daf2357b1" executionId="d915dfef-bab8-4355-9f84-00e8b674b86f" testListId="8c84fa94-04c1-424b-9868-57a2d4851a1d" />
    <TestEntry testId="16e5c464-3656-76d8-2625-c7c5147e52ea" executionId="a3a02c7b-a72f-4fb8-90f4-4c378bb2f0f8" testListId="8c84fa94-04c1-424b-9868-57a2d4851a1d" />
    <TestEntry testId="75df2bd2-c5dd-d7d1-06b3-49c21e4c2b55" executionId="93645b38-90c7-4c78-951a-d3c58c5ea5d1" testListId="8c84fa94-04c1-424b-9868-57a2d4851a1d" />
    <TestEntry testId="f212db9c-a834-d15f-9497-a07662851260" executionId="0bcba6aa-5925-4706-b024-9e2b87f6f541" testListId="8c84fa94-04c1-424b-9868-57a2d4851a1d" />
    <TestEntry testId="c89ba58f-e712-a87e-be6a-183af3401697" executionId="50d252e4-6e73-498c-8dd9-2432b01e1399" testListId="8c84fa94-04c1-424b-9868-57a2d4851a1d" />
    <TestEntry testId="98838210-a9ed-daff-0ae3-0d20c37995cb" executionId="5c1f2c45-15b9-45ca-aeab-1ce2256a631b" testListId="8c84fa94-04c1-424b-9868-57a2d4851a1d" />
    <TestEntry testId="ccb9e8f6-30bf-1f41-f6a8-bf8304d9094c" executionId="5a73fa54-446c-4009-946c-330827da4b53" testListId="8c84fa94-04c1-424b-9868-57a2d4851a1d" />
    <TestEntry testId="572f28e4-9c14-bb30-e74d-01a0eac61540" executionId="ef450643-ea58-4aaa-a411-7e53c8d2d30b" testListId="8c84fa94-04c1-424b-9868-57a2d4851a1d" />
    <TestEntry testId="101f07d9-4442-3be2-fb9e-a0f6c62b7509" executionId="e6c0c64c-33fd-4d2e-90c8-096bb922b267" testListId="8c84fa94-04c1-424b-9868-57a2d4851a1d" />
    <TestEntry testId="51fffafb-546b-32d6-ec28-4d792cfa07c7" executionId="ee016194-6b1d-48ca-94f9-46f485f0b78e" testListId="8c84fa94-04c1-424b-9868-57a2d4851a1d" />
    <TestEntry testId="03bd7019-6ce7-6e69-8c81-fc5dad71a573" executionId="bc0dbd75-da95-4ba9-986b-bffc9681fadd" testListId="8c84fa94-04c1-424b-9868-57a2d4851a1d" />
    <TestEntry testId="87fcea77-9ae8-ba75-78e7-975a115751c9" executionId="1870d9b2-3aab-4a90-b6a0-c90892bba1e5" testListId="8c84fa94-04c1-424b-9868-57a2d4851a1d" />
    <TestEntry testId="5c618fd8-0bc2-8c0b-6ba8-66e5cf9ace86" executionId="e8b08764-7b00-4b22-ba3b-995b6585d3b9" testListId="8c84fa94-04c1-424b-9868-57a2d4851a1d" />
    <TestEntry testId="e4382746-8939-e70d-9aea-113f3b85a48f" executionId="ba894a35-1def-467a-96e5-af46227761fb" testListId="8c84fa94-04c1-424b-9868-57a2d4851a1d" />
    <TestEntry testId="669af65c-1392-a97d-3d45-77689ee2d6b3" executionId="ba600f48-b08e-4cda-84c1-63d68c8b5078" testListId="8c84fa94-04c1-424b-9868-57a2d4851a1d" />
    <TestEntry testId="2c286323-c689-05e6-e263-c78fab96d63e" executionId="338f456a-bd27-4874-abb8-7e9988c52477" testListId="8c84fa94-04c1-424b-9868-57a2d4851a1d" />
    <TestEntry testId="d5e04df5-59c6-5b0f-5b10-e15635685467" executionId="728e79db-9f51-4652-b448-b3e8685cba7c" testListId="8c84fa94-04c1-424b-9868-57a2d4851a1d" />
    <TestEntry testId="a4f3c473-6896-9271-edcf-fed24c4225e3" executionId="eac53382-0c45-4925-86ff-4dddfcbc3797" testListId="8c84fa94-04c1-424b-9868-57a2d4851a1d" />
    <TestEntry testId="1831f105-d39f-44a1-33aa-c9ac514342b0" executionId="08713d38-90f8-459c-8809-68af5b5e647c" testListId="8c84fa94-04c1-424b-9868-57a2d4851a1d" />
    <TestEntry testId="e043881e-c6ae-8386-3a7d-447749cc92ef" executionId="7bd16379-4886-4c4f-b08a-f61d1d1164fc" testListId="8c84fa94-04c1-424b-9868-57a2d4851a1d" />
    <TestEntry testId="57921e0d-1bab-60c9-ccaf-01c4adcca664" executionId="b1b8b198-8520-4925-b719-e63a06d7253d" testListId="8c84fa94-04c1-424b-9868-57a2d4851a1d" />
    <TestEntry testId="2a5fd8f9-0617-b1dd-cc28-2a2c2a681700" executionId="e198fac2-a4c1-48e3-8264-d9b8effc7b3c" testListId="8c84fa94-04c1-424b-9868-57a2d4851a1d" />
    <TestEntry testId="ee65fa2b-9039-e44f-dc98-a9c7a353ffcd" executionId="57bba712-d95f-44e3-bf97-075dc0137718" testListId="8c84fa94-04c1-424b-9868-57a2d4851a1d" />
    <TestEntry testId="8700af8b-5947-006d-9b4c-c9737aaa47eb" executionId="41b1a856-4c13-49b4-bbcd-e2853422ee4a" testListId="8c84fa94-04c1-424b-9868-57a2d4851a1d" />
    <TestEntry testId="a2898c8d-5fcd-709a-15ce-393c73355f8f" executionId="d1d05ad2-7f1c-4605-8296-d68df746c1c3" testListId="8c84fa94-04c1-424b-9868-57a2d4851a1d" />
    <TestEntry testId="a9130cf6-313b-1d79-0a6e-e43914af962a" executionId="be57d04e-a36a-4588-b6d7-2749278f3d94" testListId="8c84fa94-04c1-424b-9868-57a2d4851a1d" />
    <TestEntry testId="2f266d9f-c445-6837-a087-dff1b242d2e7" executionId="2cf6da92-a580-480b-8f72-26984126038e" testListId="8c84fa94-04c1-424b-9868-57a2d4851a1d" />
    <TestEntry testId="647701b7-9cf8-38c3-99e0-f4e25e8cce44" executionId="d022cfd6-b760-487c-af38-e58baae941b6" testListId="8c84fa94-04c1-424b-9868-57a2d4851a1d" />
    <TestEntry testId="eae4f033-e81f-cb02-955c-072644aa54f5" executionId="82550c1d-b317-4006-9d63-64bee7e4718a" testListId="8c84fa94-04c1-424b-9868-57a2d4851a1d" />
    <TestEntry testId="ef862d98-e1fa-87cb-5722-e6daa332c9ca" executionId="f6b01df3-f60f-4b4b-947c-364415952d1d" testListId="8c84fa94-04c1-424b-9868-57a2d4851a1d" />
    <TestEntry testId="04f7e399-3dd7-65be-8908-6ca3d6efa49b" executionId="e97da19e-6731-43d9-a8c1-83d19cb08145" testListId="8c84fa94-04c1-424b-9868-57a2d4851a1d" />
    <TestEntry testId="9786d05a-3895-d882-c2ad-cb92a0eace32" executionId="43bf6398-f7b3-47bf-a927-2b9c97ec13fc" testListId="8c84fa94-04c1-424b-9868-57a2d4851a1d" />
    <TestEntry testId="988703c0-1eab-60de-3045-f65e09f04d85" executionId="c28bf963-cc27-4a5f-b5c5-1fb1754620b6" testListId="8c84fa94-04c1-424b-9868-57a2d4851a1d" />
    <TestEntry testId="5510682b-5ec3-7a5d-4773-a5bba58dae16" executionId="133c8a6b-0d6c-43e3-bd30-a9d6e9481518" testListId="8c84fa94-04c1-424b-9868-57a2d4851a1d" />
    <TestEntry testId="7aff420c-28d8-feca-a2d9-73d634105271" executionId="e351eacd-5b6b-4b6b-8f71-f6f52d4a65b3" testListId="8c84fa94-04c1-424b-9868-57a2d4851a1d" />
    <TestEntry testId="7aabdd42-6449-23b8-9cbc-f4e99688abba" executionId="c7221e50-dc3c-48cf-9371-4db89f45be0a" testListId="8c84fa94-04c1-424b-9868-57a2d4851a1d" />
    <TestEntry testId="7ce8783c-9341-ced2-8a43-3b4508a71e9f" executionId="96c74bca-b209-46a0-a4bc-dcff0b7df723" testListId="8c84fa94-04c1-424b-9868-57a2d4851a1d" />
    <TestEntry testId="19645ec0-8aa2-5a2c-b1b9-d1ce8fe5068b" executionId="c529756c-e49e-4993-b1e7-c5060f8b4111" testListId="8c84fa94-04c1-424b-9868-57a2d4851a1d" />
    <TestEntry testId="01ed2c83-c80c-c417-1341-243a1412e490" executionId="63717e18-4983-48ac-a3a1-581539f3a486" testListId="8c84fa94-04c1-424b-9868-57a2d4851a1d" />
    <TestEntry testId="3ac3f5e7-2d98-21db-b9b9-7fd97d0c5248" executionId="a316619d-480e-4626-9f4c-c0742ad006be" testListId="8c84fa94-04c1-424b-9868-57a2d4851a1d" />
    <TestEntry testId="fe2f3a7a-9978-a75f-b83e-64b009a1d897" executionId="0defc969-f173-4d69-83bf-5587146feed4" testListId="8c84fa94-04c1-424b-9868-57a2d4851a1d" />
    <TestEntry testId="47deaaf0-a79c-c9ce-5476-5a27fb1cd950" executionId="12ec26ee-105a-40b5-8e4f-370190475a0e" testListId="8c84fa94-04c1-424b-9868-57a2d4851a1d" />
    <TestEntry testId="2dfac05d-f3e7-1330-0e74-41370b3c1403" executionId="fdaada3e-34af-48f7-9f59-b9f82c380713" testListId="8c84fa94-04c1-424b-9868-57a2d4851a1d" />
    <TestEntry testId="ef527359-16e5-8f1b-8ad0-85bcaf571ccf" executionId="dee9601f-5fad-4823-936d-4986f2e329ab" testListId="8c84fa94-04c1-424b-9868-57a2d4851a1d" />
    <TestEntry testId="eedcc97c-7ce4-490b-22aa-f93832957b0f" executionId="bfcea8d1-e52f-4fa3-b64e-858bc373f05d" testListId="8c84fa94-04c1-424b-9868-57a2d4851a1d" />
    <TestEntry testId="4f6335c5-800b-7ba7-a98e-c784072c2f7c" executionId="0636a184-4c90-4cf9-888a-d290abae8f72" testListId="8c84fa94-04c1-424b-9868-57a2d4851a1d" />
    <TestEntry testId="fbba2afe-5f20-d6b2-67d6-2cacf02bc114" executionId="aa46b48e-8abf-4730-bd5b-cf8ebf3c8a94" testListId="8c84fa94-04c1-424b-9868-57a2d4851a1d" />
    <TestEntry testId="f06c06b8-2ffc-a1ec-3c34-dc232e4d870b" executionId="72fda954-7d41-49b8-a206-78e986e3ae75" testListId="8c84fa94-04c1-424b-9868-57a2d4851a1d" />
    <TestEntry testId="4544c051-3467-c4a5-1036-2d674577a527" executionId="8ee52ec2-7210-49db-8c86-bf44ee32ed4f" testListId="8c84fa94-04c1-424b-9868-57a2d4851a1d" />
    <TestEntry testId="90c92c1d-f8ee-4360-31de-e21c012056f5" executionId="724fb19d-8811-4506-b076-6c833292dd76" testListId="8c84fa94-04c1-424b-9868-57a2d4851a1d" />
    <TestEntry testId="4ea9ccce-6b37-d217-37d2-e585f49abcc6" executionId="3a3a5710-dbac-4966-b3a1-7bfd77d21ce3" testListId="8c84fa94-04c1-424b-9868-57a2d4851a1d" />
    <TestEntry testId="d4e7e7c8-e93d-b670-e649-a7b4c3edcdee" executionId="f4a79fc1-220a-4203-8300-e2b6c691c294" testListId="8c84fa94-04c1-424b-9868-57a2d4851a1d" />
    <TestEntry testId="de670177-e5c4-b4c9-e74b-80a767d02a87" executionId="8f1d42fa-a26e-4527-8777-0e74d324bfb5" testListId="8c84fa94-04c1-424b-9868-57a2d4851a1d" />
    <TestEntry testId="40426a90-005c-b1ad-461a-cbd9512e8980" executionId="e1c57d53-abb5-441b-bd4a-3752f865d270" testListId="8c84fa94-04c1-424b-9868-57a2d4851a1d" />
    <TestEntry testId="da7a083f-31cf-10d1-fb09-86aff375e9a3" executionId="15fb7962-298c-4c77-9f51-dbe031671c9f" testListId="8c84fa94-04c1-424b-9868-57a2d4851a1d" />
    <TestEntry testId="5fac1c89-b21f-5142-e039-08089c90824f" executionId="0f506547-9c47-4842-aeee-8286e1358a9a" testListId="8c84fa94-04c1-424b-9868-57a2d4851a1d" />
    <TestEntry testId="00cc4038-693a-b3a3-2a1a-09776f134d62" executionId="90f61f7c-c2c8-4f8e-8171-367e3def9a59" testListId="8c84fa94-04c1-424b-9868-57a2d4851a1d" />
    <TestEntry testId="406dc9f6-b689-63b2-8528-cf3cf10e3c46" executionId="17b1a934-f42f-4495-aa1b-c3f79907f42d" testListId="8c84fa94-04c1-424b-9868-57a2d4851a1d" />
    <TestEntry testId="6973047a-8c8c-697d-66fa-58c2c3aa506b" executionId="196a32db-6284-4593-a307-f9ac040ba81e" testListId="8c84fa94-04c1-424b-9868-57a2d4851a1d" />
    <TestEntry testId="781dd833-b1d1-eb7f-8955-19dcff7b6bda" executionId="113640d9-2417-49a8-ae29-88eda1b101f3" testListId="8c84fa94-04c1-424b-9868-57a2d4851a1d" />
    <TestEntry testId="e4decbed-e653-b113-f489-479eda011554" executionId="5d42062a-9658-41fc-ae95-1318ea90aa6b" testListId="8c84fa94-04c1-424b-9868-57a2d4851a1d" />
    <TestEntry testId="fe16a84b-2a61-06a8-55bf-5b9f15e69d28" executionId="fd03006f-8097-4d0e-8592-e4e51c726dbd" testListId="8c84fa94-04c1-424b-9868-57a2d4851a1d" />
    <TestEntry testId="7e3cfbd3-975a-6427-ab32-528a16fa66a9" executionId="8d418788-b59b-4fee-978a-3ba5726d2bd5" testListId="8c84fa94-04c1-424b-9868-57a2d4851a1d" />
    <TestEntry testId="683306aa-e5e2-597a-4f07-e5829a7dd23c" executionId="27f0d18d-70ef-45ea-af73-18fd8e1d9786" testListId="8c84fa94-04c1-424b-9868-57a2d4851a1d" />
    <TestEntry testId="df280bb1-ae9a-2a05-71d2-791f67945a84" executionId="59eb7305-110b-4688-8358-8bbdfd0d25e1" testListId="8c84fa94-04c1-424b-9868-57a2d4851a1d" />
    <TestEntry testId="44c5039d-c4f3-d38b-cfe5-58f5ebfad69f" executionId="4f59da04-aa1a-44a8-a2f0-f6a70210933d" testListId="8c84fa94-04c1-424b-9868-57a2d4851a1d" />
    <TestEntry testId="928c494e-1d44-c2ec-c8c7-b649ccbc3310" executionId="ea8d9c0b-0912-411c-ad1c-633478a479b5" testListId="8c84fa94-04c1-424b-9868-57a2d4851a1d" />
    <TestEntry testId="c103a18b-fc85-f586-6422-e08e79d425ac" executionId="7523abb8-1895-4ce2-99e4-1a8b83a343af" testListId="8c84fa94-04c1-424b-9868-57a2d4851a1d" />
    <TestEntry testId="134723d5-e0c3-21ad-70a4-b0716f923044" executionId="2a9d30fe-affd-4b81-bce5-a5b958149726" testListId="8c84fa94-04c1-424b-9868-57a2d4851a1d" />
    <TestEntry testId="aabe632c-6bde-60dd-c5cf-816355b6ca49" executionId="8fbcfacc-fa93-43aa-9da8-031ab187620c" testListId="8c84fa94-04c1-424b-9868-57a2d4851a1d" />
  </TestEntries>
  <TestLists>
    <TestList name="Results Not in a List" id="8c84fa94-04c1-424b-9868-57a2d4851a1d" />
    <TestList name="All Loaded Results" id="19431567-8539-422a-85d7-44ee4e166bda" />
  </TestLists>
  <ResultSummary outcome="Completed">
    <Counters total="188" executed="188" passed="188" failed="0" error="0" timeout="0" aborted="0" inconclusive="0" passedButRunAborted="0" notRunnable="0" notExecuted="0" disconnected="0" warning="0" completed="0" inProgress="0" pending="0" />
    <Output>
      <StdOut>[xUnit.net 00:00:00.00] xUnit.net VSTest Adapter v3.1.5+1b188a7b0a (64-bit .NET 10.0.8)&#xD;
[xUnit.net 00:00:00.23]   Discovering: DEMAConsulting.VHDLTest.Tests&#xD;
[xUnit.net 00:00:00.53]   Discovered:  DEMAConsulting.VHDLTest.Tests&#xD;
[xUnit.net 00:00:00.80]   Starting:    DEMAConsulting.VHDLTest.Tests&#xD;
[xUnit.net 00:00:06.87]   Finished:    DEMAConsulting.VHDLTest.Tests (ID = '5c8522d6a6507dcc491bd56ecf10dffa0fc718b86828fdf9c4494f277e8620f7')&#xD;
</StdOut>
    </Output>
  </ResultSummary>
</TestRun>