<?xml version="1.0" encoding="utf-8"?>
<TestRun id="95c22a04-15c0-4da2-af76-2f312900eb30" name="FileAssert Self-Validation" runUser="" xmlns="http://microsoft.com/schemas/VisualStudio/TeamTest/2010">
  <Results>
    <UnitTestResult executionId="7fd849a0-5e05-46ca-94c0-855c20d38466" testId="11f4ad5f-6977-4b09-a409-7f2eca31e195" testName="FileAssert_VersionDisplay" computerName="KMC-L-DYTDH84" testType="13CDC9D9-DDB5-4fa4-A97D-D965CCFC6D4B" outcome="Passed" duration="00:00:00.0051839" startTime="2026-05-29T18:17:01.9612414Z" endTime="2026-05-29T18:17:01.9664253Z" testListId="19431567-8539-422a-85D7-44EE4E166BDA">
      <Output />
    </UnitTestResult>
    <UnitTestResult executionId="349119a5-9788-4cca-ac29-e21c24a6bae1" testId="97f03910-3688-4495-a719-442bcf4f898b" testName="FileAssert_HelpDisplay" computerName="KMC-L-DYTDH84" testType="13CDC9D9-DDB5-4fa4-A97D-D965CCFC6D4B" outcome="Passed" duration="00:00:00.0092907" startTime="2026-05-29T18:17:01.9664703Z" endTime="2026-05-29T18:17:01.9757610Z" testListId="19431567-8539-422a-85D7-44EE4E166BDA">
      <Output />
    </UnitTestResult>
    <UnitTestResult executionId="6d3322fb-4b33-49a8-a7ad-74321cdd04d0" testId="e89da1ab-5184-4e80-acfb-37f0c67bb1df" testName="FileAssert_Results" computerName="KMC-L-DYTDH84" testType="13CDC9D9-DDB5-4fa4-A97D-D965CCFC6D4B" outcome="Passed" duration="00:00:00.0950118" startTime="2026-05-29T18:17:01.9759269Z" endTime="2026-05-29T18:17:02.0709387Z" testListId="19431567-8539-422a-85D7-44EE4E166BDA">
      <Output />
    </UnitTestResult>
    <UnitTestResult executionId="415eaf96-92d6-40a9-8f29-cbd0a06cdff8" testId="19e14ede-539e-4654-8b68-e78494a258dd" testName="FileAssert_Exists" computerName="KMC-L-DYTDH84" testType="13CDC9D9-DDB5-4fa4-A97D-D965CCFC6D4B" outcome="Passed" duration="00:00:00.0053743" startTime="2026-05-29T18:17:02.0710654Z" endTime="2026-05-29T18:17:02.0764397Z" testListId="19431567-8539-422a-85D7-44EE4E166BDA">
      <Output />
    </UnitTestResult>
    <UnitTestResult executionId="20936808-929f-4973-badd-369dbe88b05c" testId="ce990640-4b3a-4345-890f-500b4c346601" testName="FileAssert_Contains" computerName="KMC-L-DYTDH84" testType="13CDC9D9-DDB5-4fa4-A97D-D965CCFC6D4B" outcome="Passed" duration="00:00:00.0060688" startTime="2026-05-29T18:17:02.0766386Z" endTime="2026-05-29T18:17:02.0827074Z" testListId="19431567-8539-422a-85D7-44EE4E166BDA">
      <Output />
    </UnitTestResult>
  </Results>
  <TestDefinitions>
    <UnitTest name="FileAssert_VersionDisplay" storage="FileAssert" id="11f4ad5f-6977-4b09-a409-7f2eca31e195">
      <Execution id="7fd849a0-5e05-46ca-94c0-855c20d38466" />
      <TestMethod codeBase="FileAssert" className="Validation" name="FileAssert_VersionDisplay" />
    </UnitTest>
    <UnitTest name="FileAssert_HelpDisplay" storage="FileAssert" id="97f03910-3688-4495-a719-442bcf4f898b">
      <Execution id="349119a5-9788-4cca-ac29-e21c24a6bae1" />
      <TestMethod codeBase="FileAssert" className="Validation" name="FileAssert_HelpDisplay" />
    </UnitTest>
    <UnitTest name="FileAssert_Results" storage="FileAssert" id="e89da1ab-5184-4e80-acfb-37f0c67bb1df">
      <Execution id="6d3322fb-4b33-49a8-a7ad-74321cdd04d0" />
      <TestMethod codeBase="FileAssert" className="Validation" name="FileAssert_Results" />
    </UnitTest>
    <UnitTest name="FileAssert_Exists" storage="FileAssert" id="19e14ede-539e-4654-8b68-e78494a258dd">
      <Execution id="415eaf96-92d6-40a9-8f29-cbd0a06cdff8" />
      <TestMethod codeBase="FileAssert" className="Validation" name="FileAssert_Exists" />
    </UnitTest>
    <UnitTest name="FileAssert_Contains" storage="FileAssert" id="ce990640-4b3a-4345-890f-500b4c346601">
      <Execution id="20936808-929f-4973-badd-369dbe88b05c" />
      <TestMethod codeBase="FileAssert" className="Validation" name="FileAssert_Contains" />
    </UnitTest>
  </TestDefinitions>
  <TestEntries>
    <TestEntry testId="11f4ad5f-6977-4b09-a409-7f2eca31e195" executionId="7fd849a0-5e05-46ca-94c0-855c20d38466" testListId="19431567-8539-422a-85D7-44EE4E166BDA" />
    <TestEntry testId="97f03910-3688-4495-a719-442bcf4f898b" executionId="349119a5-9788-4cca-ac29-e21c24a6bae1" testListId="19431567-8539-422a-85D7-44EE4E166BDA" />
    <TestEntry testId="e89da1ab-5184-4e80-acfb-37f0c67bb1df" executionId="6d3322fb-4b33-49a8-a7ad-74321cdd04d0" testListId="19431567-8539-422a-85D7-44EE4E166BDA" />
    <TestEntry testId="19e14ede-539e-4654-8b68-e78494a258dd" executionId="415eaf96-92d6-40a9-8f29-cbd0a06cdff8" testListId="19431567-8539-422a-85D7-44EE4E166BDA" />
    <TestEntry testId="ce990640-4b3a-4345-890f-500b4c346601" executionId="20936808-929f-4973-badd-369dbe88b05c" testListId="19431567-8539-422a-85D7-44EE4E166BDA" />
  </TestEntries>
  <TestLists>
    <TestList name="All Loaded Results" id="19431567-8539-422a-85D7-44EE4E166BDA" />
  </TestLists>
  <ResultSummary outcome="Completed">
    <Counters total="5" executed="5" passed="5" failed="0" />
  </ResultSummary>
</TestRun>