<?xml version="1.0" encoding="utf-8"?>
<TestRun id="e999ff6d-70d6-4c5a-9e84-9291e6a7df96" name="ReqStream Self-Validation" runUser="" xmlns="http://microsoft.com/schemas/VisualStudio/TeamTest/2010">
  <Results>
    <UnitTestResult executionId="af643bb6-dae2-427a-ae73-ccbb85d94f0e" testId="ab08f613-40fc-4318-b901-6eb598d7e3ad" testName="ReqStream_RequirementsProcessing" computerName="runnervm727z3" testType="13CDC9D9-DDB5-4fa4-A97D-D965CCFC6D4B" outcome="Passed" duration="00:00:00.1091072" startTime="2026-04-05T21:59:21.1528690Z" endTime="2026-04-05T21:59:21.2619762Z" testListId="19431567-8539-422a-85D7-44EE4E166BDA">
      <Output />
    </UnitTestResult>
    <UnitTestResult executionId="d96b2378-5795-4a91-8e0c-580e7ddbe829" testId="928c0e41-4cb7-4d17-9343-f8a7fd571f4e" testName="ReqStream_TraceMatrix" computerName="runnervm727z3" testType="13CDC9D9-DDB5-4fa4-A97D-D965CCFC6D4B" outcome="Passed" duration="00:00:00.0409541" startTime="2026-04-05T21:59:21.2621414Z" endTime="2026-04-05T21:59:21.3030955Z" testListId="19431567-8539-422a-85D7-44EE4E166BDA">
      <Output />
    </UnitTestResult>
    <UnitTestResult executionId="b4e71a88-36bb-4769-8acf-eae0e10cd39f" testId="6472bee3-466c-4d37-ab0e-585e082e37c3" testName="ReqStream_ReportExport" computerName="runnervm727z3" testType="13CDC9D9-DDB5-4fa4-A97D-D965CCFC6D4B" outcome="Passed" duration="00:00:00.0028954" startTime="2026-04-05T21:59:21.3033633Z" endTime="2026-04-05T21:59:21.3062587Z" testListId="19431567-8539-422a-85D7-44EE4E166BDA">
      <Output />
    </UnitTestResult>
    <UnitTestResult executionId="ae91d494-6b85-4670-b2aa-bce70a13f322" testId="6e61ab1a-ed50-4f63-b841-e7e0b36438a8" testName="ReqStream_TagsFiltering" computerName="runnervm727z3" testType="13CDC9D9-DDB5-4fa4-A97D-D965CCFC6D4B" outcome="Passed" duration="00:00:00.0014736" startTime="2026-04-05T21:59:21.3065605Z" endTime="2026-04-05T21:59:21.3080341Z" testListId="19431567-8539-422a-85D7-44EE4E166BDA">
      <Output />
    </UnitTestResult>
    <UnitTestResult executionId="036978b5-7f1f-45ea-bbfa-ba98a927fb97" testId="dad3f6b5-8937-476f-9360-a2a5dfe737d2" testName="ReqStream_EnforcementMode" computerName="runnervm727z3" testType="13CDC9D9-DDB5-4fa4-A97D-D965CCFC6D4B" outcome="Passed" duration="00:00:00.0038244" startTime="2026-04-05T21:59:21.3083895Z" endTime="2026-04-05T21:59:21.3122139Z" testListId="19431567-8539-422a-85D7-44EE4E166BDA">
      <Output />
    </UnitTestResult>
    <UnitTestResult executionId="01d5da66-05b8-43cf-9377-cd14a16cf25d" testId="4cfeb23d-905b-4fb1-a6ea-13b5c5f37402" testName="ReqStream_Lint" computerName="runnervm727z3" testType="13CDC9D9-DDB5-4fa4-A97D-D965CCFC6D4B" outcome="Passed" duration="00:00:00.0112416" startTime="2026-04-05T21:59:21.3125099Z" endTime="2026-04-05T21:59:21.3237515Z" testListId="19431567-8539-422a-85D7-44EE4E166BDA">
      <Output />
    </UnitTestResult>
  </Results>
  <TestDefinitions>
    <UnitTest name="ReqStream_RequirementsProcessing" storage="ReqStream" id="ab08f613-40fc-4318-b901-6eb598d7e3ad">
      <Execution id="af643bb6-dae2-427a-ae73-ccbb85d94f0e" />
      <TestMethod codeBase="ReqStream" className="Validation" name="ReqStream_RequirementsProcessing" />
    </UnitTest>
    <UnitTest name="ReqStream_TraceMatrix" storage="ReqStream" id="928c0e41-4cb7-4d17-9343-f8a7fd571f4e">
      <Execution id="d96b2378-5795-4a91-8e0c-580e7ddbe829" />
      <TestMethod codeBase="ReqStream" className="Validation" name="ReqStream_TraceMatrix" />
    </UnitTest>
    <UnitTest name="ReqStream_ReportExport" storage="ReqStream" id="6472bee3-466c-4d37-ab0e-585e082e37c3">
      <Execution id="b4e71a88-36bb-4769-8acf-eae0e10cd39f" />
      <TestMethod codeBase="ReqStream" className="Validation" name="ReqStream_ReportExport" />
    </UnitTest>
    <UnitTest name="ReqStream_TagsFiltering" storage="ReqStream" id="6e61ab1a-ed50-4f63-b841-e7e0b36438a8">
      <Execution id="ae91d494-6b85-4670-b2aa-bce70a13f322" />
      <TestMethod codeBase="ReqStream" className="Validation" name="ReqStream_TagsFiltering" />
    </UnitTest>
    <UnitTest name="ReqStream_EnforcementMode" storage="ReqStream" id="dad3f6b5-8937-476f-9360-a2a5dfe737d2">
      <Execution id="036978b5-7f1f-45ea-bbfa-ba98a927fb97" />
      <TestMethod codeBase="ReqStream" className="Validation" name="ReqStream_EnforcementMode" />
    </UnitTest>
    <UnitTest name="ReqStream_Lint" storage="ReqStream" id="4cfeb23d-905b-4fb1-a6ea-13b5c5f37402">
      <Execution id="01d5da66-05b8-43cf-9377-cd14a16cf25d" />
      <TestMethod codeBase="ReqStream" className="Validation" name="ReqStream_Lint" />
    </UnitTest>
  </TestDefinitions>
  <TestEntries>
    <TestEntry testId="ab08f613-40fc-4318-b901-6eb598d7e3ad" executionId="af643bb6-dae2-427a-ae73-ccbb85d94f0e" testListId="19431567-8539-422a-85D7-44EE4E166BDA" />
    <TestEntry testId="928c0e41-4cb7-4d17-9343-f8a7fd571f4e" executionId="d96b2378-5795-4a91-8e0c-580e7ddbe829" testListId="19431567-8539-422a-85D7-44EE4E166BDA" />
    <TestEntry testId="6472bee3-466c-4d37-ab0e-585e082e37c3" executionId="b4e71a88-36bb-4769-8acf-eae0e10cd39f" testListId="19431567-8539-422a-85D7-44EE4E166BDA" />
    <TestEntry testId="6e61ab1a-ed50-4f63-b841-e7e0b36438a8" executionId="ae91d494-6b85-4670-b2aa-bce70a13f322" testListId="19431567-8539-422a-85D7-44EE4E166BDA" />
    <TestEntry testId="dad3f6b5-8937-476f-9360-a2a5dfe737d2" executionId="036978b5-7f1f-45ea-bbfa-ba98a927fb97" testListId="19431567-8539-422a-85D7-44EE4E166BDA" />
    <TestEntry testId="4cfeb23d-905b-4fb1-a6ea-13b5c5f37402" executionId="01d5da66-05b8-43cf-9377-cd14a16cf25d" testListId="19431567-8539-422a-85D7-44EE4E166BDA" />
  </TestEntries>
  <TestLists>
    <TestList name="All Loaded Results" id="19431567-8539-422a-85D7-44EE4E166BDA" />
  </TestLists>
  <ResultSummary outcome="Completed">
    <Counters total="6" executed="6" passed="6" failed="0" />
  </ResultSummary>
</TestRun>